 ==>
629 tests for loop #1.

(*) Checking loop invariant:
================================================================================
[#] Starting Loop Invariant Generation ...

   + Found guard in B6 for loop #1

     - post_1 : ((((true & #has(r, "(a)")) | (!(i > 0))) & (true | (i > 0))) & (#len(r) = ((2 * i) + 1)))
     - guard : NON-DETERMINISTIC

   [Q1] Abduction query = (false | ((((true & #has(r, "(a)")) | (!(i > 0))) & (true | (i > 0))) & (#len(r) = ((2 * i) + 1))))
   [#] Simplified query: (false | ((((true & #has(r, "(a)")) | (!(i > 0))) & (true | (i > 0))) & (#len(r) = ((2 * i) + 1))))

    [%] Inferring {true} [k = 1] (0f x 629t) ...                                     
    [?] Verifying [k = 1] --- true                            
      [+] Added test ... [ "", 0 ]

    [%] Removing conflicts ...  @2 @3
    [%] Removing conflicts ...  @2 @3 @4
    [%] Inferring {true} [k = 1] (2f x 630t) ...                                     
    [%] Inferring {true} [k = 2] (2f x 630t) ...                                     
    [?] Verifying [k = 2] --- ((#has(r, "(a)")) | (1 = (#len(r))))                            
      [+] Added test ... [ "A", 1 ]

    [%] Removing conflicts ...  @2 @3
    [%] Inferring {true} [k = 1] (3f x 631t) ...                                     
    [%] Inferring {true} [k = 2] (3f x 631t) ...                                     
    [?] Verifying [k = 2] --- ((#has(r, "(a)")) | (1 = (#len(r)))) & (!((1 = (#len(r)))) | (#has("(a)", r)))                            
      [+] Added test ... [ "(", 1 ]

    [%] Removing conflicts ...  @2 @3
    [%] Inferring {true} [k = 1] (4f x 632t) ...                                     
    [%] Inferring {true} [k = 2] (4f x 632t) ...                                     
    [?] Verifying [k = 2] --- ((1 = (#len(r))) | !((i = 0))) & (!((1 = (#len(r)))) | (i = 0))                            
      [+] Added test ... [ "", -1 ]

    [%] Inferring {true} [k = 1] (4f x 633t) ...                                     
    [%] Inferring {true} [k = 2] (4f x 633t) ...                                     
    [?] Verifying [k = 2] --- ((1 = (#len(r))) | !((i = 0))) & ((#has(r, "(a)")) | (i = 0))                            
      [+] Added test ... [ "(a)", -1 ]

    [%] Removing conflicts ...  @2 @3
    [%] Inferring {true} [k = 1] (5f x 634t) ...                                     
    [%] Inferring {true} [k = 2] (5f x 634t) ...                                     
    [%] Inferring {true} [k = 3] (5f x 634t) ...                                     
    [?] Verifying [k = 3] --- ((1 = (#len(r))) | !((#has("(a)", r))) | (1 = i)) & ((#has(r, "(a)")) | (i = 0))                            
      [+] Added test ... [ "AB", 0 ]

    [%] Inferring {true} [k = 1] (5f x 635t) ...                                     
    [%] Inferring {true} [k = 2] (5f x 635t) ...                                     
    [%] Inferring {true} [k = 3] (5f x 635t) ...                                     
    [?] Verifying [k = 3] --- (!((#has("(a)", r))) | (i = 0) | (1 = i)) & ((1 = (#len(r))) | !((i = 0))) & ((#has(r, "(a)")) | (i = 0))                            
      [+] Added test ... [ "(a)A", 1 ]

    [%] Inferring {true} [k = 1] (5f x 636t) ...                                     
    [%] Inferring {true} [k = 2] (5f x 636t) ...                                     
    [%] Inferring {true} [k = 3] (5f x 636t) ...                                     
    [?] Verifying [k = 3] --- (!((#has("(a)", r))) | (i = 0) | (1 = i)) & ((#has("(a)", r)) | !((1 = i))) & ((1 = (#len(r))) | !((i = 0))) & ((#has(r, "(a)")) | (i = 0))                            
      [+] Added test ... [ "(a)A", -1 ]

    [%] Removing conflicts ...  @2 @3
    [%] Removing conflicts ...  @2 @3
    [%] Inferring {true} [k = 1] (7f x 637t) ...                                     
    [%] Inferring {true} [k = 2] (7f x 637t) ...                                     
    [%] Inferring {true} [k = 3] (7f x 637t) ...                                     
    [?] Verifying [k = 3] --- (!((1 = (#len(r)))) | !((1 = i))) & ((1 = (#len(r))) | !((#has("(a)", r))) | (1 = i)) & ((#has("(a)", r)) | (i > 2) | (2 = i))                            
      [+] Added test ... [ "", 1 ]

    [%] Inferring {true} [k = 1] (7f x 638t) ...                                     
    [%] Inferring {true} [k = 2] (7f x 638t) ...                                     
    [%] Inferring {true} [k = 3] (7f x 638t) ...                                     
    [?] Verifying [k = 3] --- ((1 = (#len(r))) | !((#has("(a)", r))) | (1 = i)) & ((#has("(a)", r)) | (i > 2) | (2 = i)) & ((#has(r, "(a)")) | (i = 0))                            
      [+] Added test ... [ "(a)A", 2 ]

    [%] Removing conflicts ...  @2 @3 @4 @5 @6
    [%] Inferring {true} [k = 1] (8f x 639t) ...                                     
    [%] Inferring {true} [k = 2] (8f x 639t) ...                                     
    [%] Inferring {true} [k = 3] (8f x 639t) ...                                     
    [?] Verifying [k = 3] --- ((#has("(a)", r)) | (#has("(a)", (#get(r, (#len("(a)"))))))) & ((#has(r, "(a)")) | !((1 = i))) & ((1 = (#len(r))) | (1 = i) | (#has("(a)", (#get(r, (#len("(a)")))))))                            
      [+] Added test ... [ "(a)(", 0 ]

    [%] Inferring {true} [k = 1] (8f x 640t) ...                                     
    [%] Inferring {true} [k = 2] (8f x 640t) ...                                     
    [%] Inferring {true} [k = 3] (8f x 640t) ...                                     
    [?] Verifying [k = 3] --- ((#has("(a)", r)) | (i > 2) | (2 = i)) & ((#has(r, "(a)")) | !((1 = i))) & ((1 = (#len(r))) | (1 = i) | (#has("(a)", (#get(r, (#len("(a)")))))))                            
      [+] Added test ... [ "(a)(", 2 ]

    [%] Removing conflicts ...  @2 @3 @4 @5 @6
    [%] Inferring {true} [k = 1] (9f x 641t) ...                                     
    [%] Inferring {true} [k = 2] (9f x 641t) ...                                     
    [%] Inferring {true} [k = 3] (9f x 641t) ...                                     
    [?] Verifying [k = 3] --- ((#has("(a)", (#get(r, (#len("(a)")))))) | !((! (#has((#cat("(a)", "(a)")), r))))) & (!((#has("(a)", (#get(r, (#len("(a)"))))))) | (! (#has((#cat("(a)", "(a)")), r)))) & ((#has(r, "(a)")) | !((1 = i))) & ((1 = (#len(r))) | (1 = i) | (#has("(a)", (#get(r, (#len("(a)")))))))                            
      [+] Added test ... [ "(a))", 0 ]

    [%] Inferring {true} [k = 1] (9f x 642t) ...                                     
    [%] Inferring {true} [k = 2] (9f x 642t) ...                                     
    [%] Inferring {true} [k = 3] (9f x 642t) ...                                     
    [?] Verifying [k = 3] --- ((#has("(a)", (#get(r, (#len("(a)")))))) | !((! (#has((#cat("(a)", "(a)")), r))))) & ((#has(r, "(a)")) | !((1 = i))) & ((1 = (#len(r))) | (1 = i) | (! (#has((#cat("(a)", "(a)")), r)))) & ((#has("(a)", r)) | (i > 2) | (2 = i))                            
      [+] Added test ... [ "(a))", 2 ]

    [%] Removing conflicts ...  @2 @3 @4 @5 @6
    [%] Inferring {true} [k = 1] (10f x 643t) ...                                     
    [%] Inferring {true} [k = 2] (10f x 643t) ...                                     
    [?] Verifying [k = 2] --- ((#has("(a)", (#get(r, (#len("(a)")))))) | !((! (#has((#cat("(a)", "(a)")), r))))) & ((1 = (#len(r))) | !((i = 0))) & ((i > 2) | (#has("(a)", (#sub(r, i, i)))))                            
      [+] Added test ... [ "AA(a", 2 ]

    [%] Inferring {true} [k = 1] (10f x 644t) ...                                     
    [%] Inferring {true} [k = 2] (10f x 644t) ...                                     
    [?] Verifying [k = 2] --- ((#has(r, "(a)")) | !((! (#has((#cat("(a)", "(a)")), r))))) & ((#has("(a)", (#get(r, (#len("(a)")))))) | !((! (#has((#cat("(a)", "(a)")), r))))) & ((1 = (#len(r))) | !((i = 0))) & ((i > 2) | (#has("(a)", (#sub(r, i, i)))))                            
      [+] Added test ... [ "A(a)", 2 ]

    [%] Removing conflicts ...  @2 @3 @4 @5
    [%] Inferring {true} [k = 1] (11f x 645t) ...                                     
    [%] Inferring {true} [k = 2] (11f x 645t) ...                                     
    [?] Verifying [k = 2] --- ((#has("(a)", (#get(r, (#len("(a)")))))) | !((! (#has((#cat("(a)", "(a)")), r))))) & (!((i = 0)) | !((#has("(a)", (#get(r, (#len("(a)")))))))) & (#has("(a)", (#get(r, 0)))) & ((i > 2) | (#has("(a)", (#sub(r, i, i)))))                            
      [+] Added test ... [ "(A(a", 2 ]

    [%] Inferring {true} [k = 1] (11f x 646t) ...                                     
    [%] Inferring {true} [k = 2] (11f x 646t) ...                                     
    [?] Verifying [k = 2] --- ((#has(r, "(a)")) | !((! (#has((#cat("(a)", "(a)")), r))))) & ((#has("(a)", (#get(r, (#len("(a)")))))) | !((! (#has((#cat("(a)", "(a)")), r))))) & (!((i = 0)) | !((#has("(a)", (#get(r, (#len("(a)")))))))) & (#has("(a)", (#get(r, 0)))) & ((i > 2) | (#has("(a)", (#sub(r, i, i)))))                            
      [+] Added test ... [ "((a)", 2 ]

    [%] Removing conflicts ...  @2 @3 @4 @5 @6
    [%] Inferring {true} [k = 1] (12f x 647t) ...                                     
    [%] Inferring {true} [k = 2] (12f x 647t) ...                                     
    [?] Verifying [k = 2] --- (#has("(a)", (#get(r, 0)))) & ((#has("(a)", (#sub(r, i, i)))) | ((#len(r)) > ((#len("(a)")) + 1))) & ((#has("(a)", r)) | ((#len(r)) > ((#len("(a)")) + 1)))                            
      [+] Added test ... [ "(a", 0 ]

    [%] Inferring {true} [k = 1] (12f x 648t) ...                                     
    [%] Inferring {true} [k = 2] (12f x 648t) ...                                     
    [?] Verifying [k = 2] --- ((1 = (#len(r))) | !((i = 0))) & ((#has("(a)", (#sub(r, i, i)))) | ((#len(r)) > ((#len("(a)")) + 1))) & ((#has("(a)", r)) | ((#len(r)) > ((#len("(a)")) + 1)))                            
      [+] Added test ... [ "(a", 1 ]

    [%] Inferring {true} [k = 1] (12f x 649t) ...                                     
    [%] Inferring {true} [k = 2] (12f x 649t) ...                                     
    [?] Verifying [k = 2] --- ((#has("(a)", (#sub(r, i, i)))) | ((#len(r)) > ((#len("(a)")) + 1))) & ((#has(r, "(a)")) | (1 = (#len(r)))) & ((#has("(a)", r)) | ((#len(r)) > ((#len("(a)")) + 1)))                            
      [+] Added test ... [ "(a)", 0 ]

    [%] Inferring {true} [k = 1] (12f x 650t) ...                                     
    [%] Inferring {true} [k = 2] (12f x 650t) ...                                     
    [?] Verifying [k = 2] --- ((1 = (#len(r))) | !((i = 0))) & ((#has("(a)", (#sub(r, i, i)))) | ((#len(r)) > ((#len("(a)")) + 1))) & ((#has(r, "(a)")) | (1 = (#len(r)))) & ((#has("(a)", r)) | ((#len(r)) > ((#len("(a)")) + 1)))                            
      [+] Added test ... [ "A((a)", 1 ]

    [%] Inferring {true} [k = 1] (12f x 651t) ...                                     
    [%] Inferring {true} [k = 2] (12f x 651t) ...                                     
    [?] Verifying [k = 2] --- ((1 = (#len(r))) | !((i = 0))) & (#has("(a)", (#get(r, 0)))) & ((#has("(a)", (#sub(r, i, i)))) | ((#len(r)) > ((#len("(a)")) + 1))) & ((#has(r, "(a)")) | (1 = (#len(r)))) & ((#has("(a)", r)) | ((#len(r)) > ((#len("(a)")) + 1)))                            
      [+] Added test ... [ "(((a)", 1 ]

    [%] Inferring {true} [k = 1] (12f x 652t) ...                                     
    [%] Inferring {true} [k = 2] (12f x 652t) ...                                     
    [?] Verifying [k = 2] --- ((1 = (#len(r))) | !((i = 0))) & (!((1 = i)) | !(((#len(r)) > ((#len("(a)")) + 1)))) & ((#has("(a)", (#sub(r, i, i)))) | ((#len(r)) > ((#len("(a)")) + 1))) & ((#has(r, "(a)")) | (1 = (#len(r)))) & ((#has("(a)", r)) | ((#len(r)) > ((#len("(a)")) + 1)))                            
      [+] Added test ... [ "(a)(a)", 3 ]

    [%] Inferring {true} [k = 1] (12f x 653t) ...                                     
    [%] Inferring {true} [k = 2] (12f x 653t) ...                                     
    [?] Verifying [k = 2] --- ((1 = (#len(r))) | !((i = 0))) & ((! (#has((#cat("(a)", "(a)")), r))) | !(((#len(r)) > ((#len("(a)")) + 1)))) & (!((1 = i)) | !(((#len(r)) > ((#len("(a)")) + 1)))) & ((#has("(a)", (#sub(r, i, i)))) | ((#len(r)) > ((#len("(a)")) + 1))) & ((#has(r, "(a)")) | (1 = (#len(r)))) & ((#has("(a)", r)) | ((#len(r)) > ((#len("(a)")) + 1)))                            
      [+] Added test ... [ "aaaaaaaaahaad(a)aaaDaaE", 10 ]

    [%] Removing conflicts ...  @2 @3 @4 @5 @6
    [%] Inferring {true} [k = 1] (13f x 654t) ...                                     
    [%] Inferring {true} [k = 2] (13f x 654t) ...                                     
    [?] Verifying [k = 2] --- ((! (#has((#cat("(a)", "(a)")), r))) | !(((#len(r)) > ((#len("(a)")) + 1)))) & ((1 = (#len(r))) | !((i = 0))) & ((#has("(a)", r)) | ((#len(r)) > ((#len("(a)")) + 1))) & ((i = 0) | (#has("(a)", (#sub(r, i, 2)))))                            
      [+] Added test ... [ "au(aao", 2 ]

    [%] Inferring {true} [k = 1] (13f x 655t) ...                                     
    [%] Inferring {true} [k = 2] (13f x 655t) ...                                     
    [?] Verifying [k = 2] --- ((#has(r, "(a)")) | !((#has("(a)", (#sub(r, i, 2)))))) & ((! (#has((#cat("(a)", "(a)")), r))) | !(((#len(r)) > ((#len("(a)")) + 1)))) & ((1 = (#len(r))) | !((i = 0))) & ((#has("(a)", r)) | ((#len(r)) > ((#len("(a)")) + 1))) & ((i = 0) | (#has("(a)", (#sub(r, i, 2)))))                            
      [+] Added test ... [ "al(aa(a)z", 2 ]

    [%] Removing conflicts ...  @2 @3 @4 @5
    [%] Inferring {true} [k = 1] (14f x 656t) ...                                     
    [%] Inferring {true} [k = 2] (14f x 656t) ...                                     
    [?] Verifying [k = 2] --- ((! (#has((#cat("(a)", "(a)")), r))) | !(((#len(r)) > ((#len("(a)")) + 1)))) & (!((i = 0)) | !((#has("(a)", (#get(r, 1)))))) & ((1 = (#len(r))) | (#has("(a)", (#get(r, 1))))) & ((#has("(a)", r)) | ((#len(r)) > ((#len("(a)")) + 1))) & ((i = 0) | (#has("(a)", (#sub(r, i, 2)))))                            
      [+] Added test ... [ "Bal(aaam", 3 ]

    [%] Inferring {true} [k = 1] (14f x 657t) ...                                     
    [%] Inferring {true} [k = 2] (14f x 657t) ...                                     
    [?] Verifying [k = 2] --- (!((i = 0)) | !((#has("(a)", (#get(r, 1)))))) & ((! (#has((#cat("(a)", "(a)")), r))) | !(((#len(r)) > ((#len("(a)")) + 1)))) & (!((#has("(a)", (#sub(r, i, 2))))) | (#has("(a)", (#get(r, 1))))) & ((#has(r, "(a)")) | (1 = (#len(r)))) & ((#has("(a)", r)) | ((#len(r)) > ((#len("(a)")) + 1))) & ((i = 0) | (#has("(a)", (#sub(r, i, 2)))))                            
      [+] Added test ... [ "Ra(a(a)6", 2 ]

    [%] Inferring {true} [k = 1] (14f x 658t) ...                                     
    [%] Inferring {true} [k = 2] (14f x 658t) ...                                     
    [?] Verifying [k = 2] --- (!((i = 0)) | !((#has("(a)", (#get(r, 1)))))) & ((! (#has((#cat("(a)", "(a)")), r))) | !(((#len(r)) > ((#len("(a)")) + 1)))) & (!((#has("(a)", (#sub(r, i, 2))))) | (#has("(a)", (#get(r, 1))))) & (#has("(a)", (#get(r, 0)))) & ((#has(r, "(a)")) | (1 = (#len(r)))) & ((#has("(a)", r)) | ((#len(r)) > ((#len("(a)")) + 1))) & ((i = 0) | (#has("(a)", (#sub(r, i, 2)))))                            
      [+] Added test ... [ "aaaaaaaaaaal(a(a)x", 12 ]

    [%] Removing conflicts ...  @2 @3 @4 @5 @6
    [%] Inferring {true} [k = 1] (15f x 659t) ...                                     
    [%] Inferring {true} [k = 2] (15f x 659t) ...                                     
    [?] Verifying [k = 2] --- ((! (#has((#cat("(a)", "(a)")), r))) | !(((#len(r)) > ((#len("(a)")) + 1)))) & (#has("(a)", (#get(r, 0)))) & (!((! (#has((#cat("(a)", "(a)")), r)))) | ((#len(r)) > ((#len("(a)")) + 1))) & ((i = 0) | (#has("(a)", (#sub(r, i, 2))))) & ((1 = (#len(r))) | (#has("(a)", (#get(r, (i - 1))))))                            
      [+] Added test ... [ ")(a", 1 ]

    [%] Inferring {true} [k = 1] (15f x 660t) ...                                     
    [%] Inferring {true} [k = 2] (15f x 660t) ...                                     
    [?] Verifying [k = 2] --- ((! (#has((#cat("(a)", "(a)")), r))) | !(((#len(r)) > ((#len("(a)")) + 1)))) & (#has("(a)", (#get(r, 0)))) & ((#has("(a)", (#sub(r, i, 2)))) | !((#has("(a)", (#get(r, (i - 1))))))) & ((#has("(a)", r)) | ((#len(r)) > ((#len("(a)")) + 1))) & ((1 = (#len(r))) | (#has("(a)", (#get(r, (i - 1))))))                            
      [+] Added test ... [ "((((a", 3 ]

    [%] Inferring {true} [k = 1] (15f x 661t) ...                                     
    [%] Inferring {true} [k = 2] (15f x 661t) ...                                     
    [?] Verifying [k = 2] --- ((#has(r, "(a)")) | !((#has("(a)", (#get(r, (i - 1))))))) & ((! (#has((#cat("(a)", "(a)")), r))) | !(((#len(r)) > ((#len("(a)")) + 1)))) & (#has("(a)", (#get(r, 0)))) & ((#has("(a)", (#sub(r, i, 2)))) | !((#has("(a)", (#get(r, (i - 1))))))) & ((#has("(a)", r)) | ((#len(r)) > ((#len("(a)")) + 1))) & ((1 = (#len(r))) | (#has("(a)", (#get(r, (i - 1))))))                            
      [+] Added test ... [ "ae(a)a(aaaaaaw", 6 ]

    [%] Inferring {true} [k = 1] (15f x 662t) ...                                     
    [%] Inferring {true} [k = 2] (15f x 662t) ...                                     
    [?] Verifying [k = 2] --- ((#has(r, "(a)")) | !((#has("(a)", (#get(r, (i - 1))))))) & ((! (#has((#cat("(a)", "(a)")), r))) | !(((#len(r)) > ((#len("(a)")) + 1)))) & ((#has("(a)", (#get(r, 1)))) | !((#has("(a)", (#get(r, (i - 1))))))) & (#has("(a)", (#get(r, 0)))) & ((#has("(a)", (#sub(r, i, 2)))) | !((#has("(a)", (#get(r, (i - 1))))))) & ((#has("(a)", r)) | ((#len(r)) > ((#len("(a)")) + 1))) & ((1 = (#len(r))) | (#has("(a)", (#get(r, (i - 1))))))                            
      [+] Added test ... [ "aaa(a)ad", 3 ]

    [%] Inferring {true} [k = 1] (15f x 663t) ...                                     
    [%] Inferring {true} [k = 2] (15f x 663t) ...                                     
    [?] Verifying [k = 2] --- ((#has(r, "(a)")) | !((#has("(a)", (#get(r, (i - 1))))))) & ((#has("(a)", (#get(r, 1)))) | !((#has("(a)", (#get(r, (i - 1))))))) & (#has("(a)", (#get(r, 0)))) & (!((i > 2)) | !((#has("(a)", (#sub(r, i, i)))))) & ((#has("(a)", (#sub(r, i, 2)))) | !((#has("(a)", (#get(r, (i - 1))))))) & ((#has("(a)", r)) | ((#len(r)) > ((#len("(a)")) + 1))) & ((1 = (#len(r))) | (#has("(a)", (#get(r, (i - 1))))))                            
      [+] Added test ... [ "aa#(a)a(aaaaakaaaz", 7 ]

    [%] Removing conflicts ...  @2 @3 @4 @5
    [%] Inferring {true} [k = 1] (16f x 664t) ...                                     
    [%] Inferring {true} [k = 2] (16f x 664t) ...                                     
    [?] Verifying [k = 2] --- ((#has(r, "(a)")) | !((#has("(a)", (#get(r, 2)))))) & ((#has("(a)", (#sub(r, i, 2)))) | !((#has("(a)", (#get(r, 2)))))) & ((#has("(a)", (#get(r, 1)))) | !((#has("(a)", (#get(r, 2)))))) & (#has("(a)", (#get(r, 0)))) & (!((i > 2)) | !((#has("(a)", (#sub(r, i, i)))))) & (!((#has("(a)", (#get(r, (i - 1)))))) | (#has("(a)", (#get(r, 2))))) & ((#has("(a)", r)) | ((#len(r)) > ((#len("(a)")) + 1))) & ((1 = (#len(r))) | (#has("(a)", (#get(r, (i - 1))))))                            
      [+] Added test ... [ "aaa(a)a(aaaaabaaae", 7 ]

    [%] Removing conflicts ...  @2 @3 @4 @5 @6
    [%] Inferring {true} [k = 1] (17f x 665t) ...                                     
    [%] Inferring {true} [k = 2] (17f x 665t) ...                                     
    [?] Verifying [k = 2] --- ((#has(r, "(a)")) | !((#has("(a)", (#get(r, 2)))))) & ((#has("(a)", (#get(r, (i - 1))))) | !((#has("(a)", (#get(r, 2)))))) & ((i = 0) | (#has("(a)", (#sub(r, i, 2))))) & (1 = ((#len(r)) % 2))                            
      [+] Added test ... [ "afB(aaaa5", 3 ]

    [%] Inferring {true} [k = 1] (17f x 666t) ...                                     
    [%] Inferring {true} [k = 2] (17f x 666t) ...                                     
    [?] Verifying [k = 2] --- ((#has("(a)", (#sub(r, i, 2)))) | !((#has("(a)", (#get(r, 2)))))) & ((#has("(a)", (#get(r, (i - 1))))) | !((#has("(a)", (#get(r, 2)))))) & ((#has(r, "(a)")) | !((#has("(a)", (#get(r, (i - 1))))))) & ((i = 0) | (#has("(a)", (#get(r, (i - 1)))))) & (1 = ((#len(r)) % 2))                            
      [+] Added test ... [ "AA(a)", 3 ]

    [%] Inferring {true} [k = 1] (17f x 667t) ...                                     
    [%] Inferring {true} [k = 2] (17f x 667t) ...                                     
    [?] Verifying [k = 2] --- ((#has("(a)", (#sub(r, i, 2)))) | !((#has("(a)", (#get(r, 2)))))) & ((#has("(a)", (#get(r, (i - 1))))) | !((#has("(a)", (#get(r, 2)))))) & (#has("(a)", (#get(r, 0)))) & ((#has(r, "(a)")) | !((#has("(a)", (#get(r, (i - 1))))))) & ((i = 0) | (#has("(a)", (#get(r, (i - 1)))))) & (1 = ((#len(r)) % 2))                            
      [+] Added test ... [ "aao(a)aaaaaaaag", 2 ]

    [%] Inferring {true} [k = 1] (17f x 668t) ...                                     
    [%] Inferring {true} [k = 2] (17f x 668t) ...                                     
    [?] Verifying [k = 2] --- (#has("(a)", (#get(r, 0)))) & ((#has(r, "(a)")) | !((#has("(a)", (#get(r, 2)))))) & (!((#has("(a)", (#sub(r, i, 2))))) | (#has("(a)", (#get(r, (i - 1)))))) & ((i = 0) | (#has("(a)", (#sub(r, i, 2))))) & (1 = ((#len(r)) % 2))                            
      [+] Added test ... [ "(a)(a", 3 ]

    [%] Inferring {true} [k = 1] (17f x 669t) ...                                     
    [%] Inferring {true} [k = 2] (17f x 669t) ...                                     
    [?] Verifying [k = 2] --- ((#has(r, "(a)")) | !((#has("(a)", (#get(r, 2)))))) & (#has("(a)", (#get(r, 0)))) & ((#has("(a)", r)) | (! (#has((#cat("(a)", "(a)")), r)))) & (!((#has("(a)", (#sub(r, i, 2))))) | (#has("(a)", (#get(r, (i - 1)))))) & ((i = 0) | (#has("(a)", (#sub(r, i, 2))))) & (1 = ((#len(r)) % 2))                            
      [+] Added test ... [ "aaa)ao(a)aD", 2 ]

    [%] Removing conflicts ...  @2 @3 @4 @5 @6
    [%] Inferring {true} [k = 1] (18f x 670t) ...                                     
    [%] Inferring {true} [k = 2] (18f x 670t) ...                                     
    [?] Verifying [k = 2] --- ((#has(r, "(a)")) | (#has("(a)", (#sub(r, 1, i))))) & (!((#has("(a)", (#sub(r, i, i))))) | (#has("(a)", (#sub(r, 1, i))))) & ((#has("(a)", (#get(r, (i - 1))))) | !((#has("(a)", (#get(r, 2)))))) & ((#has("(a)", r)) | (! (#has((#cat("(a)", "(a)")), r)))) & ((#has("(a)", (#get(r, 1)))) | (#has("(a)", (#sub(r, 1, i))))) & ((i = 0) | (#has("(a)", (#sub(r, i, 2))))) & (1 = ((#len(r)) % 2))                            
      [+] Added test ... [ "((a", 1 ]

    [%] Inferring {true} [k = 1] (18f x 671t) ...                                     
    [%] Inferring {true} [k = 2] (18f x 671t) ...                                     
    [?] Verifying [k = 2] --- ((! (#has((#cat("(a)", "(a)")), r))) | (#has("(a)", (#sub(r, 1, i))))) & (!((#has("(a)", (#sub(r, i, i))))) | (#has("(a)", (#sub(r, 1, i))))) & (#has("(a)", (#get(r, 0)))) & ((#has("(a)", (#get(r, (i - 1))))) | !((#has("(a)", (#get(r, 2)))))) & ((#has(r, "(a)")) | !((#has("(a)", (#sub(r, i, 2)))))) & ((i = 0) | (#has("(a)", (#sub(r, i, 2))))) & (1 = ((#len(r)) % 2))                            
      [+] Added test ... [ "a(a)v", 1 ]

    [%] Inferring {true} [k = 1] (18f x 672t) ...                                     
    [%] Inferring {true} [k = 2] (18f x 672t) ...                                     
    [?] Verifying [k = 2] --- (!((1 = i)) | !(((#len(r)) > ((#len("(a)")) + 1)))) & ((! (#has((#cat("(a)", "(a)")), r))) | (#has("(a)", (#sub(r, 1, i))))) & (!((#has("(a)", (#sub(r, i, i))))) | (#has("(a)", (#sub(r, 1, i))))) & (#has("(a)", (#get(r, 0)))) & ((#has("(a)", (#get(r, (i - 1))))) | !((#has("(a)", (#get(r, 2)))))) & ((#has(r, "(a)")) | !((#has("(a)", (#sub(r, i, 2)))))) & ((i = 0) | (#has("(a)", (#sub(r, i, 2))))) & (1 = ((#len(r)) % 2))                            
      [+] Added test ... [ "((a)(a)", 2 ]

    [%] Removing conflicts ...  @2 @3 @4 @5 @6
    [%] Inferring {true} [k = 1] (19f x 673t) ...                                     
    [%] Inferring {true} [k = 2] (19f x 673t) ...                                     
    [?] Verifying [k = 2] --- (!((1 = i)) | !(((#len(r)) > ((#len("(a)")) + 1)))) & ((! (#has((#cat("(a)", "(a)")), r))) | (#has("(a)", (#sub(r, 1, i))))) & (!((#has("(a)", (#sub(r, i, i))))) | (#has("(a)", (#sub(r, 1, i))))) & (#has("(a)", (#get(r, 0)))) & (! (#has(r, (#cat("(a)", "(a)"))))) & ((#has("(a)", (#get(r, (i - 1))))) | !((#has("(a)", (#get(r, 2)))))) & ((#has(r, "(a)")) | !((#has("(a)", (#sub(r, i, 2)))))) & ((i = 0) | (#has("(a)", (#sub(r, i, 2))))) & (1 = ((#len(r)) % 2))                            
      [+] Added test ... [ "aDGaeba)aaaA(a)au", 6 ]

    [%] Inferring {true} [k = 1] (19f x 674t) ...                                     
    [%] Inferring {true} [k = 2] (19f x 674t) ...                                     
    [?] Verifying [k = 2] --- ((#has(r, "(a)")) | (#has("(a)", (#sub(r, 1, i))))) & ((! (#has((#cat("(a)", "(a)")), r))) | (#has("(a)", (#sub(r, 1, i))))) & ((#has("(a)", (#get(r, (i - 1))))) | !((#has("(a)", (#get(r, 2)))))) & (#has("(a)", (#get(r, 0)))) & (! (#has(r, (#cat("(a)", "(a)"))))) & ((i > 2) | (#has("(a)", (#sub(r, 1, i))))) & ((#has("(a)", r)) | !((1 = i))) & ((i = 0) | (#has("(a)", (#get(r, (i - 1)))))) & (1 = ((#len(r)) % 2))                            
      [+] Added test ... [ "(a)", 2 ]

    [%] Inferring {true} [k = 1] (19f x 675t) ...                                     
    [%] Inferring {true} [k = 2] (19f x 675t) ...                                     
    [?] Verifying [k = 2] --- ((#has(r, "(a)")) | (#has("(a)", (#sub(r, 1, i))))) & ((! (#has((#cat("(a)", "(a)")), r))) | (#has("(a)", (#sub(r, 1, i))))) & (!((#has("(a)", (#sub(r, i, i))))) | (#has("(a)", (#sub(r, 1, i))))) & ((#has("(a)", (#get(r, (i - 1))))) | !((#has("(a)", (#get(r, 2)))))) & (! (#has(r, (#cat("(a)", "(a)"))))) & ((#has("(a)", r)) | !((1 = i))) & ((#has("(a)", (#get(r, 1)))) | (#has("(a)", (#sub(r, 1, i))))) & ((i = 0) | (#has("(a)", (#sub(r, i, 2))))) & (1 = ((#len(r)) % 2))                            
      [+] Added test ... [ "gap(aqu(a)d", 3 ]

    [%] Inferring {true} [k = 1] (19f x 676t) ...                                     
    [%] Inferring {true} [k = 2] (19f x 676t) ...                                     
    [?] Verifying [k = 2] --- ((#has(r, "(a)")) | (#has("(a)", (#sub(r, 1, i))))) & ((! (#has((#cat("(a)", "(a)")), r))) | (#has("(a)", (#sub(r, 1, i))))) & (!((#has("(a)", (#sub(r, i, i))))) | (#has("(a)", (#sub(r, 1, i))))) & ((#has("(a)", (#get(r, (i - 1))))) | !((#has("(a)", (#get(r, 2)))))) & (#has("(a)", (#get(r, 0)))) & (! (#has(r, (#cat("(a)", "(a)"))))) & ((#has("(a)", r)) | !((1 = i))) & ((#has("(a)", (#sub(r, i, 2)))) | !((#has("(a)", (#get(r, (i - 1))))))) & ((i = 0) | (#has("(a)", (#get(r, (i - 1)))))) & (1 = ((#len(r)) % 2))                            
      [+] Added test ... [ "ac(a)wag(a)aaaaar", 3 ]

    [%] Inferring {true} [k = 1] (19f x 677t) ...                                     
    [%] Inferring {true} [k = 2] (19f x 677t) ...                                     
    [?] Verifying [k = 2] --- ((#has(r, "(a)")) | (#has("(a)", (#sub(r, 1, i))))) & ((! (#has((#cat("(a)", "(a)")), r))) | (#has("(a)", (#sub(r, 1, i))))) & (!((#has("(a)", (#sub(r, i, i))))) | (#has("(a)", (#sub(r, 1, i))))) & ((#has("(a)", (#get(r, (i - 1))))) | !((#has("(a)", (#get(r, 2)))))) & (! (#has(r, (#cat("(a)", "(a)"))))) & ((#has("(a)", (#get(r, 1)))) | (#has("(a)", (#sub(r, 1, i))))) & ((#has("(a)", r)) | !((1 = i))) & ((#has("(a)", (#sub(r, i, 2)))) | !((#has("(a)", (#get(r, (i - 1))))))) & ((i = 0) | (#has("(a)", (#get(r, (i - 1)))))) & (1 = ((#len(r)) % 2))                            
      [+] Added test ... [ "n)a(aIaad(a)aay", 3 ]

    [%] Inferring {true} [k = 1] (19f x 678t) ...                                     
    [%] Inferring {true} [k = 2] (19f x 678t) ...                                     
    [?] Verifying [k = 2] --- ((#has(r, "(a)")) | (#has("(a)", (#sub(r, 1, i))))) & ((! (#has((#cat("(a)", "(a)")), r))) | (#has("(a)", (#sub(r, 1, i))))) & (!((#has("(a)", (#sub(r, i, i))))) | (#has("(a)", (#sub(r, 1, i))))) & ((#has("(a)", (#get(r, 1)))) | (#has("(a)", (#sub(r, 1, i))))) & ((#has("(a)", (#get(r, (i - 1))))) | !((#has("(a)", (#get(r, 2)))))) & (! (#has(r, (#cat("(a)", "(a)"))))) & (#has("(a)", (#get(r, 0)))) & ((#has("(a)", r)) | !((1 = i))) & ((#has("(a)", (#sub(r, i, 2)))) | !((#has("(a)", (#get(r, (i - 1))))))) & ((i = 0) | (#has("(a)", (#get(r, (i - 1)))))) & (1 = ((#len(r)) % 2))                            
      [+] Added test ... [ ")(a)aaaaaaaaaaaF(a)ab", 2 ]

    [%] Removing conflicts ...  @2 @3 @4 @5 @6 @7
    [%] Inferring {true} [k = 1] (20f x 679t) ...                                     
    [%] Inferring {true} [k = 2] (20f x 679t) ...                                     
    [?] Verifying [k = 2] --- ((! (#has((#cat("(a)", "(a)")), r))) | (#has("(a)", (#sub(r, 1, i))))) & ((#has("(a)", (#get(r, (i - 1))))) | !((#has("(a)", (#get(r, 2)))))) & (#has("(a)", (#get(r, 0)))) & (! (#has(r, (#cat("(a)", "(a)"))))) & ((#has(r, "(a)")) | !((#has("(a)", (#get(r, 2)))))) & ((i = 0) | (#has("(a)", (#sub(r, i, 2))))) & (1 = ((#len(r)) % 2)) & (#has("(a)", (#get(r, ((#len(r)) - 1)))))                            
      [+] Added test ... [ "aaa)(a)aaaaq(", 2 ]

    [%] Inferring {true} [k = 1] (20f x 680t) ...                                     
    [%] Inferring {true} [k = 2] (20f x 680t) ...                                     
    [?] Verifying [k = 2] --- ((! (#has((#cat("(a)", "(a)")), r))) | (#has("(a)", (#sub(r, 1, i))))) & (!((#has("(a)", (#sub(r, i, i))))) | (#has("(a)", (#sub(r, 1, i))))) & ((#has("(a)", (#get(r, (i - 1))))) | !((#has("(a)", (#get(r, 2)))))) & (#has("(a)", (#get(r, 0)))) & (! (#has(r, (#cat("(a)", "(a)"))))) & ((#has(r, "(a)")) | !((#has("(a)", (#get(r, 2)))))) & ((i = 0) | (#has("(a)", (#sub(r, i, 2))))) & (1 = ((#len(r)) % 2)) & (#has("(a)", (#get(r, ((#len(r)) - 1)))))                            
      [+] Added test ... [ "ay4a)haya", 3 ]

    [%] Inferring {true} [k = 1] (20f x 681t) ...                                     
    [%] Inferring {true} [k = 2] (20f x 681t) ...                                     
    [?] Verifying [k = 2] --- ((! (#has((#cat("(a)", "(a)")), r))) | (#has("(a)", (#sub(r, 1, i))))) & (!((#has("(a)", (#sub(r, i, i))))) | (#has("(a)", (#sub(r, 1, i))))) & ((#has("(a)", (#get(r, (i - 1))))) | !((#has("(a)", (#get(r, 2)))))) & (#has("(a)", (#get(r, 0)))) & (! (#has(r, (#cat("(a)", "(a)"))))) & ((#has(r, "(a)")) | !((#has("(a)", (#sub(r, i, 2)))))) & ((i = 0) | (#has("(a)", (#sub(r, i, 2))))) & (1 = ((#len(r)) % 2)) & (#has("(a)", (#get(r, ((#len(r)) - 1)))))                            
      [+] Added test ... [ "aoy(az(a)na", 3 ]

    [%] Inferring {true} [k = 1] (20f x 682t) ...                                     
    [%] Inferring {true} [k = 2] (20f x 682t) ...                                     
    [?] Verifying [k = 2] --- ((! (#has((#cat("(a)", "(a)")), r))) | (#has("(a)", (#sub(r, 1, i))))) & (!((#has("(a)", (#sub(r, i, i))))) | (#has("(a)", (#sub(r, 1, i))))) & ((#has("(a)", (#get(r, (i - 1))))) | !((#has("(a)", (#get(r, 2)))))) & (! (#has(r, (#cat("(a)", "(a)"))))) & ((#has("(a)", (#get(r, 1)))) | (#has("(a)", (#sub(r, 1, i))))) & ((#has(r, "(a)")) | !((#has("(a)", (#sub(r, i, 2)))))) & ((i = 0) | (#has("(a)", (#sub(r, i, 2))))) & (1 = ((#len(r)) % 2)) & (#has("(a)", (#get(r, ((#len(r)) - 1)))))                            
      [+] Added test ... [ "((a)(", 1 ]

    [%] Inferring {true} [k = 1] (20f x 683t) ...                                     
    [%] Inferring {true} [k = 2] (20f x 683t) ...                                     
    [?] Verifying [k = 2] --- (!((1 = i)) | !(((#len(r)) > ((#len("(a)")) + 1)))) & ((! (#has((#cat("(a)", "(a)")), r))) | (#has("(a)", (#sub(r, 1, i))))) & (!((#has("(a)", (#sub(r, i, i))))) | (#has("(a)", (#sub(r, 1, i))))) & ((#has("(a)", (#get(r, (i - 1))))) | !((#has("(a)", (#get(r, 2)))))) & (! (#has(r, (#cat("(a)", "(a)"))))) & ((#has("(a)", (#get(r, 1)))) | (#has("(a)", (#sub(r, 1, i))))) & ((#has(r, "(a)")) | !((#has("(a)", (#sub(r, i, 2)))))) & ((i = 0) | (#has("(a)", (#sub(r, i, 2))))) & (1 = ((#len(r)) % 2)) & (#has("(a)", (#get(r, ((#len(r)) - 1)))))                            
      [+] Added test ... [ "n(a)ara", 2 ]

    [%] Inferring {true} [k = 1] (20f x 684t) ...                                     
    [%] Inferring {true} [k = 2] (20f x 684t) ...                                     
    [?] Verifying [k = 2] --- (!((1 = i)) | !(((#len(r)) > ((#len("(a)")) + 1)))) & ((! (#has((#cat("(a)", "(a)")), r))) | (#has("(a)", (#sub(r, 1, i))))) & (!((#has("(a)", (#sub(r, i, i))))) | (#has("(a)", (#sub(r, 1, i))))) & (! (#has(r, (#cat("(a)", "(a)"))))) & (!((#has("(a)", (#sub(r, i, 2))))) | (#has("(a)", (#get(r, (i - 1)))))) & (#has("(a)", (#get(r, 0)))) & ((#has(r, "(a)")) | !((#has("(a)", (#sub(r, i, 2)))))) & ((i = 0) | (#has("(a)", (#sub(r, i, 2))))) & (1 = ((#len(r)) % 2)) & (#has("(a)", (#get(r, ((#len(r)) - 1)))))                            
      [+] Added test ... [ ")(a)aaaac(a)a", 2 ]

    [%] Removing conflicts ...  @2 @3 @4 @5 @6 @7
    [%] Inferring {true} [k = 1] (21f x 685t) ...                                     
    [%] Inferring {true} [k = 2] (21f x 685t) ...                                     
    [?] Verifying [k = 2] --- ((#has(r, "(a)")) | (#has("(a)", (#sub(r, 1, i))))) & ((! (#has((#cat("(a)", "(a)")), r))) | (#has("(a)", (#sub(r, 1, i))))) & ((#has("(a)", (#get(r, (i - 1))))) | !((#has("(a)", (#get(r, 2)))))) & ((#has("(a)", (#get(r, 1)))) | (#has("(a)", (#sub(r, 1, i))))) & ((#has("(a)", r)) | !((1 = i))) & (!((2 = i)) | (#has(r, (#cat("(a)", (#get("(a)", i))))))) & (1 = ((#len(r)) % 2)) & (#has("(a)", (#get(r, ((#len(r)) - 1)))))                            
      [+] Added test ... [ "lar(a))(a)ac(", 2 ]

    [%] Inferring {true} [k = 1] (21f x 686t) ...                                     
    [%] Inferring {true} [k = 2] (21f x 686t) ...                                     
    [?] Verifying [k = 2] --- (!((1 = i)) | !(((#len(r)) > ((#len("(a)")) + 1)))) & ((! (#has((#cat("(a)", "(a)")), r))) | (#has("(a)", (#sub(r, 1, i))))) & ((#has("(a)", (#get(r, (i - 1))))) | !((#has("(a)", (#get(r, 2)))))) & ((#has("(a)", (#get(r, 1)))) | (#has("(a)", (#sub(r, 1, i))))) & ((#has(r, "(a)")) | !((#has("(a)", (#sub(r, i, 2)))))) & (!((2 = i)) | (#has(r, (#cat("(a)", (#get("(a)", i))))))) & ((i = 0) | (#has("(a)", (#sub(r, i, 2))))) & (1 = ((#len(r)) % 2)) & (#has("(a)", (#get(r, ((#len(r)) - 1)))))                            
      [+] Added test ... [ "A((a))(", 2 ]

    [%] Inferring {true} [k = 1] (21f x 687t) ...                                     
    [%] Inferring {true} [k = 2] (21f x 687t) ...                                     
    [?] Verifying [k = 2] --- (!((1 = i)) | !(((#len(r)) > ((#len("(a)")) + 1)))) & ((! (#has((#cat("(a)", "(a)")), r))) | (#has("(a)", (#sub(r, 1, i))))) & (!((#has("(a)", (#sub(r, i, 2))))) | (#has("(a)", (#get(r, (i - 1)))))) & (#has("(a)", (#get(r, 0)))) & ((#has(r, "(a)")) | !((#has("(a)", (#sub(r, i, 2)))))) & (!((2 = i)) | (#has(r, (#cat("(a)", (#get("(a)", i))))))) & ((i = 0) | (#has("(a)", (#sub(r, i, 2))))) & (1 = ((#len(r)) % 2)) & (#has("(a)", (#get(r, ((#len(r)) - 1)))))                            
      [+] Added test ... [ "(((a))(", 2 ]

    [%] Inferring {true} [k = 1] (21f x 688t) ...                                     
    [%] Inferring {true} [k = 2] (21f x 688t) ...                                     
    [?] Verifying [k = 2] --- ((#has(r, "(a)")) | (#has("(a)", (#sub(r, 1, i))))) & ((! (#has((#cat("(a)", "(a)")), r))) | (#has("(a)", (#sub(r, 1, i))))) & ((#has("(a)", (#get(r, (i - 1))))) | !((#has("(a)", (#get(r, 2)))))) & ((#has("(a)", (#get(r, 1)))) | (#has("(a)", (#sub(r, 1, i))))) & (!((2 = i)) | (#has(r, (#cat("(a)", (#get("(a)", i))))))) & ((#has("(a)", r)) | !((1 = i))) & ((i > 2) | (#has("(a)", (#sub(r, 1, i))))) & (1 = ((#len(r)) % 2)) & (#has("(a)", (#get(r, ((#len(r)) - 1)))))                            
      [+] Added test ... [ "pa)(a)(a))a", 2 ]

    [%] Inferring {true} [k = 1] (21f x 689t) ...                                     
    [%] Inferring {true} [k = 2] (21f x 689t) ...                                     
    [?] Verifying [k = 2] --- (!((1 = i)) | !(((#len(r)) > ((#len("(a)")) + 1)))) & ((! (#has((#cat("(a)", "(a)")), r))) | (#has("(a)", (#sub(r, 1, i))))) & ((#has("(a)", (#sub(r, 1, i)))) | !((#has(r, (#cat("(a)", (#get("(a)", i)))))))) & (!((#has("(a)", (#sub(r, i, 2))))) | (#has("(a)", (#get(r, (i - 1)))))) & (#has("(a)", (#get(r, 0)))) & ((#has(r, "(a)")) | !((#has("(a)", (#sub(r, i, 2)))))) & (!((2 = i)) | (#has(r, (#cat("(a)", (#get("(a)", i))))))) & ((i = 0) | (#has("(a)", (#sub(r, i, 2))))) & (1 = ((#len(r)) % 2)) & (#has("(a)", (#get(r, ((#len(r)) - 1)))))                            
      [+] Added test ... [ "((a))A(", 2 ]

    [%] Removing conflicts ...  @2 @3 @4 @5 @6 @7
    [%] Inferring {true} [k = 1] (22f x 690t) ...                                     
    [%] Inferring {true} [k = 2] (22f x 690t) ...                                     
    [?] Verifying [k = 2] --- (#has("(a)", (#get(r, 0)))) & (!((1 = i)) | !(((#len(r)) > ((#len("(a)")) + 1)))) & ((! (#has((#cat("(a)", "(a)")), r))) | (#has("(a)", (#sub(r, 1, i))))) & ((#has(r, "(a)")) | !((#has("(a)", (#get(r, (i - 1))))))) & ((1 = (#len(r))) | (#has("(a)", (#get(r, (i - 1)))))) & (!((2 = i)) | (i = ((((#len(r)) - 1) - 1) - 1))) & (#has("(a)", (#get(r, ((#len(r)) - 1)))))                            
      [+] Added test ... [ "(a))", 1 ]

    [%] Inferring {true} [k = 1] (22f x 691t) ...                                     
    [%] Inferring {true} [k = 2] (22f x 691t) ...                                     
    [?] Verifying [k = 2] --- (#has("(a)", (#get(r, 0)))) & ((#has(r, "(a)")) | !((#has("(a)", (#get(r, (i - 1))))))) & ((! (#has((#cat("(a)", "(a)")), r))) | (#has("(a)", (#sub(r, 1, i))))) & ((#has("(a)", r)) | !((1 = i))) & ((1 = (#len(r))) | (#has("(a)", (#get(r, (i - 1)))))) & (!((2 = i)) | (i = ((((#len(r)) - 1) - 1) - 1))) & (#has("(a)", (#get(r, ((#len(r)) - 1)))))                            
      [+] Added test ... [ "(a))", 3 ]

    [%] Inferring {true} [k = 1] (22f x 692t) ...                                     
    [%] Inferring {true} [k = 2] (22f x 692t) ...                                     
    [?] Verifying [k = 2] --- ((#has(r, "(a)")) | (#has("(a)", (#sub(r, 1, i))))) & ((! (#has((#cat("(a)", "(a)")), r))) | (#has("(a)", (#sub(r, 1, i))))) & ((#has(r, (#cat("(a)", (#get("(a)", i)))))) | !((i = ((((#len(r)) - 1) - 1) - 1)))) & (#has("(a)", (#get(r, ((#len(r)) - 1))))) & ((#has("(a)", (#get(r, 1)))) | (#has("(a)", (#sub(r, 1, i))))) & ((#has("(a)", r)) | !((1 = i))) & ((i = 0) | (#has("(a)", (#get(r, (i - 1)))))) & (!((2 = i)) | (i = ((((#len(r)) - 1) - 1) - 1))) & (1 = ((#len(r)) % 2))                            

     - Result = (((((((((#has(r, "(a)") | #has("(a)", #sub(r, 1, i))) & ((!#has(#cat("(a)", "(a)"), r)) | #has("(a)", #sub(r, 1, i)))) & (#has(r, #cat("(a)", #get("(a)", i))) | (!(i = (((#len(r) - 1) - 1) - 1))))) & #has("(a)", #get(r, (#len(r) - 1)))) & (#has("(a)", #get(r, 1)) | #has("(a)", #sub(r, 1, i)))) & (#has("(a)", r) | (!(1 = i)))) & ((i = 0) | #has("(a)", #get(r, (i - 1))))) & ((!(2 = i)) | (i = (((#len(r) - 1) - 1) - 1)))) & (1 = (#len(r) % 2)))

   # Loop_1 | Invariant @ Postcondition: (((((((((#has(r, "(a)") | #has("(a)", #sub(r, 1, i))) & ((!#has(#cat("(a)", "(a)"), r)) | #has("(a)", #sub(r, 1, i)))) & (#has(r, #cat("(a)", #get("(a)", i))) | (!(i = (((#len(r) - 1) - 1) - 1))))) & #has("(a)", #get(r, (#len(r) - 1)))) & (#has("(a)", #get(r, 1)) | #has("(a)", #sub(r, 1, i)))) & (#has("(a)", r) | (!(1 = i)))) & ((i = 0) | #has("(a)", #get(r, (i - 1))))) & ((!(2 = i)) | (i = (((#len(r) - 1) - 1) - 1)))) & (1 = (#len(r) % 2)))

   # Loop_1 | Inductive Check: ((!(((((((((#has(r, "(a)") | #has("(a)", #sub(r, 1, i))) & ((!#has(#cat("(a)", "(a)"), r)) | #has("(a)", #sub(r, 1, i)))) & (#has(r, #cat("(a)", #get("(a)", i))) | (!(i = (((#len(r) - 1) - 1) - 1))))) & #has("(a)", #get(r, (#len(r) - 1)))) & (#has("(a)", #get(r, 1)) | #has("(a)", #sub(r, 1, i)))) & (#has("(a)", r) | (!(1 = i)))) & ((i = 0) | #has("(a)", #get(r, (i - 1))))) & ((!(2 = i)) | (i = (((#len(r) - 1) - 1) - 1)))) & (1 = (#len(r) % 2)))) | false | (((((((((#has(#cat(#cat("(", r), ")"), "(a)") | #has("(a)", #sub(#cat(#cat("(", r), ")"), 1, (i + 1)))) & ((!#has(#cat("(a)", "(a)"), #cat(#cat("(", r), ")"))) | #has("(a)", #sub(#cat(#cat("(", r), ")"), 1, (i + 1))))) & (#has(#cat(#cat("(", r), ")"), #cat("(a)", #get("(a)", (i + 1)))) | (!((i + 1) = (((#len(#cat(#cat("(", r), ")")) - 1) - 1) - 1))))) & #has("(a)", #get(#cat(#cat("(", r), ")"), (#len(#cat(#cat("(", r), ")")) - 1)))) & (#has("(a)", #get(#cat(#cat("(", r), ")"), 1)) | #has("(a)", #sub(#cat(#cat("(", r), ")"), 1, (i + 1))))) & (#has("(a)", #cat(#cat("(", r), ")")) | (!(1 = (i + 1))))) & (((i + 1) = 0) | #has("(a)", #get(#cat(#cat("(", r), ")"), ((i + 1) - 1))))) & ((!(2 = (i + 1))) | ((i + 1) = (((#len(#cat(#cat("(", r), ")")) - 1) - 1) - 1)))) & (1 = (#len(#cat(#cat("(", r), ")")) % 2)))) is valid!

   # Precondition Check: (((((((((#has("a", "(a)") | #has("(a)", #sub("a", 1, 0))) & ((!#has(#cat("(a)", "(a)"), "a")) | #has("(a)", #sub("a", 1, 0)))) & (#has("a", #cat("(a)", #get("(a)", 0))) | (!(0 = (((#len("a") - 1) - 1) - 1))))) & #has("(a)", #get("a", (#len("a") - 1)))) & (#has("(a)", #get("a", 1)) | #has("(a)", #sub("a", 1, 0)))) & (#has("(a)", "a") | (!(1 = 0)))) & ((0 = 0) | #has("(a)", #get("a", (0 - 1))))) & ((!(2 = 0)) | (0 = (((#len("a") - 1) - 1) - 1)))) & (1 = (#len("a") % 2))) is valid!


[###] Final invariants: [###]
Loop #1: (((((((((#has(r, "(a)") | #has("(a)", #sub(r, 1, i))) & ((!#has(#cat("(a)", "(a)"), r)) | #has("(a)", #sub(r, 1, i)))) & (#has(r, #cat("(a)", #get("(a)", i))) | (!(i = (((#len(r) - 1) - 1) - 1))))) & #has("(a)", #get(r, (#len(r) - 1)))) & (#has("(a)", #get(r, 1)) | #has("(a)", #sub(r, 1, i)))) & (#has("(a)", r) | (!(1 = i)))) & ((i = 0) | #has("(a)", #get(r, (i - 1))))) & ((!(2 = i)) | (i = (((#len(r) - 1) - 1) - 1)))) & (1 = (#len(r) % 2)))
================================================================================
checker_exec.sh: line 1: 28076 Aborted                 (core dumped) bin/pinvgen -wpath /home/saswat/Repos/PIE/logs/limit_8gb/6400/pie/16/cav2014a.cpp -abducer /home/saswat/Repos/PIE/abducer/abduce.sh -tool=pie -csize 16 --extra-arg=--std=c++11 ../../PIE/bm_strings/cav2014a.cpp --

real	0m44.618s
user	0m32.196s
sys	0m1.248s


--- Processed cav2014a.cpp ---
sat: 63
unsat: 3
unk: 0
escher: 22

[$] OOM Count = 0
[$] MAX Usage = 128
