 ==>
679 tests for loop #1.

(*) Checking loop invariant:
================================================================================
[#] Starting Loop Invariant Generation ...

   + Found guard in B4 for loop #1

     - post_1 : (true & (#len(r) > i))
     - guard : NON-DETERMINISTIC

   [Q1] Abduction query = (false | (true & (#len(r) > i)))
   [#] Simplified query: (false | (true & (#len(r) > i)))

    [%] Inferring {true} [k = 1] (0f x 679t) ...                                     
    [?] Verifying [k = 1] --- true                            
      [+] Added test ... [ "", 0 ]

    [%] Removing conflicts ...  @2 @3
    [%] Removing conflicts ...  @2 @3 @4
    [%] Inferring {true} [k = 1] (2f x 680t) ...                                     
    [?] Verifying [k = 1] --- ((#len(r)) > i)                            

     - Result = (#len(r) > i)

   # Loop_1 | Invariant @ Postcondition: (#len(r) > i)

   # Loop_1 | Inductive Check: ((!(#len(r) > i)) | false | (#len(#rep(r, "a", "aa")) > (i + 1))) is not valid!

   [Q2] Abduction query = ((!(#len(r) > i)) | false | (#len(#rep(r, "a", "aa")) > (i + 1)))
   [#] Simplified query: ((!(#len(r) > i)) | false | (#len(#rep(r, "a", "aa")) > (i + 1)))

    [%] Inferring {true} [k = 1] (0f x 679t) ...                                     
    [?] Verifying [k = 1] --- true                            
      [+] Added test ... [ "", -1 ]

    [%] Removing conflicts ...  @2 @3
    [%] Removing conflicts ...  @2 @3
    [%] Inferring {true} [k = 1] (2f x 680t) ...                                     
    [?] Verifying [k = 1] --- (#has(r, "a"))                            

     - Result = #has(r, "a")

   # Loop_1 | Invariant @ Inductive Condition: (#has(r, "a") & (#len(r) > i))

   # Loop_1 | Inductive Check: ((!(#has(r, "a") & (#len(r) > i))) | false | (#has(#rep(r, "a", "aa"), "a") & (#len(#rep(r, "a", "aa")) > (i + 1)))) is valid!

   # Precondition Check: (#has("a", "a") & (#len("a") > 0)) is valid!


[###] Final invariants: [###]
Loop #1: (#has(r, "a") & (#len(r) > i))
================================================================================
checker_exec.sh: line 1: 24425 Aborted                 (core dumped) bin/pinvgen -wpath /home/saswat/Repos/PIE/logs/limit_8gb/6400/pie/16/cav2014c.cpp -abducer /home/saswat/Repos/PIE/abducer/abduce.sh -tool=pie -csize 16 --extra-arg=--std=c++11 ../../PIE/bm_strings/cav2014c.cpp --

real	0m11.268s
user	0m9.056s
sys	0m0.264s


--- Processed cav2014c.cpp ---
sat: 3
unsat: 4
unk: 0
escher: 4

[$] OOM Count = 0
[$] MAX Usage = 86
