 ==>
31 tests for loop #1.

(*) Checking loop invariant:
================================================================================
[#] Starting Loop Invariant Generation ...

   + Found guard in B4 for loop #1

     - post_1 : (true & (y >= 1))
     - guard : NON-DETERMINISTIC

   [Q1] Abduction query = (false | (true & (y >= 1)))
   [#] Simplified query: (false | (true & (y >= 1)))

    [%] Inferring {true} [k = 1] (0f x 31t) ...                                     
    [?] Verifying [k = 1] --- true                            
      [+] Added test ... [ 0 ]

    [%] Removing conflicts ...  @2 @3
    [%] Removing conflicts ...  @2 @3
    [%] Inferring {true} [k = 1] (2f x 32t) ...                                     
    [%] Inferring {true} [k = 2] (2f x 32t) ...                                     
    [?] Verifying [k = 2] --- ((y > 1) | (1 = y))                            

     - Result = ((y > 1) | (1 = y))

   # Loop_1 | Invariant @ Postcondition: ((y > 1) | (1 = y))

   # Loop_1 | Inductive Check: ((!((y > 1) | (1 = y))) | false | (((x + y) > 1) | (1 = (x + y)))) is not valid!

   [Q2] Abduction query = ((!((y > 1) | (1 = y))) | false | (((x + y) > 1) | (1 = (x + y))))
   [#] Simplified query: ((!((y > 1) | (1 = y))) | false | (((x + y) > 1) | (1 = (x + y))))

    [%] Inferring {true} [k = 1] (0f x 31t) ...                                     
    [?] Verifying [k = 1] --- true                            
      [+] Added test ... [ 2, -2 ]

    [%] Removing conflicts ...  @2 @3
    [%] Inferring {true} [k = 1] (1f x 32t) ...                                     
    [?] Verifying [k = 1] --- (y = x)                            

     - Result = (y = x)

   # Loop_1 | Invariant @ Inductive Condition: ((y = x) & ((y > 1) | (1 = y)))

   # Loop_1 | Inductive Check: ((!((y = x) & ((y > 1) | (1 = y)))) | false | (((x + y) = (x + y)) & (((x + y) > 1) | (1 = (x + y))))) is valid!

   # Precondition Check: ((1 = 1) & ((1 > 1) | (1 = 1))) is valid!


[###] Final invariants: [###]
Loop #1: ((y = x) & ((y > 1) | (1 = y)))
================================================================================
checker_exec.sh: line 1: 32525 Aborted                 (core dumped) bin/pinvgen -wpath /home/saswat/Repos/PIE/logs/limit_8gb/6400/pie/16/01.cpp -abducer /home/saswat/Repos/PIE/abducer/abduce.sh -tool=pie -csize 16 --extra-arg=--std=c++11 ../../PIE/bm_oopsla/01.cpp --

real	0m21.495s
user	0m19.168s
sys	0m0.312s


--- Processed 01.cpp ---
sat: 3
unsat: 4
unk: 0
escher: 3

[$] OOM Count = 0
[$] MAX Usage = 120
