 ==>
726 tests for loop #1.

(*) Checking loop invariant:
================================================================================
[#] Starting Loop Invariant Generation ...

   + Found guard in B6 for loop #1

     - post_1 : (true & (x = y))
     - guard : NON-DETERMINISTIC

   [Q1] Abduction query = (false | (true & (x = y)))
   [#] Simplified query: (false | (true & (x = y)))

    [%] Inferring {true} [k = 1] (0f x 726t) ...                                     
    [?] Verifying [k = 1] --- true                            
      [+] Added test ... [ 0, -1 ]

    [%] Removing conflicts ...  @2 @3
    [%] Inferring {true} [k = 1] (1f x 727t) ...                                     
    [?] Verifying [k = 1] --- (x = y)                            

     - Result = (x = y)

   # Loop_1 | Invariant @ Postcondition: (x = y)

   # Loop_1 | Inductive Check: ((!(x = y)) | false | ((((x + 1) = (y + 1)) | (!(((z + ((x + y) + w)) % 2) = 1))) & ((x = (y + 1)) | (((z + ((x + y) + w)) % 2) = 1)))) is not valid!

   [Q2] Abduction query = ((!(x = y)) | false | ((((x + 1) = (y + 1)) | (!(((z + ((x + y) + w)) % 2) = 1))) & ((x = (y + 1)) | (((z + ((x + y) + w)) % 2) = 1))))
   [#] Simplified query: ((!(x = y)) | false | ((((x + 1) = (y + 1)) | (!(((z + ((x + y) + w)) % 2) = 1))) & ((x = (y + 1)) | (((z + ((x + y) + w)) % 2) = 1))))

    [%] Inferring {true} [k = 1] (0f x 726t) ...                                     
    [?] Verifying [k = 1] --- true                            
      [+] Added test ... [ 0, 0, 0, 0 ]

    [%] Removing conflicts ...  @2 @3
    [%] Removing conflicts ...  @2 @3
    [%] Inferring {true} [k = 1] (2f x 727t) ...                                     
    [%] Inferring {true} [k = 2] (2f x 727t) ...                                     
    [?] Verifying [k = 2] --- ((z > w) | (2 = w))                            
      [+] Added test ... [ 0, 0, 0, -2 ]

    [%] Removing conflicts ...  @2 @3
    [%] Inferring {true} [k = 1] (3f x 728t) ...                                     
    [%] Inferring {true} [k = 2] (3f x 728t) ...                                     
    [?] Verifying [k = 2] --- ((2 = w) | (z > y))                            
      [+] Added test ... [ 0, 0, 0, 2 ]

    [%] Removing conflicts ...  @2 @3
    [%] Inferring {true} [k = 1] (4f x 729t) ...                                     
    [%] Inferring {true} [k = 2] (4f x 729t) ...                                     
    [?] Verifying [k = 2] --- ((z > y) | (1 = z))                            
      [+] Added test ... [ -1, -1, 0, 2 ]

    [%] Inferring {true} [k = 1] (4f x 730t) ...                                     
    [%] Inferring {true} [k = 2] (4f x 730t) ...                                     
    [?] Verifying [k = 2] --- (!((2 = w)) | (1 = z)) & ((z > y) | (1 = z))                            
      [+] Added test ... [ -2, -2, -1, 1 ]

    [%] Inferring {true} [k = 1] (4f x 731t) ...                                     
    [%] Inferring {true} [k = 2] (4f x 731t) ...                                     
    [?] Verifying [k = 2] --- ((z > y) | (1 = z)) & ((z > w) | (1 = z))                            
      [+] Added test ... [ -1, -1, 0, -2 ]

    [%] Removing conflicts ...  @2 @3
    [%] Inferring {true} [k = 1] (5f x 732t) ...                                     
    [%] Inferring {true} [k = 2] (5f x 732t) ...                                     
    [?] Verifying [k = 2] --- ((1 = z) | (z > 2))                            
      [+] Added test ... [ 0, 0, 1, -1 ]

    [%] Removing conflicts ...  @2 @3
    [%] Inferring {true} [k = 1] (6f x 733t) ...                                     
    [%] Inferring {true} [k = 2] (6f x 733t) ...                                     
    [%] Inferring {true} [k = 3] (6f x 733t) ...                                     
    [?] Verifying [k = 3] --- (!((z > y)) | (z > 2) | (y = w)) & ((1 = z) | (z > 2))                            
      [+] Added test ... [ -1, -1, 1, -1 ]

    [%] Removing conflicts ...  @2 @3
    [%] Inferring {true} [k = 1] (7f x 734t) ...                                     
    [%] Inferring {true} [k = 2] (7f x 734t) ...                                     
    [%] Inferring {true} [k = 3] (7f x 734t) ...                                     
    [?] Verifying [k = 3] --- (!((z > y)) | (z > 2) | (0 = w)) & ((1 = z) | (z > 2))                            
      [+] Added test ... [ -1, -1, 4, 0 ]

    [%] Inferring {true} [k = 1] (7f x 735t) ...                                     
    [%] Inferring {true} [k = 2] (7f x 735t) ...                                     
    [%] Inferring {true} [k = 3] (7f x 735t) ...                                     
    [?] Verifying [k = 3] --- ((y = w) | !((0 = w))) & (!((z > y)) | (z > 2) | (0 = w)) & ((1 = z) | (z > 2))                            
      [+] Added test ... [ 1, 1, 1, 1 ]

    [%] Inferring {true} [k = 1] (7f x 736t) ...                                     
    [%] Inferring {true} [k = 2] (7f x 736t) ...                                     
    [%] Inferring {true} [k = 3] (7f x 736t) ...                                     
    [?] Verifying [k = 3] --- ((y = w) | !((0 = w))) & ((2 = w) | (z > 2) | (0 = w)) & ((1 = z) | (z > 2))                            
      [+] Added test ... [ 0, 0, 4, 0 ]

    [%] Inferring {true} [k = 1] (7f x 737t) ...                                     
    [%] Inferring {true} [k = 2] (7f x 737t) ...                                     
    [%] Inferring {true} [k = 3] (7f x 737t) ...                                     
    [?] Verifying [k = 3] --- (!((z > 2)) | !((0 = w))) & ((2 = w) | (z > 2) | (0 = w)) & ((1 = z) | (z > 2))                            
      [+] Added test ... [ -3, -3, 4, 2 ]

    [%] Inferring {true} [k = 1] (7f x 738t) ...                                     
    [%] Inferring {true} [k = 2] (7f x 738t) ...                                     
    [%] Inferring {true} [k = 3] (7f x 738t) ...                                     
    [?] Verifying [k = 3] --- (!((2 = w)) | !((z > 2))) & (!((z > 2)) | !((0 = w))) & ((2 = w) | (z > 2) | (0 = w)) & ((1 = z) | (z > 2))                            
      [+] Added test ... [ -1, -1, 3, -1 ]

    [%] Inferring {true} [k = 1] (7f x 739t) ...                                     
    [%] Inferring {true} [k = 2] (7f x 739t) ...                                     
    [%] Inferring {true} [k = 3] (7f x 739t) ...                                     
    [?] Verifying [k = 3] --- (!((z > y)) | (z > 2) | (0 = w)) & (!((2 = w)) | !((z > 2))) & (!((z > 2)) | !((0 = w))) & (!((y = w)) | (0 = w)) & ((1 = z) | (z > 2))                            
      [+] Added test ... [ 1, 1, 1, -1 ]

    [%] Inferring {true} [k = 1] (7f x 740t) ...                                     
    [%] Inferring {true} [k = 2] (7f x 740t) ...                                     
    [%] Inferring {true} [k = 3] (7f x 740t) ...                                     
    [?] Verifying [k = 3] --- (!((y = w)) | (0 = w)) & (!((2 = w)) | (1 = z)) & ((1 = z) | !((0 = w))) & ((2 = w) | (z > 2) | (0 = w))                            
      [+] Added test ... [ 0, 0, 3, -1 ]

    [%] Removing conflicts ...  @2 @3
    [%] Inferring {true} [k = 1] (8f x 741t) ...                                     
    [%] Inferring {true} [k = 2] (8f x 741t) ...                                     
    [?] Verifying [k = 2] --- (!((2 = w)) | !((z > 2))) & (!((z > 2)) | !((0 = w))) & ((1 = z) | (z > 2)) & ((0 = w) | (w > y))                            
      [+] Added test ... [ -2, -2, 1, -1 ]

    [%] Inferring {true} [k = 1] (8f x 742t) ...                                     
    [%] Inferring {true} [k = 2] (8f x 742t) ...                                     
    [%] Inferring {true} [k = 3] (8f x 742t) ...                                     
    [?] Verifying [k = 3] --- (!((z > y)) | (z > 2) | !((w > y))) & (!((2 = w)) | !((z > 2))) & (!((z > 2)) | !((0 = w))) & ((1 = z) | (z > 2)) & ((0 = w) | (w > y))                            
      [+] Added test ... [ 1, 1, 1, 3 ]

    [%] Inferring {true} [k = 1] (8f x 743t) ...                                     
    [%] Inferring {true} [k = 2] (8f x 743t) ...                                     
    [%] Inferring {true} [k = 3] (8f x 743t) ...                                     
    [?] Verifying [k = 3] --- (!((0 = w)) | !((w > y))) & (!((2 = w)) | (1 = z)) & ((1 = z) | (w > y)) & ((2 = w) | (z > 2) | (0 = w))                            
      [+] Added test ... [ -2, -2, 3, -1 ]

    [%] Removing conflicts ...  @2 @3
    [%] Inferring {true} [k = 1] (9f x 744t) ...                                     
    [%] Inferring {true} [k = 2] (9f x 744t) ...                                     
    [%] Inferring {true} [k = 3] (9f x 744t) ...                                     
    [?] Verifying [k = 3] --- ((2 = w) | (z > 2) | (0 = w)) & ((1 = z) | (w > 2))                            
      [+] Added test ... [ -3, -3, 3, 3 ]

    [%] Inferring {true} [k = 1] (9f x 745t) ...                                     
    [%] Inferring {true} [k = 2] (9f x 745t) ...                                     
    [%] Inferring {true} [k = 3] (9f x 745t) ...                                     
    [?] Verifying [k = 3] --- ((z > w) | !((w > 2))) & ((2 = w) | (z > 2) | (0 = w)) & ((1 = z) | (w > 2))                            
      [+] Added test ... [ -4, -4, 5, 3 ]

    [%] Removing conflicts ...  @2 @3
    [%] Removing conflicts ...  @2 @3
    [%] Inferring {true} [k = 1] (11f x 746t) ...                                     
    [%] Inferring {true} [k = 2] (11f x 746t) ...                                     
    [%] Inferring {true} [k = 3] (11f x 746t) ...                                     
    [?] Verifying [k = 3] --- ((2 = w) | (z > 2) | (0 = w)) & ((1 = z) | (y > 2) | (2 = y))                            
      [+] Added test ... [ 2, 2, -4, 0 ]

    [%] Inferring {true} [k = 1] (11f x 747t) ...                                     
    [%] Inferring {true} [k = 2] (11f x 747t) ...                                     
    [%] Inferring {true} [k = 3] (11f x 747t) ...                                     
    [?] Verifying [k = 3] --- ((w > 2) | !((2 = y))) & ((2 = w) | (z > 2) | (0 = w)) & ((1 = z) | (y > 2) | (2 = y))                            
      [+] Added test ... [ 2, 2, 3, 3 ]

    [%] Inferring {true} [k = 1] (11f x 748t) ...                                     
    [%] Inferring {true} [k = 2] (11f x 748t) ...                                     
    [%] Inferring {true} [k = 3] (11f x 748t) ...                                     
    [?] Verifying [k = 3] --- ((z > w) | !((2 = y))) & ((2 = w) | (z > 2) | (0 = w)) & ((1 = z) | (y > 2) | (2 = y))                            
      [+] Added test ... [ 2, 2, 2, 0 ]

    [%] Inferring {true} [k = 1] (11f x 749t) ...                                     
    [%] Inferring {true} [k = 2] (11f x 749t) ...                                     
    [%] Inferring {true} [k = 3] (11f x 749t) ...                                     
    [?] Verifying [k = 3] --- (!((w > 2)) | (y > 2) | (2 = y)) & ((z > w) | !((w > 2))) & ((2 = w) | (z > 2) | (0 = w)) & ((1 = z) | (w > 2))                            
      [+] Added test ... [ 2, 2, 5, 3 ]

    [%] Removing conflicts ...  @2 @3 @4
    [%] Inferring {true} [k = 1] (12f x 750t) ...                                     
    [%] Inferring {true} [k = 2] (12f x 750t) ...                                     
    [%] Inferring {true} [k = 3] (12f x 750t) ...                                     
    [?] Verifying [k = 3] --- ((1 = z) | (w > 2)) & ((2 = w) | (y > 2) | (z = (w + 1)))                            
      [+] Added test ... [ 3, 3, 1, -1 ]

    [%] Inferring {true} [k = 1] (12f x 751t) ...                                     
    [%] Inferring {true} [k = 2] (12f x 751t) ...                                     
    [%] Inferring {true} [k = 3] (12f x 751t) ...                                     
    [?] Verifying [k = 3] --- ((w > 2) | !((y > 2))) & ((1 = z) | (w > 2)) & ((2 = w) | (y > 2) | (z = (w + 1)))                            
      [+] Added test ... [ 3, 3, 1, 3 ]

    [%] Inferring {true} [k = 1] (12f x 752t) ...                                     
    [%] Inferring {true} [k = 2] (12f x 752t) ...                                     
    [%] Inferring {true} [k = 3] (12f x 752t) ...                                     
    [?] Verifying [k = 3] --- ((w > y) | (z = (w + 1))) & ((1 = z) | (w > 2)) & ((2 = w) | (y > 2) | (z = (w + 1)))                            
      [+] Added test ... [ 4, 4, 1, 5 ]

    [%] Inferring {true} [k = 1] (12f x 753t) ...                                     
    [%] Inferring {true} [k = 2] (12f x 753t) ...                                     
    [%] Inferring {true} [k = 3] (12f x 753t) ...                                     
    [?] Verifying [k = 3] --- ((1 = z) | (w > 2)) & ((z > 2) | !((y > 2))) & ((2 = w) | (y > 2) | (z = (w + 1)))                            
      [+] Added test ... [ 3, 3, 5, 3 ]

    [%] Inferring {true} [k = 1] (12f x 754t) ...                                     
    [%] Inferring {true} [k = 2] (12f x 754t) ...                                     
    [%] Inferring {true} [k = 3] (12f x 754t) ...                                     
    [?] Verifying [k = 3] --- ((z > 2) | !((y > 2))) & ((1 = z) | (w > 2)) & ((w > y) | (z = (w + 1))) & ((2 = w) | (y > 2) | (z = (w + 1)))                            
      [+] Added test ... [ 3, 3, 6, 4 ]

    [%] Removing conflicts ...  @2 @3 @4
    [%] Inferring {true} [k = 1] (13f x 755t) ...                                     
    [%] Inferring {true} [k = 2] (13f x 755t) ...                                     
    [%] Inferring {true} [k = 3] (13f x 755t) ...                                     
    [?] Verifying [k = 3] --- ((y > 2) | (z = (w + 1)) | !((w > (y + 1)))) & ((2 = w) | (z = (w + 1)) | (w > (y + 1)))                            
      [+] Added test ... [ 1, 1, 0, 2 ]

    [%] Inferring {true} [k = 1] (13f x 756t) ...                                     
    [%] Inferring {true} [k = 2] (13f x 756t) ...                                     
    [%] Inferring {true} [k = 3] (13f x 756t) ...                                     
    [?] Verifying [k = 3] --- ((1 = z) | (w > (y + 1))) & ((y > 2) | (z = (w + 1)) | !((w > (y + 1)))) & ((2 = w) | (z = (w + 1)) | (w > (y + 1)))                            
      [+] Added test ... [ 3, 3, 1, 5 ]

    [%] Inferring {true} [k = 1] (13f x 757t) ...                                     
    [%] Inferring {true} [k = 2] (13f x 757t) ...                                     
    [%] Inferring {true} [k = 3] (13f x 757t) ...                                     
    [?] Verifying [k = 3] --- ((1 = z) | (w > (y + 1))) & ((z > 2) | !((w > (y + 1)))) & ((y > 2) | (z = (w + 1)) | !((w > (y + 1)))) & ((2 = w) | (z = (w + 1)) | (w > (y + 1)))                            
      [+] Added test ... [ 3, 3, 3, 5 ]

    [%] Inferring {true} [k = 1] (13f x 758t) ...                                     
    [%] Inferring {true} [k = 2] (13f x 758t) ...                                     
    [%] Inferring {true} [k = 3] (13f x 758t) ...                                     
    [?] Verifying [k = 3] --- ((1 = z) | (y > 2) | (z = (w + 1))) & ((z > w) | !((w > (y + 1)))) & ((2 = w) | (z = (w + 1)) | (w > (y + 1)))                            
      [+] Added test ... [ -3, -3, 1, -1 ]

    [%] Inferring {true} [k = 1] (13f x 759t) ...                                     
    [%] Inferring {true} [k = 2] (13f x 759t) ...                                     
    [%] Inferring {true} [k = 3] (13f x 759t) ...                                     
    [?] Verifying [k = 3] --- ((1 = z) | (w > (y + 1))) & ((z > y) | !((w > (y + 1)))) & ((y > 2) | (z = (w + 1)) | !((w > (y + 1)))) & ((2 = w) | (z = (w + 1)) | (w > (y + 1)))                            
      [+] Added test ... [ 3, 3, 4, 6 ]

    [%] Inferring {true} [k = 1] (13f x 760t) ...                                     
    [%] Inferring {true} [k = 2] (13f x 760t) ...                                     
    [%] Inferring {true} [k = 3] (13f x 760t) ...                                     
    [?] Verifying [k = 3] --- ((1 = z) | (w > (y + 1))) & ((y > 2) | (z = (w + 1)) | !((w > (y + 1)))) & ((z > w) | !((w > (y + 1)))) & ((2 = w) | (z = (w + 1)) | (w > (y + 1)))                            
      [+] Added test ... [ 3, 3, 7, 5 ]

    [%] Removing conflicts ...  @2 @3 @4
    [%] Removing conflicts ...  @2 @3 @4 @5
    [%] Inferring {true} [k = 1] (15f x 761t) ...                                     
    [%] Inferring {true} [k = 2] (15f x 761t) ...                                     
    [?] Verifying [k = 2] --- ((z > w) | !((w > (y + 1)))) & ((1 = z) | (w > (y + 1))) & (w = (y * 2))                            
      [+] Added test ... [ 2, 2, 6, 4 ]

    [%] Inferring {true} [k = 1] (15f x 762t) ...                                     
    [%] Inferring {true} [k = 2] (15f x 762t) ...                                     
    [?] Verifying [k = 2] --- ((z > w) | !((w > (y + 1)))) & (!((2 = y)) | (z = (w + 1))) & ((1 = z) | (w > (y + 1))) & (w = (y * 2))                            
      [+] Added test ... [ 3, 3, 8, 6 ]

    [%] Removing conflicts ...  @2 @3 @4 @5
    [%] Inferring {true} [k = 1] (16f x 763t) ...                                     
    [?] Verifying [k = 1] --- (1 = (z % 2)) & (w = (y * 2))                            

     - Result = ((1 = (z % 2)) & (w = (y * 2)))

   # Loop_1 | Invariant @ Inductive Condition: (((1 = (z % 2)) & (w = (y * 2))) & (x = y))

   # Loop_1 | Inductive Check: ((!(((1 = (z % 2)) & (w = (y * 2))) & (x = y))) | false | (((((1 = ((z + ((x + y) + w)) % 2)) & ((w + 2) = ((y + 1) * 2))) & ((x + 1) = (y + 1))) | (!(((z + ((x + y) + w)) % 2) = 1))) & ((((1 = ((z + ((x + y) + w)) % 2)) & ((w + 2) = ((y + 1) * 2))) & (x = (y + 1))) | (((z + ((x + y) + w)) % 2) = 1)))) is valid!

   # Precondition Check: (((1 = ((1 - 0) % 2)) & (0 = (0 * 2))) & (0 = 0)) is valid!


[###] Final invariants: [###]
Loop #1: (((1 = (z % 2)) & (w = (y * 2))) & (x = y))
================================================================================
checker_exec.sh: line 1:  5844 Aborted                 (core dumped) bin/pinvgen -wpath /home/saswat/Repos/PIE/logs/limit_8gb/6400/pie/16/02.cpp -abducer /home/saswat/Repos/PIE/abducer/abduce.sh -tool=pie -csize 16 --extra-arg=--std=c++11 ../../PIE/bm_oopsla/02.cpp --

real	0m26.701s
user	0m23.540s
sys	0m0.876s


--- Processed 02.cpp ---
sat: 39
unsat: 4
unk: 0
escher: 17

[$] OOM Count = 0
[$] MAX Usage = 120
