 ==>
2947 tests for loop #1.

(*) Checking loop invariant:
================================================================================
[#] Starting Loop Invariant Generation ...

   + Found guard in B7 for loop #1

     - post_1 : (true & ((a + b) = (3 * n)))
     - guard : (i < n)

   [Q1] Abduction query = ((i < n) | (true & ((a + b) = (3 * n))))
   [#] Simplified query: ((i < n) | (true & ((a + b) = (3 * n))))

    [%] Inferring {true} [k = 1] (0f x 2947t) ...                                     
    [?] Verifying [k = 1] --- true                            
      [+] Added test ... [ 0, 0, -1, 0 ]

    [%] Removing conflicts ...  @2 @3
    [%] Removing conflicts ...  @2 @3
    [%] Inferring {true} [k = 1] (2f x 2948t) ...                                     
    [%] Inferring {true} [k = 2] (2f x 2948t) ...                                     
    [?] Verifying [k = 2] --- ((n > 1) | (i = a))                            
      [+] Added test ... [ 2, 2, 0, 0 ]

    [%] Removing conflicts ...  @2 @3
    [%] Removing conflicts ...  @2 @3
    [%] Inferring {true} [k = 1] (4f x 2949t) ...                                     
    [%] Inferring {true} [k = 2] (4f x 2949t) ...                                     
    [%] Inferring {true} [k = 3] (4f x 2949t) ...                                     
    [?] Verifying [k = 3] --- ((i = a) | (n > i) | (b > a)) & ((n > 1) | (i = a))                            
      [+] Added test ... [ 2, 2, 0, 1 ]

    [%] Removing conflicts ...  @2 @3
    [%] Inferring {true} [k = 1] (5f x 2950t) ...                                     
    [%] Inferring {true} [k = 2] (5f x 2950t) ...                                     
    [%] Inferring {true} [k = 3] (5f x 2950t) ...                                     
    [?] Verifying [k = 3] --- ((i = a) | (n > i) | (b > n))                            
      [+] Added test ... [ 0, 0, -2, 1 ]

    [%] Inferring {true} [k = 1] (5f x 2951t) ...                                     
    [%] Inferring {true} [k = 2] (5f x 2951t) ...                                     
    [%] Inferring {true} [k = 3] (5f x 2951t) ...                                     
    [?] Verifying [k = 3] --- ((n > 1) | (i = a)) & ((i = a) | (n > i) | (b > n))                            
      [+] Added test ... [ 2, 2, 0, 3 ]

    [%] Removing conflicts ...  @2 @3
    [%] Inferring {true} [k = 1] (6f x 2952t) ...                                     
    [%] Inferring {true} [k = 2] (6f x 2952t) ...                                     
    [%] Inferring {true} [k = 3] (6f x 2952t) ...                                     
    [?] Verifying [k = 3] --- ((i = a) | (n > i) | (b > 3))                            
      [+] Added test ... [ 0, 0, -5, 4 ]

    [%] Inferring {true} [k = 1] (6f x 2953t) ...                                     
    [%] Inferring {true} [k = 2] (6f x 2953t) ...                                     
    [%] Inferring {true} [k = 3] (6f x 2953t) ...                                     
    [?] Verifying [k = 3] --- ((n > 1) | !((b > 3))) & ((i = a) | (n > i) | (b > 3))                            
      [+] Added test ... [ 2, 2, 0, 4 ]

    [%] Removing conflicts ...  @2 @3
    [%] Inferring {true} [k = 1] (7f x 2954t) ...                                     
    [%] Inferring {true} [k = 2] (7f x 2954t) ...                                     
    [%] Inferring {true} [k = 3] (7f x 2954t) ...                                     
    [?] Verifying [k = 3] --- ((i = a) | (n > i) | (a > n))                            
      [+] Added test ... [ 0, 0, 1, -2 ]

    [%] Inferring {true} [k = 1] (7f x 2955t) ...                                     
    [%] Inferring {true} [k = 2] (7f x 2955t) ...                                     
    [%] Inferring {true} [k = 3] (7f x 2955t) ...                                     
    [?] Verifying [k = 3] --- ((b > 3) | !((a > n))) & ((i = a) | (n > i) | (a > n))                            
      [+] Added test ... [ 3, 3, 4, 4 ]

    [%] Inferring {true} [k = 1] (7f x 2956t) ...                                     
    [%] Inferring {true} [k = 2] (7f x 2956t) ...                                     
    [%] Inferring {true} [k = 3] (7f x 2956t) ...                                     
    [?] Verifying [k = 3] --- ((b > a) | !((a > n))) & ((i = a) | (n > i) | (a > n))                            
      [+] Added test ... [ 4, 4, 5, 6 ]

    [%] Removing conflicts ...  @2 @3 @4
    [%] Inferring {true} [k = 1] (8f x 2957t) ...                                     
    [%] Inferring {true} [k = 2] (8f x 2957t) ...                                     
    [%] Inferring {true} [k = 3] (8f x 2957t) ...                                     
    [?] Verifying [k = 3] --- (!((a > n)) | (b > (a + 1))) & ((i = a) | (n > i) | (a > n))                            
      [+] Added test ... [ 0, 0, 0, -1 ]

    [%] Removing conflicts ...  @2 @3
    [%] Inferring {true} [k = 1] (9f x 2958t) ...                                     
    [%] Inferring {true} [k = 2] (9f x 2958t) ...                                     
    [%] Inferring {true} [k = 3] (9f x 2958t) ...                                     
    [?] Verifying [k = 3] --- ((n > i) | (b > n) | (a = b)) & (!((a > n)) | (b > (a + 1))) & ((i = a) | (n > i) | (a > n))                            
      [+] Added test ... [ 5, 5, 6, 8 ]

    [%] Removing conflicts ...  @2 @3 @4 @5
    [%] Inferring {true} [k = 1] (10f x 2959t) ...                                     
    [%] Inferring {true} [k = 2] (10f x 2959t) ...                                     
    [%] Inferring {true} [k = 3] (10f x 2959t) ...                                     
    [?] Verifying [k = 3] --- ((n > i) | (b > n) | (a = b)) & ((i = a) | (n > i) | (a > n)) & ((i = a) | (n > i) | (b > (a + 3)))                            
      [+] Added test ... [ 7, 7, 8, 12 ]

    [%] Removing conflicts ...  @2 @3 @4 @5
    [%] Inferring {true} [k = 1] (11f x 2960t) ...                                     
    [%] Inferring {true} [k = 2] (11f x 2960t) ...                                     
    [%] Inferring {true} [k = 3] (11f x 2960t) ...                                     
    [?] Verifying [k = 3] --- ((n > i) | (b > n) | (a = b)) & ((i = a) | (n > i) | (a > (3 * 3)))                            
      [+] Added test ... [ 7, 7, 10, 10 ]

    [%] Inferring {true} [k = 1] (11f x 2961t) ...                                     
    [%] Inferring {true} [k = 2] (11f x 2961t) ...                                     
    [%] Inferring {true} [k = 3] (11f x 2961t) ...                                     
    [?] Verifying [k = 3] --- ((n > i) | (b > n) | (a = b)) & ((b > (a + 3)) | !((a > (3 * 3)))) & ((i = a) | (n > i) | (a > (3 * 3)))                            
      [+] Added test ... [ 13, 13, 10, 14 ]

    [%] Inferring {true} [k = 1] (11f x 2962t) ...                                     
    [%] Inferring {true} [k = 2] (11f x 2962t) ...                                     
    [%] Inferring {true} [k = 3] (11f x 2962t) ...                                     
    [?] Verifying [k = 3] --- ((i = a) | (n > i) | (a > n)) & ((n > i) | (b > n) | (a = b)) & ((b > (a + 3)) | !((a > (3 * 3)))) & ((i = a) | (n > i) | (a > (3 * 3)))                            
      [+] Added test ... [ 9, 9, 10, 14 ]

    [%] Removing conflicts ...  @2 @3 @4 @5
    [%] Inferring {true} [k = 1] (12f x 2963t) ...                                     
    [%] Inferring {true} [k = 2] (12f x 2963t) ...                                     
    [%] Inferring {true} [k = 3] (12f x 2963t) ...                                     
    [?] Verifying [k = 3] --- ((i = a) | (n > i) | (a > n)) & ((b > a) | (a = b) | (n > (3 * 3))) & ((i = a) | (n > (3 * 3)))                            
      [+] Added test ... [ 11, 10, 11, 0 ]

    [%] Inferring {true} [k = 1] (12f x 2964t) ...                                     
    [%] Inferring {true} [k = 2] (12f x 2964t) ...                                     
    [%] Inferring {true} [k = 3] (12f x 2964t) ...                                     
    [?] Verifying [k = 3] --- ((i = a) | (n > i) | (a > n)) & ((n > i) | (b > n) | (a = b)) & ((i = a) | (n > (3 * 3)))                            
      [+] Added test ... [ 4, 3, 4, 4 ]

    [%] Inferring {true} [k = 1] (12f x 2965t) ...                                     
    [%] Inferring {true} [k = 2] (12f x 2965t) ...                                     
    [%] Inferring {true} [k = 3] (12f x 2965t) ...                                     
    [?] Verifying [k = 3] --- ((i = a) | (n > i) | (a > n)) & ((b > a) | (a = b) | (n > (3 * 3))) & (!((a > n)) | (b > (a + 3))) & ((i = a) | (n > (3 * 3)))                            
      [+] Added test ... [ 10, 10, 10, 0 ]

    [%] Inferring {true} [k = 1] (12f x 2966t) ...                                     
    [%] Inferring {true} [k = 2] (12f x 2966t) ...                                     
    [%] Inferring {true} [k = 3] (12f x 2966t) ...                                     
    [?] Verifying [k = 3] --- ((i = a) | (n > i) | (a > n)) & (!((a > n)) | (n > (3 * 3))) & ((n > i) | (b > n) | (a = b)) & ((i = a) | (n > (3 * 3)))                            
      [+] Added test ... [ 11, 10, 11, 11 ]

    [%] Inferring {true} [k = 1] (12f x 2967t) ...                                     
    [%] Inferring {true} [k = 2] (12f x 2967t) ...                                     
    [%] Inferring {true} [k = 3] (12f x 2967t) ...                                     
    [?] Verifying [k = 3] --- ((i = a) | (n > i) | (a > n)) & ((b > a) | (a = b) | (n > (3 * 3))) & (!((n > 1)) | (n > i) | (b > (a + 1))) & ((i = a) | (n > (3 * 3)))                            
      [+] Added test ... [ 11, 10, 11, 13 ]

    [%] Inferring {true} [k = 1] (12f x 2968t) ...                                     
    [%] Inferring {true} [k = 2] (12f x 2968t) ...                                     
    [%] Inferring {true} [k = 3] (12f x 2968t) ...                                     
    [?] Verifying [k = 3] --- ((i = a) | (n > i) | (a > n)) & ((b > a) | (a = b) | (n > (3 * 3))) & (!((a > n)) | (n > (3 * 3))) & ((b > (a + 3)) | !((a > (3 * 3)))) & ((i = a) | (n > (3 * 3)))                            
      [+] Added test ... [ 10, 10, 10, 14 ]

    [%] Removing conflicts ...  @2 @3 @4 @5
    [%] Inferring {true} [k = 1] (13f x 2969t) ...                                     
    [%] Inferring {true} [k = 2] (13f x 2969t) ...                                     
    [%] Inferring {true} [k = 3] (13f x 2969t) ...                                     
    [?] Verifying [k = 3] --- ((i = a) | (n > i) | (a > n)) & (!((i = a)) | (b = (a + a))) & ((n > (3 * 3)) | (b = (a + a)))                            
      [+] Added test ... [ 10, 10, 11, 0 ]

    [%] Inferring {true} [k = 1] (13f x 2970t) ...                                     
    [%] Inferring {true} [k = 2] (13f x 2970t) ...                                     
    [%] Inferring {true} [k = 3] (13f x 2970t) ...                                     
    [?] Verifying [k = 3] --- ((n > i) | (a > n) | (b = (a + a))) & ((i = a) | (n > (3 * 3))) & ((n > i) | (b > (a + 3)) | (b = (a + a)))                            
      [+] Added test ... [ 0, -1, 0, 0 ]

    [%] Inferring {true} [k = 1] (13f x 2971t) ...                                     
    [%] Inferring {true} [k = 2] (13f x 2971t) ...                                     
    [%] Inferring {true} [k = 3] (13f x 2971t) ...                                     
    [?] Verifying [k = 3] --- (!((a > n)) | !((b = (a + a)))) & ((n > i) | (a > n) | (b = (a + a))) & ((i = a) | (n > (3 * 3))) & ((n > i) | (b > (a + 3)) | (b = (a + a)))                            
      [+] Added test ... [ 10, 10, 9, 18 ]

    [%] Inferring {true} [k = 1] (13f x 2972t) ...                                     
    [%] Inferring {true} [k = 2] (13f x 2972t) ...                                     
    [%] Inferring {true} [k = 3] (13f x 2972t) ...                                     
    [?] Verifying [k = 3] --- ((i = a) | !((b = (a + a)))) & (!((a > n)) | !((b = (a + a)))) & ((n > i) | (a > n) | (b = (a + a))) & ((i = a) | (n > (3 * 3))) & ((n > i) | (b > (a + 3)) | (b = (a + a)))                            
      [+] Added test ... [ 8, 7, 8, 12 ]

    [%] Inferring {true} [k = 1] (13f x 2973t) ...                                     
    [%] Inferring {true} [k = 2] (13f x 2973t) ...                                     
    [%] Inferring {true} [k = 3] (13f x 2973t) ...                                     
    [?] Verifying [k = 3] --- (!((i = a)) | (b = (a + a))) & (!((a > n)) | !((b = (a + a)))) & ((i = a) | (n > i) | (a > n)) & ((b > (a + 3)) | !((a > (3 * 3)))) & ((n > (3 * 3)) | (b = (a + a)))                            
      [+] Added test ... [ 10, 10, 11, 15 ]

    [%] Removing conflicts ...  @2 @3 @4 @5 @6
    [%] Inferring {true} [k = 1] (14f x 2974t) ...                                     
    [%] Inferring {true} [k = 2] (14f x 2974t) ...                                     
    [?] Verifying [k = 2] --- (!((a > n)) | (b > ((a + 3) + 1))) & ((i = a) | !((b = (a + a)))) & (!((a > (3 * 3))) | (b > ((a + 3) + 1))) & ((n > (3 * 3)) | (b = (a + a)))                            
      [+] Added test ... [ 10, 10, 9, 0 ]

    [%] Inferring {true} [k = 1] (14f x 2975t) ...                                     
    [%] Inferring {true} [k = 2] (14f x 2975t) ...                                     
    [%] Inferring {true} [k = 3] (14f x 2975t) ...                                     
    [?] Verifying [k = 3] --- (!((a > n)) | (b > ((a + 3) + 1))) & ((i = a) | (n > i) | (a > (3 * 3))) & ((n > i) | (b = (a + a)) | (b > ((a + 3) + 1)))                            
      [+] Added test ... [ 10, 10, 10, 15 ]

    [%] Inferring {true} [k = 1] (14f x 2976t) ...                                     
    [%] Inferring {true} [k = 2] (14f x 2976t) ...                                     
    [%] Inferring {true} [k = 3] (14f x 2976t) ...                                     
    [?] Verifying [k = 3] --- (!((i = a)) | (b = (a + a))) & (!((a > n)) | (b > ((a + 3) + 1))) & ((i = a) | (n > i) | (a > (3 * 3))) & ((n > i) | (b = (a + a)) | (b > ((a + 3) + 1)))                            
      [+] Added test ... [ 11, 10, 10, 15 ]

    [%] Inferring {true} [k = 1] (14f x 2977t) ...                                     
    [%] Inferring {true} [k = 2] (14f x 2977t) ...                                     
    [%] Inferring {true} [k = 3] (14f x 2977t) ...                                     
    [?] Verifying [k = 3] --- (!((i = a)) | (b = (a + a))) & (!((a > n)) | (b > ((a + 3) + 1))) & ((i = a) | (n > i) | (a > n)) & ((n > i) | (b = (a + a)) | (b > ((a + 3) + 1)))                            
      [+] Added test ... [ 10, 8, 9, 14 ]

    [%] Inferring {true} [k = 1] (14f x 2978t) ...                                     
    [%] Inferring {true} [k = 2] (14f x 2978t) ...                                     
    [%] Inferring {true} [k = 3] (14f x 2978t) ...                                     
    [?] Verifying [k = 3] --- (!((a > n)) | (b > ((a + 3) + 1))) & ((n > i) | (a > n) | (b = (a + a))) & ((i = a) | (n > i) | (a > (3 * 3))) & ((n > i) | (b = (a + a)) | (b > ((a + 3) + 1)))                            
      [+] Added test ... [ 11, 11, 10, 20 ]

    [%] Inferring {true} [k = 1] (14f x 2979t) ...                                     
    [%] Inferring {true} [k = 2] (14f x 2979t) ...                                     
    [%] Inferring {true} [k = 3] (14f x 2979t) ...                                     
    [?] Verifying [k = 3] --- (!((i = a)) | (b = (a + a))) & (!((a > n)) | (n > (3 * 3))) & ((i = a) | (n > i) | (a > n)) & ((n > i) | (b = (a + a)) | (b > ((a + 3) + 1)))                            
      [+] Added test ... [ 10, 10, 11, 16 ]

    [%] Removing conflicts ...  @2 @3 @4 @5 @6
    [%] Removing conflicts ...  @2 @3 @4 @5 @6
    [%] Inferring {true} [k = 1] (16f x 2980t) ...                                     
    [%] Inferring {true} [k = 2] (16f x 2980t) ...                                     
    [%] Inferring {true} [k = 3] (16f x 2980t) ...                                     
    [?] Verifying [k = 3] --- (!((i = a)) | (b = (a + a))) & (!((a > n)) | (a > (3 * (3 + 1))) | (b = ((n + n) - 1))) & ((i = a) | (n > i) | (a > n)) & ((n > i) | (b = (a + a)) | (b > ((a + 3) + 1)))                            
      [+] Added test ... [ 11, 8, 10, 15 ]

    [%] Inferring {true} [k = 1] (16f x 2981t) ...                                     
    [%] Inferring {true} [k = 2] (16f x 2981t) ...                                     
    [%] Inferring {true} [k = 3] (16f x 2981t) ...                                     
    [?] Verifying [k = 3] --- (!((a > n)) | (a > (3 * (3 + 1))) | (b = ((n + n) - 1))) & (!((i = a)) | (b = (a + a))) & (!((a > n)) | (n > (3 * 3))) & ((i = a) | (n > i) | (a > n)) & ((n > i) | (b = (a + a)) | (b > ((a + 3) + 1)))                            
      [+] Added test ... [ 10, 10, 12, 19 ]

    [%] Removing conflicts ...  @2 @3 @4
    [%] Inferring {true} [k = 1] (17f x 2982t) ...                                     
    [%] Inferring {true} [k = 2] (17f x 2982t) ...                                     
    [%] Inferring {true} [k = 3] (17f x 2982t) ...                                     
    [?] Verifying [k = 3] --- ((a > (3 * (3 + 1))) | (b = ((n + n) - 1)) | !((a = (n + 1)))) & (!((i = a)) | (b = (a + a))) & (!((b = ((n + n) - 1))) | (a = (n + 1))) & (!((a > n)) | (n > (3 * 3))) & ((i = a) | (n > i) | (a > n)) & ((n > i) | (b = (a + a)) | (b > ((a + 3) + 1)))                            
      [+] Added test ... [ 10, 10, 12, 17 ]

    [%] Inferring {true} [k = 1] (17f x 2983t) ...                                     
    [%] Inferring {true} [k = 2] (17f x 2983t) ...                                     
    [%] Inferring {true} [k = 3] (17f x 2983t) ...                                     
    [?] Verifying [k = 3] --- (!((i = a)) | (b = (a + a))) & (!((b = ((n + n) - 1))) | (a = (n + 1))) & (!((a > n)) | (a > (3 * (3 + 1))) | (b = ((n + n) - 1))) & ((i = a) | (n > i) | (a > n)) & ((n > i) | (b = (a + a)) | (b > ((a + 3) + 1)))                            
      [+] Added test ... [ 12, 12, 13, 18 ]

    [%] Inferring {true} [k = 1] (17f x 2984t) ...                                     
    [%] Inferring {true} [k = 2] (17f x 2984t) ...                                     
    [%] Inferring {true} [k = 3] (17f x 2984t) ...                                     
    [?] Verifying [k = 3] --- ((n > i) | (b = ((n + n) - 1)) | !((a = (n + 1)))) & (!((i = a)) | (b = (a + a))) & (!((b = ((n + n) - 1))) | (a = (n + 1))) & (!((a > n)) | (a > (3 * (3 + 1))) | (b = ((n + n) - 1))) & ((i = a) | (n > i) | (a > n)) & ((n > i) | (b = (a + a)) | (b > ((a + 3) + 1)))                            
      [+] Added test ... [ 11, 11, 13, 18 ]

    [%] Removing conflicts ...  @2 @3 @4 @5 @6
    [%] Inferring {true} [k = 1] (18f x 2985t) ...                                     
    [%] Inferring {true} [k = 2] (18f x 2985t) ...                                     
    [%] Inferring {true} [k = 3] (18f x 2985t) ...                                     
    [?] Verifying [k = 3] --- (!((i = a)) | (b = (a + a))) & (!((b = ((n + n) - 1))) | (a = (n + 1))) & ((i = a) | (n > i) | (a > n)) & (!((a > n)) | (b = ((n + n) - 1)) | (n > (3 * (3 + 1)))) & ((n > i) | (b = (a + a)) | (b > ((a + 3) + 1)))                            
      [+] Added test ... [ 13, 13, 14, 19 ]

    [%] Inferring {true} [k = 1] (18f x 2986t) ...                                     
    [%] Inferring {true} [k = 2] (18f x 2986t) ...                                     
    [%] Inferring {true} [k = 3] (18f x 2986t) ...                                     
    [?] Verifying [k = 3] --- ((n > i) | (b = ((n + n) - 1)) | !((a = (n + 1)))) & (!((i = a)) | (b = (a + a))) & (!((b = ((n + n) - 1))) | (a = (n + 1))) & ((i = a) | (n > i) | (a > n)) & (!((a > n)) | (b = ((n + n) - 1)) | (n > (3 * (3 + 1)))) & ((n > i) | (b = (a + a)) | (b > ((a + 3) + 1)))                            
      [+] Added test ... [ 13, 13, 15, 20 ]

    [%] Removing conflicts ...  @2 @3 @4 @5 @6 @7
    [%] Inferring {true} [k = 1] (19f x 2987t) ...                                     
    [%] Inferring {true} [k = 2] (19f x 2987t) ...                                     
    [?] Verifying [k = 2] --- ((n > i) | (b = ((n * 3) - a)))                            

     - Result = ((n > i) | (b = ((n * 3) - a)))

   # Loop_1 | Invariant @ Postcondition: ((n > i) | (b = ((n * 3) - a)))

   # Loop_1 | Inductive Check: ((!((n > i) | (b = ((n * 3) - a)))) | (!(i < n)) | ((((n > (i + 1)) | ((b + 2) = ((n * 3) - (a + 1)))) | false) & (((n > (i + 1)) | ((b + 1) = ((n * 3) - (a + 2)))) | false))) is not valid!

   [Q2] Abduction query = ((!((n > i) | (b = ((n * 3) - a)))) | (!(i < n)) | ((((n > (i + 1)) | ((b + 2) = ((n * 3) - (a + 1)))) | false) & (((n > (i + 1)) | ((b + 1) = ((n * 3) - (a + 2)))) | false)))
   [#] Simplified query: ((!((n > i) | (b = ((n * 3) - a)))) | (!(i < n)) | ((((n > (i + 1)) | ((b + 2) = ((n * 3) - (a + 1)))) | false) & (((n > (i + 1)) | ((b + 1) = ((n * 3) - (a + 2)))) | false)))

    [%] Inferring {true} [k = 1] (0f x 2947t) ...                                     
    [?] Verifying [k = 1] --- true                            
      [+] Added test ... [ 0, -1, 0, 0 ]

    [%] Removing conflicts ...  @2 @3
    [%] Removing conflicts ...  @2 @3
    [%] Inferring {true} [k = 1] (2f x 2948t) ...                                     
    [%] Inferring {true} [k = 2] (2f x 2948t) ...                                     
    [?] Verifying [k = 2] --- ((n > 1) | (a = i))                            
      [+] Added test ... [ 2, 1, 0, 0 ]

    [%] Removing conflicts ...  @2 @3
    [%] Removing conflicts ...  @2 @3
    [%] Inferring {true} [k = 1] (4f x 2949t) ...                                     
    [%] Inferring {true} [k = 2] (4f x 2949t) ...                                     
    [?] Verifying [k = 2] --- ((a = i) | (n > 3))                            
      [+] Added test ... [ 0, -1, 0, -1 ]

    [%] Removing conflicts ...  @2 @3
    [%] Inferring {true} [k = 1] (5f x 2950t) ...                                     
    [%] Inferring {true} [k = 2] (5f x 2950t) ...                                     
    [%] Inferring {true} [k = 3] (5f x 2950t) ...                                     
    [?] Verifying [k = 3] --- ((n > 1) | !((b > a)) | (2 = b)) & ((a = i) | (n > 3))                            
      [+] Added test ... [ 3, 2, 2, 2 ]

    [%] Inferring {true} [k = 1] (5f x 2951t) ...                                     
    [%] Inferring {true} [k = 2] (5f x 2951t) ...                                     
    [%] Inferring {true} [k = 3] (5f x 2951t) ...                                     
    [?] Verifying [k = 3] --- ((n > 1) | !((b > a)) | (2 = b)) & ((b > a) | !((2 = b))) & ((a = i) | (n > 3))                            
      [+] Added test ... [ 0, -1, 2, -1 ]

    [%] Removing conflicts ...  @2 @3
    [%] Inferring {true} [k = 1] (6f x 2952t) ...                                     
    [%] Inferring {true} [k = 2] (6f x 2952t) ...                                     
    [%] Inferring {true} [k = 3] (6f x 2952t) ...                                     
    [?] Verifying [k = 3] --- ((b > a) | !((2 = b))) & ((n > 1) | !((b > a)) | (1 = n)) & ((a = i) | (n > 3))                            
      [+] Added test ... [ 1, 0, 1, 0 ]

    [%] Inferring {true} [k = 1] (6f x 2953t) ...                                     
    [%] Inferring {true} [k = 2] (6f x 2953t) ...                                     
    [%] Inferring {true} [k = 3] (6f x 2953t) ...                                     
    [?] Verifying [k = 3] --- (!((b > a)) | (2 = b) | !((1 = n))) & ((b > a) | !((2 = b))) & ((n > 1) | !((b > a)) | (1 = n)) & ((a = i) | (n > 3))                            
      [+] Added test ... [ 1, 0, -1, 0 ]

    [%] Removing conflicts ...  @2 @3
    [%] Inferring {true} [k = 1] (7f x 2954t) ...                                     
    [%] Inferring {true} [k = 2] (7f x 2954t) ...                                     
    [%] Inferring {true} [k = 3] (7f x 2954t) ...                                     
    [?] Verifying [k = 3] --- ((n > 1) | (1 = n) | (a = b)) & (!((2 = b)) | !((a = b))) & ((a = i) | (n > 3)) & ((n > 1) | (2 = b) | (a = b))                            
      [+] Added test ... [ 2, 1, 1, 1 ]

    [%] Removing conflicts ...  @2 @3
    [%] Inferring {true} [k = 1] (8f x 2955t) ...                                     
    [%] Inferring {true} [k = 2] (8f x 2955t) ...                                     
    [%] Inferring {true} [k = 3] (8f x 2955t) ...                                     
    [?] Verifying [k = 3] --- ((n > 1) | (1 = n) | (a = 0)) & ((n > 3) | !((a = b)) | (a = 0)) & ((a = i) | !((a = 0))) & ((n > 1) | (2 = b) | (a = b))                            
      [+] Added test ... [ 4, 3, 3, 3 ]

    [%] Inferring {true} [k = 1] (8f x 2956t) ...                                     
    [%] Inferring {true} [k = 2] (8f x 2956t) ...                                     
    [%] Inferring {true} [k = 3] (8f x 2956t) ...                                     
    [?] Verifying [k = 3] --- ((n > 1) | (1 = n) | (a = 0)) & ((a = i) | !((a = 0))) & ((n > 1) | (2 = b) | (a = b)) & (!((a = i)) | !((a = b)) | (a = 0))                            
      [+] Added test ... [ 1, 0, 2, 0 ]

    [%] Inferring {true} [k = 1] (8f x 2957t) ...                                     
    [%] Inferring {true} [k = 2] (8f x 2957t) ...                                     
    [%] Inferring {true} [k = 3] (8f x 2957t) ...                                     
    [?] Verifying [k = 3] --- ((n > 1) | (1 = n) | (a = 0)) & ((a = i) | !((a = 0))) & (!((a = i)) | !((a = b)) | (a = 0)) & ((a = b) | !((a = 0)))                            
      [+] Added test ... [ 2, 1, -1, -1 ]

    [%] Inferring {true} [k = 1] (8f x 2958t) ...                                     
    [%] Inferring {true} [k = 2] (8f x 2958t) ...                                     
    [%] Inferring {true} [k = 3] (8f x 2958t) ...                                     
    [?] Verifying [k = 3] --- ((n > 1) | (1 = n) | (a = 0)) & (!((a = i)) | !((a = b)) | (a = 0)) & ((a = i) | (n > 3)) & ((a = b) | !((a = 0)))                            
      [+] Added test ... [ 4, 3, 0, 0 ]

    [%] Inferring {true} [k = 1] (8f x 2959t) ...                                     
    [%] Inferring {true} [k = 2] (8f x 2959t) ...                                     
    [%] Inferring {true} [k = 3] (8f x 2959t) ...                                     
    [?] Verifying [k = 3] --- (!((a = i)) | !((a = b)) | (a = 0)) & ((n > 1) | (1 = n) | (a = 0)) & ((n > 3) | !((a = b)) | (a = 0)) & ((a = i) | !((a = 0))) & ((a = b) | !((a = 0)))                            
      [+] Added test ... [ 4, 3, -1, -1 ]

    [%] Removing conflicts ...  @2 @3
    [%] Inferring {true} [k = 1] (9f x 2960t) ...                                     
    [%] Inferring {true} [k = 2] (9f x 2960t) ...                                     
    [%] Inferring {true} [k = 3] (9f x 2960t) ...                                     
    [?] Verifying [k = 3] --- ((n > 1) | (1 = n) | (a = 0)) & (!((a = i)) | !((a = b)) | (a = 0)) & ((a = b) | !((a = 0))) & ((a = i) | !((a = b)) | (3 = a))                            
      [+] Added test ... [ 2, 1, 3, 3 ]

    [%] Inferring {true} [k = 1] (9f x 2961t) ...                                     
    [%] Inferring {true} [k = 2] (9f x 2961t) ...                                     
    [%] Inferring {true} [k = 3] (9f x 2961t) ...                                     
    [?] Verifying [k = 3] --- (!((a = i)) | !((a = b)) | !((3 = a))) & ((n > 1) | (1 = n) | (a = 0)) & ((n > 3) | !((a = b)) | (a = 0)) & ((a = b) | !((a = 0))) & ((a = i) | !((a = b)) | (3 = a))                            
      [+] Added test ... [ 5, 4, 3, 3 ]

    [%] Removing conflicts ...  @2 @3
    [%] Inferring {true} [k = 1] (10f x 2962t) ...                                     
    [%] Inferring {true} [k = 2] (10f x 2962t) ...                                     
    [%] Inferring {true} [k = 3] (10f x 2962t) ...                                     
    [?] Verifying [k = 3] --- ((n > 1) | (1 = n) | (a = 0)) & (!((a = i)) | !((a = b)) | (a = 0)) & ((a = b) | !((a = 0))) & ((a = i) | !((a = b)) | (i = 2))                            
      [+] Added test ... [ 3, 2, 0, 0 ]

    [%] Inferring {true} [k = 1] (10f x 2963t) ...                                     
    [%] Inferring {true} [k = 2] (10f x 2963t) ...                                     
    [%] Inferring {true} [k = 3] (10f x 2963t) ...                                     
    [?] Verifying [k = 3] --- (!((a = 0)) | !((i = 2))) & ((n > 1) | (1 = n) | (a = 0)) & (!((a = i)) | !((a = b)) | (a = 0)) & ((a = b) | !((a = 0))) & ((a = i) | !((a = b)) | (i = 2))                            
      [+] Added test ... [ 3, 2, -1, -1 ]

    [%] Inferring {true} [k = 1] (10f x 2964t) ...                                     
    [%] Inferring {true} [k = 2] (10f x 2964t) ...                                     
    [%] Inferring {true} [k = 3] (10f x 2964t) ...                                     
    [?] Verifying [k = 3] --- ((n > 1) | (1 = n) | (a = 0)) & (!((a = b)) | (a = 0) | (i = 2)) & (!((a = b)) | (3 = a) | !((i = 2))) & ((a = b) | !((a = 0))) & ((a = i) | !((a = b)) | (i = 2))                            
      [+] Added test ... [ 3, 2, 3, 2 ]

    [%] Removing conflicts ...  @2 @3
    [%] Inferring {true} [k = 1] (11f x 2965t) ...                                     
    [%] Inferring {true} [k = 2] (11f x 2965t) ...                                     
    [%] Inferring {true} [k = 3] (11f x 2965t) ...                                     
    [?] Verifying [k = 3] --- ((n > 1) | (1 = n) | (a = 0)) & (!((a = b)) | (a = 0) | (i = 2)) & ((a = b) | !((a = 0))) & ((3 = a) | !((i = 2)) | (b > 3)) & ((a = i) | !((a = b)) | (i = 2))                            
      [+] Added test ... [ 3, 2, 4, 4 ]

    [%] Inferring {true} [k = 1] (11f x 2966t) ...                                     
    [%] Inferring {true} [k = 2] (11f x 2966t) ...                                     
    [%] Inferring {true} [k = 3] (11f x 2966t) ...                                     
    [?] Verifying [k = 3] --- ((n > 1) | (1 = n) | (a = 0)) & ((3 = a) | !((i = 2)) | (b > 3)) & ((a = b) | !((a = 0))) & (!((a = b)) | (a = 0) | (i = 2)) & ((a = i) | !((a = b)) | (3 = a))                            
      [+] Added test ... [ 3, 2, 4, 3 ]

    [%] Inferring {true} [k = 1] (11f x 2967t) ...                                     
    [%] Inferring {true} [k = 2] (11f x 2967t) ...                                     
    [%] Inferring {true} [k = 3] (11f x 2967t) ...                                     
    [?] Verifying [k = 3] --- ((a = i) | !((a = 0))) & ((n > 1) | (1 = n) | (a = 0)) & ((3 = a) | !((i = 2)) | (b > 3)) & ((a = b) | !((a = 0))) & (!((a = b)) | (a = 0) | (i = 2)) & ((a = i) | (n > 3))                            
      [+] Added test ... [ 3, 2, 5, 2 ]

    [%] Removing conflicts ...  @2 @3 @4
    [%] Inferring {true} [k = 1] (12f x 2968t) ...                                     
    [%] Inferring {true} [k = 2] (12f x 2968t) ...                                     
    [%] Inferring {true} [k = 3] (12f x 2968t) ...                                     
    [?] Verifying [k = 3] --- ((a = i) | !((a = 0))) & ((n > 1) | (1 = n) | (a = 0)) & ((3 = a) | !((i = 2)) | (b = (3 + 1))) & ((a = b) | !((a = 0))) & (!((a = b)) | (a = 0) | (i = 2)) & ((a = i) | (n > 3))                            
      [+] Added test ... [ 2, 1, 4, 1 ]

    [%] Inferring {true} [k = 1] (12f x 2969t) ...                                     
    [%] Inferring {true} [k = 2] (12f x 2969t) ...                                     
    [%] Inferring {true} [k = 3] (12f x 2969t) ...                                     
    [?] Verifying [k = 3] --- ((a = i) | !((a = 0))) & ((i = 2) | !((b = (3 + 1)))) & ((n > 1) | (1 = n) | (a = 0)) & ((3 = a) | !((i = 2)) | (b = (3 + 1))) & ((a = b) | !((a = 0))) & (!((a = b)) | (a = 0) | (i = 2)) & ((a = i) | (n > 3))                            
      [+] Added test ... [ 4, 3, 2, 3 ]

    [%] Inferring {true} [k = 1] (12f x 2970t) ...                                     
    [%] Inferring {true} [k = 2] (12f x 2970t) ...                                     
    [%] Inferring {true} [k = 3] (12f x 2970t) ...                                     
    [?] Verifying [k = 3] --- ((a = i) | !((a = 0))) & (!((2 = b)) | !((3 = a))) & ((i = 2) | !((b = (3 + 1)))) & ((n > 1) | (1 = n) | (a = 0)) & ((3 = a) | !((i = 2)) | (b = (3 + 1))) & ((a = b) | !((a = 0))) & (!((a = b)) | (a = 0) | (i = 2)) & ((a = i) | (n > 3))                            
      [+] Added test ... [ 4, 3, 1, 3 ]

    [%] Inferring {true} [k = 1] (12f x 2971t) ...                                     
    [%] Inferring {true} [k = 2] (12f x 2971t) ...                                     
    [%] Inferring {true} [k = 3] (12f x 2971t) ...                                     
    [?] Verifying [k = 3] --- ((i = 2) | !((b = (3 + 1)))) & ((n > 1) | (1 = n) | (a = 0)) & ((3 = a) | !((i = 2)) | (b = (3 + 1))) & ((a = i) | !((a = b)) | (i = 2)) & ((a = b) | !((a = 0))) & (!((a = i)) | (b > a) | (a = 0)) & ((a = i) | (n > 3))                            
      [+] Added test ... [ 4, 3, 5, 3 ]

    [%] Removing conflicts ...  @2 @3 @4 @5
    [%] Removing conflicts ...  @2 @3 @4
    [%] Inferring {true} [k = 1] (14f x 2972t) ...                                     
    [%] Inferring {true} [k = 2] (14f x 2972t) ...                                     
    [%] Inferring {true} [k = 3] (14f x 2972t) ...                                     
    [?] Verifying [k = 3] --- (!((3 = a)) | (! (n = (b - 1))) | (n > (a + 1))) & (!((a = 0)) | (! (n = (b - 1)))) & ((i = 2) | !((b = (3 + 1)))) & (!((i = 2)) | (b = (3 + 1)) | (n > (a + 1))) & ((a = i) | !((a = b)) | (i = 2)) & ((n > 1) | (a = b) | !((! (n = (b - 1))))) & ((b > a) | (a = 0) | (n > (a + 1))) & ((a = i) | (n > 3))                            
      [+] Added test ... [ 2, 1, 3, 1 ]

    [%] Inferring {true} [k = 1] (14f x 2973t) ...                                     
    [%] Inferring {true} [k = 2] (14f x 2973t) ...                                     
    [%] Inferring {true} [k = 3] (14f x 2973t) ...                                     
    [?] Verifying [k = 3] --- ((n > 1) | (a = 0) | !((! (n = (b - 1))))) & (!((3 = a)) | (! (n = (b - 1))) | (n > (a + 1))) & (!((i = 2)) | (b = (3 + 1)) | (n > (a + 1))) & ((i = 2) | !((b = (3 + 1)))) & ((a = b) | !((a = 0))) & ((a = i) | !((a = b)) | (i = 2)) & (!((b > a)) | (2 = b) | (b > 3)) & ((b > a) | (a = 0) | (n > (a + 1))) & ((a = i) | (n > 3))                            
      [+] Added test ... [ 5, 4, 6, 4 ]

    [%] Inferring {true} [k = 1] (14f x 2974t) ...                                     
    [%] Inferring {true} [k = 2] (14f x 2974t) ...                                     
    [%] Inferring {true} [k = 3] (14f x 2974t) ...                                     
    [?] Verifying [k = 3] --- ((n > 1) | (a = 0) | !((! (n = (b - 1))))) & (!((i = 2)) | (b = (3 + 1)) | (n > (a + 1))) & ((i = 2) | !((b = (3 + 1)))) & (!((n > 3)) | (! (n = (b - 1))) | (n > (a + 1))) & ((a = b) | !((a = 0))) & ((a = i) | !((a = b)) | (i = 2)) & (!((b > a)) | (2 = b) | (b > 3)) & ((b > a) | (a = 0) | (n > (a + 1))) & ((a = i) | (n > 3))                            
      [+] Added test ... [ 2, 1, 5, 1 ]

    [%] Inferring {true} [k = 1] (14f x 2975t) ...                                     
    [%] Inferring {true} [k = 2] (14f x 2975t) ...                                     
    [%] Inferring {true} [k = 3] (14f x 2975t) ...                                     
    [%] Inferring {true} [k = 4] (14f x 2975t) ...                                     
    [?] Verifying [k = 4] --- ((n > 1) | (a = 0) | !((! (n = (b - 1))))) & ((i = 2) | !((b = (3 + 1)))) & ((n > 3) | (3 = a) | !((b > 3)) | (b = (3 + 1))) & (!((n > 3)) | (! (n = (b - 1))) | (n > (a + 1))) & ((b > a) | !((2 = b))) & ((a = i) | !((a = b)) | (i = 2)) & ((a = b) | !((a = 0))) & ((2 = b) | (a = 0) | (b > 3) | (n > (a + 1))) & ((a = i) | (n > 3))                            
      [+] Added test ... [ 6, 5, 5, 5 ]

    [%] Inferring {true} [k = 1] (14f x 2976t) ...                                     
    [%] Inferring {true} [k = 2] (14f x 2976t) ...                                     
    [%] Inferring {true} [k = 3] (14f x 2976t) ...                                     
    [%] Inferring {true} [k = 4] (14f x 2976t) ...                                     
    [?] Verifying [k = 4] --- ((n > 1) | (a = 0) | !((! (n = (b - 1))))) & (!((a = 0)) | (! (n = (b - 1)))) & ((i = 2) | !((b = (3 + 1)))) & ((n > 3) | (3 = a) | !((b > 3)) | (b = (3 + 1))) & (!((n > 3)) | (! (n = (b - 1))) | (n > (a + 1))) & ((a = i) | !((a = b)) | (i = 2)) & ((2 = b) | (a = b) | (b > 3) | (n > (a + 1))) & ((b > a) | (a = 0) | (n > (a + 1))) & ((a = i) | (n > 3))                            
      [+] Added test ... [ 5, 4, 5, 4 ]

    [%] Removing conflicts ...  @2 @3
    [%] Inferring {true} [k = 1] (15f x 2977t) ...                                     
    [%] Inferring {true} [k = 2] (15f x 2977t) ...                                     
    [%] Inferring {true} [k = 3] (15f x 2977t) ...                                     
    [%] Inferring {true} [k = 4] (15f x 2977t) ...                                     
    [?] Verifying [k = 4] --- ((b > 3) | !((! (n = (b - 1)))) | !((b > n))) & ((i = 2) | !((b = (3 + 1)))) & ((n > 3) | (3 = a) | !((b > 3)) | (b = (3 + 1))) & ((b > a) | !((2 = b))) & ((1 = n) | (b = (3 + 1)) | (! (n = (b - 1))) | (n > (a + 1))) & ((a = i) | !((a = b)) | (i = 2)) & ((a = b) | !((a = 0))) & ((2 = b) | (a = 0) | (n > (a + 1)) | (b > n)) & ((a = i) | (n > 3))                            
      [+] Added test ... [ 5, 4, 7, 4 ]

    [%] Removing conflicts ...  @2 @3 @4
    [%] Removing conflicts ...  @2 @3 @4 @5
    [%] Inferring {true} [k = 1] (17f x 2978t) ...                                     
    [%] Inferring {true} [k = 2] (17f x 2978t) ...                                     
    [%] Inferring {true} [k = 3] (17f x 2978t) ...                                     
    [?] Verifying [k = 3] --- (!((a = b)) | (i = 2) | (b = (a * 2))) & ((a = i) | !((a = b)) | (3 = a)) & ((n > (a + 1)) | (a > (3 + 1)) | (b = (a * 2)))                            
      [+] Added test ... [ 0, -1, 6, 3 ]

    [%] Inferring {true} [k = 1] (17f x 2979t) ...                                     
    [%] Inferring {true} [k = 2] (17f x 2979t) ...                                     
    [%] Inferring {true} [k = 3] (17f x 2979t) ...                                     
    [?] Verifying [k = 3] --- ((a = i) | !((b = (a * 2)))) & (!((a = b)) | (i = 2) | (b = (a * 2))) & ((a = i) | !((a = b)) | (3 = a)) & ((n > (a + 1)) | (a > (3 + 1)) | (b = (a * 2)))                            
      [+] Added test ... [ 5, 4, 5, 3 ]

    [%] Inferring {true} [k = 1] (17f x 2980t) ...                                     
    [%] Inferring {true} [k = 2] (17f x 2980t) ...                                     
    [%] Inferring {true} [k = 3] (17f x 2980t) ...                                     
    [?] Verifying [k = 3] --- (!((a = b)) | !((a > (3 + 1)))) & ((a = i) | !((3 = a)) | (i = 2)) & ((a = i) | !((a = b)) | (3 = a)) & ((n > (a + 1)) | (a > (3 + 1)) | (b = (a * 2)))                            
      [+] Added test ... [ 3, 2, 6, 3 ]

    [%] Inferring {true} [k = 1] (17f x 2981t) ...                                     
    [%] Inferring {true} [k = 2] (17f x 2981t) ...                                     
    [%] Inferring {true} [k = 3] (17f x 2981t) ...                                     
    [?] Verifying [k = 3] --- (!((3 = a)) | !((b > 3)) | (b = (a * 2))) & ((a = i) | !((b = (a * 2)))) & (!((a = b)) | (i = 2) | (b = (a * 2))) & ((a = i) | (n > 3)) & ((n > (a + 1)) | (a > (3 + 1)) | (b = (a * 2)))                            
      [+] Added test ... [ 4, 3, 6, 2 ]

    [%] Inferring {true} [k = 1] (17f x 2982t) ...                                     
    [%] Inferring {true} [k = 2] (17f x 2982t) ...                                     
    [%] Inferring {true} [k = 3] (17f x 2982t) ...                                     
    [?] Verifying [k = 3] --- (!((3 = a)) | !((b > 3)) | (b = (a * 2))) & (!((b > n)) | (a > (3 + 1)) | (b = (a * 2))) & ((a = i) | !((b = (a * 2)))) & (!((a = b)) | (i = 2) | (b = (a * 2))) & ((a = i) | (n > 3)) & ((n > (a + 1)) | (a > (3 + 1)) | (b = (a * 2)))                            
      [+] Added test ... [ 4, 3, 3, 2 ]

    [%] Inferring {true} [k = 1] (17f x 2983t) ...                                     
    [%] Inferring {true} [k = 2] (17f x 2983t) ...                                     
    [%] Inferring {true} [k = 3] (17f x 2983t) ...                                     
    [?] Verifying [k = 3] --- (!((b > a)) | (b > 3) | (b = (a * 2))) & (!((3 = a)) | !((b > 3)) | (b = (a * 2))) & (!((b > n)) | (a > (3 + 1)) | (b = (a * 2))) & ((a = i) | !((b = (a * 2)))) & (!((a = b)) | (i = 2) | (b = (a * 2))) & ((a = i) | (n > 3)) & ((n > (a + 1)) | (a > (3 + 1)) | (b = (a * 2)))                            
      [+] Added test ... [ 4, 3, 1, 2 ]

    [%] Removing conflicts ...  @2 @3
    [%] Inferring {true} [k = 1] (18f x 2984t) ...                                     
    [%] Inferring {true} [k = 2] (18f x 2984t) ...                                     
    [%] Inferring {true} [k = 3] (18f x 2984t) ...                                     
    [?] Verifying [k = 3] --- (!((b > a)) | !((i = b))) & (!((a > (3 + 1))) | !((i = b))) & (!((3 = a)) | (i = 2) | (b = (a * 2))) & ((a = i) | !((b > n)) | (a > (3 + 1))) & ((b > a) | (3 = a) | (i = b)) & ((n > (a + 1)) | (a > (3 + 1)) | (b = (a * 2)))                            
      [+] Added test ... [ -1, -2, -2, -1 ]

    [%] Inferring {true} [k = 1] (18f x 2985t) ...                                     
    [%] Inferring {true} [k = 2] (18f x 2985t) ...                                     
    [%] Inferring {true} [k = 3] (18f x 2985t) ...                                     
    [?] Verifying [k = 3] --- (!((3 = a)) | !((b > 3)) | (b = (a * 2))) & (!((b > n)) | (a > (3 + 1)) | (b = (a * 2))) & (!((b > a)) | !((i = b))) & (!((a > (3 + 1))) | !((i = b))) & ((b > a) | (i = 2) | (i = b)) & ((a = i) | (n > 3)) & ((n > (a + 1)) | (a > (3 + 1)) | (b = (a * 2)))                            
      [+] Added test ... [ 4, 3, 2, 1 ]

    [%] Inferring {true} [k = 1] (18f x 2986t) ...                                     
    [%] Inferring {true} [k = 2] (18f x 2986t) ...                                     
    [%] Inferring {true} [k = 3] (18f x 2986t) ...                                     
    [?] Verifying [k = 3] --- (!((3 = a)) | !((b > 3)) | (b = (a * 2))) & (!((b > n)) | (a > (3 + 1)) | (b = (a * 2))) & (!((b > a)) | !((i = b))) & ((b > a) | (3 = a) | (i = b)) & (!((a = b)) | (i = 2) | (b = (a * 2))) & ((a = i) | !((b = (a * 2)))) & ((n > (a + 1)) | (a > (3 + 1)) | (b = (a * 2)))                            
      [+] Added test ... [ 5, 4, 3, 2 ]

    [%] Inferring {true} [k = 1] (18f x 2987t) ...                                     
    [%] Inferring {true} [k = 2] (18f x 2987t) ...                                     
    [%] Inferring {true} [k = 3] (18f x 2987t) ...                                     
    [?] Verifying [k = 3] --- (!((3 = a)) | !((b > 3)) | (b = (a * 2))) & (!((b > n)) | (a > (3 + 1)) | (b = (a * 2))) & ((b > a) | (3 = a) | (i = b)) & (!((b > a)) | (b > 3) | (b = (a * 2))) & (!((a = b)) | (i = 2) | (b = (a * 2))) & ((a = i) | !((b = (a * 2)))) & ((n > (a + 1)) | (a > (3 + 1)) | (b = (a * 2)))                            
      [+] Added test ... [ 5, 4, 2, 3 ]

    [%] Inferring {true} [k = 1] (18f x 2988t) ...                                     
    [%] Inferring {true} [k = 2] (18f x 2988t) ...                                     
    [%] Inferring {true} [k = 3] (18f x 2988t) ...                                     
    [?] Verifying [k = 3] --- (!((3 = a)) | !((b > 3)) | (b = (a * 2))) & (!((b > n)) | (a > (3 + 1)) | (b = (a * 2))) & (!((b > a)) | (b > 3) | (b = (a * 2))) & (!((a = b)) | (3 = a) | (b = (a * 2))) & ((b > a) | (i = 2) | (i = b)) & ((a = i) | !((b = (a * 2)))) & ((n > (a + 1)) | (a > (3 + 1)) | (b = (a * 2)))                            
      [+] Added test ... [ 6, 5, 5, 4 ]

    [%] Inferring {true} [k = 1] (18f x 2989t) ...                                     
    [%] Inferring {true} [k = 2] (18f x 2989t) ...                                     
    [%] Inferring {true} [k = 3] (18f x 2989t) ...                                     
    [?] Verifying [k = 3] --- (!((3 = a)) | !((b > 3)) | (b = (a * 2))) & (!((b > n)) | (a > (3 + 1)) | (b = (a * 2))) & ((n > 3) | (b = (a * 2))) & (!((b > a)) | (b > 3) | (b = (a * 2))) & (!((b > 3)) | !((i = b))) & ((b > a) | (i = 2) | (i = b)) & ((a = i) | !((b = (a * 2)))) & ((n > (a + 1)) | (a > (3 + 1)) | (b = (a * 2)))                            
      [+] Added test ... [ 7, 6, 5, 4 ]

    [%] Removing conflicts ...  @2 @3
    [%] Inferring {true} [k = 1] (19f x 2990t) ...                                     
    [%] Inferring {true} [k = 2] (19f x 2990t) ...                                     
    [%] Inferring {true} [k = 3] (19f x 2990t) ...                                     
    [%] Inferring {true} [k = 4] (19f x 2990t) ...                                     
    [?] Verifying [k = 4] --- (!((b > n)) | (b = (a * 2)) | !((i = 3))) & (!((a > (3 + 1))) | !((i = b))) & (!((i = b)) | !((i = 3))) & (!((b > 3)) | (a > (3 + 1)) | (b = (a * 2)) | (i = 3)) & ((a = i) | (n > 3)) & ((a = i) | (i = 2) | (b > 3) | (i = b)) & ((n > (a + 1)) | (a > (3 + 1)) | (b = (a * 2)))                            
      [+] Added test ... [ 5, 4, 4, 2 ]

    [%] Inferring {true} [k = 1] (19f x 2991t) ...                                     
    [%] Inferring {true} [k = 2] (19f x 2991t) ...                                     
    [%] Inferring {true} [k = 3] (19f x 2991t) ...                                     
    [%] Inferring {true} [k = 4] (19f x 2991t) ...                                     
    [?] Verifying [k = 4] --- (!((b > n)) | (b = (a * 2)) | !((i = 3))) & (!((a > (3 + 1))) | !((i = b))) & (!((i = b)) | !((i = 3))) & ((a = i) | (n > 3)) & ((a = i) | !((b > 3)) | (a > (3 + 1)) | (i = 3)) & ((a = i) | (i = 2) | (b > 3) | (i = b)) & ((n > (a + 1)) | (a > (3 + 1)) | (b = (a * 2)))                            
      [+] Added test ... [ 4, 3, 4, 2 ]

    [%] Inferring {true} [k = 1] (19f x 2992t) ...                                     
    [%] Inferring {true} [k = 2] (19f x 2992t) ...                                     
    [%] Inferring {true} [k = 3] (19f x 2992t) ...                                     
    [%] Inferring {true} [k = 4] (19f x 2992t) ...                                     
    [?] Verifying [k = 4] --- (!((b > n)) | (b = (a * 2)) | !((i = 3))) & (!((i = b)) | !((i = 3))) & (!((a = b)) | (3 = a) | (b = (a * 2))) & (!((b > 3)) | (a > (3 + 1)) | (b = (a * 2)) | (i = 3)) & ((i = 2) | (b > 3) | (b = (a * 2)) | (i = b)) & ((a = i) | !((b = (a * 2)))) & ((n > (a + 1)) | (a > (3 + 1)) | (b = (a * 2)))                            
      [+] Added test ... [ 3, 2, 2, 0 ]

    [%] Inferring {true} [k = 1] (19f x 2993t) ...                                     
    [%] Inferring {true} [k = 2] (19f x 2993t) ...                                     
    [%] Inferring {true} [k = 3] (19f x 2993t) ...                                     
    [%] Inferring {true} [k = 4] (19f x 2993t) ...                                     
    [?] Verifying [k = 4] --- (!((b > n)) | (b = (a * 2)) | !((i = 3))) & (!((i = b)) | !((i = 3))) & (!((a = b)) | (3 = a) | (b = (a * 2))) & (!((b > a)) | (a > (3 + 1)) | (b = (a * 2)) | (i = 3)) & ((i = 2) | (b > 3) | (b = (a * 2)) | (i = b)) & ((a = i) | !((b = (a * 2)))) & ((n > (a + 1)) | (a > (3 + 1)) | (b = (a * 2)))                            
      [+] Added test ... [ 7, 6, 6, 5 ]

    [%] Inferring {true} [k = 1] (19f x 2994t) ...                                     
    [%] Inferring {true} [k = 2] (19f x 2994t) ...                                     
    [%] Inferring {true} [k = 3] (19f x 2994t) ...                                     
    [%] Inferring {true} [k = 4] (19f x 2994t) ...                                     
    [?] Verifying [k = 4] --- (!((b > n)) | (b = (a * 2)) | !((i = 3))) & (!((b > 3)) | (a > (3 + 1)) | (b = (a * 2)) | (i = 3)) & (!((a = b)) | (3 = a) | (b = (a * 2))) & (!((b > a)) | !((i = b))) & ((i = 2) | (b > 3) | (b = (a * 2)) | (i = b)) & ((a = i) | !((b = (a * 2)))) & ((n > (a + 1)) | (a > (3 + 1)) | (b = (a * 2)))                            
      [+] Added test ... [ 3, 2, 0, 1 ]

    [%] Inferring {true} [k = 1] (19f x 2995t) ...                                     
    [%] Inferring {true} [k = 2] (19f x 2995t) ...                                     
    [%] Inferring {true} [k = 3] (19f x 2995t) ...                                     
    [%] Inferring {true} [k = 4] (19f x 2995t) ...                                     
    [?] Verifying [k = 4] --- (!((b > n)) | (b = (a * 2)) | !((i = 3))) & (!((i = b)) | !((i = 3))) & (!((3 = a)) | (i = 2) | (i = 3)) & ((a = i) | !((b = (a * 2)))) & (!((a > (3 + 1))) | !((i = b))) & ((a = i) | !((b > a)) | (a > (3 + 1)) | (i = 3)) & ((a = i) | (3 = a) | (b > 3) | (i = b)) & ((n > (a + 1)) | (a > (3 + 1)) | (b = (a * 2)))                            
      [+] Added test ... [ 4, 3, 4, 1 ]

    [%] Inferring {true} [k = 1] (19f x 2996t) ...                                     
    [%] Inferring {true} [k = 2] (19f x 2996t) ...                                     
    [%] Inferring {true} [k = 3] (19f x 2996t) ...                                     
    [%] Inferring {true} [k = 4] (19f x 2996t) ...                                     
    [?] Verifying [k = 4] --- (!((b > n)) | (b = (a * 2)) | !((i = 3))) & ((a = i) | !((b = (a * 2)))) & (!((i = b)) | !((i = 3))) & (!((3 = a)) | (i = 2) | (i = 3)) & (!((b = (3 + 1))) | !((i = 3))) & (!((a > (3 + 1))) | !((i = b))) & ((a = i) | !((b > a)) | (a > (3 + 1)) | (i = 3)) & ((a = i) | (3 = a) | (b > 3) | (i = b)) & ((n > (a + 1)) | (a > (3 + 1)) | (b = (a * 2)))                            
      [+] Added test ... [ 7, 6, 5, 5 ]

    [%] Inferring {true} [k = 1] (19f x 2997t) ...                                     
    [%] Inferring {true} [k = 2] (19f x 2997t) ...                                     
    [%] Inferring {true} [k = 3] (19f x 2997t) ...                                     
    [%] Inferring {true} [k = 4] (19f x 2997t) ...                                     
    [?] Verifying [k = 4] --- (!((b > n)) | (b = (a * 2)) | !((i = 3))) & ((a = i) | !((b = (a * 2)))) & (!((2 = b)) | (b = (a * 2))) & (!((b > a)) | !((i = b))) & (!((b = (3 + 1))) | !((i = 3))) & (!((a = b)) | (i = 2) | (b = (a * 2))) & ((a = i) | !((b > a)) | (a > (3 + 1)) | (i = 3)) & ((a = i) | (3 = a) | (b > 3) | (i = b)) & ((n > (a + 1)) | (a > (3 + 1)) | (b = (a * 2)))                            
      [+] Added test ... [ 8, 7, 5, 6 ]

    [%] Inferring {true} [k = 1] (19f x 2998t) ...                                     
    [%] Inferring {true} [k = 2] (19f x 2998t) ...                                     
    [%] Inferring {true} [k = 3] (19f x 2998t) ...                                     
    [%] Inferring {true} [k = 4] (19f x 2998t) ...                                     
    [?] Verifying [k = 4] --- (!((b > n)) | (b = (a * 2)) | !((i = 3))) & (!((b = (3 + 1))) | !((i = 3))) & (!((i = b)) | !((i = 3))) & (!((3 = a)) | (i = 2) | (i = 3)) & (!((a > (3 + 1))) | !((i = b))) & ((a = i) | !((b = (a * 2)))) & ((a = i) | !((b > a)) | (a > (3 + 1)) | (i = 3)) & ((b > a) | (3 = a) | (i = b)) & ((n > (a + 1)) | (a > (3 + 1)) | (b = (a * 2)))                            
      [+] Added test ... [ 4, 3, 2, 0 ]

    [%] Inferring {true} [k = 1] (19f x 2999t) ...                                     
    [%] Inferring {true} [k = 2] (19f x 2999t) ...                                     
    [%] Inferring {true} [k = 3] (19f x 2999t) ...                                     
    [%] Inferring {true} [k = 4] (19f x 2999t) ...                                     
    [?] Verifying [k = 4] --- (!((b > n)) | (b = (a * 2)) | !((i = 3))) & ((a = i) | !((b = (a * 2)))) & (!((i = b)) | !((i = 3))) & (!((b = (3 + 1))) | !((i = 3))) & (!((a > (3 + 1))) | !((i = b))) & ((b > a) | (i = 2) | (i = b)) & ((a = i) | !((b > a)) | (a > (3 + 1)) | (i = 3)) & ((a = i) | (3 = a) | (b > 3) | (i = b)) & ((n > (a + 1)) | (a > (3 + 1)) | (b = (a * 2)))                            
      [+] Added test ... [ 8, 7, 6, 5 ]

    [%] Removing conflicts ...  @2 @3
    [%] Inferring {true} [k = 1] (20f x 3000t) ...                                     
    [%] Inferring {true} [k = 2] (20f x 3000t) ...                                     
    [%] Inferring {true} [k = 3] (20f x 3000t) ...                                     
    [?] Verifying [k = 3] --- (!((3 = a)) | !((b > 3)) | (i = 3)) & (!((b > n)) | (b = (a * 2)) | !((i = 3))) & (!((b = (3 + 1))) | !((i = 3))) & (!((a > (3 + 1))) | (b > i)) & (!((b > a)) | (b > i)) & ((a = i) | !((b = (a * 2)))) & ((i = b) | (b > i)) & ((n > (a + 1)) | (a > (3 + 1)) | (b = (a * 2)))                            
      [+] Added test ... [ 6, 5, 7, 4 ]

    [%] Inferring {true} [k = 1] (20f x 3001t) ...                                     
    [%] Inferring {true} [k = 2] (20f x 3001t) ...                                     
    [%] Inferring {true} [k = 3] (20f x 3001t) ...                                     
    [?] Verifying [k = 3] --- (!((3 = a)) | !((b > 3)) | (i = 3)) & (!((b = (3 + 1))) | !((i = 3))) & (!((a > (3 + 1))) | (b > i)) & (!((b > n)) | (a > (3 + 1)) | (b = (a * 2))) & (!((b > a)) | (b > i)) & ((a = i) | !((b = (a * 2)))) & ((i = b) | (b > i)) & ((n > (a + 1)) | (a > (3 + 1)) | (b = (a * 2)))                            
      [+] Added test ... [ 6, 5, 6, 4 ]

    [%] Inferring {true} [k = 1] (20f x 3002t) ...                                     
    [%] Inferring {true} [k = 2] (20f x 3002t) ...                                     
    [%] Inferring {true} [k = 3] (20f x 3002t) ...                                     
    [%] Inferring {true} [k = 4] (20f x 3002t) ...                                     
    [?] Verifying [k = 4] --- (!((b > n)) | (b = (a * 2)) | !((i = 3))) & (!((b = (3 + 1))) | !((i = 3))) & (!((i = 3)) | (b > i)) & (!((a > (3 + 1))) | (b > i)) & ((a = i) | !((b = (a * 2)))) & ((a = i) | !((b > a)) | (a > (3 + 1)) | (i = 3)) & ((i = b) | (b > i)) & ((n > (a + 1)) | (a > (3 + 1)) | (b = (a * 2)))                            
      [+] Added test ... [ 7, 6, 7, 5 ]

    [%] Removing conflicts ...  @2 @3
    [%] Inferring {true} [k = 1] (21f x 3003t) ...                                     
    [%] Inferring {true} [k = 2] (21f x 3003t) ...                                     
    [?] Verifying [k = 2] --- ((n > 3) | !((a > i))) & ((a = i) | !((b = (a * 2)))) & ((b = (a * 2)) | (a > i))                            
      [+] Added test ... [ 4, 3, 4, 4 ]

    [%] Inferring {true} [k = 1] (21f x 3004t) ...                                     
    [%] Inferring {true} [k = 2] (21f x 3004t) ...                                     
    [?] Verifying [k = 2] --- (!((a = b)) | !((b > n))) & (!((b = (3 + 1))) | !((a > i))) & ((a = i) | !((b = (a * 2)))) & ((b = (a * 2)) | (a > i))                            
      [+] Added test ... [ 5, 4, 6, 5 ]

    [%] Inferring {true} [k = 1] (21f x 3005t) ...                                     
    [%] Inferring {true} [k = 2] (21f x 3005t) ...                                     
    [%] Inferring {true} [k = 3] (21f x 3005t) ...                                     
    [?] Verifying [k = 3] --- ((! (n = (b - 1))) | (n > (a + 1)) | !((a > i))) & ((n > (a + 1)) | (a > (3 + 1)) | !((a > i))) & ((a = i) | !((b = (a * 2)))) & ((b = (a * 2)) | (a > i))                            
      [+] Added test ... [ 5, 4, 5, 5 ]

    [%] Inferring {true} [k = 1] (21f x 3006t) ...                                     
    [%] Inferring {true} [k = 2] (21f x 3006t) ...                                     
    [%] Inferring {true} [k = 3] (21f x 3006t) ...                                     
    [?] Verifying [k = 3] --- ((! (n = (b - 1))) | (n > (a + 1)) | !((a > i))) & (!((a = b)) | !((a > (3 + 1)))) & ((n > (a + 1)) | (a > (3 + 1)) | !((a > i))) & ((a = i) | !((b = (a * 2)))) & ((b = (a * 2)) | (a > i))                            
      [+] Added test ... [ 6, 5, 8, 6 ]

    [%] Removing conflicts ...  @2 @3 @4 @5
    [%] Inferring {true} [k = 1] (22f x 3007t) ...                                     
    [%] Inferring {true} [k = 2] (22f x 3007t) ...                                     
    [%] Inferring {true} [k = 3] (22f x 3007t) ...                                     
    [?] Verifying [k = 3] --- ((a = i) | (a > i)) & ((n > (a + 1)) | !((a > i)) | (b > (a + 3))) & ((b = (a * 2)) | (a > i))                            
      [+] Added test ... [ 4, 3, 8, 4 ]

    [%] Inferring {true} [k = 1] (22f x 3008t) ...                                     
    [%] Inferring {true} [k = 2] (22f x 3008t) ...                                     
    [%] Inferring {true} [k = 3] (22f x 3008t) ...                                     
    [?] Verifying [k = 3] --- ((n > (a + 1)) | !((a > i)) | (b > (a + 3))) & ((a = i) | !((b = (a * 2)))) & ((b = (a * 2)) | (a > i))                            
      [+] Added test ... [ 8, 7, 12, 8 ]

    [%] Removing conflicts ...  @2 @3 @4 @5
    [%] Inferring {true} [k = 1] (23f x 3009t) ...                                     
    [%] Inferring {true} [k = 2] (23f x 3009t) ...                                     
    [%] Inferring {true} [k = 3] (23f x 3009t) ...                                     
    [?] Verifying [k = 3] --- ((a = i) | (a > i)) & ((n > (a + 1)) | !((a > i)) | (a > (3 * 3))) & ((b = (a * 2)) | (a > i))                            
      [+] Added test ... [ 10, 9, 20, 10 ]

    [%] Inferring {true} [k = 1] (23f x 3010t) ...                                     
    [%] Inferring {true} [k = 2] (23f x 3010t) ...                                     
    [%] Inferring {true} [k = 3] (23f x 3010t) ...                                     
    [?] Verifying [k = 3] --- ((a = i) | !((b = (a * 2)))) & ((n > (a + 1)) | !((a > i)) | (a > (3 * 3))) & ((b = (a * 2)) | (a > i))                            
      [+] Added test ... [ 10, 9, 16, 10 ]

    [%] Removing conflicts ...  @2 @3 @4 @5
    [%] Removing conflicts ...  @2 @3
    [%] Inferring {true} [k = 1] (25f x 3011t) ...                                     
    [%] Inferring {true} [k = 2] (25f x 3011t) ...                                     
    [%] Inferring {true} [k = 3] (25f x 3011t) ...                                     
    [?] Verifying [k = 3] --- ((a = i) | (a > i)) & (!((a > i)) | (i > (3 * 3)) | (n > a)) & ((b = (a * 2)) | (a > i))                            
      [+] Added test ... [ 11, 10, 22, 11 ]

    [%] Inferring {true} [k = 1] (25f x 3012t) ...                                     
    [%] Inferring {true} [k = 2] (25f x 3012t) ...                                     
    [%] Inferring {true} [k = 3] (25f x 3012t) ...                                     
    [?] Verifying [k = 3] --- ((a = i) | !((b = (a * 2)))) & (!((a > i)) | (i > (3 * 3)) | (n > a)) & ((b = (a * 2)) | (a > i))                            
      [+] Added test ... [ 11, 10, 18, 11 ]

    [%] Removing conflicts ...  @2 @3 @4 @5 @6 @7
    [%] Inferring {true} [k = 1] (26f x 3013t) ...                                     
    [?] Verifying [k = 1] --- (b = ((i * 3) - a))                            

     - Result = (b = ((i * 3) - a))

   # Loop_1 | Invariant @ Inductive Condition: ((b = ((i * 3) - a)) & ((n > i) | (b = ((n * 3) - a))))

   # Loop_1 | Inductive Check: ((!((b = ((i * 3) - a)) & ((n > i) | (b = ((n * 3) - a))))) | (!(i < n)) | (((((b + 2) = (((i + 1) * 3) - (a + 1))) & ((n > (i + 1)) | ((b + 2) = ((n * 3) - (a + 1))))) | false) & ((((b + 1) = (((i + 1) * 3) - (a + 2))) & ((n > (i + 1)) | ((b + 1) = ((n * 3) - (a + 2))))) | false))) is valid!

   # Precondition Check: ((!(n >= 0)) | ((0 = ((0 * 3) - 0)) & ((n > 0) | (0 = ((n * 3) - 0))))) is valid!


[###] Final invariants: [###]
Loop #1: ((b = ((i * 3) - a)) & ((n > i) | (b = ((n * 3) - a))))
================================================================================
checker_exec.sh: line 1: 15822 Aborted                 (core dumped) bin/pinvgen -wpath /home/saswat/Repos/PIE/logs/limit_8gb/6400/pie/16/07.cpp -abducer /home/saswat/Repos/PIE/abducer/abduce.sh -tool=pie -csize 16 --extra-arg=--std=c++11 ../../PIE/bm_oopsla/07.cpp --

real	1m55.913s
user	1m47.256s
sys	0m3.736s


--- Processed 07.cpp ---
sat: 107
unsat: 4
unk: 0
escher: 45

[$] OOM Count = 0
[$] MAX Usage = 573
