 ==>
3516 tests for loop #1.

(*) Checking loop invariant:
================================================================================
[#] Starting Loop Invariant Generation ...

   + Found guard in B12 for loop #1

     - post_1 : (((true & ((x < 4) | (y > 2))) | (!(x < 4))) & ((true & ((x < 4) | (y > 2))) | (x < 4)))
     - guard : NON-DETERMINISTIC

   [Q1] Abduction query = (false | (((true & ((x < 4) | (y > 2))) | (!(x < 4))) & ((true & ((x < 4) | (y > 2))) | (x < 4))))
   [#] Simplified query: (false | (((true & ((x < 4) | (y > 2))) | (!(x < 4))) & ((true & ((x < 4) | (y > 2))) | (x < 4))))

    [%] Inferring {true} [k = 1] (0f x 3516t) ...                                     
    [?] Verifying [k = 1] --- true                            
      [+] Added test ... [ 4, 0 ]

    [%] Removing conflicts ...  @2 @3
    [%] Removing conflicts ...  @2 @3
    [%] Inferring {true} [k = 1] (2f x 3517t) ...                                     
    [%] Inferring {true} [k = 2] (2f x 3517t) ...                                     
    [?] Verifying [k = 2] --- ((y > x) | (x = y))                            

     - Result = ((y > x) | (x = y))

   # Loop_1 | Invariant @ Postcondition: ((y > x) | (x = y))

   # Loop_1 | Inductive Check: ((!((y > x) | (x = y))) | false | (((((y + 100) > (x + 1)) | ((x + 1) = (y + 100))) | false) & (((y > x) | (x = y)) | false))) is valid!

   # Precondition Check: ((0 > 0) | (0 = 0)) is valid!


[###] Final invariants: [###]
Loop #1: ((y > x) | (x = y))
================================================================================
checker_exec.sh: line 1: 21398 Aborted                 (core dumped) bin/pinvgen -wpath /home/saswat/Repos/PIE/logs/limit_8gb/6400/pie/16/08.cpp -abducer /home/saswat/Repos/PIE/abducer/abduce.sh -tool=pie -csize 16 --extra-arg=--std=c++11 ../../PIE/bm_oopsla/08.cpp --

real	0m17.669s
user	0m16.220s
sys	0m0.212s


--- Processed 08.cpp ---
sat: 1
unsat: 3
unk: 0
escher: 2

[$] OOM Count = 0
[$] MAX Usage = 105
