 ==>
4485 tests for loop #1.

(*) Checking loop invariant:
================================================================================
[#] Starting Loop Invariant Generation ...

   + Found guard in B11 for loop #1

     - post_1 : (((((true & (m < n)) & (0 <= m)) | (!(n > 0))) & (true | (n > 0))) & ((x + y) = k))
     - guard : (j < n)

   [Q1] Abduction query = ((j < n) | (((((true & (m < n)) & (0 <= m)) | (!(n > 0))) & (true | (n > 0))) & ((x + y) = k)))
   [#] Simplified query: ((j < n) | (((((true & (m < n)) & (0 <= m)) | (!(n > 0))) & (true | (n > 0))) & ((x + y) = k)))

    [%] Inferring {true} [k = 1] (0f x 4485t) ...                                     
    [?] Verifying [k = 1] --- true                            
      [+] Added test ... [ 0, 0, 0, 0, 0, -1 ]

    [%] Removing conflicts ...  @2 @3
    [%] Removing conflicts ...  @2 @3 @4
    [%] Inferring {true} [k = 1] (2f x 4486t) ...                                     
    [%] Inferring {true} [k = 2] (2f x 4486t) ...                                     
    [?] Verifying [k = 2] --- ((n > j) | (! (j = x)))                            
      [+] Added test ... [ -1, -1, 0, 0, 0, -1 ]

    [%] Removing conflicts ...  @2 @3
    [%] Inferring {true} [k = 1] (3f x 4487t) ...                                     
    [%] Inferring {true} [k = 2] (3f x 4487t) ...                                     
    [?] Verifying [k = 2] --- ((n > j) | (! (j = x))) & (m <= j)                            
      [+] Added test ... [ 0, 0, 0, 1, 0, 0 ]

    [%] Removing conflicts ...  @2 @3 @4
    [%] Removing conflicts ...  @2 @3
    [%] Inferring {true} [k = 1] (5f x 4488t) ...                                     
    [%] Inferring {true} [k = 2] (5f x 4488t) ...                                     
    [%] Inferring {true} [k = 3] (5f x 4488t) ...                                     
    [?] Verifying [k = 3] --- ((n > j) | (! (1 = x)) | (m > n)) & ((n > j) | (! (j = x))) & (m <= j)                            
      [+] Added test ... [ 1, 0, 1, 2, 0, 0 ]

    [%] Removing conflicts ...  @2 @3
    [%] Inferring {true} [k = 1] (6f x 4489t) ...                                     
    [%] Inferring {true} [k = 2] (6f x 4489t) ...                                     
    [%] Inferring {true} [k = 3] (6f x 4489t) ...                                     
    [?] Verifying [k = 3] --- ((n > j) | (! (1 = x)) | (m > n)) & ((n > j) | (! (j = x))) & (!((m > n)) | (m = 0)) & (m <= j)                            
      [+] Added test ... [ 1, 0, 0, 2, 0, 0 ]

    [%] Removing conflicts ...  @2 @3
    [%] Inferring {true} [k = 1] (7f x 4490t) ...                                     
    [%] Inferring {true} [k = 2] (7f x 4490t) ...                                     
    [%] Inferring {true} [k = 3] (7f x 4490t) ...                                     
    [?] Verifying [k = 3] --- ((n > j) | (m > n) | (j = n)) & ((! (j = x)) | !((j = n))) & ((! (1 = x)) | !((j = n))) & (!((m > n)) | (m = 0)) & (m <= j)                            
      [+] Added test ... [ 1, 1, 0, 2, 0, 0 ]

    [%] Removing conflicts ...  @2 @3
    [%] Inferring {true} [k = 1] (8f x 4491t) ...                                     
    [%] Inferring {true} [k = 2] (8f x 4491t) ...                                     
    [%] Inferring {true} [k = 3] (8f x 4491t) ...                                     
    [?] Verifying [k = 3] --- ((n > j) | (m > n) | (j = n)) & (!((m > n)) | (m = 0)) & (!((m = 0)) | !((j = n)) | (m > y))                            
      [+] Added test ... [ 1, 1, 1, 0, 0, -1 ]

    [%] Removing conflicts ...  @2 @3
    [%] Inferring {true} [k = 1] (9f x 4492t) ...                                     
    [%] Inferring {true} [k = 2] (9f x 4492t) ...                                     
    [%] Inferring {true} [k = 3] (9f x 4492t) ...                                     
    [?] Verifying [k = 3] --- ((m > n) | (m > y) | (n > m)) & ((m = 0) | (n > m)) & (!((m = 0)) | !((j = n)) | (m > y))                            
      [+] Added test ... [ 2, 1, 0, 0, -1, -2 ]

    [%] Inferring {true} [k = 1] (9f x 4493t) ...                                     
    [%] Inferring {true} [k = 2] (9f x 4493t) ...                                     
    [%] Inferring {true} [k = 3] (9f x 4493t) ...                                     
    [?] Verifying [k = 3] --- ((n > j) | (m > n) | (j = n)) & ((m = 0) | (n > m)) & (!((m = 0)) | !((j = n)) | (m > y))                            
      [+] Added test ... [ 0, 0, 0, 0, -1, 0 ]

    [%] Inferring {true} [k = 1] (9f x 4494t) ...                                     
    [%] Inferring {true} [k = 2] (9f x 4494t) ...                                     
    [%] Inferring {true} [k = 3] (9f x 4494t) ...                                     
    [?] Verifying [k = 3] --- ((! (j = x)) | (n > m)) & ((n > j) | (m > n) | (j = n)) & ((m = 0) | (n > m)) & (!((m = 0)) | !((j = n)) | (m > y))                            
      [+] Added test ... [ -1, -1, 0, 0, -1, 0 ]

    [%] Inferring {true} [k = 1] (9f x 4495t) ...                                     
    [%] Inferring {true} [k = 2] (9f x 4495t) ...                                     
    [%] Inferring {true} [k = 3] (9f x 4495t) ...                                     
    [?] Verifying [k = 3] --- ((! (j = x)) | (n > m)) & (m <= j) & ((n > j) | (m > n) | (j = n)) & ((m = 0) | (n > m)) & (!((m = 0)) | !((j = n)) | (m > y))                            
      [+] Added test ... [ 0, 0, 0, 1, -1, -1 ]

    [%] Inferring {true} [k = 1] (9f x 4496t) ...                                     
    [%] Inferring {true} [k = 2] (9f x 4496t) ...                                     
    [%] Inferring {true} [k = 3] (9f x 4496t) ...                                     
    [?] Verifying [k = 3] --- ((! (j = x)) | (n > m)) & ((! (1 = x)) | !((j = n))) & (m <= j) & ((n > j) | (m > n) | (j = n)) & ((m = 0) | (n > m)) & (!((m = 0)) | !((j = n)) | (m > y))                            
      [+] Added test ... [ 0, 0, 0, 2, -1, 0 ]

    [%] Removing conflicts ...  @2 @3
    [%] Inferring {true} [k = 1] (10f x 4497t) ...                                     
    [%] Inferring {true} [k = 2] (10f x 4497t) ...                                     
    [%] Inferring {true} [k = 3] (10f x 4497t) ...                                     
    [?] Verifying [k = 3] --- ((! (1 = x)) | !((j = n))) & ((n > j) | (m > n) | (j = n)) & (!((j = n)) | (m > y) | (n > m)) & ((m = 0) | (n > m)) & (!((m = 0)) | !((j = n)) | (m > k))                            
      [+] Added test ... [ 1, 1, 0, 0, 0, -1 ]

    [%] Inferring {true} [k = 1] (10f x 4498t) ...                                     
    [%] Inferring {true} [k = 2] (10f x 4498t) ...                                     
    [%] Inferring {true} [k = 3] (10f x 4498t) ...                                     
    [?] Verifying [k = 3] --- ((! (1 = x)) | !((j = n))) & ((n > j) | (m > n) | (j = n)) & ((m = 0) | (n > m)) & (!((m = 0)) | !((j = n)) | (m > y)) & (!((m = 0)) | !((j = n)) | (m > k))                            
      [+] Added test ... [ 0, 0, 0, 0, -1, -2 ]

    [%] Inferring {true} [k = 1] (10f x 4499t) ...                                     
    [%] Inferring {true} [k = 2] (10f x 4499t) ...                                     
    [%] Inferring {true} [k = 3] (10f x 4499t) ...                                     
    [?] Verifying [k = 3] --- ((! (j = x)) | (n > m)) & ((! (1 = x)) | !((j = n))) & ((n > j) | (m > n) | (j = n)) & ((m = 0) | (n > m)) & (!((m = 0)) | !((j = n)) | (m > y)) & (!((m = 0)) | !((j = n)) | (m > k))                            
      [+] Added test ... [ -1, -1, 0, 0, -1, -2 ]

    [%] Inferring {true} [k = 1] (10f x 4500t) ...                                     
    [%] Inferring {true} [k = 2] (10f x 4500t) ...                                     
    [%] Inferring {true} [k = 3] (10f x 4500t) ...                                     
    [?] Verifying [k = 3] --- ((! (j = x)) | (n > m)) & ((! (1 = x)) | !((j = n))) & (m <= j) & ((n > j) | (m > n) | (j = n)) & ((m = 0) | (n > m)) & (!((m = 0)) | !((j = n)) | (m > y)) & (!((m = 0)) | !((j = n)) | (m > k))                            
      [+] Added test ... [ 0, 0, 0, 2, -1, -1 ]

    [%] Removing conflicts ...  @2 @3
    [%] Inferring {true} [k = 1] (11f x 4501t) ...                                     
    [%] Inferring {true} [k = 2] (11f x 4501t) ...                                     
    [%] Inferring {true} [k = 3] (11f x 4501t) ...                                     
    [?] Verifying [k = 3] --- (!((m = 0)) | !((j = n)) | (m > y)) & ((m = 0) | (n > m)) & ((n > j) | (m > n) | (j = n)) & (!((m = 0)) | !((j = n)) | (m > k)) & (!((j = n)) | (n > m) | (k > y))                            
      [+] Added test ... [ 0, 0, 0, 0, -2, -1 ]

    [%] Inferring {true} [k = 1] (11f x 4502t) ...                                     
    [%] Inferring {true} [k = 2] (11f x 4502t) ...                                     
    [%] Inferring {true} [k = 3] (11f x 4502t) ...                                     
    [?] Verifying [k = 3] --- (!((m = 0)) | !((j = n)) | (m > y)) & ((! (j = x)) | (n > m)) & ((m = 0) | (n > m)) & ((n > j) | (m > n) | (j = n)) & (!((m = 0)) | !((j = n)) | (m > k)) & (!((j = n)) | (n > m) | (k > y))                            
      [+] Added test ... [ -1, -1, 0, 0, -2, -1 ]

    [%] Inferring {true} [k = 1] (11f x 4503t) ...                                     
    [%] Inferring {true} [k = 2] (11f x 4503t) ...                                     
    [%] Inferring {true} [k = 3] (11f x 4503t) ...                                     
    [?] Verifying [k = 3] --- (!((m = 0)) | !((j = n)) | (m > y)) & ((! (j = x)) | (n > m)) & ((m = 0) | (n > m)) & (m <= j) & ((n > j) | (m > n) | (j = n)) & (!((m = 0)) | !((j = n)) | (m > k)) & (!((j = n)) | (n > m) | (k > y))                            
      [+] Added test ... [ 0, 0, 0, 2, -2, -1 ]

    [%] Removing conflicts ...  @2 @3 @4
    [%] Inferring {true} [k = 1] (12f x 4504t) ...                                     
    [%] Inferring {true} [k = 2] (12f x 4504t) ...                                     
    [%] Inferring {true} [k = 3] (12f x 4504t) ...                                     
    [?] Verifying [k = 3] --- ((m = 0) | (n > m)) & ((n > j) | (m > n) | (j = n)) & (!((m = 0)) | !((j = n)) | (m > y)) & (!((j = n)) | (n > m) | (x > (1 + 1)))                            
      [+] Added test ... [ 0, 0, 0, 3, -1, 0 ]

    [%] Inferring {true} [k = 1] (12f x 4505t) ...                                     
    [%] Inferring {true} [k = 2] (12f x 4505t) ...                                     
    [%] Inferring {true} [k = 3] (12f x 4505t) ...                                     
    [?] Verifying [k = 3] --- (!((m = 0)) | !((j = n)) | (m > y)) & ((m = 0) | (n > m)) & ((n > j) | (m > n) | (j = n)) & (!((m = 0)) | !((j = n)) | (m > k)) & (!((j = n)) | (n > m) | (x > (1 + 1)))                            
      [+] Added test ... [ 0, 0, 0, 3, -1, -1 ]

    [%] Inferring {true} [k = 1] (12f x 4506t) ...                                     
    [%] Inferring {true} [k = 2] (12f x 4506t) ...                                     
    [%] Inferring {true} [k = 3] (12f x 4506t) ...                                     
    [?] Verifying [k = 3] --- ((n > j) | (j = n) | !((n > m))) & (!((m = 0)) | !((j = n)) | (m > y)) & ((m = 0) | (n > m)) & ((m > n) | (n > m) | (k > y)) & (!((m = 0)) | !((j = n)) | (m > k)) & (!((j = n)) | (n > m) | (x > (1 + 1)))                            
      [+] Added test ... [ 1, 0, 0, 3, -2, -1 ]

    [%] Inferring {true} [k = 1] (12f x 4507t) ...                                     
    [%] Inferring {true} [k = 2] (12f x 4507t) ...                                     
    [%] Inferring {true} [k = 3] (12f x 4507t) ...                                     
    [?] Verifying [k = 3] --- (!((m = 0)) | !((j = n)) | (m > y)) & ((m = 0) | (n > m)) & ((k > y) | !((x > (1 + 1)))) & (!((m = 0)) | !((j = n)) | (m > k)) & ((n > j) | (m > n) | (j = n)) & (!((j = n)) | (n > m) | (x > (1 + 1)))                            
      [+] Added test ... [ 0, 0, 0, 3, -2, -1 ]

    [%] Removing conflicts ...  @2 @3 @4
    [%] Inferring {true} [k = 1] (13f x 4508t) ...                                     
    [%] Inferring {true} [k = 2] (13f x 4508t) ...                                     
    [%] Inferring {true} [k = 3] (13f x 4508t) ...                                     
    [?] Verifying [k = 3] --- ((m = 0) | (n > m)) & ((n > j) | (m > n) | (j = n)) & (!((j = n)) | (n > m) | (x > (1 + 1))) & (!((m = 0)) | !((j = n)) | (m > (k + 1)))                            
      [+] Added test ... [ 0, 0, 0, 3, 0, -2 ]

    [%] Inferring {true} [k = 1] (13f x 4509t) ...                                     
    [%] Inferring {true} [k = 2] (13f x 4509t) ...                                     
    [%] Inferring {true} [k = 3] (13f x 4509t) ...                                     
    [?] Verifying [k = 3] --- ((m = 0) | (n > m)) & ((n > j) | (m > n) | (j = n)) & (!((j = n)) | (n > m) | (k > y)) & (!((m = 0)) | !((j = n)) | (m > (k + 1)))                            
      [+] Added test ... [ 0, 0, 0, 0, -3, -2 ]

    [%] Inferring {true} [k = 1] (13f x 4510t) ...                                     
    [%] Inferring {true} [k = 2] (13f x 4510t) ...                                     
    [%] Inferring {true} [k = 3] (13f x 4510t) ...                                     
    [?] Verifying [k = 3] --- ((m = 0) | (n > m)) & ((k > y) | !((x > (1 + 1)))) & ((n > j) | (m > n) | (j = n)) & (!((j = n)) | (n > m) | (x > (1 + 1))) & (!((m = 0)) | !((j = n)) | (m > (k + 1)))                            
      [+] Added test ... [ 0, 0, 0, 3, -3, -2 ]

    [%] Removing conflicts ...  @2 @3 @4
    [%] Inferring {true} [k = 1] (14f x 4511t) ...                                     
    [%] Inferring {true} [k = 2] (14f x 4511t) ...                                     
    [%] Inferring {true} [k = 3] (14f x 4511t) ...                                     
    [?] Verifying [k = 3] --- ((m = 0) | (n > m)) & (!((m = 0)) | !((j = n)) | (m > (k + 1))) & ((n > j) | (m > n) | (j = n)) & (!((j = n)) | (n > m) | (k > (y + 1)))                            
      [+] Added test ... [ 0, 0, 0, 0, -4, -2 ]

    [%] Inferring {true} [k = 1] (14f x 4512t) ...                                     
    [%] Inferring {true} [k = 2] (14f x 4512t) ...                                     
    [%] Inferring {true} [k = 3] (14f x 4512t) ...                                     
    [?] Verifying [k = 3] --- ((! (j = x)) | (n > m)) & ((m = 0) | (n > m)) & (!((m = 0)) | !((j = n)) | (m > (k + 1))) & ((n > j) | (m > n) | (j = n)) & (!((j = n)) | (n > m) | (k > (y + 1)))                            
      [+] Added test ... [ -1, -1, 0, 0, -4, -2 ]

    [%] Inferring {true} [k = 1] (14f x 4513t) ...                                     
    [%] Inferring {true} [k = 2] (14f x 4513t) ...                                     
    [%] Inferring {true} [k = 3] (14f x 4513t) ...                                     
    [?] Verifying [k = 3] --- ((m = 0) | (n > m)) & (!((m = 0)) | !((j = n)) | (m > (k + 1))) & ((n > m) | (x > (1 + 1)) | !((k > (y + 1)))) & ((n > j) | (m > n) | (j = n)) & (!((j = n)) | (n > m) | (k > (y + 1)))                            
      [+] Added test ... [ 1, 1, 0, 0, -4, -2 ]

    [%] Inferring {true} [k = 1] (14f x 4514t) ...                                     
    [%] Inferring {true} [k = 2] (14f x 4514t) ...                                     
    [%] Inferring {true} [k = 3] (14f x 4514t) ...                                     
    [%] Inferring {true} [k = 4] (14f x 4514t) ...                                     
    [?] Verifying [k = 4] --- ((n > j) | (j = n) | !((n > m))) & ((m = 0) | (n > m)) & (!((m = 0)) | !((j = n)) | (x > (1 + 1)) | !((k > (y + 1)))) & ((n > j) | (m > n) | !((m = 0)) | (m > (k + 1))) & (!((j = n)) | (n > m) | (k > (y + 1)))                            
      [+] Added test ... [ 1, 0, 0, 3, -4, -2 ]

    [%] Inferring {true} [k = 1] (14f x 4515t) ...                                     
    [%] Inferring {true} [k = 2] (14f x 4515t) ...                                     
    [%] Inferring {true} [k = 3] (14f x 4515t) ...                                     
    [%] Inferring {true} [k = 4] (14f x 4515t) ...                                     
    [?] Verifying [k = 4] --- ((m = 0) | (n > m)) & (!((m = 0)) | !((j = n)) | (m > (k + 1))) & (!((m = 0)) | !((j = n)) | (x > (1 + 1)) | !((k > (y + 1)))) & ((n > j) | (m > n) | (j = n)) & (!((j = n)) | (n > m) | (k > (y + 1)))                            
      [+] Added test ... [ 0, 0, 0, 3, -4, -2 ]

    [%] Removing conflicts ...  @2 @3 @4 @5
    [%] Inferring {true} [k = 1] (15f x 4516t) ...                                     
    [?] Verifying [k = 1] --- (x = (k - y))                            
      [+] Added test ... [ 1, 1, -1, 0, 0, 0 ]

    [%] Removing conflicts ...  @2 @3
    [%] Inferring {true} [k = 1] (16f x 4517t) ...                                     
    [%] Inferring {true} [k = 2] (16f x 4517t) ...                                     
    [%] Inferring {true} [k = 3] (16f x 4517t) ...                                     
    [%] Inferring {true} [k = 4] (16f x 4517t) ...                                     
    [?] Verifying [k = 4] --- (!((j = n)) | (m > (k + 1)) | (k > (y + 1)) | (y > n)) & (x = (k - y))                            
      [+] Added test ... [ 2, 1, -1, 0, 2, 2 ]

    [%] Inferring {true} [k = 1] (16f x 4518t) ...                                     
    [%] Inferring {true} [k = 2] (16f x 4518t) ...                                     
    [%] Inferring {true} [k = 3] (16f x 4518t) ...                                     
    [%] Inferring {true} [k = 4] (16f x 4518t) ...                                     
    [?] Verifying [k = 4] --- (!((j = n)) | (m > (k + 1)) | (k > (y + 1)) | (y > n)) & ((n > j) | (j = n) | !((n > m))) & (x = (k - y))                            
      [+] Added test ... [ 2, 1, 1, 0, 2, 2 ]

    [%] Inferring {true} [k = 1] (16f x 4519t) ...                                     
    [%] Inferring {true} [k = 2] (16f x 4519t) ...                                     
    [%] Inferring {true} [k = 3] (16f x 4519t) ...                                     
    [%] Inferring {true} [k = 4] (16f x 4519t) ...                                     
    [?] Verifying [k = 4] --- (!((j = n)) | (m > (k + 1)) | (k > (y + 1)) | (y > n)) & ((n > j) | (m = 0) | (j = n)) & (x = (k - y))                            
      [+] Added test ... [ 1, 1, -1, 0, 2, 2 ]

    [%] Removing conflicts ...  @2 @3
    [%] Inferring {true} [k = 1] (17f x 4520t) ...                                     
    [%] Inferring {true} [k = 2] (17f x 4520t) ...                                     
    [?] Verifying [k = 2] --- ((m = 0) | (n > 1)) & (x = (k - y))                            
      [+] Added test ... [ 2, 2, -1, 0, 0, 0 ]

    [%] Inferring {true} [k = 1] (17f x 4521t) ...                                     
    [%] Inferring {true} [k = 2] (17f x 4521t) ...                                     
    [%] Inferring {true} [k = 3] (17f x 4521t) ...                                     
    [%] Inferring {true} [k = 4] (17f x 4521t) ...                                     
    [?] Verifying [k = 4] --- (!((j = n)) | (m > (k + 1)) | (k > (y + 1)) | (y > n)) & ((m = 0) | (n > 1)) & (x = (k - y))                            
      [+] Added test ... [ 3, 2, -1, 0, 3, 3 ]

    [%] Inferring {true} [k = 1] (17f x 4522t) ...                                     
    [%] Inferring {true} [k = 2] (17f x 4522t) ...                                     
    [%] Inferring {true} [k = 3] (17f x 4522t) ...                                     
    [%] Inferring {true} [k = 4] (17f x 4522t) ...                                     
    [?] Verifying [k = 4] --- (!((j = n)) | (m > (k + 1)) | (k > (y + 1)) | (y > n)) & ((n > j) | (j = n) | !((n > 1))) & ((m = 0) | (n > 1)) & (x = (k - y))                            
      [+] Added test ... [ 2, 2, -1, 0, 3, 3 ]

    [%] Removing conflicts ...  @2 @3
    [%] Inferring {true} [k = 1] (18f x 4523t) ...                                     
    [%] Inferring {true} [k = 2] (18f x 4523t) ...                                     
    [%] Inferring {true} [k = 3] (18f x 4523t) ...                                     
    [?] Verifying [k = 3] --- ((n > j) | (j = n) | !((n > 1))) & (!((j = n)) | (m > y) | (m > 1)) & ((m = 0) | (n > 1)) & (x = (k - y))                            
      [+] Added test ... [ 2, 2, 2, 0, 0, 0 ]

    [%] Inferring {true} [k = 1] (18f x 4524t) ...                                     
    [%] Inferring {true} [k = 2] (18f x 4524t) ...                                     
    [%] Inferring {true} [k = 3] (18f x 4524t) ...                                     
    [?] Verifying [k = 3] --- ((n > j) | (j = n) | !((n > 1))) & ((n > m) | !((m > 1))) & (!((j = n)) | (m > y) | (m > 1)) & ((m = 0) | (n > 1)) & (x = (k - y))                            
      [+] Added test ... [ 2, 2, -1, 0, -2, -2 ]

    [%] Inferring {true} [k = 1] (18f x 4525t) ...                                     
    [%] Inferring {true} [k = 2] (18f x 4525t) ...                                     
    [%] Inferring {true} [k = 3] (18f x 4525t) ...                                     
    [%] Inferring {true} [k = 4] (18f x 4525t) ...                                     
    [?] Verifying [k = 4] --- ((n > m) | !((m > 1))) & ((n > j) | (m = 0) | (k > (y + 1)) | (m > 1)) & (x = (k - y))                            
      [+] Added test ... [ 1, 1, -1, 2, 0, 2 ]

    [%] Inferring {true} [k = 1] (18f x 4526t) ...                                     
    [%] Inferring {true} [k = 2] (18f x 4526t) ...                                     
    [%] Inferring {true} [k = 3] (18f x 4526t) ...                                     
    [%] Inferring {true} [k = 4] (18f x 4526t) ...                                     
    [?] Verifying [k = 4] --- ((n > m) | !((m > 1))) & ((n > j) | (m = 0) | (x > (1 + 1)) | (m > 1)) & (x = (k - y))                            
      [+] Added test ... [ 1, 1, -1, 3, 0, 3 ]

    [%] Inferring {true} [k = 1] (18f x 4527t) ...                                     
    [%] Inferring {true} [k = 2] (18f x 4527t) ...                                     
    [%] Inferring {true} [k = 3] (18f x 4527t) ...                                     
    [%] Inferring {true} [k = 4] (18f x 4527t) ...                                     
    [?] Verifying [k = 4] --- ((m = 0) | (n > 1)) & ((n > m) | !((m > 1))) & ((n > j) | (m = 0) | (x > (1 + 1)) | (m > 1)) & (x = (k - y))                            
      [+] Added test ... [ 2, 2, -1, 3, 0, 3 ]

    [%] Inferring {true} [k = 1] (18f x 4528t) ...                                     
    [%] Inferring {true} [k = 2] (18f x 4528t) ...                                     
    [%] Inferring {true} [k = 3] (18f x 4528t) ...                                     
    [%] Inferring {true} [k = 4] (18f x 4528t) ...                                     
    [?] Verifying [k = 4] --- (!((m > y)) | (m > (k + 1)) | (k > (y + 1)) | (m > 1)) & ((n > m) | !((m > 1))) & ((n > j) | (m = 0) | (m > y) | (m > 1)) & (x = (k - y))                            
      [+] Added test ... [ 1, 1, -1, 2, -2, 0 ]

    [%] Inferring {true} [k = 1] (18f x 4529t) ...                                     
    [%] Inferring {true} [k = 2] (18f x 4529t) ...                                     
    [%] Inferring {true} [k = 3] (18f x 4529t) ...                                     
    [%] Inferring {true} [k = 4] (18f x 4529t) ...                                     
    [?] Verifying [k = 4] --- ((n > m) | !((m > 1))) & (!((j = n)) | (m > y) | (m > 1)) & ((n > j) | (m = 0) | (x > (1 + 1)) | (m > 1)) & (x = (k - y))                            
      [+] Added test ... [ 2, 1, -1, 3, 0, 3 ]

    [%] Inferring {true} [k = 1] (18f x 4530t) ...                                     
    [%] Inferring {true} [k = 2] (18f x 4530t) ...                                     
    [%] Inferring {true} [k = 3] (18f x 4530t) ...                                     
    [%] Inferring {true} [k = 4] (18f x 4530t) ...                                     
    [?] Verifying [k = 4] --- ((n > m) | !((m > 1))) & (!((m > y)) | (x > (1 + 1)) | (m > (k + 1)) | (m > 1)) & ((n > j) | (m = 0) | (m > y) | (m > 1)) & (x = (k - y))                            
      [+] Added test ... [ 1, 1, -1, -1, -2, -3 ]

    [%] Inferring {true} [k = 1] (18f x 4531t) ...                                     
    [%] Inferring {true} [k = 2] (18f x 4531t) ...                                     
    [%] Inferring {true} [k = 3] (18f x 4531t) ...                                     
    [%] Inferring {true} [k = 4] (18f x 4531t) ...                                     
    [?] Verifying [k = 4] --- ((n > m) | !((m > 1))) & ((n > j) | (m > y) | (y > n) | (m > 1)) & ((n > j) | (m = 0) | (x > (1 + 1)) | (m > 1)) & (x = (k - y))                            
      [+] Added test ... [ 1, 1, -1, 3, 2, 5 ]

    [%] Inferring {true} [k = 1] (18f x 4532t) ...                                     
    [%] Inferring {true} [k = 2] (18f x 4532t) ...                                     
    [%] Inferring {true} [k = 3] (18f x 4532t) ...                                     
    [%] Inferring {true} [k = 4] (18f x 4532t) ...                                     
    [?] Verifying [k = 4] --- ((n > m) | !((m > 1))) & ((m = 0) | !((j = n)) | (x > (1 + 1)) | (m > 1)) & ((n > j) | (m = 0) | (m > y) | (m > 1)) & (x = (k - y))                            
      [+] Added test ... [ 2, 1, -1, 3, -2, 1 ]

    [%] Inferring {true} [k = 1] (18f x 4533t) ...                                     
    [%] Inferring {true} [k = 2] (18f x 4533t) ...                                     
    [%] Inferring {true} [k = 3] (18f x 4533t) ...                                     
    [%] Inferring {true} [k = 4] (18f x 4533t) ...                                     
    [?] Verifying [k = 4] --- (!((m > y)) | (m > (k + 1)) | (k > (y + 1)) | (m > 1)) & ((n > m) | !((m > 1))) & ((m = 0) | (n > 1)) & ((n > j) | (m = 0) | (m > y) | (m > 1)) & (x = (k - y))                            
      [+] Added test ... [ 2, 2, -1, 2, -2, 0 ]

    [%] Inferring {true} [k = 1] (18f x 4534t) ...                                     
    [%] Inferring {true} [k = 2] (18f x 4534t) ...                                     
    [%] Inferring {true} [k = 3] (18f x 4534t) ...                                     
    [%] Inferring {true} [k = 4] (18f x 4534t) ...                                     
    [?] Verifying [k = 4] --- (!((j = n)) | (m > y) | (m > 1)) & ((n > m) | !((m > 1))) & ((m = 0) | (n > 1)) & ((n > j) | (m = 0) | (x > (1 + 1)) | (m > 1)) & (x = (k - y))                            
      [+] Added test ... [ 3, 2, -1, 3, 0, 3 ]

    [%] Inferring {true} [k = 1] (18f x 4535t) ...                                     
    [%] Inferring {true} [k = 2] (18f x 4535t) ...                                     
    [%] Inferring {true} [k = 3] (18f x 4535t) ...                                     
    [%] Inferring {true} [k = 4] (18f x 4535t) ...                                     
    [?] Verifying [k = 4] --- ((m = 0) | (n > 1)) & ((n > m) | !((m > 1))) & ((m = 0) | !((j = n)) | (x > (1 + 1)) | (m > 1)) & ((n > j) | (m = 0) | (m > y) | (m > 1)) & (x = (k - y))                            
      [+] Added test ... [ 3, 2, -1, 3, -2, 1 ]

    [%] Inferring {true} [k = 1] (18f x 4536t) ...                                     
    [%] Inferring {true} [k = 2] (18f x 4536t) ...                                     
    [%] Inferring {true} [k = 3] (18f x 4536t) ...                                     
    [%] Inferring {true} [k = 4] (18f x 4536t) ...                                     
    [?] Verifying [k = 4] --- ((n > m) | !((m > 1))) & ((n > j) | (j = n) | !((n > m))) & ((m = 0) | !((j = n)) | (x > (1 + 1)) | (m > 1)) & ((n > j) | (m = 0) | (m > y) | (m > 1)) & (x = (k - y))                            
      [+] Added test ... [ 1, 1, -1, 3, -2, 1 ]

    [%] Inferring {true} [k = 1] (18f x 4537t) ...                                     
    [%] Inferring {true} [k = 2] (18f x 4537t) ...                                     
    [%] Inferring {true} [k = 3] (18f x 4537t) ...                                     
    [%] Inferring {true} [k = 4] (18f x 4537t) ...                                     
    [?] Verifying [k = 4] --- (!((m > y)) | (m > (k + 1)) | (k > (y + 1)) | (m > 1)) & ((n > m) | !((m > 1))) & ((n > j) | (! (j = x))) & ((m = 0) | (n > 1)) & ((n > j) | (m = 0) | (m > y) | (m > 1)) & (x = (k - y))                            
      [+] Added test ... [ 2, 2, -1, 3, -2, 1 ]

    [%] Removing conflicts ...  @2 @3
    [%] Inferring {true} [k = 1] (19f x 4538t) ...                                     
    [%] Inferring {true} [k = 2] (19f x 4538t) ...                                     
    [%] Inferring {true} [k = 3] (19f x 4538t) ...                                     
    [?] Verifying [k = 3] --- ((m = 0) | (n > m)) & ((m = 0) | (m > 1) | (1 = m)) & (x = (k - y))                            

     - Result = ((((m = 0) | (n > m)) & (((m = 0) | (m > 1)) | (1 = m))) & (x = (k - y)))

   # Loop_1 | Invariant @ Postcondition: ((((m = 0) | (n > m)) & (((m = 0) | (m > 1)) | (1 = m))) & (x = (k - y)))

   # Loop_1 | Inductive Check: ((!((((m = 0) | (n > m)) & (((m = 0) | (m > 1)) | (1 = m))) & (x = (k - y)))) | (!(j < n)) | ((((((((j = 0) | (n > j)) & (((j = 0) | (j > 1)) | (1 = j))) & ((x + 1) = (k - (y - 1)))) | false) & (((((m = 0) | (n > m)) & (((m = 0) | (m > 1)) | (1 = m))) & ((x + 1) = (k - (y - 1)))) | false)) | (!(j = i))) & (((((((j = 0) | (n > j)) & (((j = 0) | (j > 1)) | (1 = j))) & ((x - 1) = (k - (y + 1)))) | false) & (((((m = 0) | (n > m)) & (((m = 0) | (m > 1)) | (1 = m))) & ((x - 1) = (k - (y + 1)))) | false)) | (j = i)))) is not valid!

   [Q2] Abduction query = ((!((((m = 0) | (n > m)) & (((m = 0) | (m > 1)) | (1 = m))) & (x = (k - y)))) | (!(j < n)) | ((((((((j = 0) | (n > j)) & (((j = 0) | (j > 1)) | (1 = j))) & ((x + 1) = (k - (y - 1)))) | false) & (((((m = 0) | (n > m)) & (((m = 0) | (m > 1)) | (1 = m))) & ((x + 1) = (k - (y - 1)))) | false)) | (!(j = i))) & (((((((j = 0) | (n > j)) & (((j = 0) | (j > 1)) | (1 = j))) & ((x - 1) = (k - (y + 1)))) | false) & (((((m = 0) | (n > m)) & (((m = 0) | (m > 1)) | (1 = m))) & ((x - 1) = (k - (y + 1)))) | false)) | (j = i))))
   [#] Simplified query: ((!((((m = 0) | (n > m)) & (((m = 0) | (m > 1)) | (1 = m))) & (x = (k - y)))) | (!(j < n)) | ((((((((j = 0) | (n > j)) & (((j = 0) | (j > 1)) | (1 = j))) & ((x + 1) = (k - (y - 1)))) | false) & (((((m = 0) | (n > m)) & (((m = 0) | (m > 1)) | (1 = m))) & ((x + 1) = (k - (y - 1)))) | false)) | (!(j = i))) & (((((((j = 0) | (n > j)) & (((j = 0) | (j > 1)) | (1 = j))) & ((x - 1) = (k - (y + 1)))) | false) & (((((m = 0) | (n > m)) & (((m = 0) | (m > 1)) | (1 = m))) & ((x - 1) = (k - (y + 1)))) | false)) | (j = i))))

    [%] Inferring {true} [k = 1] (0f x 4485t) ...                                     
    [?] Verifying [k = 1] --- true                            
      [+] Added test ... [ 0, 0, 0, 0, 0, -1, -1 ]

    [%] Removing conflicts ...  @2 @3
    [%] Removing conflicts ...  @2 @3
    [%] Inferring {true} [k = 1] (2f x 4486t) ...                                     
    [%] Inferring {true} [k = 2] (2f x 4486t) ...                                     
    [?] Verifying [k = 2] --- ((n > m) | (m = j))                            
      [+] Added test ... [ 0, 1, 0, 0, 0, -1, -1 ]

    [%] Removing conflicts ...  @2 @3
    [%] Removing conflicts ...  @2 @3
    [%] Inferring {true} [k = 1] (4f x 4487t) ...                                     
    [%] Inferring {true} [k = 2] (4f x 4487t) ...                                     
    [%] Inferring {true} [k = 3] (4f x 4487t) ...                                     
    [?] Verifying [k = 3] --- ((m = j) | (n > 1) | (n = j))                            
      [+] Added test ... [ 0, 2, 0, 0, 0, -1, -1 ]

    [%] Removing conflicts ...  @2 @3
    [%] Inferring {true} [k = 1] (5f x 4488t) ...                                     
    [%] Inferring {true} [k = 2] (5f x 4488t) ...                                     
    [?] Verifying [k = 2] --- ((m = j) | (j > m))                            

     - Result = ((m = j) | (j > m))

   # Loop_1 | Invariant @ Inductive Condition: (((m = j) | (j > m)) & ((((m = 0) | (n > m)) & (((m = 0) | (m > 1)) | (1 = m))) & (x = (k - y))))

   # Loop_1 | Inductive Check: ((!(((m = j) | (j > m)) & ((((m = 0) | (n > m)) & (((m = 0) | (m > 1)) | (1 = m))) & (x = (k - y))))) | (!(j < n)) | (((((((j = (j + 1)) | ((j + 1) > j)) & ((((j = 0) | (n > j)) & (((j = 0) | (j > 1)) | (1 = j))) & ((x + 1) = (k - (y - 1))))) | false) & ((((m = (j + 1)) | ((j + 1) > m)) & ((((m = 0) | (n > m)) & (((m = 0) | (m > 1)) | (1 = m))) & ((x + 1) = (k - (y - 1))))) | false)) | (!(j = i))) & ((((((j = (j + 1)) | ((j + 1) > j)) & ((((j = 0) | (n > j)) & (((j = 0) | (j > 1)) | (1 = j))) & ((x - 1) = (k - (y + 1))))) | false) & ((((m = (j + 1)) | ((j + 1) > m)) & ((((m = 0) | (n > m)) & (((m = 0) | (m > 1)) | (1 = m))) & ((x - 1) = (k - (y + 1))))) | false)) | (j = i)))) is valid!

   # Precondition Check: ((!((x + y) = k)) | (((0 = 0) | (0 > 0)) & ((((0 = 0) | (n > 0)) & (((0 = 0) | (0 > 1)) | (1 = 0))) & (x = (k - y))))) is valid!


[###] Final invariants: [###]
Loop #1: (((m = j) | (j > m)) & ((((m = 0) | (n > m)) & (((m = 0) | (m > 1)) | (1 = m))) & (x = (k - y))))
================================================================================
checker_exec.sh: line 1:  9665 Aborted                 (core dumped) bin/pinvgen -wpath /home/saswat/Repos/PIE/logs/limit_8gb/6400/pie/16/20.cpp -abducer /home/saswat/Repos/PIE/abducer/abduce.sh -tool=pie -csize 16 --extra-arg=--std=c++11 ../../PIE/bm_hola/20.cpp --

real	1m54.807s
user	1m47.924s
sys	0m3.340s


--- Processed 20.cpp ---
sat: 57
unsat: 4
unk: 0
escher: 24

[$] OOM Count = 0
[$] MAX Usage = 534
