 ==>
1520 tests for loop #1.

(*) Checking loop invariant:
================================================================================
[#] Starting Loop Invariant Generation ...

   + Found guard in B9 for loop #1

     - post_1 : (true & (k > n))
     - guard : (i < n)

   [Q1] Abduction query = ((i < n) | (true & (k > n)))
   [#] Simplified query: ((i < n) | (true & (k > n)))

    [%] Inferring {true} [k = 1] (0f x 1520t) ...                                     
    [?] Verifying [k = 1] --- true                            
      [+] Added test ... [ 0, 0, 0 ]

    [%] Removing conflicts ...  @2 @3
    [%] Removing conflicts ...  @2 @3
    [%] Inferring {true} [k = 1] (2f x 1521t) ...                                     
    [%] Inferring {true} [k = 2] (2f x 1521t) ...                                     
    [?] Verifying [k = 2] --- ((n > i) | (k > n))                            

     - Result = ((n > i) | (k > n))

   # Loop_1 | Invariant @ Postcondition: ((n > i) | (k > n))

   # Loop_1 | Inductive Check: ((!((n > i) | (k > n))) | (!(i < n)) | ((((((n > (i + 1)) | ((k + c1) > n)) | (!(0 = 0))) & (((n > (i + 1)) | ((k + c2) > n)) | (0 = 0))) | false) & (((((n > (i + 1)) | ((k + c1) > n)) | (!(1 = 0))) & (((n > (i + 1)) | ((k + c2) > n)) | (1 = 0))) | false))) is not valid!

   [Q2] Abduction query = ((!((n > i) | (k > n))) | (!(i < n)) | ((((((n > (i + 1)) | ((k + c1) > n)) | (!(0 = 0))) & (((n > (i + 1)) | ((k + c2) > n)) | (0 = 0))) | false) & (((((n > (i + 1)) | ((k + c1) > n)) | (!(1 = 0))) & (((n > (i + 1)) | ((k + c2) > n)) | (1 = 0))) | false)))
   [#] Simplified query: ((!((n > i) | (k > n))) | (!(i < n)) | ((((((n > (i + 1)) | ((k + c1) > n)) | (!(0 = 0))) & (((n > (i + 1)) | ((k + c2) > n)) | (0 = 0))) | false) & (((((n > (i + 1)) | ((k + c1) > n)) | (!(1 = 0))) & (((n > (i + 1)) | ((k + c2) > n)) | (1 = 0))) | false)))

    [%] Inferring {true} [k = 1] (0f x 1520t) ...                                     
    [?] Verifying [k = 1] --- true                            
      [+] Added test ... [ 0, -1, 0, 0, 0 ]

    [%] Removing conflicts ...  @2 @3
    [%] Inferring {true} [k = 1] (1f x 1521t) ...                                     
    [?] Verifying [k = 1] --- (c1 > c2)                            
      [+] Added test ... [ 0, -1, 0, 0, -1 ]

    [%] Removing conflicts ...  @2 @3
    [%] Inferring {true} [k = 1] (2f x 1522t) ...                                     
    [?] Verifying [k = 1] --- (c1 > n)                            
      [+] Added test ... [ 0, -1, -1, 1, 0 ]

    [%] Removing conflicts ...  @2 @3
    [%] Inferring {true} [k = 1] (3f x 1523t) ...                                     
    [?] Verifying [k = 1] --- (c1 > 1)                            
      [+] Added test ... [ 0, -1, -2, 2, 0 ]

    [%] Removing conflicts ...  @2 @3
    [%] Inferring {true} [k = 1] (4f x 1524t) ...                                     
    [?] Verifying [k = 1] --- (c2 > n)                            
      [+] Added test ... [ 0, -1, 0, 0, 1 ]

    [%] Inferring {true} [k = 1] (4f x 1525t) ...                                     
    [?] Verifying [k = 1] --- (c1 > 1) & (c2 > n)                            
      [+] Added test ... [ 0, -1, -2, 2, 1 ]

    [%] Removing conflicts ...  @2 @3
    [%] Inferring {true} [k = 1] (5f x 1526t) ...                                     
    [?] Verifying [k = 1] --- (c2 > 1)                            
      [+] Added test ... [ 0, -1, 0, 0, 2 ]

    [%] Inferring {true} [k = 1] (5f x 1527t) ...                                     
    [?] Verifying [k = 1] --- (c1 > 1) & (c2 > 1)                            
      [+] Added test ... [ 0, -1, -2, 2, 2 ]

    [%] Inferring {true} [k = 1] (5f x 1528t) ...                                     
    [?] Verifying [k = 1] --- (c1 > c2) & (c2 > 1)                            
      [+] Added test ... [ 0, -1, -3, 3, 2 ]

    [%] Removing conflicts ...  @2 @3
    [%] Removing conflicts ...  @2 @3
    [%] Inferring {true} [k = 1] (7f x 1529t) ...                                     
    [%] Inferring {true} [k = 2] (7f x 1529t) ...                                     
    [?] Verifying [k = 2] --- ((n > 1) | (1 = n))                            
      [+] Added test ... [ 2, 1, 0, 0, 0 ]

    [%] Inferring {true} [k = 1] (7f x 1530t) ...                                     
    [%] Inferring {true} [k = 2] (7f x 1530t) ...                                     
    [?] Verifying [k = 2] --- (c2 > 1) & ((n > 1) | (1 = n))                            
      [+] Added test ... [ 2, 1, 0, 0, 2 ]

    [%] Inferring {true} [k = 1] (7f x 1531t) ...                                     
    [%] Inferring {true} [k = 2] (7f x 1531t) ...                                     
    [?] Verifying [k = 2] --- (c2 > n) & ((n > 1) | (1 = n))                            
      [+] Added test ... [ 2, 1, 0, 0, 3 ]

    [%] Inferring {true} [k = 1] (7f x 1532t) ...                                     
    [%] Inferring {true} [k = 2] (7f x 1532t) ...                                     
    [?] Verifying [k = 2] --- (c1 > 1) & ((n > 1) | (1 = n))                            
      [+] Added test ... [ 2, 1, 0, 2, 0 ]

    [%] Inferring {true} [k = 1] (7f x 1533t) ...                                     
    [%] Inferring {true} [k = 2] (7f x 1533t) ...                                     
    [?] Verifying [k = 2] --- (c1 > n) & ((n > 1) | (1 = n))                            
      [+] Added test ... [ 2, 1, -1, 3, 0 ]

    [%] Inferring {true} [k = 1] (7f x 1534t) ...                                     
    [%] Inferring {true} [k = 2] (7f x 1534t) ...                                     
    [?] Verifying [k = 2] --- ((n > 1) | (1 = n)) & (c1 > c2) & (c2 > 1)                            
      [+] Added test ... [ 2, 1, -1, 3, 2 ]

    [%] Inferring {true} [k = 1] (7f x 1535t) ...                                     
    [%] Inferring {true} [k = 2] (7f x 1535t) ...                                     
    [?] Verifying [k = 2] --- ((n > 1) | (1 = n)) & (c2 > n) & (c1 > c2) & (c2 > 1)                            
      [+] Added test ... [ 2, 1, -2, 4, 3 ]

    [%] Removing conflicts ...  @2 @3
    [%] Inferring {true} [k = 1] (8f x 1536t) ...                                     
    [?] Verifying [k = 1] --- (c1 > 1) & (i <= k)                            
      [+] Added test ... [ 0, -1, -1, 2, 0 ]

    [%] Inferring {true} [k = 1] (8f x 1537t) ...                                     
    [?] Verifying [k = 1] --- (c1 > 1) & (c2 > 1) & (i <= k)                            

     - Result = (((c1 > 1) & (c2 > 1)) & (i <= k))

   # Loop_1 | Invariant @ Inductive Condition: ((((c1 > 1) & (c2 > 1)) & (i <= k)) & ((n > i) | (k > n)))

   # Loop_1 | Inductive Check: ((!((((c1 > 1) & (c2 > 1)) & (i <= k)) & ((n > i) | (k > n)))) | (!(i < n)) | ((((((((c1 > 1) & (c2 > 1)) & ((i + 1) <= (k + c1))) & ((n > (i + 1)) | ((k + c1) > n))) | (!(0 = 0))) & (((((c1 > 1) & (c2 > 1)) & ((i + 1) <= (k + c2))) & ((n > (i + 1)) | ((k + c2) > n))) | (0 = 0))) | false) & (((((((c1 > 1) & (c2 > 1)) & ((i + 1) <= (k + c1))) & ((n > (i + 1)) | ((k + c1) > n))) | (!(1 = 0))) & (((((c1 > 1) & (c2 > 1)) & ((i + 1) <= (k + c2))) & ((n > (i + 1)) | ((k + c2) > n))) | (1 = 0))) | false))) is valid!

   # Precondition Check: ((!(n > 0)) | ((!(n < 10)) | ((((4000 > 1) & (2000 > 1)) & (0 <= 0)) & ((n > 0) | (0 > n))))) is valid!


[###] Final invariants: [###]
Loop #1: ((((c1 > 1) & (c2 > 1)) & (i <= k)) & ((n > i) | (k > n)))
================================================================================
checker_exec.sh: line 1: 10975 Aborted                 (core dumped) bin/pinvgen -wpath /home/saswat/Repos/PIE/logs/limit_8gb/6400/pie/16/21.cpp -abducer /home/saswat/Repos/PIE/abducer/abduce.sh -tool=pie -csize 16 --extra-arg=--std=c++11 ../../PIE/bm_hola/21.cpp --

real	0m23.042s
user	0m20.636s
sys	0m0.416s


--- Processed 21.cpp ---
sat: 19
unsat: 4
unk: 0
escher: 10

[$] OOM Count = 0
[$] MAX Usage = 120
