 ==>
977 tests for loop #1.

(*) Checking loop invariant:
================================================================================
[#] Starting Loop Invariant Generation ...

   + Found guard in B6 for loop #1

     - post_1 : ((true & (y = z)) & (x = y))
     - guard : NON-DETERMINISTIC

   [Q1] Abduction query = (false | ((true & (y = z)) & (x = y)))
   [#] Simplified query: (false | ((true & (y = z)) & (x = y)))

    [%] Inferring {true} [k = 1] (0f x 977t) ...                                     
    [?] Verifying [k = 1] --- true                            
      [+] Added test ... [ 0, 0, 1 ]

    [%] Removing conflicts ...  @2 @3
    [%] Inferring {true} [k = 1] (1f x 978t) ...                                     
    [?] Verifying [k = 1] --- (x = z)                            
      [+] Added test ... [ -1, 0, 0 ]

    [%] Removing conflicts ...  @2 @3
    [%] Inferring {true} [k = 1] (2f x 979t) ...                                     
    [?] Verifying [k = 1] --- (x = y)                            
      [+] Added test ... [ 0, -1, 0 ]

    [%] Inferring {true} [k = 1] (2f x 980t) ...                                     
    [?] Verifying [k = 1] --- (x = z) & (x = y)                            

     - Result = ((x = z) & (x = y))

   # Loop_1 | Invariant @ Postcondition: ((x = z) & (x = y))

   # Loop_1 | Inductive Check: ((!((x = z) & (x = y))) | false | (((((x + 1) = (z + 1)) & ((x + 1) = (y + 1))) | (!((k % 3) = 0))) & (((x = (z + 1)) & (x = (y + 1))) | ((k % 3) = 0)))) is not valid!

   [Q2] Abduction query = ((!((x = z) & (x = y))) | false | (((((x + 1) = (z + 1)) & ((x + 1) = (y + 1))) | (!((k % 3) = 0))) & (((x = (z + 1)) & (x = (y + 1))) | ((k % 3) = 0))))
   [#] Simplified query: ((!((x = z) & (x = y))) | false | (((((x + 1) = (z + 1)) & ((x + 1) = (y + 1))) | (!((k % 3) = 0))) & (((x = (z + 1)) & (x = (y + 1))) | ((k % 3) = 0))))

    [%] Inferring {true} [k = 1] (0f x 977t) ...                                     
    [?] Verifying [k = 1] --- true                            
      [+] Added test ... [ 0, 0, 0, 1 ]

    [%] Removing conflicts ...  @2 @3
    [%] Removing conflicts ...  @2 @3 @4
    [%] Inferring {true} [k = 1] (2f x 978t) ...                                     
    [?] Verifying [k = 1] --- (! (k = 1))                            
      [+] Added test ... [ 0, 0, 0, -2 ]

    [%] Removing conflicts ...  @2 @3
    [%] Inferring {true} [k = 1] (3f x 979t) ...                                     
    [?] Verifying [k = 1] --- (! (k = 1)) & (y <= k)                            
      [+] Added test ... [ -2, -2, -2, -2 ]

    [%] Removing conflicts ...  @2 @3
    [%] Inferring {true} [k = 1] (4f x 980t) ...                                     
    [?] Verifying [k = 1] --- (! (k = 1)) & (0 <= k)                            
      [+] Added test ... [ 0, 0, 0, 4 ]

    [%] Removing conflicts ...  @2 @3
    [%] Removing conflicts ...  @2 @3
    [%] Inferring {true} [k = 1] (6f x 981t) ...                                     
    [%] Inferring {true} [k = 2] (6f x 981t) ...                                     
    [?] Verifying [k = 2] --- (!((k > 3)) | (y > 1)) & (! (k = 1)) & (0 <= k)                            
      [+] Added test ... [ 0, 0, 0, 2 ]

    [%] Removing conflicts ...  @2 @3 @4 @5
    [%] Inferring {true} [k = 1] (7f x 982t) ...                                     
    [%] Inferring {true} [k = 2] (7f x 982t) ...                                     
    [?] Verifying [k = 2] --- (!((k > 3)) | (y > 1)) & (! (k = 1)) & (! (3 = (k + 1))) & (0 <= k)                            
      [+] Added test ... [ 2, 2, 2, 4 ]

    [%] Removing conflicts ...  @2 @3 @4
    [%] Inferring {true} [k = 1] (8f x 983t) ...                                     
    [%] Inferring {true} [k = 2] (8f x 983t) ...                                     
    [?] Verifying [k = 2] --- (! (k = 1)) & (! (3 = (k + 1))) & (!((k > 3)) | (k > (3 + 1))) & (0 <= k)                            
      [+] Added test ... [ 0, 0, 0, 5 ]

    [%] Inferring {true} [k = 1] (8f x 984t) ...                                     
    [%] Inferring {true} [k = 2] (8f x 984t) ...                                     
    [?] Verifying [k = 2] --- ((y > 1) | !((k > (3 + 1)))) & (! (k = 1)) & (! (3 = (k + 1))) & (!((k > 3)) | (k > (3 + 1))) & (0 <= k)                            
      [+] Added test ... [ 2, 2, 2, 5 ]

    [%] Removing conflicts ...  @2 @3 @4 @5
    [%] Inferring {true} [k = 1] (9f x 985t) ...                                     
    [?] Verifying [k = 1] --- (k = (3 * y))                            

     - Result = (k = (3 * y))

   # Loop_1 | Invariant @ Inductive Condition: ((k = (3 * y)) & ((x = z) & (x = y)))

   # Loop_1 | Inductive Check: ((!((k = (3 * y)) & ((x = z) & (x = y)))) | false | (((((((x + 1) + (y + 1)) + (z + 1)) = (3 * (y + 1))) & (((x + 1) = (z + 1)) & ((x + 1) = (y + 1)))) | (!((k % 3) = 0))) & (((((x + (y + 1)) + (z + 1)) = (3 * (y + 1))) & ((x = (z + 1)) & (x = (y + 1)))) | ((k % 3) = 0)))) is valid!

   # Precondition Check: ((0 = (3 * 0)) & ((0 = 0) & (0 = 0))) is valid!


[###] Final invariants: [###]
Loop #1: ((k = (3 * y)) & ((x = z) & (x = y)))
================================================================================
checker_exec.sh: line 1:  6948 Aborted                 (core dumped) bin/pinvgen -wpath /home/saswat/Repos/PIE/logs/limit_8gb/6400/pie/16/22.cpp -abducer /home/saswat/Repos/PIE/abducer/abduce.sh -tool=pie -csize 16 --extra-arg=--std=c++11 ../../PIE/bm_oopsla/22.cpp --

real	0m22.275s
user	0m19.364s
sys	0m0.496s


--- Processed 22.cpp ---
sat: 12
unsat: 4
unk: 0
escher: 11

[$] OOM Count = 0
[$] MAX Usage = 120
