 ==>
2075 tests for loop #1.

(*) Checking loop invariant:
================================================================================
[#] Starting Loop Invariant Generation ...

   + Found guard in B4 for loop #1

     - post_1 : (true & (sum >= 0))
     - guard : (i < n)

   [Q1] Abduction query = ((i < n) | (true & (sum >= 0)))
   [#] Simplified query: ((i < n) | (true & (sum >= 0)))

    [%] Inferring {true} [k = 1] (0f x 2075t) ...                                     
    [?] Verifying [k = 1] --- true                            
      [+] Added test ... [ 0, 0, -1 ]

    [%] Removing conflicts ...  @2 @3
    [%] Removing conflicts ...  @2 @3
    [%] Removing conflicts ...  @2 @3
    [%] Inferring {true} [k = 1] (3f x 2076t) ...                                     
    [?] Verifying [k = 1] --- (0 <= sum)                            

     - Result = (0 <= sum)

   # Loop_1 | Invariant @ Postcondition: (0 <= sum)

   # Loop_1 | Inductive Check: ((!(0 <= sum)) | (!(i < n)) | (0 <= (sum + i))) is not valid!

   [Q2] Abduction query = ((!(0 <= sum)) | (!(i < n)) | (0 <= (sum + i)))
   [#] Simplified query: ((!(0 <= sum)) | (!(i < n)) | (0 <= (sum + i)))

    [%] Inferring {true} [k = 1] (0f x 2075t) ...                                     
    [?] Verifying [k = 1] --- true                            
      [+] Added test ... [ 0, -1, 0 ]

    [%] Removing conflicts ...  @2 @3
    [%] Removing conflicts ...  @2 @3
    [%] Removing conflicts ...  @2 @3
    [%] Inferring {true} [k = 1] (3f x 2076t) ...                                     
    [%] Inferring {true} [k = 2] (3f x 2076t) ...                                     
    [?] Verifying [k = 2] --- ((n > 1) | (sum <= i))                            
      [+] Added test ... [ 0, -1, 2 ]

    [%] Inferring {true} [k = 1] (3f x 2077t) ...                                     
    [%] Inferring {true} [k = 2] (3f x 2077t) ...                                     
    [?] Verifying [k = 2] --- ((sum > 1) | (sum <= i))                            
      [+] Added test ... [ 2, -3, 0 ]

    [%] Inferring {true} [k = 1] (3f x 2078t) ...                                     
    [%] Inferring {true} [k = 2] (3f x 2078t) ...                                     
    [?] Verifying [k = 2] --- ((sum > 1) | (sum <= i)) & ((n > 1) | (sum <= i))                            
      [+] Added test ... [ 2, -3, 2 ]

    [%] Removing conflicts ...  @2 @3
    [%] Inferring {true} [k = 1] (4f x 2079t) ...                                     
    [%] Inferring {true} [k = 2] (4f x 2079t) ...                                     
    [?] Verifying [k = 2] --- ((sum <= i) | (i > 1))                            

     - Result = ((sum <= i) | (i > 1))

   # Loop_1 | Invariant @ Inductive Condition: (((sum <= i) | (i > 1)) & (0 <= sum))

   # Loop_1 | Inductive Check: ((!(((sum <= i) | (i > 1)) & (0 <= sum))) | (!(i < n)) | ((((sum + i) <= (i + 1)) | ((i + 1) > 1)) & (0 <= (sum + i)))) is valid!

   # Precondition Check: ((!(n >= 0)) | (((0 <= 0) | (0 > 1)) & (0 <= 0))) is valid!


[###] Final invariants: [###]
Loop #1: (((sum <= i) | (i > 1)) & (0 <= sum))
================================================================================
checker_exec.sh: line 1: 10549 Aborted                 (core dumped) bin/pinvgen -wpath /home/saswat/Repos/PIE/logs/limit_8gb/6400/pie/16/23.cpp -abducer /home/saswat/Repos/PIE/abducer/abduce.sh -tool=pie -csize 16 --extra-arg=--std=c++11 ../../PIE/bm_oopsla/23.cpp --

real	0m20.807s
user	0m18.772s
sys	0m0.336s


--- Processed 23.cpp ---
sat: 6
unsat: 4
unk: 0
escher: 7

[$] OOM Count = 0
[$] MAX Usage = 120
