 ==>
255 tests for loop #1.
6400 tests for loop #2.
6400 tests for loop #3.

(*) Checking loop invariant:
================================================================================
[#] Starting Loop Invariant Generation ...

   + Found guard in B15 for loop #1

     - post_1 : (true & (x = y))
     - guard : NON-DETERMINISTIC

   [Q1] Abduction query = (false | (true & (x = y)))
   [#] Simplified query: (false | (true & (x = y)))

    [%] Inferring {true} [k = 1] (0f x 255t) ...                                     
    [?] Verifying [k = 1] --- true                            
      [+] Added test ... [ 0, -1 ]

    [%] Removing conflicts ...  @2 @3
    [%] Inferring {true} [k = 1] (1f x 256t) ...                                     
    [?] Verifying [k = 1] --- (x = y)                            

     - Result = (x = y)

   # Loop_1 | Invariant @ Postcondition: (x = y)

   + Found guard in B6 for loop #3

     - post_3 : (x = y)
     - guard : NON-DETERMINISTIC

   [Q2] Abduction query = (false | (x = y))
   [#] Simplified query: (false | (x = y))

    [%] Inferring {true} [k = 1] (0f x 6400t) ...                                     
    [?] Verifying [k = 1] --- true                            
      [+] Added test ... [ 0, -1 ]

    [%] Removing conflicts ...  @2 @3
    [%] Inferring {true} [k = 1] (1f x 6401t) ...                                     
    [?] Verifying [k = 1] --- (x = y)                            

     - Result = (x = y)

   # Loop_3 | Invariant @ Postcondition: (x = y)

   # Loop_3 | Inductive Check: ((!(x = y)) | false | (x = y)) is valid!

   + Found guard in B13 for loop #2

     - post_2 : (x = y)
     - guard : NON-DETERMINISTIC

   [Q3] Abduction query = (false | (x = y))
   [#] Simplified query: (false | (x = y))

    [%] Inferring {true} [k = 1] (0f x 6400t) ...                                     
    [?] Verifying [k = 1] --- true                            
      [+] Added test ... [ 0, -1 ]

    [%] Removing conflicts ...  @2 @3
    [%] Inferring {true} [k = 1] (1f x 6401t) ...                                     
    [?] Verifying [k = 1] --- (x = y)                            

     - Result = (x = y)

   # Loop_2 | Invariant @ Postcondition: (x = y)

   # Loop_2 | Inductive Check: ((!(x = y)) | false | ((((((x + 1) = (y + 1)) | (!((z % 2) = 0))) & (((x + 1) = y) | ((z % 2) = 0))) | (!((w % 2) = 1))) & ((((x = (y + 1)) | (!((z % 2) = 0))) & ((x = y) | ((z % 2) = 0))) | ((w % 2) = 1)))) is not valid!

   [Q4] Abduction query = ((!(x = y)) | false | ((((((x + 1) = (y + 1)) | (!((z % 2) = 0))) & (((x + 1) = y) | ((z % 2) = 0))) | (!((w % 2) = 1))) & ((((x = (y + 1)) | (!((z % 2) = 0))) & ((x = y) | ((z % 2) = 0))) | ((w % 2) = 1))))
   [#] Simplified query: ((!(x = y)) | false | ((((((x + 1) = (y + 1)) | (!((z % 2) = 0))) & (((x + 1) = y) | ((z % 2) = 0))) | (!((w % 2) = 1))) & ((((x = (y + 1)) | (!((z % 2) = 0))) & ((x = y) | ((z % 2) = 0))) | ((w % 2) = 1))))

    [%] Inferring {true} [k = 1] (0f x 6400t) ...                                     
    [?] Verifying [k = 1] --- true                            
      [+] Added test ... [ 0, 0, 1, 1 ]

    [%] Removing conflicts ...  @2 @3
    [%] Inferring {true} [k = 1] (1f x 6401t) ...                                     
    [?] Verifying [k = 1] --- (w > 2)                            
      [+] Added test ... [ 0, 0, 1, 3 ]

    [%] Removing conflicts ...  @2 @3
    [%] Inferring {true} [k = 1] (2f x 6402t) ...                                     
    [?] Verifying [k = 1] --- (z > 2)                            
      [+] Added test ... [ 0, 0, 3, 1 ]

    [%] Inferring {true} [k = 1] (2f x 6403t) ...                                     
    [?] Verifying [k = 1] --- (w > 2) & (z > 2)                            
      [+] Added test ... [ 0, 0, 3, 3 ]

    [%] Removing conflicts ...  @2 @3
    [%] Inferring {true} [k = 1] (3f x 6404t) ...                                     
    [?] Verifying [k = 1] --- (z > 2) & (w > z)                            
      [+] Added test ... [ 0, 0, 3, 5 ]

    [%] Removing conflicts ...  @2 @3
    [%] Inferring {true} [k = 1] (4f x 6405t) ...                                     
    [?] Verifying [k = 1] --- (y > 2)                            
      [+] Added test ... [ 3, 3, 1, 1 ]

    [%] Inferring {true} [k = 1] (4f x 6406t) ...                                     
    [?] Verifying [k = 1] --- (w > z) & (y > 2)                            
      [+] Added test ... [ 3, 3, -1, 1 ]

    [%] Inferring {true} [k = 1] (4f x 6407t) ...                                     
    [?] Verifying [k = 1] --- (z > 2) & (y > 2)                            
      [+] Added test ... [ 3, 3, 3, 1 ]

    [%] Inferring {true} [k = 1] (4f x 6408t) ...                                     
    [?] Verifying [k = 1] --- (w > 2) & (y > 2)                            
      [+] Added test ... [ 3, 3, 1, 3 ]

    [%] Inferring {true} [k = 1] (4f x 6409t) ...                                     
    [?] Verifying [k = 1] --- (w > z) & (z > 2) & (y > 2)                            
      [+] Added test ... [ 3, 3, 3, 5 ]

    [%] Removing conflicts ...  @2 @3 @4
    [%] Removing conflicts ...  @2 @3 @4
    [%] Inferring {true} [k = 1] (6f x 6410t) ...                                     
    [?] Verifying [k = 1] --- (w = (z + 1))                            

     - Result = (w = (z + 1))

   # Loop_2 | Invariant @ Inductive Condition: ((w = (z + 1)) & (x = y))

   # Loop_2 | Inductive Check: ((!((w = (z + 1)) & (x = y))) | false | ((((((w = (z + 1)) & ((x + 1) = (y + 1))) | (!((z % 2) = 0))) & (((w = (z + 1)) & ((x + 1) = y)) | ((z % 2) = 0))) | (!((w % 2) = 1))) & (((((w = (z + 1)) & (x = (y + 1))) | (!((z % 2) = 0))) & (((w = (z + 1)) & (x = y)) | ((z % 2) = 0))) | ((w % 2) = 1)))) is valid!

   # Loop_1 | Inductive Check: ((!(x = y)) | false | ((w = (z + 1)) & (x = y))) is not valid!

   [Q5] Abduction query = ((!(x = y)) | false | ((w = (z + 1)) & (x = y)))
   [#] Simplified query: ((!(x = y)) | false | ((w = (z + 1)) & (x = y)))

    [%] Inferring {true} [k = 1] (0f x 255t) ...                                     
    [?] Verifying [k = 1] --- true                            
      [+] Added test ... [ 0, 0, 0, 0 ]

    [%] Removing conflicts ...  @2 @3
    [%] Inferring {true} [k = 1] (1f x 256t) ...                                     
    [?] Verifying [k = 1] --- (w > z)                            
      [+] Added test ... [ 0, 0, 2, 0 ]

    [%] Removing conflicts ...  @2 @3
    [%] Inferring {true} [k = 1] (2f x 257t) ...                                     
    [?] Verifying [k = 1] --- (z > y)                            
      [+] Added test ... [ -1, -1, 0, 0 ]

    [%] Inferring {true} [k = 1] (2f x 258t) ...                                     
    [?] Verifying [k = 1] --- (w > z) & (z > y)                            
      [+] Added test ... [ -1, -1, 2, 0 ]

    [%] Removing conflicts ...  @2 @3
    [%] Inferring {true} [k = 1] (3f x 259t) ...                                     
    [?] Verifying [k = 1] --- (z > 1)                            
      [+] Added test ... [ 0, 0, 0, 2 ]

    [%] Inferring {true} [k = 1] (3f x 260t) ...                                     
    [?] Verifying [k = 1] --- (w > z) & (z > 1)                            
      [+] Added test ... [ 0, 0, 4, 2 ]

    [%] Removing conflicts ...  @2 @3
    [%] Inferring {true} [k = 1] (4f x 261t) ...                                     
    [?] Verifying [k = 1] --- (y > 1)                            
      [+] Added test ... [ 2, 2, 0, 0 ]

    [%] Inferring {true} [k = 1] (4f x 262t) ...                                     
    [?] Verifying [k = 1] --- (z > 1) & (y > 1)                            
      [+] Added test ... [ 2, 2, 0, 2 ]

    [%] Inferring {true} [k = 1] (4f x 263t) ...                                     
    [?] Verifying [k = 1] --- (z > y) & (y > 1)                            
      [+] Added test ... [ 2, 2, 0, 3 ]

    [%] Inferring {true} [k = 1] (4f x 264t) ...                                     
    [?] Verifying [k = 1] --- (w > z) & (y > 1)                            
      [+] Added test ... [ 2, 2, 2, 0 ]

    [%] Inferring {true} [k = 1] (4f x 265t) ...                                     
    [?] Verifying [k = 1] --- (w > z) & (z > y) & (y > 1)                            
      [+] Added test ... [ 2, 2, 5, 3 ]

    [%] Removing conflicts ...  @2 @3 @4
    [%] Inferring {true} [k = 1] (5f x 266t) ...                                     
    [?] Verifying [k = 1] --- (w = (z + 1))                            

     - Result = (w = (z + 1))

   # Loop_1 | Invariant @ Inductive Condition: ((w = (z + 1)) & (x = y))

   + Found guard in B6 for loop #3

     - post_3 : ((w = (z + 1)) & (x = y))
     - guard : NON-DETERMINISTIC

   [Q6] Abduction query = (false | ((w = (z + 1)) & (x = y)))
   [#] Simplified query: (false | ((w = (z + 1)) & (x = y)))

    [%] Inferring {true} [k = 1] (0f x 6400t) ...                                     
    [?] Verifying [k = 1] --- true                            
      [+] Added test ... [ 0, 0, 0, 0 ]

    [%] Removing conflicts ...  @2 @3
    [%] Inferring {true} [k = 1] (1f x 6401t) ...                                     
    [?] Verifying [k = 1] --- (w > z)                            
      [+] Added test ... [ 2, 0, 0, 0 ]

    [%] Removing conflicts ...  @2 @3
    [%] Removing conflicts ...  @2 @3
    [%] Removing conflicts ...  @2 @3
    [%] Inferring {true} [k = 1] (4f x 6402t) ...                                     
    [%] Inferring {true} [k = 2] (4f x 6402t) ...                                     
    [%] Inferring {true} [k = 3] (4f x 6402t) ...                                     
    [?] Verifying [k = 3] --- ((z > y) | (y > w) | (w = 1))                            
      [+] Added test ... [ 1, 1, 0, 0 ]

    [%] Inferring {true} [k = 1] (4f x 6403t) ...                                     
    [%] Inferring {true} [k = 2] (4f x 6403t) ...                                     
    [%] Inferring {true} [k = 3] (4f x 6403t) ...                                     
    [?] Verifying [k = 3] --- ((z > y) | (y > w) | (w = 1)) & (w > z)                            
      [+] Added test ... [ 1, -1, 0, 0 ]

    [%] Removing conflicts ...  @2 @3
    [%] Inferring {true} [k = 1] (5f x 6404t) ...                                     
    [%] Inferring {true} [k = 2] (5f x 6404t) ...                                     
    [%] Inferring {true} [k = 3] (5f x 6404t) ...                                     
    [?] Verifying [k = 3] --- ((z > y) | (y > w) | (w = y)) & (w > z)                            
      [+] Added test ... [ 2, 0, 0, 2 ]

    [%] Inferring {true} [k = 1] (5f x 6405t) ...                                     
    [%] Inferring {true} [k = 2] (5f x 6405t) ...                                     
    [%] Inferring {true} [k = 3] (5f x 6405t) ...                                     
    [?] Verifying [k = 3] --- ((y > w) | !((w = 1)) | (w = y)) & ((z > y) | (y > w) | (w = 1))                            
      [+] Added test ... [ 1, 1, 0, 1 ]

    [%] Inferring {true} [k = 1] (5f x 6406t) ...                                     
    [%] Inferring {true} [k = 2] (5f x 6406t) ...                                     
    [%] Inferring {true} [k = 3] (5f x 6406t) ...                                     
    [?] Verifying [k = 3] --- ((w = 1) | !((w = y))) & ((z > y) | (y > w) | (w = y)) & (w > z)                            
      [+] Added test ... [ 1, -1, 0, 1 ]

    [%] Removing conflicts ...  @2 @3
    [%] Inferring {true} [k = 1] (6f x 6407t) ...                                     
    [%] Inferring {true} [k = 2] (6f x 6407t) ...                                     
    [%] Inferring {true} [k = 3] (6f x 6407t) ...                                     
    [?] Verifying [k = 3] --- ((z > y) | (y > w) | (w = y)) & (w > z) & (y = x)                            
      [+] Added test ... [ 2, 0, 2, 2 ]

    [%] Inferring {true} [k = 1] (6f x 6408t) ...                                     
    [%] Inferring {true} [k = 2] (6f x 6408t) ...                                     
    [%] Inferring {true} [k = 3] (6f x 6408t) ...                                     
    [?] Verifying [k = 3] --- ((y > w) | !((w = 1)) | (w = y)) & (y = x) & ((z > y) | (y > w) | (w = 1))                            
      [+] Added test ... [ 1, 1, 1, 1 ]

    [%] Inferring {true} [k = 1] (6f x 6409t) ...                                     
    [%] Inferring {true} [k = 2] (6f x 6409t) ...                                     
    [%] Inferring {true} [k = 3] (6f x 6409t) ...                                     
    [?] Verifying [k = 3] --- ((y > w) | !((w = 1)) | (w = y)) & (y = x) & ((z > y) | (y > w) | (w = 1)) & (w > z)                            
      [+] Added test ... [ 1, -1, 1, 1 ]

    [%] Removing conflicts ...  @2 @3
    [%] Inferring {true} [k = 1] (7f x 6410t) ...                                     
    [%] Inferring {true} [k = 2] (7f x 6410t) ...                                     
    [?] Verifying [k = 2] --- ((w = 1) | !((0 = z))) & (!((w = 1)) | (0 = z))                            
      [+] Added test ... [ 1, 0, 0, -1 ]

    [%] Inferring {true} [k = 1] (7f x 6411t) ...                                     
    [%] Inferring {true} [k = 2] (7f x 6411t) ...                                     
    [?] Verifying [k = 2] --- (y = x) & ((w = 1) | !((0 = z))) & (!((w = 1)) | (0 = z))                            
      [+] Added test ... [ -1, -1, 0, 0 ]

    [%] Inferring {true} [k = 1] (7f x 6412t) ...                                     
    [%] Inferring {true} [k = 2] (7f x 6412t) ...                                     
    [?] Verifying [k = 2] --- (w > z) & (y = x) & ((w = 1) | !((0 = z))) & (!((w = 1)) | (0 = z))                            
      [+] Added test ... [ 0, -2, 0, 0 ]

    [%] Inferring {true} [k = 1] (7f x 6413t) ...                                     
    [%] Inferring {true} [k = 2] (7f x 6413t) ...                                     
    [?] Verifying [k = 2] --- (!((w = y)) | (0 = z)) & (w > z) & (y = x) & ((w = 1) | !((0 = z))) & (!((w = 1)) | (0 = z))                            
      [+] Added test ... [ 0, -2, 1, 1 ]

    [%] Removing conflicts ...  @2 @3
    [%] Inferring {true} [k = 1] (8f x 6414t) ...                                     
    [%] Inferring {true} [k = 2] (8f x 6414t) ...                                     
    [?] Verifying [k = 2] --- (!((w = y)) | (0 = z)) & (y = x) & (!((y > w)) | (y > 1)) & ((w = 1) | !((0 = z))) & (!((w = 1)) | (0 = z))                            
      [+] Added test ... [ -1, -1, -2, -2 ]

    [%] Inferring {true} [k = 1] (8f x 6415t) ...                                     
    [%] Inferring {true} [k = 2] (8f x 6415t) ...                                     
    [?] Verifying [k = 2] --- (!((y > w)) | (y > 1)) & (!((w = 1)) | (0 = z)) & ((w = 1) | !((0 = z))) & (!((w = y)) | (0 = z)) & (y = x) & (w > z)                            
      [+] Added test ... [ 0, -2, -1, -1 ]

    [%] Inferring {true} [k = 1] (8f x 6416t) ...                                     
    [%] Inferring {true} [k = 2] (8f x 6416t) ...                                     
    [%] Inferring {true} [k = 3] (8f x 6416t) ...                                     
    [?] Verifying [k = 3] --- (y = x) & (w > z) & ((w = 1) | !((0 = z))) & ((z > y) | (0 = z) | (y > 1))                            
      [+] Added test ... [ 1, -1, 2, 2 ]

    [%] Inferring {true} [k = 1] (8f x 6417t) ...                                     
    [%] Inferring {true} [k = 2] (8f x 6417t) ...                                     
    [%] Inferring {true} [k = 3] (8f x 6417t) ...                                     
    [?] Verifying [k = 3] --- (!((w = 1)) | (0 = z)) & (y = x) & (w > z) & ((w = 1) | !((0 = z))) & ((z > y) | (0 = z) | (y > 1))                            
      [+] Added test ... [ 0, -2, 2, 2 ]

    [%] Removing conflicts ...  @2 @3
    [%] Inferring {true} [k = 1] (9f x 6418t) ...                                     
    [%] Inferring {true} [k = 2] (9f x 6418t) ...                                     
    [?] Verifying [k = 2] --- (y = x) & ((w = 1) | !((0 = z))) & ((0 = z) | (w > 1))                            
      [+] Added test ... [ 2, 2, 0, 0 ]

    [%] Inferring {true} [k = 1] (9f x 6419t) ...                                     
    [%] Inferring {true} [k = 2] (9f x 6419t) ...                                     
    [?] Verifying [k = 2] --- (w > z) & (y = x) & ((w = 1) | !((0 = z))) & ((0 = z) | (w > 1))                            
      [+] Added test ... [ 2, -1, 0, 0 ]

    [%] Inferring {true} [k = 1] (9f x 6420t) ...                                     
    [%] Inferring {true} [k = 2] (9f x 6420t) ...                                     
    [%] Inferring {true} [k = 3] (9f x 6420t) ...                                     
    [?] Verifying [k = 3] --- (w > z) & (y = x) & ((z > y) | (y > w) | (w = 1)) & ((0 = z) | (w > 1))                            
      [+] Added test ... [ 2, 0, -1, -1 ]

    [%] Inferring {true} [k = 1] (9f x 6421t) ...                                     
    [%] Inferring {true} [k = 2] (9f x 6421t) ...                                     
    [%] Inferring {true} [k = 3] (9f x 6421t) ...                                     
    [?] Verifying [k = 3] --- ((z > y) | (y > 1) | !((w > 1))) & (w > z) & (y = x) & ((w = 1) | !((0 = z))) & ((0 = z) | (w > 1))                            
      [+] Added test ... [ 2, -1, -2, -2 ]

    [%] Removing conflicts ...  @2 @3
    [%] Inferring {true} [k = 1] (10f x 6422t) ...                                     
    [%] Inferring {true} [k = 2] (10f x 6422t) ...                                     
    [?] Verifying [k = 2] --- (!((0 = z)) | !((w > 1))) & ((0 = z) | (w > 1)) & ((y > 1) | (1 = y))                            
      [+] Added test ... [ 2, -1, 0, 2 ]

    [%] Inferring {true} [k = 1] (10f x 6423t) ...                                     
    [%] Inferring {true} [k = 2] (10f x 6423t) ...                                     
    [?] Verifying [k = 2] --- (!((w = y)) | (1 = y)) & ((0 = z) | (w > 1)) & ((y > 1) | (1 = y))                            
      [+] Added test ... [ 0, 0, 0, 2 ]

    [%] Inferring {true} [k = 1] (10f x 6424t) ...                                     
    [%] Inferring {true} [k = 2] (10f x 6424t) ...                                     
    [?] Verifying [k = 2] --- (!((0 = z)) | !((w > 1))) & (y = x) & ((0 = z) | (w > 1)) & ((y > 1) | (1 = y))                            
      [+] Added test ... [ 0, 0, 2, 2 ]

    [%] Inferring {true} [k = 1] (10f x 6425t) ...                                     
    [%] Inferring {true} [k = 2] (10f x 6425t) ...                                     
    [?] Verifying [k = 2] --- (y = x) & ((w = 1) | !((0 = z))) & ((0 = z) | (w > 1)) & ((y > 1) | (1 = y))                            
      [+] Added test ... [ 2, 2, 2, 2 ]

    [%] Inferring {true} [k = 1] (10f x 6426t) ...                                     
    [%] Inferring {true} [k = 2] (10f x 6426t) ...                                     
    [?] Verifying [k = 2] --- (w > z) & (!((w = y)) | (1 = y)) & ((0 = z) | (w > 1)) & ((y > 1) | (1 = y))                            
      [+] Added test ... [ 2, 0, 0, 3 ]

    [%] Inferring {true} [k = 1] (10f x 6427t) ...                                     
    [%] Inferring {true} [k = 2] (10f x 6427t) ...                                     
    [?] Verifying [k = 2] --- (!((w = y)) | (1 = y)) & ((w = 1) | !((0 = z))) & ((0 = z) | (w > 1)) & ((y > 1) | (1 = y))                            
      [+] Added test ... [ 1, 0, 0, 2 ]

    [%] Inferring {true} [k = 1] (10f x 6428t) ...                                     
    [%] Inferring {true} [k = 2] (10f x 6428t) ...                                     
    [?] Verifying [k = 2] --- (!((0 = z)) | !((w > 1))) & (w > z) & ((0 = z) | (w > 1)) & (y = x) & ((y > 1) | (1 = y))                            
      [+] Added test ... [ 2, -1, 2, 2 ]

    [%] Inferring {true} [k = 1] (10f x 6429t) ...                                     
    [%] Inferring {true} [k = 2] (10f x 6429t) ...                                     
    [?] Verifying [k = 2] --- (w > z) & (!((w = y)) | (1 = y)) & ((0 = z) | (w > 1)) & (y = x) & ((y > 1) | (1 = y))                            
      [+] Added test ... [ 2, 0, 3, 3 ]

    [%] Inferring {true} [k = 1] (10f x 6430t) ...                                     
    [%] Inferring {true} [k = 2] (10f x 6430t) ...                                     
    [?] Verifying [k = 2] --- ((w = 1) | !((0 = z))) & (!((w = y)) | (1 = y)) & ((0 = z) | (w > 1)) & (y = x) & ((y > 1) | (1 = y))                            
      [+] Added test ... [ 2, 2, 3, 3 ]

    [%] Inferring {true} [k = 1] (10f x 6431t) ...                                     
    [%] Inferring {true} [k = 2] (10f x 6431t) ...                                     
    [?] Verifying [k = 2] --- (!((w = y)) | (1 = y)) & (!((0 = z)) | !((w > 1))) & (w > z) & ((0 = z) | (w > 1)) & (y = x) & ((y > 1) | (1 = y))                            
      [+] Added test ... [ 2, -1, 3, 3 ]

    [%] Removing conflicts ...  @2 @3
    [%] Inferring {true} [k = 1] (11f x 6432t) ...                                     
    [%] Inferring {true} [k = 2] (11f x 6432t) ...                                     
    [?] Verifying [k = 2] --- (y = x) & (w > z) & ((0 = z) | (z > 1)) & ((w = 1) | (z > 1))                            
      [+] Added test ... [ 4, 2, 0, 0 ]

    [%] Inferring {true} [k = 1] (11f x 6433t) ...                                     
    [%] Inferring {true} [k = 2] (11f x 6433t) ...                                     
    [?] Verifying [k = 2] --- ((y > 1) | (1 = y)) & (y = x) & (w > z) & ((0 = z) | (z > 1)) & ((w = 1) | (z > 1))                            
      [+] Added test ... [ 4, 2, 2, 2 ]

    [%] Inferring {true} [k = 1] (11f x 6434t) ...                                     
    [%] Inferring {true} [k = 2] (11f x 6434t) ...                                     
    [%] Inferring {true} [k = 3] (11f x 6434t) ...                                     
    [?] Verifying [k = 3] --- ((z > y) | (y > w) | !((z > 1))) & ((y > 1) | (1 = y)) & (y = x) & (w > z) & ((0 = z) | (z > 1)) & ((w = 1) | (z > 1))                            
      [+] Added test ... [ 5, 3, 2, 2 ]

    [%] Removing conflicts ...  @2 @3 @4
    [%] Inferring {true} [k = 1] (12f x 6435t) ...                                     
    [?] Verifying [k = 1] --- (y = x) & (w = (z + 1))                            

     - Result = ((y = x) & (w = (z + 1)))

   # Loop_3 | Invariant @ Postcondition: ((y = x) & (w = (z + 1)))

   # Loop_3 | Inductive Check: ((!((y = x) & (w = (z + 1)))) | false | ((y = x) & (((x + y) + 1) = ((x + y) + 1)))) is valid!

   + Found guard in B13 for loop #2

     - post_2 : ((y = x) & (w = (z + 1)))
     - guard : NON-DETERMINISTIC

   [Q7] Abduction query = (false | ((y = x) & (w = (z + 1))))
   [#] Simplified query: (false | ((y = x) & (w = (z + 1))))

    [%] Inferring {true} [k = 1] (0f x 6400t) ...                                     
    [?] Verifying [k = 1] --- true                            
      [+] Added test ... [ -1, 0, 0, 0 ]

    [%] Removing conflicts ...  @2 @3
    [%] Inferring {true} [k = 1] (1f x 6401t) ...                                     
    [?] Verifying [k = 1] --- (x = y)                            
      [+] Added test ... [ 0, 0, 0, 0 ]

    [%] Removing conflicts ...  @2 @3
    [%] Inferring {true} [k = 1] (2f x 6402t) ...                                     
    [?] Verifying [k = 1] --- (w > z)                            
      [+] Added test ... [ -1, 0, 1, 0 ]

    [%] Inferring {true} [k = 1] (2f x 6403t) ...                                     
    [?] Verifying [k = 1] --- (x = y) & (w > z)                            
      [+] Added test ... [ 0, 0, 2, 0 ]

    [%] Removing conflicts ...  @2 @3
    [%] Inferring {true} [k = 1] (3f x 6404t) ...                                     
    [?] Verifying [k = 1] --- (z > 1)                            
      [+] Added test ... [ -1, 0, 0, 2 ]

    [%] Inferring {true} [k = 1] (3f x 6405t) ...                                     
    [?] Verifying [k = 1] --- (w > z) & (z > 1)                            
      [+] Added test ... [ -1, 0, 3, 2 ]

    [%] Inferring {true} [k = 1] (3f x 6406t) ...                                     
    [?] Verifying [k = 1] --- (x = y) & (z > 1)                            
      [+] Added test ... [ 0, 0, 0, 2 ]

    [%] Inferring {true} [k = 1] (3f x 6407t) ...                                     
    [?] Verifying [k = 1] --- (x = y) & (w > z) & (z > 1)                            
      [+] Added test ... [ 0, 0, 4, 2 ]

    [%] Removing conflicts ...  @2 @3
    [%] Inferring {true} [k = 1] (4f x 6408t) ...                                     
    [?] Verifying [k = 1] --- (x > 1)                            
      [+] Added test ... [ 0, 2, 0, 0 ]

    [%] Inferring {true} [k = 1] (4f x 6409t) ...                                     
    [?] Verifying [k = 1] --- (z > 1) & (x > 1)                            
      [+] Added test ... [ 0, 2, 0, 2 ]

    [%] Inferring {true} [k = 1] (4f x 6410t) ...                                     
    [?] Verifying [k = 1] --- (w > z) & (x > 1)                            
      [+] Added test ... [ 0, 2, 1, 0 ]

    [%] Inferring {true} [k = 1] (4f x 6411t) ...                                     
    [?] Verifying [k = 1] --- (x = y) & (x > 1)                            
      [+] Added test ... [ 2, 2, 0, 0 ]

    [%] Inferring {true} [k = 1] (4f x 6412t) ...                                     
    [?] Verifying [k = 1] --- (w > z) & (z > 1) & (x > 1)                            
      [+] Added test ... [ 0, 2, 3, 2 ]

    [%] Inferring {true} [k = 1] (4f x 6413t) ...                                     
    [?] Verifying [k = 1] --- (z > 1) & (x = y) & (x > 1)                            
      [+] Added test ... [ 2, 2, 0, 2 ]

    [%] Inferring {true} [k = 1] (4f x 6414t) ...                                     
    [?] Verifying [k = 1] --- (x = y) & (w > z) & (x > 1)                            
      [+] Added test ... [ 2, 2, 2, 0 ]

    [%] Inferring {true} [k = 1] (4f x 6415t) ...                                     
    [?] Verifying [k = 1] --- (x = y) & (w > z) & (z > 1) & (x > 1)                            
      [+] Added test ... [ 2, 2, 4, 2 ]

    [%] Removing conflicts ...  @2 @3 @4
    [%] Removing conflicts ...  @2 @3 @4
    [%] Inferring {true} [k = 1] (6f x 6416t) ...                                     
    [?] Verifying [k = 1] --- (x = y) & (w = (z + 1))                            

     - Result = ((x = y) & (w = (z + 1)))

   # Loop_2 | Invariant @ Postcondition: ((x = y) & (w = (z + 1)))

   # Loop_2 | Inductive Check: ((!((x = y) & (w = (z + 1)))) | false | (((((((x + 1) = (y + 1)) & (w = (z + 1))) | (!((z % 2) = 0))) & ((((x + 1) = y) & (w = (z + 1))) | ((z % 2) = 0))) | (!((w % 2) = 1))) & (((((x = (y + 1)) & (w = (z + 1))) | (!((z % 2) = 0))) & (((x = y) & (w = (z + 1))) | ((z % 2) = 0))) | ((w % 2) = 1)))) is valid!

   # Loop_1 | Inductive Check: ((!((w = (z + 1)) & (x = y))) | false | ((x = y) & (w = (z + 1)))) is valid!

   # Precondition Check: ((1 = (0 + 1)) & (0 = 0)) is valid!


[###] Final invariants: [###]
Loop #1: ((w = (z + 1)) & (x = y))
Loop #2: ((x = y) & (w = (z + 1)))
Loop #3: ((y = x) & (w = (z + 1)))
================================================================================
checker_exec.sh: line 1: 28878 Aborted                 (core dumped) bin/pinvgen -wpath /home/saswat/Repos/PIE/logs/limit_8gb/6400/pie/16/26.cpp -abducer /home/saswat/Repos/PIE/abducer/abduce.sh -tool=pie -csize 16 --extra-arg=--std=c++11 ../../PIE/bm_oopsla/26.cpp --

real	1m10.855s
user	1m3.452s
sys	0m2.072s


--- Processed 26.cpp ---
sat: 77
unsat: 13
unk: 0
escher: 32

[$] OOM Count = 0
[$] MAX Usage = 152
