 ==>
725 tests for loop #1.
725 tests for loop #2.

(*) Checking loop invariant:
================================================================================
[#] Starting Loop Invariant Generation ...

   + Found guard in B4 for loop #2

     - post_2 : (true & (y = n))
     - guard : (x != n)

   [Q1] Abduction query = ((x != n) | (true & (y = n)))
   [#] Simplified query: ((x != n) | (true & (y = n)))

    [%] Inferring {true} [k = 1] (0f x 725t) ...                                     
    [?] Verifying [k = 1] --- true                            
      [+] Added test ... [ 0, 0, -1 ]

    [%] Removing conflicts ...  @2 @3
    [%] Inferring {true} [k = 1] (1f x 726t) ...                                     
    [?] Verifying [k = 1] --- (x = y)                            

     - Result = (x = y)

   # Loop_2 | Invariant @ Postcondition: (x = y)

   # Loop_2 | Inductive Check: ((!(x = y)) | (!(x != n)) | ((x - 1) = (y - 1))) is valid!

   + Found guard in B8 for loop #1

     - post_1 : (x = y)
     - guard : NON-DETERMINISTIC

   [Q2] Abduction query = (false | (x = y))
   [#] Simplified query: (false | (x = y))

    [%] Inferring {true} [k = 1] (0f x 725t) ...                                     
    [?] Verifying [k = 1] --- true                            
      [+] Added test ... [ 0, -1 ]

    [%] Removing conflicts ...  @2 @3
    [%] Inferring {true} [k = 1] (1f x 726t) ...                                     
    [?] Verifying [k = 1] --- (x = y)                            

     - Result = (x = y)

   # Loop_1 | Invariant @ Postcondition: (x = y)

   # Loop_1 | Inductive Check: ((!(x = y)) | false | ((x + 1) = (y + 1))) is valid!

   # Precondition Check: (0 = 0) is valid!


[###] Final invariants: [###]
Loop #1: (x = y)
Loop #2: (x = y)
================================================================================
checker_exec.sh: line 1:  6197 Aborted                 (core dumped) bin/pinvgen -wpath /home/saswat/Repos/PIE/logs/limit_8gb/6400/pie/16/28.cpp -abducer /home/saswat/Repos/PIE/abducer/abduce.sh -tool=pie -csize 16 --extra-arg=--std=c++11 ../../PIE/bm_oopsla/28.cpp --

real	0m20.082s
user	0m18.356s
sys	0m0.260s


--- Processed 28.cpp ---
sat: 2
unsat: 5
unk: 0
escher: 2

[$] OOM Count = 0
[$] MAX Usage = 120
