 ==>
1835 tests for loop #1.

(*) Checking loop invariant:
================================================================================
[#] Starting Loop Invariant Generation ...

   + Found guard in B6 for loop #1

     - post_1 : (((true & (x = n)) | (!(n > 0))) & (true | (n > 0)))
     - guard : (x < n)

   [Q1] Abduction query = ((x < n) | (((true & (x = n)) | (!(n > 0))) & (true | (n > 0))))
   [#] Simplified query: ((x < n) | (((true & (x = n)) | (!(n > 0))) & (true | (n > 0))))

    [%] Inferring {true} [k = 1] (0f x 1835t) ...                                     
    [?] Verifying [k = 1] --- true                            
      [+] Added test ... [ 2, 1 ]

    [%] Removing conflicts ...  @2 @3
    [%] Removing conflicts ...  @2 @3
    [%] Removing conflicts ...  @2 @3
    [%] Inferring {true} [k = 1] (3f x 1836t) ...                                     
    [%] Inferring {true} [k = 2] (3f x 1836t) ...                                     
    [%] Inferring {true} [k = 3] (3f x 1836t) ...                                     
    [?] Verifying [k = 3] --- ((n > 1) | (x = 0) | (x = n))                            
      [+] Added test ... [ 3, 2 ]

    [%] Removing conflicts ...  @2 @3
    [%] Inferring {true} [k = 1] (4f x 1837t) ...                                     
    [%] Inferring {true} [k = 2] (4f x 1837t) ...                                     
    [%] Inferring {true} [k = 3] (4f x 1837t) ...                                     
    [?] Verifying [k = 3] --- ((x = 0) | (x = n) | (n > x))                            

     - Result = (((x = 0) | (x = n)) | (n > x))

   # Loop_1 | Invariant @ Postcondition: (((x = 0) | (x = n)) | (n > x))

   # Loop_1 | Inductive Check: ((!(((x = 0) | (x = n)) | (n > x))) | (!(x < n)) | ((((x + 1) = 0) | ((x + 1) = n)) | (n > (x + 1)))) is valid!

   # Precondition Check: (((0 = 0) | (0 = n)) | (n > 0)) is valid!


[###] Final invariants: [###]
Loop #1: (((x = 0) | (x = n)) | (n > x))
================================================================================
checker_exec.sh: line 1:  9059 Aborted                 (core dumped) bin/pinvgen -wpath /home/saswat/Repos/PIE/logs/limit_8gb/6400/pie/16/35.cpp -abducer /home/saswat/Repos/PIE/abducer/abduce.sh -tool=pie -csize 16 --extra-arg=--std=c++11 ../../PIE/bm_oopsla/35.cpp --

real	0m17.651s
user	0m16.144s
sys	0m0.160s


--- Processed 35.cpp ---
sat: 2
unsat: 3
unk: 0
escher: 4

[$] OOM Count = 0
[$] MAX Usage = 105
