 ==>
6400 tests for loop #1.
6400 tests for loop #2.
6400 tests for loop #3.
6400 tests for loop #4.

(*) Checking loop invariant:
================================================================================
[#] Starting Loop Invariant Generation ...

   + Found guard in B8 for loop #4

     - post_4 : (((true & ((w >= z) & ((a - b) = 0))) | (!(w >= z))) & ((true & ((w >= z) & ((a - b) = 0))) | (w >= z)))
     - guard : NON-DETERMINISTIC

   [Q1] Abduction query = (false | (((true & ((w >= z) & ((a - b) = 0))) | (!(w >= z))) & ((true & ((w >= z) & ((a - b) = 0))) | (w >= z))))
   [#] Simplified query: (false | (((true & ((w >= z) & ((a - b) = 0))) | (!(w >= z))) & ((true & ((w >= z) & ((a - b) = 0))) | (w >= z))))

    [%] Inferring {true} [k = 1] (0f x 6400t) ...                                     
    [?] Verifying [k = 1] --- true                            
      [+] Added test ... [ -1, 0, 0, 0 ]

    [%] Removing conflicts ...  @2 @3
    [%] Inferring {true} [k = 1] (1f x 6401t) ...                                     
    [?] Verifying [k = 1] --- (z = w)                            
      [+] Added test ... [ 0, 0, -1, 0 ]

    [%] Removing conflicts ...  @2 @3
    [%] Inferring {true} [k = 1] (2f x 6402t) ...                                     
    [?] Verifying [k = 1] --- (z = w) & (b = a)                            

     - Result = ((z = w) & (b = a))

   # Loop_4 | Invariant @ Postcondition: ((z = w) & (b = a))

   # Loop_4 | Inductive Check: ((!((z = w) & (b = a))) | false | ((((z = w) & ((b + 1) = (a + 1))) | (!(flag != 0))) & (((z = w) & ((b + (d + 1)) = (a + (c + 1)))) | (flag != 0)))) is not valid!

   [Q2] Abduction query = ((!((z = w) & (b = a))) | false | ((((z = w) & ((b + 1) = (a + 1))) | (!(flag != 0))) & (((z = w) & ((b + (d + 1)) = (a + (c + 1)))) | (flag != 0))))
   [#] Simplified query: ((!((z = w) & (b = a))) | false | ((((z = w) & ((b + 1) = (a + 1))) | (!(flag != 0))) & (((z = w) & ((b + (d + 1)) = (a + (c + 1)))) | (flag != 0))))

    [%] Inferring {true} [k = 1] (0f x 6400t) ...                                     
    [?] Verifying [k = 1] --- true                            
      [+] Added test ... [ 0, 0, 0, 0, 0, 0, -1 ]

    [%] Removing conflicts ...  @2 @3
    [%] Inferring {true} [k = 1] (1f x 6401t) ...                                     
    [?] Verifying [k = 1] --- (d = c)                            

     - Result = (d = c)

   # Loop_4 | Invariant @ Inductive Condition: ((d = c) & ((z = w) & (b = a)))

   # Loop_4 | Inductive Check: ((!((d = c) & ((z = w) & (b = a)))) | false | (((((d + 1) = (c + 1)) & ((z = w) & ((b + 1) = (a + 1)))) | (!(flag != 0))) & ((((d + 1) = (c + 1)) & ((z = w) & ((b + (d + 1)) = (a + (c + 1))))) | (flag != 0)))) is valid!

   + Found guard in B23 for loop #1

     - post_1 : ((0 = 0) & ((z = w) & (b = a)))
     - guard : NON-DETERMINISTIC

   [Q3] Abduction query = (false | ((0 = 0) & ((z = w) & (b = a))))
   [#] Simplified query: (false | ((0 = 0) & ((z = w) & (b = a))))

    [%] Inferring {true} [k = 1] (0f x 6400t) ...                                     
    [?] Verifying [k = 1] --- true                            
      [+] Added test ... [ 0, -1, 0, 0 ]

    [%] Removing conflicts ...  @2 @3
    [%] Inferring {true} [k = 1] (1f x 6401t) ...                                     
    [?] Verifying [k = 1] --- (z = w)                            
      [+] Added test ... [ 0, 0, 0, -1 ]

    [%] Removing conflicts ...  @2 @3
    [%] Inferring {true} [k = 1] (2f x 6402t) ...                                     
    [?] Verifying [k = 1] --- (z = w) & (b = a)                            

     - Result = ((z = w) & (b = a))

   # Loop_1 | Invariant @ Postcondition: ((z = w) & (b = a))

   + Found guard in B16 for loop #3

     - post_3 : (((z + 1) = ((x + y) + 1)) & (b = a))
     - guard : NON-DETERMINISTIC

   [Q4] Abduction query = (false | (((z + 1) = ((x + y) + 1)) & (b = a)))
   [#] Simplified query: (false | (((z + 1) = ((x + y) + 1)) & (b = a)))

    [%] Inferring {true} [k = 1] (0f x 6400t) ...                                     
    [?] Verifying [k = 1] --- true                            
      [+] Added test ... [ 0, 0, -1, 0, 0 ]

    [%] Removing conflicts ...  @2 @3
    [%] Removing conflicts ...  @2 @3
    [%] Inferring {true} [k = 1] (2f x 6401t) ...                                     
    [%] Inferring {true} [k = 2] (2f x 6401t) ...                                     
    [?] Verifying [k = 2] --- ((x > z) | (a = y))                            
      [+] Added test ... [ 0, 1, 0, 0, 0 ]

    [%] Inferring {true} [k = 1] (2f x 6402t) ...                                     
    [%] Inferring {true} [k = 2] (2f x 6402t) ...                                     
    [?] Verifying [k = 2] --- (!((x > z)) | !((a = y))) & ((x > z) | (a = y))                            
      [+] Added test ... [ 0, -1, 0, 0, 0 ]

    [%] Removing conflicts ...  @2 @3
    [%] Inferring {true} [k = 1] (3f x 6403t) ...                                     
    [%] Inferring {true} [k = 2] (3f x 6403t) ...                                     
    [?] Verifying [k = 2] --- ((a = y) | !((z = x))) & (!((a = y)) | (z = x))                            
      [+] Added test ... [ 0, 0, -1, 0, -1 ]

    [%] Removing conflicts ...  @2 @3
    [%] Inferring {true} [k = 1] (4f x 6404t) ...                                     
    [%] Inferring {true} [k = 2] (4f x 6404t) ...                                     
    [?] Verifying [k = 2] --- ((a = y) | !((z = x))) & (b = a) & (!((a = y)) | (z = x))                            
      [+] Added test ... [ 0, -1, 0, -1, -1 ]

    [%] Inferring {true} [k = 1] (4f x 6405t) ...                                     
    [%] Inferring {true} [k = 2] (4f x 6405t) ...                                     
    [?] Verifying [k = 2] --- (b = a) & ((x > z) | (a = y)) & (!((a = y)) | (z = x))                            
      [+] Added test ... [ 0, 1, -2, -3, -3 ]

    [%] Removing conflicts ...  @2 @3
    [%] Inferring {true} [k = 1] (5f x 6406t) ...                                     
    [%] Inferring {true} [k = 2] (5f x 6406t) ...                                     
    [?] Verifying [k = 2] --- ((a = y) | !((z = x))) & (!((a = y)) | (z = x)) & (0 = a)                            
      [+] Added test ... [ 0, 0, 0, -1, 0 ]

    [%] Inferring {true} [k = 1] (5f x 6407t) ...                                     
    [%] Inferring {true} [k = 2] (5f x 6407t) ...                                     
    [?] Verifying [k = 2] --- ((a = y) | !((z = x))) & (b = a) & (!((a = y)) | (z = x)) & (0 = a)                            
      [+] Added test ... [ 0, -1, -1, 0, 0 ]

    [%] Inferring {true} [k = 1] (5f x 6408t) ...                                     
    [%] Inferring {true} [k = 2] (5f x 6408t) ...                                     
    [?] Verifying [k = 2] --- (b = a) & ((x > z) | (a = y)) & (!((a = y)) | (z = x)) & (0 = a)                            
      [+] Added test ... [ 0, 1, -2, 0, 0 ]

    [%] Removing conflicts ...  @2 @3
    [%] Inferring {true} [k = 1] (6f x 6409t) ...                                     
    [%] Inferring {true} [k = 2] (6f x 6409t) ...                                     
    [?] Verifying [k = 2] --- ((a = y) | (x > 1)) & (b = a) & ((z = x) | (x > 1))                            
      [+] Added test ... [ 0, 0, -1, -1, -1 ]

    [%] Inferring {true} [k = 1] (6f x 6410t) ...                                     
    [%] Inferring {true} [k = 2] (6f x 6410t) ...                                     
    [?] Verifying [k = 2] --- ((a = y) | (x > 1)) & (b = a) & (0 = a) & ((z = x) | (x > 1))                            
      [+] Added test ... [ 2, 2, -1, 0, 0 ]

    [%] Inferring {true} [k = 1] (6f x 6411t) ...                                     
    [%] Inferring {true} [k = 2] (6f x 6411t) ...                                     
    [?] Verifying [k = 2] --- (b = a) & ((a = y) | !((z = x))) & (0 = a) & ((z = x) | (x > 1))                            
      [+] Added test ... [ 3, 2, 0, 0, 0 ]

    [%] Inferring {true} [k = 1] (6f x 6412t) ...                                     
    [%] Inferring {true} [k = 2] (6f x 6412t) ...                                     
    [?] Verifying [k = 2] --- (!((a = y)) | (z = x)) & (b = a) & ((a = y) | !((z = x))) & (0 = a) & ((z = x) | (x > 1))                            
      [+] Added test ... [ 3, 2, -1, 0, 0 ]

    [%] Inferring {true} [k = 1] (6f x 6413t) ...                                     
    [%] Inferring {true} [k = 2] (6f x 6413t) ...                                     
    [?] Verifying [k = 2] --- (!((a = y)) | (z = x)) & (b = a) & (0 = a) & ((x > z) | (a = y)) & ((z = x) | (x > 1))                            
      [+] Added test ... [ 1, 2, -2, 0, 0 ]

    [%] Removing conflicts ...  @2 @3 @4
    [%] Removing conflicts ...  @2 @3
    [%] Removing conflicts ...  @2 @3 @4
    [%] Inferring {true} [k = 1] (9f x 6414t) ...                                     
    [%] Inferring {true} [k = 2] (9f x 6414t) ...                                     
    [%] Inferring {true} [k = 3] (9f x 6414t) ...                                     
    [?] Verifying [k = 3] --- (b = a) & (0 = a) & ((x > z) | !((a = (y + 1)))) & ((z = x) | (x > (z + 1)) | (a = (y + 1)))                            
      [+] Added test ... [ 0, 2, -1, 0, 0 ]

    [%] Inferring {true} [k = 1] (9f x 6415t) ...                                     
    [%] Inferring {true} [k = 2] (9f x 6415t) ...                                     
    [%] Inferring {true} [k = 3] (9f x 6415t) ...                                     
    [?] Verifying [k = 3] --- (!((x > (z + 1))) | !((a = (y + 1)))) & (b = a) & (0 = a) & ((x > z) | !((a = (y + 1)))) & ((z = x) | (x > (z + 1)) | (a = (y + 1)))                            
      [+] Added test ... [ 0, 0, -2, 0, 0 ]

    [%] Inferring {true} [k = 1] (9f x 6416t) ...                                     
    [%] Inferring {true} [k = 2] (9f x 6416t) ...                                     
    [%] Inferring {true} [k = 3] (9f x 6416t) ...                                     
    [?] Verifying [k = 3] --- (!((x > (z + 1))) | !((a = (y + 1)))) & (b = a) & (0 = a) & ((x > z) | (a = y)) & ((z = x) | (x > (z + 1)) | (a = (y + 1)))                            
      [+] Added test ... [ 0, 2, -3, 0, 0 ]

    [%] Removing conflicts ...  @2 @3 @4
    [%] Inferring {true} [k = 1] (10f x 6417t) ...                                     
    [%] Inferring {true} [k = 2] (10f x 6417t) ...                                     
    [%] Inferring {true} [k = 3] (10f x 6417t) ...                                     
    [?] Verifying [k = 3] --- (!((x > (z + 1))) | (x > (1 + 1))) & (b = a) & (0 = a) & ((x > z) | (a = y)) & ((z = x) | (a = (y + 1)) | (x > (1 + 1)))                            
      [+] Added test ... [ 2, 3, -2, 0, 0 ]

    [%] Inferring {true} [k = 1] (10f x 6418t) ...                                     
    [%] Inferring {true} [k = 2] (10f x 6418t) ...                                     
    [%] Inferring {true} [k = 3] (10f x 6418t) ...                                     
    [?] Verifying [k = 3] --- ((z = x) | (x > (z + 1)) | (a = (y + 1))) & (!((x > (z + 1))) | (x > (1 + 1))) & (b = a) & (0 = a) & ((x > z) | (a = y)) & ((z = x) | (a = (y + 1)) | (x > (1 + 1)))                            
      [+] Added test ... [ 1, 3, -1, 0, 0 ]

    [%] Inferring {true} [k = 1] (10f x 6419t) ...                                     
    [%] Inferring {true} [k = 2] (10f x 6419t) ...                                     
    [%] Inferring {true} [k = 3] (10f x 6419t) ...                                     
    [?] Verifying [k = 3] --- ((z = x) | (x > (z + 1)) | (a = (y + 1))) & (b = a) & (!((x > (z + 1))) | !((a = (y + 1)))) & (0 = a) & ((x > z) | (a = y)) & ((z = x) | (a = (y + 1)) | (x > (1 + 1)))                            
      [+] Added test ... [ 1, 3, -3, 0, 0 ]

    [%] Removing conflicts ...  @2 @3 @4 @5
    [%] Inferring {true} [k = 1] (11f x 6420t) ...                                     
    [?] Verifying [k = 1] --- (b = a) & (x = (z - y))                            

     - Result = ((b = a) & (x = (z - y)))

   # Loop_3 | Invariant @ Postcondition: ((b = a) & (x = (z - y)))

   # Loop_3 | Inductive Check: ((!((b = a) & (x = (z - y)))) | false | ((((b = a) & ((x + 2) = (z - (y - 2)))) | (!((x % 2) = 0))) & (((b = a) & ((x - 1) = (z - (y - 1)))) | ((x % 2) = 0)))) is not valid!

   [Q5] Abduction query = ((!((b = a) & (x = (z - y)))) | false | ((((b = a) & ((x + 2) = (z - (y - 2)))) | (!((x % 2) = 0))) & (((b = a) & ((x - 1) = (z - (y - 1)))) | ((x % 2) = 0))))
   [#] Simplified query: ((!((b = a) & (x = (z - y)))) | false | ((((b = a) & ((x + 2) = (z - (y - 2)))) | (!((x % 2) = 0))) & (((b = a) & ((x - 1) = (z - (y - 1)))) | ((x % 2) = 0))))

    [%] Inferring {true} [k = 1] (0f x 6400t) ...                                     
    [?] Verifying [k = 1] --- true                            
      [+] Added test ... [ 0, 0, 1, 0, -1 ]

    [%] Removing conflicts ...  @2 @3
    [%] Removing conflicts ...  @2 @3 @4
    [%] Inferring {true} [k = 1] (2f x 6401t) ...                                     
    [?] Verifying [k = 1] --- (! (x = 1))                            
      [+] Added test ... [ 0, 0, -1, 0, 1 ]

    [%] Removing conflicts ...  @2 @3
    [%] Inferring {true} [k = 1] (3f x 6402t) ...                                     
    [?] Verifying [k = 1] --- (! (x = 1)) & (1 > y)                            
      [+] Added test ... [ 0, 0, -1, -1, 0 ]

    [%] Removing conflicts ...  @2 @3
    [%] Inferring {true} [k = 1] (4f x 6403t) ...                                     
    [?] Verifying [k = 1] --- (! (x = 1)) & (a <= x)                            
      [+] Added test ... [ -1, -1, -1, 0, 1 ]

    [%] Inferring {true} [k = 1] (4f x 6404t) ...                                     
    [?] Verifying [k = 1] --- (! (x = 1)) & (1 > y) & (a <= x)                            
      [+] Added test ... [ -1, -1, -1, -1, 0 ]

    [%] Removing conflicts ...  @2 @3
    [%] Inferring {true} [k = 1] (5f x 6405t) ...                                     
    [?] Verifying [k = 1] --- (! (x = 1)) & (a <= x) & (0 = a)                            
      [+] Added test ... [ 0, 0, 3, 0, -3 ]

    [%] Removing conflicts ...  @2 @3
    [%] Removing conflicts ...  @2 @3 @4
    [%] Inferring {true} [k = 1] (7f x 6406t) ...                                     
    [%] Inferring {true} [k = 2] (7f x 6406t) ...                                     
    [?] Verifying [k = 2] --- (!((x > 2)) | (x > (2 + 1))) & (! (x = 1)) & (a <= x) & (0 = a)                            
      [+] Added test ... [ 0, 0, 5, 0, -5 ]

    [%] Removing conflicts ...  @2 @3 @4 @5
    [%] Inferring {true} [k = 1] (8f x 6407t) ...                                     
    [%] Inferring {true} [k = 2] (8f x 6407t) ...                                     
    [?] Verifying [k = 2] --- (0 = a) & ((z > a) | (z = (x % 2)))                            
      [+] Added test ... [ 0, 0, 1, 1, 0 ]

    [%] Inferring {true} [k = 1] (8f x 6408t) ...                                     
    [%] Inferring {true} [k = 2] (8f x 6408t) ...                                     
    [?] Verifying [k = 2] --- (! (x = 1)) & (0 = a) & ((z > a) | (z = (x % 2)))                            
      [+] Added test ... [ 0, 0, -1, 1, 2 ]

    [%] Inferring {true} [k = 1] (8f x 6409t) ...                                     
    [%] Inferring {true} [k = 2] (8f x 6409t) ...                                     
    [?] Verifying [k = 2] --- (! (x = 1)) & (1 > y) & ((z > a) | (z = (x % 2)))                            
      [+] Added test ... [ -2, -2, -1, -1, 0 ]

    [%] Inferring {true} [k = 1] (8f x 6410t) ...                                     
    [%] Inferring {true} [k = 2] (8f x 6410t) ...                                     
    [?] Verifying [k = 2] --- (!((z > a)) | !((z = (x % 2)))) & (0 = a) & ((z > a) | (z = (x % 2)))                            
      [+] Added test ... [ 0, 0, 1, 2, 1 ]

    [%] Inferring {true} [k = 1] (8f x 6411t) ...                                     
    [%] Inferring {true} [k = 2] (8f x 6411t) ...                                     
    [?] Verifying [k = 2] --- (! (x = 1)) & (0 = a) & (1 > y) & ((z > a) | (z = (x % 2)))                            
      [+] Added test ... [ 0, 0, 3, 1, -2 ]

    [%] Inferring {true} [k = 1] (8f x 6412t) ...                                     
    [%] Inferring {true} [k = 2] (8f x 6412t) ...                                     
    [?] Verifying [k = 2] --- (0 = a) & (!((z > a)) | !((z = (x % 2)))) & (1 > y) & ((z > a) | (z = (x % 2)))                            
      [+] Added test ... [ 0, 0, 3, 2, -1 ]

    [%] Inferring {true} [k = 1] (8f x 6413t) ...                                     
    [%] Inferring {true} [k = 2] (8f x 6413t) ...                                     
    [?] Verifying [k = 2] --- (!((x > 2)) | (x > (2 + 1))) & (0 = a) & (!((z > a)) | !((z = (x % 2)))) & (1 > y) & ((z > a) | (z = (x % 2)))                            
      [+] Added test ... [ 0, 0, 5, 2, -3 ]

    [%] Removing conflicts ...  @2 @3 @4
    [%] Removing conflicts ...  @2 @3 @4 @5 @6
    [%] Inferring {true} [k = 1] (10f x 6414t) ...                                     
    [%] Inferring {true} [k = 2] (10f x 6414t) ...                                     
    [?] Verifying [k = 2] --- (0 = a) & (!((z > a)) | !((z = (x % 2)))) & ((! (z = 2)) | (x > (((z + 1) + 1) + 1))) & (1 > y) & ((z > a) | (z = (x % 2)))                            
      [+] Added test ... [ 0, 0, 3, 3, 0 ]

    [%] Inferring {true} [k = 1] (10f x 6415t) ...                                     
    [%] Inferring {true} [k = 2] (10f x 6415t) ...                                     
    [?] Verifying [k = 2] --- ((! (z = 2)) | (x > (((z + 1) + 1) + 1))) & (! (x = 1)) & (0 = a) & (!((x > 2)) | (x > (2 + 1))) & (1 > y) & ((z > a) | (z = (x % 2)))                            
      [+] Added test ... [ 0, 0, 5, 3, -2 ]

    [%] Removing conflicts ...  @2 @3 @4
    [%] Inferring {true} [k = 1] (11f x 6416t) ...                                     
    [%] Inferring {true} [k = 2] (11f x 6416t) ...                                     
    [%] Inferring {true} [k = 3] (11f x 6416t) ...                                     
    [?] Verifying [k = 3] --- (! (x = 1)) & (0 = a) & (1 > y) & (!((x > 2)) | (x > (((z + 1) + 1) + 1)) | (z > (2 + 1))) & ((z > a) | (z = (x % 2)))                            
      [+] Added test ... [ 0, 0, 5, 4, -1 ]

    [%] Removing conflicts ...  @2 @3 @4 @5
    [%] Inferring {true} [k = 1] (12f x 6417t) ...                                     
    [?] Verifying [k = 1] --- (a = (x % 2))                            
      [+] Added test ... [ 1, 1, 1, 0, -1 ]

    [%] Inferring {true} [k = 1] (12f x 6418t) ...                                     
    [?] Verifying [k = 1] --- (0 = a) & (a = (x % 2))                            

     - Result = ((0 = a) & (a = (x % 2)))

   # Loop_3 | Invariant @ Inductive Condition: (((0 = a) & (a = (x % 2))) & ((b = a) & (x = (z - y))))

   # Loop_3 | Inductive Check: ((!(((0 = a) & (a = (x % 2))) & ((b = a) & (x = (z - y))))) | false | (((((0 = a) & (a = ((x + 2) % 2))) & ((b = a) & ((x + 2) = (z - (y - 2))))) | (!((x % 2) = 0))) & ((((0 = a) & (a = ((x - 1) % 2))) & ((b = a) & ((x - 1) = (z - (y - 1))))) | ((x % 2) = 0)))) is valid!

   + Found guard in B21 for loop #2

     - post_2 : (((((0 = a) & (a = ((z + 1) % 2))) & ((b = a) & ((z + 1) = (z - (k - 1))))) | (!((z % 2) = 1))) & ((((0 = a) & (a = (z % 2))) & ((b = a) & (z = (z - k)))) | ((z % 2) = 1)))
     - guard : (i < j)

   [Q6] Abduction query = ((i < j) | (((((0 = a) & (a = ((z + 1) % 2))) & ((b = a) & ((z + 1) = (z - (k - 1))))) | (!((z % 2) = 1))) & ((((0 = a) & (a = (z % 2))) & ((b = a) & (z = (z - k)))) | ((z % 2) = 1))))
   [#] Simplified query: ((i < j) | (((((0 = a) & (a = ((z + 1) % 2))) & ((b = a) & ((z + 1) = (z - (k - 1))))) | (!((z % 2) = 1))) & ((((0 = a) & (a = (z % 2))) & ((b = a) & (z = (z - k)))) | ((z % 2) = 1))))

    [%] Inferring {true} [k = 1] (0f x 6400t) ...                                     
    [?] Verifying [k = 1] --- true                            
      [+] Added test ... [ 0, 0, -1, -1, 0, 0 ]

    [%] Removing conflicts ...  @2 @3
    [%] Inferring {true} [k = 1] (1f x 6401t) ...                                     
    [?] Verifying [k = 1] --- (j = z)                            
      [+] Added test ... [ 0, -1, -1, -1, 0, 0 ]

    [%] Removing conflicts ...  @2 @3
    [%] Inferring {true} [k = 1] (2f x 6402t) ...                                     
    [?] Verifying [k = 1] --- (i = z)                            
      [+] Added test ... [ -1, -1, -1, -1, 0, 0 ]

    [%] Removing conflicts ...  @2 @3
    [%] Inferring {true} [k = 1] (3f x 6403t) ...                                     
    [?] Verifying [k = 1] --- (k = a)                            
      [+] Added test ... [ 0, 0, -1, -1, 0, -1 ]

    [%] Inferring {true} [k = 1] (3f x 6404t) ...                                     
    [?] Verifying [k = 1] --- (i = z) & (k = a)                            
      [+] Added test ... [ -1, -1, -1, -1, 0, -1 ]

    [%] Removing conflicts ...  @2 @3
    [%] Inferring {true} [k = 1] (4f x 6405t) ...                                     
    [?] Verifying [k = 1] --- (b = k) & (k = a)                            
      [+] Added test ... [ 0, 0, -1, -1, -1, -1 ]

    [%] Inferring {true} [k = 1] (4f x 6406t) ...                                     
    [?] Verifying [k = 1] --- (k = a) & (b = k) & (i = z)                            
      [+] Added test ... [ -1, -1, -1, -1, -1, -1 ]

    [%] Removing conflicts ...  @2 @3
    [%] Inferring {true} [k = 1] (5f x 6407t) ...                                     
    [?] Verifying [k = 1] --- (k = a) & (0 = k)                            
      [+] Added test ... [ 0, 0, 0, 0, -1, 0 ]

    [%] Inferring {true} [k = 1] (5f x 6408t) ...                                     
    [?] Verifying [k = 1] --- (b = k) & (k = a) & (0 = k)                            

     - Result = (((b = k) & (k = a)) & (0 = k))

   # Loop_2 | Invariant @ Postcondition: (((b = k) & (k = a)) & (0 = k))

   # Loop_2 | Inductive Check: ((!(((b = k) & (k = a)) & (0 = k))) | (!(i < j)) | (((b = (k + 1)) & ((k + 1) = a)) & (0 = (k + 1)))) is not valid!

   [Q7] Abduction query = ((!(((b = k) & (k = a)) & (0 = k))) | (!(i < j)) | (((b = (k + 1)) & ((k + 1) = a)) & (0 = (k + 1))))
   [#] Simplified query: ((!(((b = k) & (k = a)) & (0 = k))) | (!(i < j)) | (((b = (k + 1)) & ((k + 1) = a)) & (0 = (k + 1))))

    [%] Inferring {true} [k = 1] (0f x 6400t) ...                                     
    [?] Verifying [k = 1] --- true                            
      [+] Added test ... [ 0, 0, 0, -1, 0 ]

    [%] Removing conflicts ...  @2 @3
    [%] Inferring {true} [k = 1] (1f x 6401t) ...                                     
    [?] Verifying [k = 1] --- (j = i)                            

     - Result = (j = i)

   # Loop_2 | Invariant @ Inductive Condition: ((j = i) & (((b = k) & (k = a)) & (0 = k)))

   # Loop_2 | Inductive Check: ((!((j = i) & (((b = k) & (k = a)) & (0 = k)))) | (!(i < j)) | ((j = (i + 1)) & (((b = (k + 1)) & ((k + 1) = a)) & (0 = (k + 1))))) is valid!

   # Loop_1 | Inductive Check: ((!((z = w) & (b = a))) | false | ((w = z) & (((b = 0) & (0 = a)) & (0 = 0)))) is not valid!

   [Q8] Abduction query = ((!((z = w) & (b = a))) | false | ((w = z) & (((b = 0) & (0 = a)) & (0 = 0))))
   [#] Simplified query: ((!((z = w) & (b = a))) | false | ((w = z) & (((b = 0) & (0 = a)) & (0 = 0))))

    [%] Inferring {true} [k = 1] (0f x 6400t) ...                                     
    [?] Verifying [k = 1] --- true                            
      [+] Added test ... [ 0, 0, -1, -1 ]

    [%] Removing conflicts ...  @2 @3
    [%] Inferring {true} [k = 1] (1f x 6401t) ...                                     
    [?] Verifying [k = 1] --- (0 = a)                            

     - Result = (0 = a)

   # Loop_1 | Invariant @ Inductive Condition: ((0 = a) & ((z = w) & (b = a)))

   + Found guard in B16 for loop #3

     - post_3 : ((0 = a) & (((z + 1) = ((x + y) + 1)) & (b = a)))
     - guard : NON-DETERMINISTIC

   [Q9] Abduction query = (false | ((0 = a) & (((z + 1) = ((x + y) + 1)) & (b = a))))
   [#] Simplified query: (false | ((0 = a) & (((z + 1) = ((x + y) + 1)) & (b = a))))

    [%] Inferring {true} [k = 1] (0f x 6400t) ...                                     
    [?] Verifying [k = 1] --- true                            
      [+] Added test ... [ -1, 0, 0, 0, 0 ]

    [%] Removing conflicts ...  @2 @3
    [%] Inferring {true} [k = 1] (1f x 6401t) ...                                     
    [?] Verifying [k = 1] --- (b = a)                            
      [+] Added test ... [ -1, 0, 0, 0, -1 ]

    [%] Removing conflicts ...  @2 @3
    [%] Inferring {true} [k = 1] (2f x 6402t) ...                                     
    [?] Verifying [k = 1] --- (b = a) & (0 = b)                            
      [+] Added test ... [ 0, 0, 0, -1, 0 ]

    [%] Removing conflicts ...  @2 @3
    [%] Removing conflicts ...  @2 @3
    [%] Inferring {true} [k = 1] (4f x 6403t) ...                                     
    [%] Inferring {true} [k = 2] (4f x 6403t) ...                                     
    [?] Verifying [k = 2] --- (b = a) & ((x > z) | (b = y))                            
      [+] Added test ... [ -1, 0, 1, 0, -1 ]

    [%] Inferring {true} [k = 1] (4f x 6404t) ...                                     
    [%] Inferring {true} [k = 2] (4f x 6404t) ...                                     
    [?] Verifying [k = 2] --- ((x > z) | (b = y)) & (b = a) & (0 = b)                            
      [+] Added test ... [ 0, 0, 1, -2, 0 ]

    [%] Removing conflicts ...  @2 @3
    [%] Inferring {true} [k = 1] (5f x 6405t) ...                                     
    [%] Inferring {true} [k = 2] (5f x 6405t) ...                                     
    [?] Verifying [k = 2] --- (b = a) & ((b = y) | (x > 1))                            
      [+] Added test ... [ -1, 0, 0, -1, -1 ]

    [%] Inferring {true} [k = 1] (5f x 6406t) ...                                     
    [%] Inferring {true} [k = 2] (5f x 6406t) ...                                     
    [?] Verifying [k = 2] --- (b = a) & (0 = b) & ((b = y) | (x > 1))                            
      [+] Added test ... [ 0, 0, -1, 0, 0 ]

    [%] Removing conflicts ...  @2 @3
    [%] Inferring {true} [k = 1] (6f x 6407t) ...                                     
    [%] Inferring {true} [k = 2] (6f x 6407t) ...                                     
    [?] Verifying [k = 2] --- ((b = y) | !((b = x))) & (b = a) & ((x > 1) | (b = x))                            
      [+] Added test ... [ -1, 0, 2, -1, -1 ]

    [%] Inferring {true} [k = 1] (6f x 6408t) ...                                     
    [%] Inferring {true} [k = 2] (6f x 6408t) ...                                     
    [?] Verifying [k = 2] --- ((b = y) | !((b = x))) & (b = a) & (0 = b) & ((x > 1) | (b = x))                            
      [+] Added test ... [ 0, 3, 2, 0, 0 ]

    [%] Removing conflicts ...  @2 @3
    [%] Inferring {true} [k = 1] (7f x 6409t) ...                                     
    [%] Inferring {true} [k = 2] (7f x 6409t) ...                                     
    [?] Verifying [k = 2] --- ((b = y) | !((z = x))) & (b = a) & (!((b = y)) | (z = x)) & ((x > 1) | (b = x))                            
      [+] Added test ... [ -1, 0, 2, 0, -1 ]

    [%] Inferring {true} [k = 1] (7f x 6410t) ...                                     
    [%] Inferring {true} [k = 2] (7f x 6410t) ...                                     
    [?] Verifying [k = 2] --- (!((b = y)) | (z = x)) & ((b = y) | !((z = x))) & (b = a) & ((x > 1) | (z = x)) & (0 = b)                            
      [+] Added test ... [ 0, 0, 2, -3, 0 ]

    [%] Removing conflicts ...  @2 @3
    [%] Removing conflicts ...  @2 @3 @4
    [%] Inferring {true} [k = 1] (9f x 6411t) ...                                     
    [%] Inferring {true} [k = 2] (9f x 6411t) ...                                     
    [%] Inferring {true} [k = 3] (9f x 6411t) ...                                     
    [?] Verifying [k = 3] --- (!((b = y)) | (z = x)) & ((b = y) | !((z = x))) & (b = a) & ((z = x) | (z > b) | (x > (1 + 1))) & (0 = b)                            
      [+] Added test ... [ 0, 0, 3, -4, 0 ]

    [%] Removing conflicts ...  @2 @3 @4 @5
    [%] Inferring {true} [k = 1] (10f x 6412t) ...                                     
    [%] Inferring {true} [k = 2] (10f x 6412t) ...                                     
    [?] Verifying [k = 2] --- (!((b = y)) | (z = x)) & (b = a) & ((z > b) | (x = (b - y))) & (0 = b)                            
      [+] Added test ... [ 0, 1, 0, -1, 0 ]

    [%] Inferring {true} [k = 1] (10f x 6413t) ...                                     
    [%] Inferring {true} [k = 2] (10f x 6413t) ...                                     
    [?] Verifying [k = 2] --- (!((b = y)) | (z = x)) & (b = a) & ((z > b) | (x = (b - y))) & (0 = b) & ((x > 1) | (x = (b - y)))                            
      [+] Added test ... [ 0, 1, 2, -2, 0 ]

    [%] Inferring {true} [k = 1] (10f x 6414t) ...                                     
    [%] Inferring {true} [k = 2] (10f x 6414t) ...                                     
    [?] Verifying [k = 2] --- (!((b = y)) | (z = x)) & (!((z > b)) | !((x = (b - y)))) & (b = a) & ((z > b) | (x = (b - y))) & (0 = b) & ((x > 1) | (x = (b - y)))                            
      [+] Added test ... [ 0, 1, 2, -3, 0 ]

    [%] Removing conflicts ...  @2 @3 @4
    [%] Inferring {true} [k = 1] (11f x 6415t) ...                                     
    [%] Inferring {true} [k = 2] (11f x 6415t) ...                                     
    [%] Inferring {true} [k = 3] (11f x 6415t) ...                                     
    [?] Verifying [k = 3] --- (!((b = x)) | !((b = (y + 1)))) & (b = a) & ((z > b) | (x = (b - y))) & ((b = x) | (x > (1 + 1)) | (b = (y + 1)))                            
      [+] Added test ... [ -1, 0, 0, -2, -1 ]

    [%] Inferring {true} [k = 1] (11f x 6416t) ...                                     
    [%] Inferring {true} [k = 2] (11f x 6416t) ...                                     
    [%] Inferring {true} [k = 3] (11f x 6416t) ...                                     
    [?] Verifying [k = 3] --- ((z > b) | (x = (b - y))) & (b = a) & ((x > 1) | !((b = (y + 1)))) & ((b = x) | (x > (1 + 1)) | (b = (y + 1)))                            
      [+] Added test ... [ -1, 0, 2, -2, -1 ]

    [%] Inferring {true} [k = 1] (11f x 6417t) ...                                     
    [%] Inferring {true} [k = 2] (11f x 6417t) ...                                     
    [%] Inferring {true} [k = 3] (11f x 6417t) ...                                     
    [?] Verifying [k = 3] --- ((z > b) | (x = (b - y))) & (b = a) & (0 = b) & ((x > 1) | !((b = (y + 1)))) & ((b = x) | (x > (1 + 1)) | (b = (y + 1)))                            
      [+] Added test ... [ 0, 2, 2, -1, 0 ]

    [%] Inferring {true} [k = 1] (11f x 6418t) ...                                     
    [%] Inferring {true} [k = 2] (11f x 6418t) ...                                     
    [%] Inferring {true} [k = 3] (11f x 6418t) ...                                     
    [?] Verifying [k = 3] --- ((z > b) | (x = (b - y))) & (b = a) & (0 = b) & ((x > z) | !((b = (y + 1)))) & ((b = x) | (x > (1 + 1)) | (b = (y + 1)))                            
      [+] Added test ... [ 0, 1, 3, -1, 0 ]

    [%] Removing conflicts ...  @2 @3
    [%] Inferring {true} [k = 1] (12f x 6419t) ...                                     
    [%] Inferring {true} [k = 2] (12f x 6419t) ...                                     
    [%] Inferring {true} [k = 3] (12f x 6419t) ...                                     
    [?] Verifying [k = 3] --- (!((x > (1 + 1))) | !((b = (y + 1))) | (z > 1)) & ((z > b) | (x = (b - y))) & (b = a) & (0 = b) & ((x > z) | !((b = (y + 1)))) & ((b = x) | (x > (1 + 1)) | (b = (y + 1)))                            
      [+] Added test ... [ 0, 2, 4, -1, 0 ]

    [%] Removing conflicts ...  @2 @3 @4
    [%] Inferring {true} [k = 1] (13f x 6420t) ...                                     
    [%] Inferring {true} [k = 2] (13f x 6420t) ...                                     
    [?] Verifying [k = 2] --- ((x > (1 + 1)) | !((z > 1))) & (b = a) & ((b = (y + 1)) | !((x = (z + 1)))) & ((z > b) | (x = (b - y))) & (!((b = (y + 1))) | (x = (z + 1))) & (0 = b)                            
      [+] Added test ... [ 0, 1, 3, -3, 0 ]

    [%] Inferring {true} [k = 1] (13f x 6421t) ...                                     
    [%] Inferring {true} [k = 2] (13f x 6421t) ...                                     
    [?] Verifying [k = 2] --- (!((z > b)) | !((x = (b - y)))) & ((x > (1 + 1)) | !((z > 1))) & (b = a) & ((b = (y + 1)) | !((x = (z + 1)))) & ((z > b) | (x = (b - y))) & (!((b = (y + 1))) | (x = (z + 1))) & (0 = b)                            
      [+] Added test ... [ 0, 1, 3, -4, 0 ]

    [%] Removing conflicts ...  @2 @3 @4 @5
    [%] Inferring {true} [k = 1] (14f x 6422t) ...                                     
    [?] Verifying [k = 1] --- (b = a) & (0 = b) & (x = (z - y))                            

     - Result = (((b = a) & (0 = b)) & (x = (z - y)))

   # Loop_3 | Invariant @ Postcondition: (((b = a) & (0 = b)) & (x = (z - y)))

   # Loop_3 | Inductive Check: ((!(((b = a) & (0 = b)) & (x = (z - y)))) | false | (((((b = a) & (0 = b)) & ((x + 2) = (z - (y - 2)))) | (!((x % 2) = 0))) & ((((b = a) & (0 = b)) & ((x - 1) = (z - (y - 1)))) | ((x % 2) = 0)))) is not valid!

   [Q10] Abduction query = ((!(((b = a) & (0 = b)) & (x = (z - y)))) | false | (((((b = a) & (0 = b)) & ((x + 2) = (z - (y - 2)))) | (!((x % 2) = 0))) & ((((b = a) & (0 = b)) & ((x - 1) = (z - (y - 1)))) | ((x % 2) = 0))))
   [#] Simplified query: ((!(((b = a) & (0 = b)) & (x = (z - y)))) | false | (((((b = a) & (0 = b)) & ((x + 2) = (z - (y - 2)))) | (!((x % 2) = 0))) & ((((b = a) & (0 = b)) & ((x - 1) = (z - (y - 1)))) | ((x % 2) = 0))))

    [%] Inferring {true} [k = 1] (0f x 6400t) ...                                     
    [?] Verifying [k = 1] --- true                            
      [+] Added test ... [ 0, 0, 1, 0, -1 ]

    [%] Removing conflicts ...  @2 @3
    [%] Removing conflicts ...  @2 @3 @4
    [%] Inferring {true} [k = 1] (2f x 6401t) ...                                     
    [?] Verifying [k = 1] --- (! (x = 1))                            
      [+] Added test ... [ 0, 0, -1, 0, 1 ]

    [%] Removing conflicts ...  @2 @3
    [%] Inferring {true} [k = 1] (3f x 6402t) ...                                     
    [?] Verifying [k = 1] --- (! (x = 1)) & (1 > y)                            
      [+] Added test ... [ 0, 0, -1, -1, 0 ]

    [%] Removing conflicts ...  @2 @3
    [%] Inferring {true} [k = 1] (4f x 6403t) ...                                     
    [?] Verifying [k = 1] --- (! (x = 1)) & (a <= x)                            
      [+] Added test ... [ 0, 0, 3, 0, -3 ]

    [%] Removing conflicts ...  @2 @3
    [%] Removing conflicts ...  @2 @3 @4
    [%] Inferring {true} [k = 1] (6f x 6404t) ...                                     
    [%] Inferring {true} [k = 2] (6f x 6404t) ...                                     
    [?] Verifying [k = 2] --- (!((x > 2)) | (x > (2 + 1))) & (! (x = 1)) & (a <= x)                            
      [+] Added test ... [ 0, 0, 5, 0, -5 ]

    [%] Removing conflicts ...  @2 @3 @4 @5
    [%] Inferring {true} [k = 1] (7f x 6405t) ...                                     
    [%] Inferring {true} [k = 2] (7f x 6405t) ...                                     
    [?] Verifying [k = 2] --- ((z > a) | (z = (x % 2)))                            
      [+] Added test ... [ 0, 0, 1, 1, 0 ]

    [%] Inferring {true} [k = 1] (7f x 6406t) ...                                     
    [%] Inferring {true} [k = 2] (7f x 6406t) ...                                     
    [?] Verifying [k = 2] --- (! (x = 1)) & ((z > a) | (z = (x % 2)))                            
      [+] Added test ... [ 0, 0, -1, 1, 2 ]

    [%] Inferring {true} [k = 1] (7f x 6407t) ...                                     
    [%] Inferring {true} [k = 2] (7f x 6407t) ...                                     
    [?] Verifying [k = 2] --- (!((z > a)) | !((z = (x % 2)))) & ((z > a) | (z = (x % 2)))                            
      [+] Added test ... [ 0, 0, 1, 2, 1 ]

    [%] Inferring {true} [k = 1] (7f x 6408t) ...                                     
    [%] Inferring {true} [k = 2] (7f x 6408t) ...                                     
    [?] Verifying [k = 2] --- (! (x = 1)) & (1 > y) & ((z > a) | (z = (x % 2)))                            
      [+] Added test ... [ 0, 0, 3, 1, -2 ]

    [%] Inferring {true} [k = 1] (7f x 6409t) ...                                     
    [%] Inferring {true} [k = 2] (7f x 6409t) ...                                     
    [?] Verifying [k = 2] --- (1 > y) & (!((z > a)) | !((z = (x % 2)))) & ((z > a) | (z = (x % 2)))                            
      [+] Added test ... [ 0, 0, 3, 2, -1 ]

    [%] Inferring {true} [k = 1] (7f x 6410t) ...                                     
    [%] Inferring {true} [k = 2] (7f x 6410t) ...                                     
    [?] Verifying [k = 2] --- (!((x > 2)) | (x > (2 + 1))) & (1 > y) & (!((z > a)) | !((z = (x % 2)))) & ((z > a) | (z = (x % 2)))                            
      [+] Added test ... [ 0, 0, 5, 2, -3 ]

    [%] Removing conflicts ...  @2 @3 @4
    [%] Removing conflicts ...  @2 @3 @4 @5 @6
    [%] Inferring {true} [k = 1] (9f x 6411t) ...                                     
    [%] Inferring {true} [k = 2] (9f x 6411t) ...                                     
    [?] Verifying [k = 2] --- (!((z > a)) | !((z = (x % 2)))) & ((! (z = 2)) | (x > (((z + 1) + 1) + 1))) & ((z > a) | (z = (x % 2)))                            
      [+] Added test ... [ 0, 0, -1, 3, 4 ]

    [%] Inferring {true} [k = 1] (9f x 6412t) ...                                     
    [%] Inferring {true} [k = 2] (9f x 6412t) ...                                     
    [?] Verifying [k = 2] --- (!((z > a)) | !((z = (x % 2)))) & ((! (z = 2)) | (x > (((z + 1) + 1) + 1))) & (1 > y) & ((z > a) | (z = (x % 2)))                            
      [+] Added test ... [ 0, 0, 3, 3, 0 ]

    [%] Inferring {true} [k = 1] (9f x 6413t) ...                                     
    [%] Inferring {true} [k = 2] (9f x 6413t) ...                                     
    [?] Verifying [k = 2] --- ((! (z = 2)) | (x > (((z + 1) + 1) + 1))) & (! (x = 1)) & (!((x > 2)) | (x > (2 + 1))) & (1 > y) & ((z > a) | (z = (x % 2)))                            
      [+] Added test ... [ 0, 0, 5, 3, -2 ]

    [%] Removing conflicts ...  @2 @3 @4
    [%] Inferring {true} [k = 1] (10f x 6414t) ...                                     
    [%] Inferring {true} [k = 2] (10f x 6414t) ...                                     
    [%] Inferring {true} [k = 3] (10f x 6414t) ...                                     
    [?] Verifying [k = 3] --- ((z > a) | (z = (x % 2))) & (! (x = 1)) & (a <= x) & (!((x > 2)) | (x > (((z + 1) + 1) + 1)) | (z > (2 + 1)))                            
      [+] Added test ... [ 0, 0, 3, 4, 1 ]

    [%] Inferring {true} [k = 1] (10f x 6415t) ...                                     
    [%] Inferring {true} [k = 2] (10f x 6415t) ...                                     
    [%] Inferring {true} [k = 3] (10f x 6415t) ...                                     
    [?] Verifying [k = 3] --- (! (x = 1)) & ((z > a) | (z = (x % 2))) & (1 > y) & (!((x > 2)) | (x > (((z + 1) + 1) + 1)) | (z > (2 + 1)))                            
      [+] Added test ... [ 0, 0, 5, 4, -1 ]

    [%] Removing conflicts ...  @2 @3 @4 @5
    [%] Inferring {true} [k = 1] (11f x 6416t) ...                                     
    [?] Verifying [k = 1] --- (a = (x % 2))                            

     - Result = (a = (x % 2))

   # Loop_3 | Invariant @ Inductive Condition: ((a = (x % 2)) & (((b = a) & (0 = b)) & (x = (z - y))))

   # Loop_3 | Inductive Check: ((!((a = (x % 2)) & (((b = a) & (0 = b)) & (x = (z - y))))) | false | ((((a = ((x + 2) % 2)) & (((b = a) & (0 = b)) & ((x + 2) = (z - (y - 2))))) | (!((x % 2) = 0))) & (((a = ((x - 1) % 2)) & (((b = a) & (0 = b)) & ((x - 1) = (z - (y - 1))))) | ((x % 2) = 0)))) is valid!

   + Found guard in B21 for loop #2

     - post_2 : ((((a = ((z + 1) % 2)) & (((b = a) & (0 = b)) & ((z + 1) = (z - (k - 1))))) | (!((z % 2) = 1))) & (((a = (z % 2)) & (((b = a) & (0 = b)) & (z = (z - k)))) | ((z % 2) = 1)))
     - guard : (i < j)

   [Q11] Abduction query = ((i < j) | ((((a = ((z + 1) % 2)) & (((b = a) & (0 = b)) & ((z + 1) = (z - (k - 1))))) | (!((z % 2) = 1))) & (((a = (z % 2)) & (((b = a) & (0 = b)) & (z = (z - k)))) | ((z % 2) = 1))))
   [#] Simplified query: ((i < j) | ((((a = ((z + 1) % 2)) & (((b = a) & (0 = b)) & ((z + 1) = (z - (k - 1))))) | (!((z % 2) = 1))) & (((a = (z % 2)) & (((b = a) & (0 = b)) & (z = (z - k)))) | ((z % 2) = 1))))

    [%] Inferring {true} [k = 1] (0f x 6400t) ...                                     
    [?] Verifying [k = 1] --- true                            
      [+] Added test ... [ 0, 0, -1, -1, 0, 0 ]

    [%] Removing conflicts ...  @2 @3
    [%] Inferring {true} [k = 1] (1f x 6401t) ...                                     
    [?] Verifying [k = 1] --- (j = z)                            
      [+] Added test ... [ 0, -1, -1, -1, 0, 0 ]

    [%] Removing conflicts ...  @2 @3
    [%] Inferring {true} [k = 1] (2f x 6402t) ...                                     
    [?] Verifying [k = 1] --- (i = z)                            
      [+] Added test ... [ -1, -1, -1, -1, 0, 0 ]

    [%] Removing conflicts ...  @2 @3
    [%] Inferring {true} [k = 1] (3f x 6403t) ...                                     
    [?] Verifying [k = 1] --- (k = a)                            
      [+] Added test ... [ 0, 0, -1, -1, 0, -1 ]

    [%] Inferring {true} [k = 1] (3f x 6404t) ...                                     
    [?] Verifying [k = 1] --- (i = z) & (k = a)                            
      [+] Added test ... [ -1, -1, -1, -1, 0, -1 ]

    [%] Removing conflicts ...  @2 @3
    [%] Inferring {true} [k = 1] (4f x 6405t) ...                                     
    [?] Verifying [k = 1] --- (b = k) & (k = a)                            
      [+] Added test ... [ 0, 0, -1, -1, -1, -1 ]

    [%] Inferring {true} [k = 1] (4f x 6406t) ...                                     
    [?] Verifying [k = 1] --- (k = a) & (b = k) & (i = z)                            
      [+] Added test ... [ -1, -1, -1, -1, -1, -1 ]

    [%] Removing conflicts ...  @2 @3
    [%] Inferring {true} [k = 1] (5f x 6407t) ...                                     
    [?] Verifying [k = 1] --- (k = a) & (0 = k)                            
      [+] Added test ... [ 0, 0, 0, 0, -1, 0 ]

    [%] Inferring {true} [k = 1] (5f x 6408t) ...                                     
    [?] Verifying [k = 1] --- (b = k) & (k = a) & (0 = k)                            

     - Result = (((b = k) & (k = a)) & (0 = k))

   # Loop_2 | Invariant @ Postcondition: (((b = k) & (k = a)) & (0 = k))

   # Loop_2 | Inductive Check: ((!(((b = k) & (k = a)) & (0 = k))) | (!(i < j)) | (((b = (k + 1)) & ((k + 1) = a)) & (0 = (k + 1)))) is not valid!

   [Q12] Abduction query = ((!(((b = k) & (k = a)) & (0 = k))) | (!(i < j)) | (((b = (k + 1)) & ((k + 1) = a)) & (0 = (k + 1))))
   [#] Simplified query: ((!(((b = k) & (k = a)) & (0 = k))) | (!(i < j)) | (((b = (k + 1)) & ((k + 1) = a)) & (0 = (k + 1))))

    [%] Inferring {true} [k = 1] (0f x 6400t) ...                                     
    [?] Verifying [k = 1] --- true                            
      [+] Added test ... [ 0, 0, 0, -1, 0 ]

    [%] Removing conflicts ...  @2 @3
    [%] Inferring {true} [k = 1] (1f x 6401t) ...                                     
    [?] Verifying [k = 1] --- (j = i)                            

     - Result = (j = i)

   # Loop_2 | Invariant @ Inductive Condition: ((j = i) & (((b = k) & (k = a)) & (0 = k)))

   # Loop_2 | Inductive Check: ((!((j = i) & (((b = k) & (k = a)) & (0 = k)))) | (!(i < j)) | ((j = (i + 1)) & (((b = (k + 1)) & ((k + 1) = a)) & (0 = (k + 1))))) is valid!

   # Loop_1 | Inductive Check: ((!((0 = a) & ((z = w) & (b = a)))) | false | ((w = z) & (((b = 0) & (0 = a)) & (0 = 0)))) is valid!

   # Precondition Check: ((0 = 0) & ((0 = 0) & (0 = 0))) is valid!


[###] Final invariants: [###]
Loop #1: ((0 = a) & ((z = w) & (b = a)))
Loop #2: ((j = i) & (((b = k) & (k = a)) & (0 = k)))
Loop #3: ((a = (x % 2)) & (((b = a) & (0 = b)) & (x = (z - y))))
Loop #4: ((d = c) & ((z = w) & (b = a)))
================================================================================
checker_exec.sh: line 1: 16654 Aborted                 (core dumped) bin/pinvgen -wpath /home/saswat/Repos/PIE/logs/limit_8gb/6400/pie/16/36.cpp -abducer /home/saswat/Repos/PIE/abducer/abduce.sh -tool=pie -csize 16 --extra-arg=--std=c++11 ../../PIE/bm_hola/36.cpp --

real	1m53.170s
user	1m43.676s
sys	0m2.596s


--- Processed 36.cpp ---
sat: 106
unsat: 19
unk: 0
escher: 66

[$] OOM Count = 0
[$] MAX Usage = 181
