 ==>
1809 tests for loop #1.

(*) Checking loop invariant:
================================================================================
[#] Starting Loop Invariant Generation ...

   + Found guard in B7 for loop #1

     - post_1 : (((true & (x = (2 * y))) | (!((i % 2) = 0))) & (true | ((i % 2) = 0)))
     - guard : (i < n)

   [Q1] Abduction query = ((i < n) | (((true & (x = (2 * y))) | (!((i % 2) = 0))) & (true | ((i % 2) = 0))))
   [#] Simplified query: ((i < n) | (((true & (x = (2 * y))) | (!((i % 2) = 0))) & (true | ((i % 2) = 0))))

    [%] Inferring {true} [k = 1] (0f x 1809t) ...                                     
    [?] Verifying [k = 1] --- true                            
      [+] Added test ... [ 0, 0, -1, 0 ]

    [%] Removing conflicts ...  @2 @3
    [%] Inferring {true} [k = 1] (1f x 1810t) ...                                     
    [?] Verifying [k = 1] --- (i = x)                            
      [+] Added test ... [ -2, -2, -2, 0 ]

    [%] Removing conflicts ...  @2 @3
    [%] Removing conflicts ...  @2 @3
    [%] Inferring {true} [k = 1] (3f x 1811t) ...                                     
    [%] Inferring {true} [k = 2] (3f x 1811t) ...                                     
    [?] Verifying [k = 2] --- ((n > y) | (y = x))                            
      [+] Added test ... [ 0, 0, -3, -1 ]

    [%] Inferring {true} [k = 1] (3f x 1812t) ...                                     
    [%] Inferring {true} [k = 2] (3f x 1812t) ...                                     
    [?] Verifying [k = 2] --- ((n > y) | (y = x)) & (i = x)                            
      [+] Added test ... [ 4, 4, 4, 3 ]

    [%] Removing conflicts ...  @2 @3 @4
    [%] Removing conflicts ...  @2 @3
    [%] Inferring {true} [k = 1] (5f x 1813t) ...                                     
    [%] Inferring {true} [k = 2] (5f x 1813t) ...                                     
    [?] Verifying [k = 2] --- ((n > y) | (y = x)) & ((n > (y + 1)) | (2 > y)) & (i = x)                            
      [+] Added test ... [ 6, 6, 6, 4 ]

    [%] Removing conflicts ...  @2 @3 @4 @5
    [%] Removing conflicts ...  @2 @3 @4 @5
    [%] Inferring {true} [k = 1] (7f x 1814t) ...                                     
    [%] Inferring {true} [k = 2] (7f x 1814t) ...                                     
    [?] Verifying [k = 2] --- (i = x) & ((n > (y * 2)) | (x = (y * 2)))                            
      [+] Added test ... [ 0, 0, 0, -1 ]

    [%] Removing conflicts ...  @2 @3
    [%] Inferring {true} [k = 1] (8f x 1815t) ...                                     
    [%] Inferring {true} [k = 2] (8f x 1815t) ...                                     
    [%] Inferring {true} [k = 3] (8f x 1815t) ...                                     
    [?] Verifying [k = 3] --- ((n > (y * 2)) | (x = (y * 2))) & ((n > (y + 1)) | (x = (y * 2)) | (1 = x))                            
      [+] Added test ... [ 4, 3, 1, 1 ]

    [%] Inferring {true} [k = 1] (8f x 1816t) ...                                     
    [%] Inferring {true} [k = 2] (8f x 1816t) ...                                     
    [%] Inferring {true} [k = 3] (8f x 1816t) ...                                     
    [?] Verifying [k = 3] --- ((n > (y * 2)) | (x = (y * 2))) & (i = x) & ((n > (y + 1)) | (x = (y * 2)) | (1 = x))                            
      [+] Added test ... [ 0, 0, 0, -2 ]

    [%] Removing conflicts ...  @2 @3
    [%] Inferring {true} [k = 1] (9f x 1817t) ...                                     
    [%] Inferring {true} [k = 2] (9f x 1817t) ...                                     
    [%] Inferring {true} [k = 3] (9f x 1817t) ...                                     
    [%] Inferring {true} [k = 4] (9f x 1817t) ...                                     
    [?] Verifying [k = 4] --- (!((2 > y)) | (x = (y * 2)) | (1 = x) | (1 = y)) & ((n > (y * 2)) | (x = (y * 2))) & (i = x) & ((n > (y + 1)) | (x = (y * 2)) | (1 = x))                            
      [+] Added test ... [ 4, 3, 4, 1 ]

    [%] Removing conflicts ...  @2 @3
    [%] Removing conflicts ...  @2 @3
    [%] Inferring {true} [k = 1] (11f x 1818t) ...                                     
    [%] Inferring {true} [k = 2] (11f x 1818t) ...                                     
    [%] Inferring {true} [k = 3] (11f x 1818t) ...                                     
    [%] Inferring {true} [k = 4] (11f x 1818t) ...                                     
    [?] Verifying [k = 4] --- (!((2 > y)) | (x = (y * 2)) | (1 = x) | (1 = y)) & (!((1 = y)) | (n > x) | (x = n)) & ((n > (y * 2)) | (x = (y * 2))) & (i = x) & ((n > (y + 1)) | (x = (y * 2)) | (1 = x))                            
      [+] Added test ... [ 4, 4, 4, 1 ]

    [%] Removing conflicts ...  @2 @3 @4
    [%] Inferring {true} [k = 1] (12f x 1819t) ...                                     
    [%] Inferring {true} [k = 2] (12f x 1819t) ...                                     
    [%] Inferring {true} [k = 3] (12f x 1819t) ...                                     
    [%] Inferring {true} [k = 4] (12f x 1819t) ...                                     
    [?] Verifying [k = 4] --- (i = x) & ((n > (y * 2)) | (x = (y * 2))) & (!((2 > y)) | (x = (y * 2)) | (1 = x) | (x = (2 + 1)))                            
      [+] Added test ... [ 6, 5, 6, 2 ]

    [%] Inferring {true} [k = 1] (12f x 1820t) ...                                     
    [%] Inferring {true} [k = 2] (12f x 1820t) ...                                     
    [%] Inferring {true} [k = 3] (12f x 1820t) ...                                     
    [%] Inferring {true} [k = 4] (12f x 1820t) ...                                     
    [?] Verifying [k = 4] --- ((x = (y * 2)) | (n > x) | (x = n)) & (i = x) & ((n > (y * 2)) | (x = (y * 2))) & (!((2 > y)) | (x = (y * 2)) | (1 = x) | (x = (2 + 1)))                            
      [+] Added test ... [ 6, 6, 6, 2 ]

    [%] Removing conflicts ...  @2 @3
    [%] Removing conflicts ...  @2 @3 @4 @5 @6
    [%] Inferring {true} [k = 1] (14f x 1821t) ...                                     
    [%] Inferring {true} [k = 2] (14f x 1821t) ...                                     
    [%] Inferring {true} [k = 3] (14f x 1821t) ...                                     
    [%] Inferring {true} [k = 4] (14f x 1821t) ...                                     
    [?] Verifying [k = 4] --- (i = x) & ((2 > y) | (x = (y * 2)) | (y > 2) | (x = (((y + 1) + 1) + 1))) & ((n > (y * 2)) | (x = (y * 2))) & (!((2 > y)) | (x = (y * 2)) | (1 = x) | (x = (2 + 1)))                            
      [+] Added test ... [ 8, 8, 8, 3 ]

    [%] Removing conflicts ...  @2 @3 @4
    [%] Removing conflicts ...  @2 @3 @4 @5
    [%] Inferring {true} [k = 1] (16f x 1822t) ...                                     
    [%] Inferring {true} [k = 2] (16f x 1822t) ...                                     
    [?] Verifying [k = 2] --- (i = x) & ((x = (y * 2)) | (1 = (x % 2)))                            

     - Result = ((i = x) & ((x = (y * 2)) | (1 = (x % 2))))

   # Loop_1 | Invariant @ Postcondition: ((i = x) & ((x = (y * 2)) | (1 = (x % 2))))

   # Loop_1 | Inductive Check: ((!((i = x) & ((x = (y * 2)) | (1 = (x % 2))))) | (!(i < n)) | (((((i + 1) = (x + 1)) & (((x + 1) = ((y + 1) * 2)) | (1 = ((x + 1) % 2)))) | (!(((i + 1) % 2) = 0))) & ((((i + 1) = (x + 1)) & (((x + 1) = (y * 2)) | (1 = ((x + 1) % 2)))) | (((i + 1) % 2) = 0)))) is not valid!

   [Q2] Abduction query = ((!((i = x) & ((x = (y * 2)) | (1 = (x % 2))))) | (!(i < n)) | (((((i + 1) = (x + 1)) & (((x + 1) = ((y + 1) * 2)) | (1 = ((x + 1) % 2)))) | (!(((i + 1) % 2) = 0))) & ((((i + 1) = (x + 1)) & (((x + 1) = (y * 2)) | (1 = ((x + 1) % 2)))) | (((i + 1) % 2) = 0))))
   [#] Simplified query: ((!((i = x) & ((x = (y * 2)) | (1 = (x % 2))))) | (!(i < n)) | (((((i + 1) = (x + 1)) & (((x + 1) = ((y + 1) * 2)) | (1 = ((x + 1) % 2)))) | (!(((i + 1) % 2) = 0))) & ((((i + 1) = (x + 1)) & (((x + 1) = (y * 2)) | (1 = ((x + 1) % 2)))) | (((i + 1) % 2) = 0))))

    [%] Inferring {true} [k = 1] (0f x 1809t) ...                                     
    [?] Verifying [k = 1] --- true                            
      [+] Added test ... [ -1, -1, 1, 0 ]

    [%] Removing conflicts ...  @2 @3
    [%] Removing conflicts ...  @2 @3
    [%] Inferring {true} [k = 1] (2f x 1810t) ...                                     
    [%] Inferring {true} [k = 2] (2f x 1810t) ...                                     
    [?] Verifying [k = 2] --- ((n > y) | (y = 0))                            
      [+] Added test ... [ 1, 1, 2, 3 ]

    [%] Removing conflicts ...  @2 @3
    [%] Inferring {true} [k = 1] (3f x 1811t) ...                                     
    [%] Inferring {true} [k = 2] (3f x 1811t) ...                                     
    [?] Verifying [k = 2] --- ((y = 0) | (x > y))                            
      [+] Added test ... [ -3, -3, 0, -2 ]

    [%] Removing conflicts ...  @2 @3
    [%] Inferring {true} [k = 1] (4f x 1812t) ...                                     
    [%] Inferring {true} [k = 2] (4f x 1812t) ...                                     
    [?] Verifying [k = 2] --- ((x > y) | (y = x))                            
      [+] Added test ... [ 5, 5, 4, 6 ]

    [%] Removing conflicts ...  @2 @3 @4
    [%] Removing conflicts ...  @2 @3
    [%] Inferring {true} [k = 1] (6f x 1813t) ...                                     
    [%] Inferring {true} [k = 2] (6f x 1813t) ...                                     
    [%] Inferring {true} [k = 3] (6f x 1813t) ...                                     
    [?] Verifying [k = 3] --- ((y = 0) | (x > (y + 1)) | (x = 2)) & ((x > y) | (y = x))                            
      [+] Added test ... [ 3, 3, 0, 4 ]

    [%] Inferring {true} [k = 1] (6f x 1814t) ...                                     
    [%] Inferring {true} [k = 2] (6f x 1814t) ...                                     
    [%] Inferring {true} [k = 3] (6f x 1814t) ...                                     
    [?] Verifying [k = 3] --- ((y = 0) | (x > (y + 1)) | (x = 2)) & (!((y = 0)) | !((x > (y + 1)))) & ((x > y) | (y = x))                            
      [+] Added test ... [ 1, 1, -1, 2 ]

    [%] Removing conflicts ...  @2 @3
    [%] Inferring {true} [k = 1] (7f x 1815t) ...                                     
    [%] Inferring {true} [k = 2] (7f x 1815t) ...                                     
    [%] Inferring {true} [k = 3] (7f x 1815t) ...                                     
    [?] Verifying [k = 3] --- ((y = 0) | (x > (y + 1)) | (x = 2)) & (!((y = 0)) | !((x > (y + 1)))) & (!((x > (y + 1))) | (n > 2)) & ((x > y) | (y = x))                            
      [+] Added test ... [ 1, 1, -1, 3 ]

    [%] Removing conflicts ...  @2 @3
    [%] Inferring {true} [k = 1] (8f x 1816t) ...                                     
    [%] Inferring {true} [k = 2] (8f x 1816t) ...                                     
    [?] Verifying [k = 2] --- (!((y = 0)) | !((x > 2))) & ((x > (y + 1)) | !((x > 2))) & (!((x > (y + 1))) | (x > 2)) & ((x > y) | (y = x))                            
      [+] Added test ... [ -1, -1, -2, 0 ]

    [%] Inferring {true} [k = 1] (8f x 1817t) ...                                     
    [%] Inferring {true} [k = 2] (8f x 1817t) ...                                     
    [%] Inferring {true} [k = 3] (8f x 1817t) ...                                     
    [?] Verifying [k = 3] --- (!((y = 0)) | !((x > 2))) & ((x > y) | (y = x)) & ((x > (y + 1)) | !((x > 2))) & ((y = 0) | (x = 2) | (x > 2))                            
      [+] Added test ... [ 3, 3, -1, 4 ]

    [%] Removing conflicts ...  @2 @3
    [%] Removing conflicts ...  @2 @3
    [%] Inferring {true} [k = 1] (10f x 1818t) ...                                     
    [%] Inferring {true} [k = 2] (10f x 1818t) ...                                     
    [%] Inferring {true} [k = 3] (10f x 1818t) ...                                     
    [?] Verifying [k = 3] --- ((x > y) | (y = x)) & ((x > (y + 1)) | !((y > 1))) & (!((x > 2)) | (y > 1) | (1 = y)) & ((y = 0) | (x = 2) | (x > 2))                            
      [+] Added test ... [ 5, 5, 1, 6 ]

    [%] Removing conflicts ...  @2 @3 @4
    [%] Inferring {true} [k = 1] (11f x 1819t) ...                                     
    [%] Inferring {true} [k = 2] (11f x 1819t) ...                                     
    [%] Inferring {true} [k = 3] (11f x 1819t) ...                                     
    [?] Verifying [k = 3] --- (!((x > 2)) | !((1 = y)) | (x = (2 + 1))) & ((x > y) | (y = x)) & ((x > (y + 1)) | !((y > 1))) & ((1 = y) | !((x = (2 + 1)))) & ((y = 0) | (x = 2) | (x > 2))                            
      [+] Added test ... [ 5, 5, 0, 6 ]

    [%] Inferring {true} [k = 1] (11f x 1820t) ...                                     
    [%] Inferring {true} [k = 2] (11f x 1820t) ...                                     
    [%] Inferring {true} [k = 3] (11f x 1820t) ...                                     
    [?] Verifying [k = 3] --- (!((x > 2)) | !((1 = y)) | (x = (2 + 1))) & ((x > y) | (y = x)) & ((y = 0) | (x > (y + 1)) | (x = 2)) & (!((x > (y + 1))) | (y > 1) | (1 = y))                            
      [+] Added test ... [ 7, 7, 5, 8 ]

    [%] Removing conflicts ...  @2 @3 @4 @5
    [%] Removing conflicts ...  @2 @3 @4 @5
    [%] Inferring {true} [k = 1] (13f x 1821t) ...                                     
    [%] Inferring {true} [k = 2] (13f x 1821t) ...                                     
    [%] Inferring {true} [k = 3] (13f x 1821t) ...                                     
    [?] Verifying [k = 3] --- (!((x > 2)) | !((1 = y)) | (x = (2 + 1))) & ((y = 0) | (x > 2) | (1 = y)) & ((! (n = (x + 1))) | (n > (y * 2))) & (!((x > (y + 1))) | (y > 1) | (1 = y))                            
      [+] Added test ... [ -1, -1, 1, 1 ]

    [%] Inferring {true} [k = 1] (13f x 1822t) ...                                     
    [%] Inferring {true} [k = 2] (13f x 1822t) ...                                     
    [%] Inferring {true} [k = 3] (13f x 1822t) ...                                     
    [?] Verifying [k = 3] --- (!((x > 2)) | !((1 = y)) | (x = (2 + 1))) & (!((x > 2)) | (y > 1) | (1 = y)) & ((! (n = (x + 1))) | (n > (y * 2))) & ((y = 0) | (x = 2) | (x > 2))                            
      [+] Added test ... [ 3, 3, 3, 5 ]

    [%] Inferring {true} [k = 1] (13f x 1823t) ...                                     
    [%] Inferring {true} [k = 2] (13f x 1823t) ...                                     
    [%] Inferring {true} [k = 3] (13f x 1823t) ...                                     
    [?] Verifying [k = 3] --- (!((x > 2)) | (y > 1) | (x = (2 + 1))) & ((1 = y) | !((x = (2 + 1)))) & ((! (n = (x + 1))) | (n > (y * 2))) & ((y = 0) | (x = 2) | (x > 2))                            
      [+] Added test ... [ 5, 5, 4, 7 ]

    [%] Inferring {true} [k = 1] (13f x 1824t) ...                                     
    [%] Inferring {true} [k = 2] (13f x 1824t) ...                                     
    [%] Inferring {true} [k = 3] (13f x 1824t) ...                                     
    [?] Verifying [k = 3] --- (!((x > 2)) | !((1 = y)) | (x = (2 + 1))) & ((! (n = (x + 1))) | (n > (y * 2))) & (!((x > (y + 1))) | (y > 1) | (1 = y)) & ((y = 0) | (x > (y + 1)) | (x = 2))                            
      [+] Added test ... [ -3, -3, 0, -1 ]

    [%] Inferring {true} [k = 1] (13f x 1825t) ...                                     
    [%] Inferring {true} [k = 2] (13f x 1825t) ...                                     
    [%] Inferring {true} [k = 3] (13f x 1825t) ...                                     
    [?] Verifying [k = 3] --- (!((x > 2)) | !((1 = y)) | (x = (2 + 1))) & ((x > y) | (y = x)) & ((! (n = (x + 1))) | (n > (y * 2))) & (!((x > (y + 1))) | (y > 1) | (1 = y)) & ((y = 0) | (x > (y + 1)) | (x = 2))                            
      [+] Added test ... [ 7, 7, 5, 9 ]

    [%] Removing conflicts ...  @2 @3
    [%] Inferring {true} [k = 1] (14f x 1826t) ...                                     
    [%] Inferring {true} [k = 2] (14f x 1826t) ...                                     
    [%] Inferring {true} [k = 3] (14f x 1826t) ...                                     
    [?] Verifying [k = 3] --- (!((x > 2)) | !((1 = y)) | (x = (2 + 1))) & ((y = 0) | (x > (y + 1)) | (1 = y)) & (!((x > (y + 1))) | (y > 1) | (1 = y)) & ((y = x) | (n > (y * 2)) | (n = x))                            
      [+] Added test ... [ 1, 1, 1, 2 ]

    [%] Inferring {true} [k = 1] (14f x 1827t) ...                                     
    [%] Inferring {true} [k = 2] (14f x 1827t) ...                                     
    [%] Inferring {true} [k = 3] (14f x 1827t) ...                                     
    [?] Verifying [k = 3] --- (!((x > 2)) | !((1 = y)) | (x = (2 + 1))) & ((y = 0) | (x > (y + 1)) | (x = 2)) & (!((x > (y + 1))) | (y > 1) | (1 = y)) & ((y = x) | (n > (y * 2)) | (n = x))                            
      [+] Added test ... [ -3, -3, 0, 1 ]

    [%] Inferring {true} [k = 1] (14f x 1828t) ...                                     
    [%] Inferring {true} [k = 2] (14f x 1828t) ...                                     
    [%] Inferring {true} [k = 3] (14f x 1828t) ...                                     
    [?] Verifying [k = 3] --- (!((x > 2)) | !((1 = y)) | (x = (2 + 1))) & ((x > y) | (y = x)) & ((y = 0) | (x > (y + 1)) | (x = 2)) & (!((x > (y + 1))) | (y > 1) | (1 = y)) & ((y = x) | (n > (y * 2)) | (n = x))                            
      [+] Added test ... [ 7, 7, 5, 11 ]

    [%] Removing conflicts ...  @2 @3 @4 @5
    [%] Removing conflicts ...  @2 @3
    [%] Inferring {true} [k = 1] (16f x 1829t) ...                                     
    [%] Inferring {true} [k = 2] (16f x 1829t) ...                                     
    [%] Inferring {true} [k = 3] (16f x 1829t) ...                                     
    [?] Verifying [k = 3] --- (!((y > 1)) | (x > ((y + 1) + 1)) | (y = 2)) & ((x > y) | (y = x)) & (!((1 = y)) | !((x > ((y + 1) + 1)))) & ((y = 0) | (x > (y + 1)) | (x = 2)) & (!((x > (y + 1))) | (y > 1) | (1 = y)) & ((y = x) | (n > (y * 2)) | (n = x))                            
      [+] Added test ... [ 7, 7, 2, 8 ]

    [%] Removing conflicts ...  @2 @3 @4 @5 @6
    [%] Inferring {true} [k = 1] (17f x 1830t) ...                                     
    [%] Inferring {true} [k = 2] (17f x 1830t) ...                                     
    [%] Inferring {true} [k = 3] (17f x 1830t) ...                                     
    [?] Verifying [k = 3] --- (!((y > 1)) | (x > ((y + 1) + 1)) | (y = 2)) & (!((x > ((y + 1) + 1))) | !((y = 2)) | (x = (((y + 1) + 1) + 1))) & ((x > y) | (y = x)) & (!((1 = y)) | !((x > ((y + 1) + 1)))) & ((y = 0) | (x > (y + 1)) | (x = 2)) & (!((x > (y + 1))) | (y > 1) | (1 = y)) & ((y = x) | (n > (y * 2)) | (n = x))                            
      [+] Added test ... [ 9, 9, 6, 13 ]

    [%] Removing conflicts ...  @2 @3 @4
    [%] Inferring {true} [k = 1] (18f x 1831t) ...                                     
    [%] Inferring {true} [k = 2] (18f x 1831t) ...                                     
    [%] Inferring {true} [k = 3] (18f x 1831t) ...                                     
    [?] Verifying [k = 3] --- (!((y > 1)) | (x > ((y + 1) + 1)) | (y = 2)) & (!((x > ((y + 1) + 1))) | !((y = 2)) | (x = (((y + 1) + 1) + 1))) & ((y = 2) | !((x = (((y + 1) + 1) + 1))) | (y = (2 + 1))) & ((x > y) | (y = x)) & (!((1 = y)) | !((x > ((y + 1) + 1)))) & ((y = 0) | (x > (y + 1)) | (x = 2)) & (!((x > (y + 1))) | (y > 1) | (1 = y)) & ((y = x) | (n > (y * 2)) | (n = x))                            
      [+] Added test ... [ 9, 9, 3, 10 ]

    [%] Removing conflicts ...  @2 @3 @4 @5 @6
    [%] Inferring {true} [k = 1] (19f x 1832t) ...                                     
    [%] Inferring {true} [k = 2] (19f x 1832t) ...                                     
    [%] Inferring {true} [k = 3] (19f x 1832t) ...                                     
    [%] Inferring {true} [k = 4] (19f x 1832t) ...                                     
    [?] Verifying [k = 4] --- ((! (n = (x + 1))) | (x = (((y + 1) + 1) + 1)) | !((y = (2 + 1))) | (n = (2 * (y + 1)))) & (!((y > 1)) | (x > ((y + 1) + 1)) | (y = 2)) & (!((x > ((y + 1) + 1))) | !((y = 2)) | (x = (((y + 1) + 1) + 1))) & ((y = 2) | !((x = (((y + 1) + 1) + 1))) | (y = (2 + 1))) & ((x > y) | (y = x)) & (!((1 = y)) | !((x > ((y + 1) + 1)))) & ((y = 0) | (x > (y + 1)) | (x = 2)) & (!((x > (y + 1))) | (y > 1) | (1 = y)) & ((y = x) | (n > (y * 2)) | (n = x))                            
      [+] Added test ... [ 9, 9, 3, 11 ]

    [%] Removing conflicts ...  @2 @3 @4 @5
    [%] Removing conflicts ...  @2 @3 @4 @5 @6
    [%] Inferring {true} [k = 1] (21f x 1833t) ...                                     
    [%] Inferring {true} [k = 2] (21f x 1833t) ...                                     
    [%] Inferring {true} [k = 3] (21f x 1833t) ...                                     
    [?] Verifying [k = 3] --- (!((y > 1)) | (x > ((y + 1) + 1)) | (y = 2)) & (!((x > ((y + 1) + 1))) | !((y = 2)) | (x = ((y * 2) + 1))) & (!((x = (((y + 1) + 1) + 1))) | (y = (2 + 1)) | (x = ((y * 2) + 1))) & ((! (n = (x + 1))) | (n > (y * 2))) & ((y = x) | (n > 2) | !((n > (x * 2)))) & ((x = (((y + 1) + 1) + 1)) | !((y = (2 + 1))) | (x = ((y * 2) + 1))) & (!((x > (y + 1))) | (y > 1) | (x = ((y * 2) + 1))) & ((y = x) | (n > (y * 2)) | (n = x))                            
      [+] Added test ... [ -3, -3, -3, -1 ]

    [%] Inferring {true} [k = 1] (21f x 1834t) ...                                     
    [%] Inferring {true} [k = 2] (21f x 1834t) ...                                     
    [%] Inferring {true} [k = 3] (21f x 1834t) ...                                     
    [?] Verifying [k = 3] --- (!((y > 1)) | (x > ((y + 1) + 1)) | (y = 2)) & (!((x > ((y + 1) + 1))) | !((y = 2)) | (x = ((y * 2) + 1))) & (!((x = (((y + 1) + 1) + 1))) | (y = (2 + 1)) | (x = ((y * 2) + 1))) & ((x > y) | (y = x)) & ((x = (((y + 1) + 1) + 1)) | !((y = (2 + 1))) | (x = ((y * 2) + 1))) & ((y = 0) | (x > (y + 1)) | (x = 2)) & (!((x > (y + 1))) | (y > 1) | (x = ((y * 2) + 1))) & ((y = x) | (n > (y * 2)) | (n = x))                            
      [+] Added test ... [ 11, 11, 7, 15 ]

    [%] Removing conflicts ...  @2 @3 @4 @5
    [%] Inferring {true} [k = 1] (22f x 1835t) ...                                     
    [%] Inferring {true} [k = 2] (22f x 1835t) ...                                     
    [?] Verifying [k = 2] --- ((x = ((y * 2) + 1)) | (x = (y * 2)))                            

     - Result = ((x = ((y * 2) + 1)) | (x = (y * 2)))

   # Loop_1 | Invariant @ Inductive Condition: (((x = ((y * 2) + 1)) | (x = (y * 2))) & ((i = x) & ((x = (y * 2)) | (1 = (x % 2)))))

   # Loop_1 | Inductive Check: ((!(((x = ((y * 2) + 1)) | (x = (y * 2))) & ((i = x) & ((x = (y * 2)) | (1 = (x % 2)))))) | (!(i < n)) | ((((((x + 1) = (((y + 1) * 2) + 1)) | ((x + 1) = ((y + 1) * 2))) & (((i + 1) = (x + 1)) & (((x + 1) = ((y + 1) * 2)) | (1 = ((x + 1) % 2))))) | (!(((i + 1) % 2) = 0))) & (((((x + 1) = ((y * 2) + 1)) | ((x + 1) = (y * 2))) & (((i + 1) = (x + 1)) & (((x + 1) = (y * 2)) | (1 = ((x + 1) % 2))))) | (((i + 1) % 2) = 0)))) is valid!

   # Precondition Check: (((0 = ((0 * 2) + 1)) | (0 = (0 * 2))) & ((0 = 0) & ((0 = (0 * 2)) | (1 = (0 % 2))))) is valid!


[###] Final invariants: [###]
Loop #1: (((x = ((y * 2) + 1)) | (x = (y * 2))) & ((i = x) & ((x = (y * 2)) | (1 = (x % 2)))))
================================================================================
checker_exec.sh: line 1:  1405 Aborted                 (core dumped) bin/pinvgen -wpath /home/saswat/Repos/PIE/logs/limit_8gb/6400/pie/16/38.cpp -abducer /home/saswat/Repos/PIE/abducer/abduce.sh -tool=pie -csize 16 --extra-arg=--std=c++11 ../../PIE/bm_hola/38.cpp --

real	0m35.680s
user	0m31.640s
sys	0m1.080s


--- Processed 38.cpp ---
sat: 40
unsat: 4
unk: 0
escher: 38

[$] OOM Count = 0
[$] MAX Usage = 385
