 ==>
6400 tests for loop #1.

(*) Checking loop invariant:
================================================================================
[#] Starting Loop Invariant Generation ...

   + Found guard in B11 for loop #1

     - post_1 : (((true & (((a + 1) % 2) = 1)) | (!(flag != 0))) & ((true & ((a % 2) = 1)) | (flag != 0)))
     - guard : NON-DETERMINISTIC

   [Q1] Abduction query = (false | (((true & (((a + 1) % 2) = 1)) | (!(flag != 0))) & ((true & ((a % 2) = 1)) | (flag != 0))))
   [#] Simplified query: (false | (((true & (((a + 1) % 2) = 1)) | (!(flag != 0))) & ((true & ((a % 2) = 1)) | (flag != 0))))

    [%] Inferring {true} [k = 1] (0f x 6400t) ...                                     
    [?] Verifying [k = 1] --- true                            
      [+] Added test ... [ -1, -1 ]

    [%] Removing conflicts ...  @2 @3
    [%] Removing conflicts ...  @2 @3
    [%] Inferring {true} [k = 1] (2f x 6401t) ...                                     
    [?] Verifying [k = 1] --- (0 <= a)                            
      [+] Added test ... [ 1, -1 ]

    [%] Removing conflicts ...  @2 @3 @4
    [%] Inferring {true} [k = 1] (3f x 6402t) ...                                     
    [?] Verifying [k = 1] --- (0 <= a) & (! (a = 1))                            
      [+] Added test ... [ 3, -1 ]

    [%] Removing conflicts ...  @2 @3 @4
    [%] Removing conflicts ...  @2 @3
    [%] Inferring {true} [k = 1] (5f x 6403t) ...                                     
    [%] Inferring {true} [k = 2] (5f x 6403t) ...                                     
    [%] Inferring {true} [k = 3] (5f x 6403t) ...                                     
    [?] Verifying [k = 3] --- (!((a > 2)) | (a > (2 + 1)) | (0 = flag)) & (0 <= a) & (! (a = 1))                            
      [+] Added test ... [ 0, 0 ]

    [%] Inferring {true} [k = 1] (5f x 6404t) ...                                     
    [%] Inferring {true} [k = 2] (5f x 6404t) ...                                     
    [%] Inferring {true} [k = 3] (5f x 6404t) ...                                     
    [?] Verifying [k = 3] --- (!((a > 2)) | (a > (2 + 1)) | (0 = flag)) & ((a > 2) | !((0 = flag))) & (0 <= a) & (! (a = 1))                            
      [+] Added test ... [ 4, 0 ]

    [%] Removing conflicts ...  @2 @3 @4 @5
    [%] Inferring {true} [k = 1] (6f x 6405t) ...                                     
    [%] Inferring {true} [k = 2] (6f x 6405t) ...                                     
    [?] Verifying [k = 2] --- (!((0 = flag)) | (1 = (a % 2))) & ((0 = flag) | !((1 = (a % 2))))                            

     - Result = (((!(0 = flag)) | (1 = (a % 2))) & ((0 = flag) | (!(1 = (a % 2)))))

   # Loop_1 | Invariant @ Postcondition: (((!(0 = flag)) | (1 = (a % 2))) & ((0 = flag) | (!(1 = (a % 2)))))

   # Loop_1 | Inductive Check: ((!(((!(0 = flag)) | (1 = (a % 2))) & ((0 = flag) | (!(1 = (a % 2)))))) | false | (((((((!(0 = flag)) | (1 = ((x + y) % 2))) & ((0 = flag) | (!(1 = ((x + y) % 2))))) | (!(((x + y) % 2) = 1))) & ((((!(0 = flag)) | (1 = ((x + y) % 2))) & ((0 = flag) | (!(1 = ((x + y) % 2))))) | (((x + y) % 2) = 1))) | (!(flag != 0))) & ((((((!(0 = flag)) | (1 = (((x + y) + 1) % 2))) & ((0 = flag) | (!(1 = (((x + y) + 1) % 2))))) | (!((((x + y) + 1) % 2) = 1))) & ((((!(0 = flag)) | (1 = (((x + y) + 1) % 2))) & ((0 = flag) | (!(1 = (((x + y) + 1) % 2))))) | ((((x + y) + 1) % 2) = 1))) | (flag != 0)))) is not valid!

   [Q2] Abduction query = ((!(((!(0 = flag)) | (1 = (a % 2))) & ((0 = flag) | (!(1 = (a % 2)))))) | false | (((((((!(0 = flag)) | (1 = ((x + y) % 2))) & ((0 = flag) | (!(1 = ((x + y) % 2))))) | (!(((x + y) % 2) = 1))) & ((((!(0 = flag)) | (1 = ((x + y) % 2))) & ((0 = flag) | (!(1 = ((x + y) % 2))))) | (((x + y) % 2) = 1))) | (!(flag != 0))) & ((((((!(0 = flag)) | (1 = (((x + y) + 1) % 2))) & ((0 = flag) | (!(1 = (((x + y) + 1) % 2))))) | (!((((x + y) + 1) % 2) = 1))) & ((((!(0 = flag)) | (1 = (((x + y) + 1) % 2))) & ((0 = flag) | (!(1 = (((x + y) + 1) % 2))))) | ((((x + y) + 1) % 2) = 1))) | (flag != 0))))
   [#] Simplified query: ((!(((!(0 = flag)) | (1 = (a % 2))) & ((0 = flag) | (!(1 = (a % 2)))))) | false | (((((((!(0 = flag)) | (1 = ((x + y) % 2))) & ((0 = flag) | (!(1 = ((x + y) % 2))))) | (!(((x + y) % 2) = 1))) & ((((!(0 = flag)) | (1 = ((x + y) % 2))) & ((0 = flag) | (!(1 = ((x + y) % 2))))) | (((x + y) % 2) = 1))) | (!(flag != 0))) & ((((((!(0 = flag)) | (1 = (((x + y) + 1) % 2))) & ((0 = flag) | (!(1 = (((x + y) + 1) % 2))))) | (!((((x + y) + 1) % 2) = 1))) & ((((!(0 = flag)) | (1 = (((x + y) + 1) % 2))) & ((0 = flag) | (!(1 = (((x + y) + 1) % 2))))) | ((((x + y) + 1) % 2) = 1))) | (flag != 0))))

    [%] Inferring {true} [k = 1] (0f x 6400t) ...                                     
    [?] Verifying [k = 1] --- true                            
      [+] Added test ... [ 0, 1, 0, -1 ]

    [%] Removing conflicts ...  @2 @3
    [%] Removing conflicts ...  @2 @3
    [%] Inferring {true} [k = 1] (2f x 6401t) ...                                     
    [%] Inferring {true} [k = 2] (2f x 6401t) ...                                     
    [?] Verifying [k = 2] --- ((1 = y) | (a = y))                            
      [+] Added test ... [ 0, -1, 0, 1 ]

    [%] Removing conflicts ...  @2 @3
    [%] Removing conflicts ...  @2 @3
    [%] Inferring {true} [k = 1] (4f x 6402t) ...                                     
    [%] Inferring {true} [k = 2] (4f x 6402t) ...                                     
    [%] Inferring {true} [k = 3] (4f x 6402t) ...                                     
    [?] Verifying [k = 3] --- ((a = y) | (x > 2) | (y = x))                            
      [+] Added test ... [ 0, -1, 0, -1 ]

    [%] Removing conflicts ...  @2 @3
    [%] Inferring {true} [k = 1] (5f x 6403t) ...                                     
    [%] Inferring {true} [k = 2] (5f x 6403t) ...                                     
    [?] Verifying [k = 2] --- ((x > 2) | (1 = x))                            
      [+] Added test ... [ 0, 1, 3, 0 ]

    [%] Inferring {true} [k = 1] (5f x 6404t) ...                                     
    [%] Inferring {true} [k = 2] (5f x 6404t) ...                                     
    [?] Verifying [k = 2] --- ((1 = y) | (1 = x)) & ((x > 2) | (1 = x))                            
      [+] Added test ... [ 0, 1, 4, 1 ]

    [%] Inferring {true} [k = 1] (5f x 6405t) ...                                     
    [%] Inferring {true} [k = 2] (5f x 6405t) ...                                     
    [?] Verifying [k = 2] --- ((1 = y) | (1 = x)) & (!((a = y)) | (1 = x)) & ((x > 2) | (1 = x))                            
      [+] Added test ... [ 0, -1, 4, 1 ]

    [%] Removing conflicts ...  @2 @3
    [%] Removing conflicts ...  @2 @3
    [%] Inferring {true} [k = 1] (7f x 6406t) ...                                     
    [%] Inferring {true} [k = 2] (7f x 6406t) ...                                     
    [%] Inferring {true} [k = 3] (7f x 6406t) ...                                     
    [?] Verifying [k = 3] --- ((1 = x) | (a > 2) | (2 = a))                            
      [+] Added test ... [ -1, 2, 0, -1 ]

    [%] Inferring {true} [k = 1] (7f x 6407t) ...                                     
    [%] Inferring {true} [k = 2] (7f x 6407t) ...                                     
    [%] Inferring {true} [k = 3] (7f x 6407t) ...                                     
    [?] Verifying [k = 3] --- ((x > 2) | !((2 = a))) & ((1 = x) | (a > 2) | (2 = a))                            
      [+] Added test ... [ -1, 2, 3, 0 ]

    [%] Inferring {true} [k = 1] (7f x 6408t) ...                                     
    [%] Inferring {true} [k = 2] (7f x 6408t) ...                                     
    [%] Inferring {true} [k = 3] (7f x 6408t) ...                                     
    [?] Verifying [k = 3] --- ((1 = y) | !((2 = a))) & ((1 = x) | (a > 2) | (2 = a))                            
      [+] Added test ... [ -1, 2, 0, 1 ]

    [%] Inferring {true} [k = 1] (7f x 6409t) ...                                     
    [%] Inferring {true} [k = 2] (7f x 6409t) ...                                     
    [%] Inferring {true} [k = 3] (7f x 6409t) ...                                     
    [?] Verifying [k = 3] --- ((1 = y) | !((2 = a))) & ((x > 2) | !((2 = a))) & ((1 = x) | (a > 2) | (2 = a))                            
      [+] Added test ... [ -1, 2, 4, 1 ]

    [%] Removing conflicts ...  @2 @3 @4
    [%] Inferring {true} [k = 1] (8f x 6410t) ...                                     
    [%] Inferring {true} [k = 2] (8f x 6410t) ...                                     
    [?] Verifying [k = 2] --- ((1 = y) | !((x = (a + 1)))) & ((x > 2) | (1 = x)) & ((a > 2) | (x = (a + 1)))                            
      [+] Added test ... [ 0, 3, 4, 1 ]

    [%] Removing conflicts ...  @2 @3 @4
    [%] Inferring {true} [k = 1] (9f x 6411t) ...                                     
    [%] Inferring {true} [k = 2] (9f x 6411t) ...                                     
    [?] Verifying [k = 2] --- ((1 = y) | !((! (0 = flag)))) & (!((x = (a + 1))) | (! (0 = flag))) & ((a > 2) | (x = (a + 1)))                            
      [+] Added test ... [ 0, 3, 0, 1 ]

    [%] Inferring {true} [k = 1] (9f x 6412t) ...                                     
    [%] Inferring {true} [k = 2] (9f x 6412t) ...                                     
    [?] Verifying [k = 2] --- ((1 = y) | !((! (0 = flag)))) & ((x = (a + 1)) | !((! (0 = flag)))) & ((1 = x) | (! (0 = flag)))                            
      [+] Added test ... [ 0, -1, 1, 0 ]

    [%] Inferring {true} [k = 1] (9f x 6413t) ...                                     
    [%] Inferring {true} [k = 2] (9f x 6413t) ...                                     
    [?] Verifying [k = 2] --- ((1 = y) | !((! (0 = flag)))) & ((1 = x) | (! (0 = flag))) & ((a > 2) | (x = (a + 1)))                            
      [+] Added test ... [ -1, 4, 0, 1 ]

    [%] Inferring {true} [k = 1] (9f x 6414t) ...                                     
    [%] Inferring {true} [k = 2] (9f x 6414t) ...                                     
    [?] Verifying [k = 2] --- ((1 = y) | (a > 2)) & (!((x = (a + 1))) | (! (0 = flag))) & ((1 = x) | (x = (a + 1)))                            
      [+] Added test ... [ 0, 3, 1, 0 ]

    [%] Inferring {true} [k = 1] (9f x 6415t) ...                                     
    [%] Inferring {true} [k = 2] (9f x 6415t) ...                                     
    [?] Verifying [k = 2] --- ((1 = y) | !((! (0 = flag)))) & ((1 = x) | (! (0 = flag))) & ((a = y) | (x = (a + 1)))                            

     - Result = ((((1 = y) | (!(!(0 = flag)))) & ((1 = x) | (!(0 = flag)))) & ((a = y) | (x = (a + 1))))

   # Loop_1 | Invariant @ Inductive Condition: (((((1 = y) | (!(!(0 = flag)))) & ((1 = x) | (!(0 = flag)))) & ((a = y) | (x = (a + 1)))) & (((!(0 = flag)) | (1 = (a % 2))) & ((0 = flag) | (!(1 = (a % 2))))))

   # Loop_1 | Inductive Check: ((!(((((1 = y) | (!(!(0 = flag)))) & ((1 = x) | (!(0 = flag)))) & ((a = y) | (x = (a + 1)))) & (((!(0 = flag)) | (1 = (a % 2))) & ((0 = flag) | (!(1 = (a % 2))))))) | false | (((((((((1 = (y + 1)) | (!(!(0 = flag)))) & ((1 = (x + 1)) | (!(0 = flag)))) & (((x + y) = (y + 1)) | ((x + 1) = ((x + y) + 1)))) & (((!(0 = flag)) | (1 = ((x + y) % 2))) & ((0 = flag) | (!(1 = ((x + y) % 2)))))) | (!(((x + y) % 2) = 1))) & ((((((1 = y) | (!(!(0 = flag)))) & ((1 = ((x + 1) + 1)) | (!(0 = flag)))) & (((x + y) = y) | (((x + 1) + 1) = ((x + y) + 1)))) & (((!(0 = flag)) | (1 = ((x + y) % 2))) & ((0 = flag) | (!(1 = ((x + y) % 2)))))) | (((x + y) % 2) = 1))) | (!(flag != 0))) & ((((((((1 = ((y + 1) + 1)) | (!(!(0 = flag)))) & ((1 = x) | (!(0 = flag)))) & ((((x + y) + 1) = ((y + 1) + 1)) | (x = (((x + y) + 1) + 1)))) & (((!(0 = flag)) | (1 = (((x + y) + 1) % 2))) & ((0 = flag) | (!(1 = (((x + y) + 1) % 2)))))) | (!((((x + y) + 1) % 2) = 1))) & ((((((1 = (y + 1)) | (!(!(0 = flag)))) & ((1 = (x + 1)) | (!(0 = flag)))) & ((((x + y) + 1) = (y + 1)) | ((x + 1) = (((x + y) + 1) + 1)))) & (((!(0 = flag)) | (1 = (((x + y) + 1) % 2))) & ((0 = flag) | (!(1 = (((x + y) + 1) % 2)))))) | ((((x + y) + 1) % 2) = 1))) | (flag != 0)))) is valid!

   # Precondition Check: (((((((1 = 1) | (!(!(0 = flag)))) & ((1 = 1) | (!(0 = flag)))) & ((0 = 1) | (1 = (0 + 1)))) & (((!(0 = flag)) | (1 = (0 % 2))) & ((0 = flag) | (!(1 = (0 % 2)))))) | (!(flag != 0))) & ((((((1 = 1) | (!(!(0 = flag)))) & ((1 = 1) | (!(0 = flag)))) & ((1 = 1) | (1 = (1 + 1)))) & (((!(0 = flag)) | (1 = (1 % 2))) & ((0 = flag) | (!(1 = (1 % 2)))))) | (flag != 0))) is valid!


[###] Final invariants: [###]
Loop #1: (((((1 = y) | (!(!(0 = flag)))) & ((1 = x) | (!(0 = flag)))) & ((a = y) | (x = (a + 1)))) & (((!(0 = flag)) | (1 = (a % 2))) & ((0 = flag) | (!(1 = (a % 2))))))
================================================================================
checker_exec.sh: line 1:  2923 Aborted                 (core dumped) bin/pinvgen -wpath /home/saswat/Repos/PIE/logs/limit_8gb/6400/pie/16/42.cpp -abducer /home/saswat/Repos/PIE/abducer/abduce.sh -tool=pie -csize 16 --extra-arg=--std=c++11 ../../PIE/bm_hola/42.cpp --

real	0m37.149s
user	0m34.316s
sys	0m0.672s


--- Processed 42.cpp ---
sat: 21
unsat: 4
unk: 0
escher: 15

[$] OOM Count = 0
[$] MAX Usage = 137
