 ==>
18 tests for loop #1.

(*) Checking loop invariant:
================================================================================
[#] Starting Loop Invariant Generation ...

   + Found guard in B8 for loop #1

     - post_1 : (true & (x >= y))
     - guard : (flag != 0)

   [Q1] Abduction query = ((flag != 0) | (true & (x >= y)))
   [#] Simplified query: ((flag != 0) | (true & (x >= y)))

    [*] Synthesizing --- 
    [?] Verifying --- true                            
      [+] Added test ... [ 0, 0, 1 ]

    [*] Synthesizing ---  @2 @3
    [?] Verifying --- (x > 0)                            
      [+] Added test ... [ 0, 1, 2 ]

    [*] Synthesizing ---  @2 @3
    [?] Verifying --- (y <= x)                            

     - Result = (y <= x)

   # Loop_1 | Invariant @ Postcondition: (y <= x)

   # Loop_1 | Inductive Check: ((!(y <= x)) | (!(flag != 0)) | ((((y + 1) <= (x + y)) | (!((y + 1) < 1000))) & (((y + 1) <= (x + y)) | ((y + 1) < 1000)))) is not valid!

   [Q2] Abduction query = ((!(y <= x)) | (!(flag != 0)) | ((((y + 1) <= (x + y)) | (!((y + 1) < 1000))) & (((y + 1) <= (x + y)) | ((y + 1) < 1000))))
   [#] Simplified query: ((!(y <= x)) | (!(flag != 0)) | ((((y + 1) <= (x + y)) | (!((y + 1) < 1000))) & (((y + 1) <= (x + y)) | ((y + 1) < 1000))))

    [*] Synthesizing --- 
    [?] Verifying --- true                            
      [+] Added test ... [ 0, 0, -1 ]

    [*] Synthesizing ---  @2 @3
    [?] Verifying --- (x > 0)                            

     - Result = (x > 0)

   # Loop_1 | Invariant @ Inductive Condition: ((x > 0) & (y <= x))

   # Loop_1 | Inductive Check: ((!((x > 0) & (y <= x))) | (!(flag != 0)) | (((((x + y) > 0) & ((y + 1) <= (x + y))) | (!((y + 1) < 1000))) & ((((x + y) > 0) & ((y + 1) <= (x + y))) | ((y + 1) < 1000)))) is not valid!

   [Q3] Abduction query = ((!((x > 0) & (y <= x))) | (!(flag != 0)) | (((((x + y) > 0) & ((y + 1) <= (x + y))) | (!((y + 1) < 1000))) & ((((x + y) > 0) & ((y + 1) <= (x + y))) | ((y + 1) < 1000))))
   [#] Simplified query: ((!((x > 0) & (y <= x))) | (!(flag != 0)) | (((((x + y) > 0) & ((y + 1) <= (x + y))) | (!((y + 1) < 1000))) & ((((x + y) > 0) & ((y + 1) <= (x + y))) | ((y + 1) < 1000))))

    [*] Synthesizing --- 
    [?] Verifying --- true                            
      [+] Added test ... [ 1, -1, -1 ]

    [*] Synthesizing ---  @2 @3
    [?] Verifying --- (0 <= y)                            

     - Result = (0 <= y)

   # Loop_1 | Invariant @ Inductive Condition: ((0 <= y) & ((x > 0) & (y <= x)))

   # Loop_1 | Inductive Check: ((!((0 <= y) & ((x > 0) & (y <= x)))) | (!(flag != 0)) | ((((0 <= (y + 1)) & (((x + y) > 0) & ((y + 1) <= (x + y)))) | (!((y + 1) < 1000))) & (((0 <= (y + 1)) & (((x + y) > 0) & ((y + 1) <= (x + y)))) | ((y + 1) < 1000)))) is valid!

   # Precondition Check: ((0 <= 0) & ((1 > 0) & (0 <= 1))) is valid!


[###] Final invariants: [###]
Loop #1: ((0 <= y) & ((x > 0) & (y <= x)))
================================================================================
checker_exec.sh: line 1: 22629 Aborted                 (core dumped) bin/pinvgen -wpath /home/saswat/Repos/PIE/logs/limit_8gb/6400/escher/all/afnp.cpp -abducer /home/saswat/Repos/PIE/abducer/abduce.sh -tool=escher -csize all --extra-arg=--std=c++11 /home/saswat/Repos/PIE/abducer/../bm_ice/afnp.cpp --

real	0m22.814s
user	0m20.136s
sys	0m0.452s


--- Processed afnp.cpp ---
sat: 6
unsat: 5
unk: 0
escher: 7

[$] OOM Count = 0
[$] MAX Usage = 125
