 ==>
3914 tests for loop #1.

(*) Checking loop invariant:
================================================================================
[#] Starting Loop Invariant Generation ...

   + Found guard in B10 for loop #1

     - post_1 : (((((true & ((0 <= m) & (m < N))) | (!(0 <= m))) & ((true & ((0 <= m) & (m < N))) | (0 <= m))) | (!(N > 0))) & (true | (N > 0)))
     - guard : (x < N)

   [Q1] Abduction query = ((x < N) | (((((true & ((0 <= m) & (m < N))) | (!(0 <= m))) & ((true & ((0 <= m) & (m < N))) | (0 <= m))) | (!(N > 0))) & (true | (N > 0))))
   [#] Simplified query: ((x < N) | (((((true & ((0 <= m) & (m < N))) | (!(0 <= m))) & ((true & ((0 <= m) & (m < N))) | (0 <= m))) | (!(N > 0))) & (true | (N > 0))))

    [*] Synthesizing --- 
    [?] Verifying --- true                            
      [+] Added test ... [ 1, 1, -1 ]

    [*] Synthesizing ---  @2 @3
    [?] Verifying --- (0 <= m)                            
      [+] Added test ... [ 1, 1, 1 ]

    [*] Synthesizing ---  @2 @3 @4 @5 @6 @7
    [?] Verifying --- ((N > 1) | (m = 0))                            
      [+] Added test ... [ 2, 2, -1 ]

    [*] Synthesizing ---  @2 @3 @4 @5 @6 @7 @8 @9 @10
    [?] Verifying --- ((0 = m) | (N > ((1 - m) + 1)))                            
      [+] Added test ... [ 4, 4, -1 ]

    [*] Synthesizing ---  @2 @3 @4 @5 @6 @7 @8 @9 @10 @11

--- Processed cegar2.cpp ---
sat: 4
unsat: 0
unk: 0
escher: 4

[$] OOM Count = 1372787
[$] MAX Usage = 8192
