 ==>
5 tests for loop #1.

(*) Checking loop invariant:
================================================================================
[#] Starting Loop Invariant Generation ...

   + Found guard in B4 for loop #1

     - post_1 : (true & (j = 6))
     - guard : (j >= i)

   [Q1] Abduction query = ((j >= i) | (true & (j = 6)))
   [#] Simplified query: ((j >= i) | (true & (j = 6)))

    [*] Synthesizing --- 
    [?] Verifying --- true                            
      [+] Added test ... [ 0, 1 ]

    [*] Synthesizing ---  @2 @3
    [?] Verifying --- (j > 1)                            
      [+] Added test ... [ 2, 3 ]

    [*] Synthesizing ---  @2 @3
    [?] Verifying --- (6 <= j)                            
      [+] Added test ... [ 7, 8 ]

    [*] Synthesizing ---  @2 @3 @4 @5
    [?] Verifying --- (! (i = (j + 1)))                            
      [+] Added test ... [ 0, 2 ]

    [*] Synthesizing ---  @2 @3 @4 @5 @6 @7
    [?] Verifying --- ((i <= j) | (6 = j))                            

     - Result = ((i <= j) | (6 = j))

   # Loop_1 | Invariant @ Postcondition: ((i <= j) | (6 = j))

   # Loop_1 | Inductive Check: ((!((i <= j) | (6 = j))) | (!(j >= i)) | (((i + 2) <= (j - 1)) | (6 = (j - 1)))) is not valid!

   [Q2] Abduction query = ((!((i <= j) | (6 = j))) | (!(j >= i)) | (((i + 2) <= (j - 1)) | (6 = (j - 1))))
   [#] Simplified query: ((!((i <= j) | (6 = j))) | (!(j >= i)) | (((i + 2) <= (j - 1)) | (6 = (j - 1))))

    [*] Synthesizing --- 
    [?] Verifying --- true                            
      [+] Added test ... [ 0, 0 ]

    [*] Synthesizing ---  @2 @3
    [?] Verifying --- (j > 2)                            
      [+] Added test ... [ 1, 3 ]

    [*] Synthesizing ---  @2 @3
    [?] Verifying --- (6 <= j)                            
      [+] Added test ... [ 4, 6 ]

    [*] Synthesizing ---  @2 @3 @4 @5 @6 @7
    [?] Verifying --- ((j > 6) | (i > 6))                            
      [+] Added test ... [ 6, 8 ]

    [*] Synthesizing ---  @2 @3 @4 @5 @6 @7 @8 @9
    [?] Verifying --- ((6 <= j) & (1 = (i % 2)))                            
      [+] Added test ... [ 5, 6 ]

    [*] Synthesizing ---  @2 @3 @4 @5 @6 @7 @8 @9
    [?] Verifying --- ((i > 6) | (j > ((i + 1) + 1)))                            
      [+] Added test ... [ 8, 8 ]

    [*] Synthesizing ---  @2 @3 @4 @5 @6 @7 @8 @9 @10
    [?] Verifying --- (2 = (((j + (j + i)) - 1) % 6))                            
      [+] Added test ... [ -1, -1 ]

    [*] Synthesizing ---  @2 @3 @4 @5 @6 @7 @8 @9 @10 @11
    [?] Verifying --- (6 = ((i - (2 * ((6 - j) + 1))) - 1))                            

     - Result = (6 = ((i - (2 * ((6 - j) + 1))) - 1))

   # Loop_1 | Invariant @ Inductive Condition: ((6 = ((i - (2 * ((6 - j) + 1))) - 1)) & ((i <= j) | (6 = j)))

   # Loop_1 | Inductive Check: ((!((6 = ((i - (2 * ((6 - j) + 1))) - 1)) & ((i <= j) | (6 = j)))) | (!(j >= i)) | ((6 = (((i + 2) - (2 * ((6 - (j - 1)) + 1))) - 1)) & (((i + 2) <= (j - 1)) | (6 = (j - 1))))) is valid!

   # Precondition Check: ((6 = ((1 - (2 * ((6 - 10) + 1))) - 1)) & ((1 <= 10) | (6 = 10))) is valid!


[###] Final invariants: [###]
Loop #1: ((6 = ((i - (2 * ((6 - j) + 1))) - 1)) & ((i <= j) | (6 = j)))
================================================================================
checker_exec.sh: line 1: 10956 Aborted                 (core dumped) bin/pinvgen -wpath /home/saswat/Repos/PIE/logs/limit_8gb/6400/escher/all/cggmp.cpp -abducer /home/saswat/Repos/PIE/abducer/abduce.sh -tool=escher -csize all --extra-arg=--std=c++11 /home/saswat/Repos/PIE/abducer/../bm_ice/cggmp.cpp --

real	1m20.975s
user	1m18.152s
sys	0m0.588s


--- Processed cggmp.cpp ---
sat: 12
unsat: 4
unk: 0
escher: 13

[$] OOM Count = 0
[$] MAX Usage = 573
