 ==>
837 tests for loop #1.
837 tests for loop #2.

(*) Checking loop invariant:
================================================================================
[#] Starting Loop Invariant Generation ...

   + Found guard in B7 for loop #2

     - post_2 : (((true & ((x != n) | (y = n))) | (!(x != n))) & ((true & ((x != n) | (y = n))) | (x != n)))
     - guard : (x <= (n - 1))

   [Q1] Abduction query = ((x <= (n - 1)) | (((true & ((x != n) | (y = n))) | (!(x != n))) & ((true & ((x != n) | (y = n))) | (x != n))))
   [#] Simplified query: ((x <= (n - 1)) | (((true & ((x != n) | (y = n))) | (!(x != n))) & ((true & ((x != n) | (y = n))) | (x != n))))

    [*] Synthesizing --- 
    [?] Verifying --- true                            
      [+] Added test ... [ 0, 0, -1 ]

    [*] Synthesizing ---  @2 @3
    [?] Verifying --- (x = y)                            

     - Result = (x = y)

   # Loop_2 | Invariant @ Postcondition: (x = y)

   # Loop_2 | Inductive Check: ((!(x = y)) | (!(x <= (n - 1))) | ((x - 1) = (y - 1))) is valid!

   + Found guard in B11 for loop #1

     - post_1 : (x = y)
     - guard : NON-DETERMINISTIC

   [Q2] Abduction query = (false | (x = y))
   [#] Simplified query: (false | (x = y))

    [*] Synthesizing --- 
    [?] Verifying --- true                            
      [+] Added test ... [ 0, -1 ]

    [*] Synthesizing ---  @2 @3
    [?] Verifying --- (x = y)                            

     - Result = (x = y)

   # Loop_1 | Invariant @ Postcondition: (x = y)

   # Loop_1 | Inductive Check: ((!(x = y)) | false | ((x + 1) = (y + 1))) is valid!

   # Precondition Check: (0 = 0) is valid!


[###] Final invariants: [###]
Loop #1: (x = y)
Loop #2: (x = y)
================================================================================
checker_exec.sh: line 1:  7678 Aborted                 (core dumped) bin/pinvgen -wpath /home/saswat/Repos/PIE/logs/limit_8gb/6400/escher/all/dillig28.cpp -abducer /home/saswat/Repos/PIE/abducer/abduce.sh -tool=escher -csize all --extra-arg=--std=c++11 /home/saswat/Repos/PIE/abducer/../bm_ice/dillig28.cpp --

real	0m19.690s
user	0m17.468s
sys	0m0.296s


--- Processed dillig28.cpp ---
sat: 2
unsat: 5
unk: 0
escher: 4

[$] OOM Count = 0
[$] MAX Usage = 120
