 ==>
6400 tests for loop #1.

(*) Checking loop invariant:
================================================================================
[#] Starting Loop Invariant Generation ...

   + Found guard in B6 for loop #1

     - post_1 : (true & (k > 0))
     - guard : NON-DETERMINISTIC

   [Q1] Abduction query = (false | (true & (k > 0)))
   [#] Simplified query: (false | (true & (k > 0)))

    [*] Synthesizing --- 
    [?] Verifying --- true                            
      [+] Added test ... [ 0 ]

    [*] Synthesizing ---  @2 @3
    [?] Verifying --- (k > 1)                            

     - Result = (k > 1)

   # Loop_1 | Invariant @ Postcondition: (k > 1)

   # Loop_1 | Inductive Check: ((!(k > 1)) | false | ((((k + (w + 1)) > 1) | false) & (((k + w) > 1) | false))) is not valid!

   [Q2] Abduction query = ((!(k > 1)) | false | ((((k + (w + 1)) > 1) | false) & (((k + w) > 1) | false)))
   [#] Simplified query: ((!(k > 1)) | false | ((((k + (w + 1)) > 1) | false) & (((k + w) > 1) | false)))

    [*] Synthesizing --- 
    [?] Verifying --- true                            
      [+] Added test ... [ 2, -2 ]

    [*] Synthesizing ---  @2 @3
    [?] Verifying --- (w > 0)                            

     - Result = (w > 0)

   # Loop_1 | Invariant @ Inductive Condition: ((w > 0) & (k > 1))

   # Loop_1 | Inductive Check: ((!((w > 0) & (k > 1))) | false | (((((w + 1) > 0) & ((k + (w + 1)) > 1)) | false) & (((w > 0) & ((k + w) > 1)) | false))) is valid!

   # Precondition Check: ((1 > 0) & (1 > 1))    [+] Root state for counter-examples : {'k': '-', 'w': '-'}
 is not valid!

----------------------------------< RESTART >-----------------------------------

   + Found guard in B6 for loop #1

     - post_1 : (true & (k > 0))
     - guard : NON-DETERMINISTIC

   [Q3] Abduction query = (false | (true & (k > 0)))
   [#] Simplified query: (false | (true & (k > 0)))

    [*] Synthesizing --- 
    [?] Verifying --- true                            
      [+] Added test ... [ 0 ]

    [*] Synthesizing ---  @2 @3
    [?] Verifying --- (k > 0)                            

     - Result = (k > 0)

   # Loop_1 | Invariant @ Postcondition: (k > 0)

   # Loop_1 | Inductive Check: ((!(k > 0)) | false | ((((k + (w + 1)) > 0) | false) & (((k + w) > 0) | false))) is not valid!

   [Q4] Abduction query = ((!(k > 0)) | false | ((((k + (w + 1)) > 0) | false) & (((k + w) > 0) | false)))
   [#] Simplified query: ((!(k > 0)) | false | ((((k + (w + 1)) > 0) | false) & (((k + w) > 0) | false)))

    [*] Synthesizing --- 
    [?] Verifying --- true                            
      [+] Added test ... [ 1, -2 ]

    [*] Synthesizing ---  @2 @3
    [?] Verifying --- (w > 0)                            

     - Result = (w > 0)

   # Loop_1 | Invariant @ Inductive Condition: ((w > 0) & (k > 0))

   # Loop_1 | Inductive Check: ((!((w > 0) & (k > 0))) | false | (((((w + 1) > 0) & ((k + (w + 1)) > 0)) | false) & (((w > 0) & ((k + w) > 0)) | false))) is valid!

   # Precondition Check: ((1 > 0) & (1 > 0)) is valid!


[###] Final invariants: [###]
Loop #1: ((w > 0) & (k > 0))
================================================================================
checker_exec.sh: line 1: 23561 Aborted                 (core dumped) bin/pinvgen -wpath /home/saswat/Repos/PIE/logs/limit_8gb/6400/escher/all/dillig03.cpp -abducer /home/saswat/Repos/PIE/abducer/abduce.sh -tool=escher -csize all --extra-arg=--std=c++11 /home/saswat/Repos/PIE/abducer/../bm_ice/dillig03.cpp --

real	0m27.310s
user	0m24.112s
sys	0m0.528s


--- Processed dillig03.cpp ---
sat: 7
unsat: 7
unk: 0
escher: 8

[$] OOM Count = 0
[$] MAX Usage = 164
