 ==>
2088 tests for loop #1.

(*) Checking loop invariant:
================================================================================
[#] Starting Loop Invariant Generation ...

   + Found guard in B4 for loop #1

     - post_1 : (true & (j < (n + 1)))
     - guard : (i < n)

   [Q1] Abduction query = ((i < n) | (true & (j < (n + 1))))
   [#] Simplified query: ((i < n) | (true & (j < (n + 1))))

    [*] Synthesizing --- 
    [?] Verifying --- true                            
      [+] Added test ... [ 0, 0, 1 ]

    [*] Synthesizing ---  @2 @3
    [?] Verifying --- (j = i)                            
      [+] Added test ... [ 1, 0, 1 ]

    [*] Synthesizing ---  @2 @3
    [?] Verifying --- (j <= n)                            

     - Result = (j <= n)

   # Loop_1 | Invariant @ Postcondition: (j <= n)

   # Loop_1 | Inductive Check: ((!(j <= n)) | (!(i < n)) | ((j + 1) <= n)) is not valid!

   [Q2] Abduction query = ((!(j <= n)) | (!(i < n)) | ((j + 1) <= n))
   [#] Simplified query: ((!(j <= n)) | (!(i < n)) | ((j + 1) <= n))

    [*] Synthesizing --- 
    [?] Verifying --- true                            
      [+] Added test ... [ 0, 0, -1 ]

    [*] Synthesizing ---  @2 @3
    [?] Verifying --- (j = i)                            

     - Result = (j = i)

   # Loop_1 | Invariant @ Inductive Condition: ((j = i) & (j <= n))

   # Loop_1 | Inductive Check: ((!((j = i) & (j <= n))) | (!(i < n)) | (((j + 1) = (i + 1)) & ((j + 1) <= n))) is valid!

   # Precondition Check: ((!(n >= 0)) | ((0 = 0) & (0 <= n))) is valid!


[###] Final invariants: [###]
Loop #1: ((j = i) & (j <= n))
================================================================================
checker_exec.sh: line 1: 28569 Aborted                 (core dumped) bin/pinvgen -wpath /home/saswat/Repos/PIE/logs/limit_8gb/6400/escher/all/dillig07.cpp -abducer /home/saswat/Repos/PIE/abducer/abduce.sh -tool=escher -csize all --extra-arg=--std=c++11 /home/saswat/Repos/PIE/abducer/../bm_ice/dillig07.cpp --

real	0m20.569s
user	0m18.236s
sys	0m0.328s


--- Processed dillig07.cpp ---
sat: 4
unsat: 4
unk: 0
escher: 5

[$] OOM Count = 0
[$] MAX Usage = 122
