 ==>
1 tests for loop #1.

(*) Checking loop invariant:
================================================================================
[#] Starting Loop Invariant Generation ...

   + Found guard in B4 for loop #1

     - post_1 : (true & (0 = 1))
     - guard : (y >= 0)

   [Q1] Abduction query = ((y >= 0) | (true & (0 = 1)))
   [#] Simplified query: ((y >= 0) | (true & (0 = 1)))

    [*] Synthesizing --- Fatal error: exception Invalid_argument("index out of bounds")
Traceback (most recent call last):
  File "/home/saswat/Repos/PIE/logs/limit_8gb/6400/escher/all/fig9.cpp/mcf2xml", line 85, in <module>
    print(toXML(expr.parseString(mcf, parseAll=True).asList()))
  File "/usr/local/lib/python2.7/dist-packages/pyparsing-1.5.7-py2.7.egg/pyparsing.py", line 1006, in parseString
    raise exc
pyparsing.ParseException: Expected "#get" (at char 0), (line:1, col:1)
checker_exec.sh: line 1: 15363 Segmentation fault      (core dumped) bin/pinvgen -wpath /home/saswat/Repos/PIE/logs/limit_8gb/6400/escher/all/fig9.cpp -abducer /home/saswat/Repos/PIE/abducer/abduce.sh -tool=escher -csize all --extra-arg=--std=c++11 /home/saswat/Repos/PIE/abducer/../bm_ice/fig9.cpp --

real	0m16.297s
user	0m14.748s
sys	0m0.112s


--- Processed fig9.cpp ---
sat: 0
unsat: 0
unk: 0
escher: 0

[$] OOM Count = 0
[$] MAX Usage = 109
