 ==>
6400 tests for loop #1.

(*) Checking loop invariant:
================================================================================
[#] Starting Loop Invariant Generation ...

   + Found guard in B17 for loop #1

     - post_1 : (((true & (((((0 <= x1) & (x1 <= (x4 + 1))) & (x2 = x3)) & ((x2 <= -1) | (x4 <= (x2 + 2)))) & (x5 = 0))) | (!(0 <= x1))) & ((true & (((((0 <= x1) & (x1 <= (x4 + 1))) & (x2 = x3)) & ((x2 <= -1) | (x4 <= (x2 + 2)))) & (x5 = 0))) | (0 <= x1)))
     - guard : (input != 0)

   [Q1] Abduction query = ((input != 0) | (((true & (((((0 <= x1) & (x1 <= (x4 + 1))) & (x2 = x3)) & ((x2 <= -1) | (x4 <= (x2 + 2)))) & (x5 = 0))) | (!(0 <= x1))) & ((true & (((((0 <= x1) & (x1 <= (x4 + 1))) & (x2 = x3)) & ((x2 <= -1) | (x4 <= (x2 + 2)))) & (x5 = 0))) | (0 <= x1))))
   [#] Simplified query: ((input != 0) | (((true & (((((0 <= x1) & (x1 <= (x4 + 1))) & (x2 = x3)) & ((x2 <= -1) | (x4 <= (x2 + 2)))) & (x5 = 0))) | (!(0 <= x1))) & ((true & (((((0 <= x1) & (x1 <= (x4 + 1))) & (x2 = x3)) & ((x2 <= -1) | (x4 <= (x2 + 2)))) & (x5 = 0))) | (0 <= x1))))

    [*] Synthesizing --- 
    [?] Verifying --- true                            
      [+] Added test ... [ 0, 0, 0, 0, 0, -1 ]

    [*] Synthesizing ---  @2 @3
    [?] Verifying --- (x3 = x5)                            
      [+] Added test ... [ 0, 0, 0, 0, -1, -1 ]

    [*] Synthesizing ---  @2 @3
    [?] Verifying --- (x2 = x5)                            
      [+] Added test ... [ 0, 0, 0, 1, 0, 1 ]

    [*] Synthesizing ---  @2 @3
    [?] Verifying --- (x5 = x4)                            
      [+] Added test ... [ 0, 0, -1, 0, 0, -1 ]

    [*] Synthesizing ---  @2 @3
    [?] Verifying --- (x1 = x5)                            
      [+] Added test ... [ 0, 1, 0, 0, 0, 1 ]

    [*] Synthesizing ---  @2 @3
    [?] Verifying --- (x5 = 0)                            
      [+] Added test ... [ 0, 0, 3, 0, 0, 0 ]

    [*] Synthesizing ---  @2 @3 @4 @5
    [?] Verifying --- (x4 = (2 * x5))                            
      [+] Added test ... [ 0, 0, -2, 0, 0, -1 ]

    [*] Synthesizing ---  @2 @3 @4 @5
    [?] Verifying --- (0 = (x5 + x4))                            
      [+] Added test ... [ 0, 0, 1, 0, 0, -1 ]

    [*] Synthesizing ---  @2 @3 @4 @5
    [?] Verifying --- (x4 = (x5 - x4))                            
      [+] Added test ... [ 0, 0, -1, 0, 0, -2 ]

    [*] Synthesizing ---  @2 @3 @4 @5
    [?] Verifying --- (x5 = (x4 % 2))                            
      [+] Added test ... [ 0, 0, -1, 0, 0, 1 ]

    [*] Synthesizing ---  @2 @3 @4 @5 @6 @7/home/saswat/Repos/PIE/abducer/abduce.sh: line 52: 21346 Killed                  OCAMLRUNPARAM=l=1024M "./$FILE.e" > "./$FILE.exe_out"
Traceback (most recent call last):
  File "/home/saswat/Repos/PIE/logs/limit_8gb/6400/escher/all/formula27.cpp/mcf2xml", line 85, in <module>
    print(toXML(expr.parseString(mcf, parseAll=True).asList()))
  File "/usr/local/lib/python2.7/dist-packages/pyparsing-1.5.7-py2.7.egg/pyparsing.py", line 1006, in parseString
    raise exc
pyparsing.ParseException: Expected "#get" (at char 0), (line:1, col:1)
checker_exec.sh: line 1: 21254 Segmentation fault      (core dumped) bin/pinvgen -wpath /home/saswat/Repos/PIE/logs/limit_8gb/6400/escher/all/formula27.cpp -abducer /home/saswat/Repos/PIE/abducer/abduce.sh -tool=escher -csize all --extra-arg=--std=c++11 /home/saswat/Repos/PIE/abducer/../bm_ice/formula27.cpp --

real	11m17.158s
user	11m10.572s
sys	0m4.144s


--- Processed formula27.cpp ---
sat: 10
unsat: 0
unk: 0
escher: 10

[$] OOM Count = 3128
[$] MAX Usage = 8192
