 ==>
6400 tests for loop #1.

(*) Checking loop invariant:
================================================================================
[#] Starting Loop Invariant Generation ...

   + Found guard in B11 for loop #1

     - post_1 : (((true & ((x1 <= x2) & ((x2 >= 0) | ((x2 - x3) <= 2)))) | (!(x1 <= x2))) & ((true & ((x1 <= x2) & ((x2 >= 0) | ((x2 - x3) <= 2)))) | (x1 <= x2)))
     - guard : (input != 0)

   [Q1] Abduction query = ((input != 0) | (((true & ((x1 <= x2) & ((x2 >= 0) | ((x2 - x3) <= 2)))) | (!(x1 <= x2))) & ((true & ((x1 <= x2) & ((x2 >= 0) | ((x2 - x3) <= 2)))) | (x1 <= x2))))
   [#] Simplified query: ((input != 0) | (((true & ((x1 <= x2) & ((x2 >= 0) | ((x2 - x3) <= 2)))) | (!(x1 <= x2))) & ((true & ((x1 <= x2) & ((x2 >= 0) | ((x2 - x3) <= 2)))) | (x1 <= x2))))

    [*] Synthesizing --- 
    [?] Verifying --- true                            
      [+] Added test ... [ 0, 1, 0, 0 ]

    [*] Synthesizing ---  @2 @3
    [?] Verifying --- (x1 <= x2)                            
      [+] Added test ... [ 0, -1, -1, -4 ]

    [*] Synthesizing ---  @2 @3 @4 @5 @6 @7/home/saswat/Repos/PIE/abducer/abduce.sh: line 52: 17178 Killed                  OCAMLRUNPARAM=l=1024M "./$FILE.e" > "./$FILE.exe_out"
Traceback (most recent call last):
  File "/home/saswat/Repos/PIE/logs/limit_8gb/6400/escher/all/formula22.cpp/mcf2xml", line 85, in <module>
    print(toXML(expr.parseString(mcf, parseAll=True).asList()))
  File "/usr/local/lib/python2.7/dist-packages/pyparsing-1.5.7-py2.7.egg/pyparsing.py", line 1006, in parseString
    raise exc
pyparsing.ParseException: Expected "#get" (at char 0), (line:1, col:1)
checker_exec.sh: line 1: 17086 Segmentation fault      (core dumped) bin/pinvgen -wpath /home/saswat/Repos/PIE/logs/limit_8gb/6400/escher/all/formula22.cpp -abducer /home/saswat/Repos/PIE/abducer/abduce.sh -tool=escher -csize all --extra-arg=--std=c++11 /home/saswat/Repos/PIE/abducer/../bm_ice/formula22.cpp --

real	6m41.606s
user	6m37.772s
sys	0m1.804s


--- Processed formula22.cpp ---
sat: 2
unsat: 0
unk: 0
escher: 2

[$] OOM Count = 3880
[$] MAX Usage = 8192
