 ==>
6400 tests for loop #1.
2145 tests for loop #2.

(*) Checking loop invariant:
================================================================================
[#] Starting Loop Invariant Generation ...

   + Found guard in B4 for loop #2

     - post_2 : (true & (x = y))
     - guard : (y < s)

   [Q1] Abduction query = ((y < s) | (true & (x = y)))
   [#] Simplified query: ((y < s) | (true & (x = y)))

    [*] Synthesizing --- 
    [?] Verifying --- true                            
      [+] Added test ... [ 0, 0, 1 ]

    [*] Synthesizing ---  @2 @3
    [?] Verifying --- (x = s)                            
      [+] Added test ... [ 1, 0, 0 ]

    [*] Synthesizing ---  @2 @3 @4 @5 @6 @7
    [?] Verifying --- ((x = s) & (y <= x))                            

     - Result = ((x = s) & (y <= x))

   # Loop_2 | Invariant @ Postcondition: ((x = s) & (y <= x))

   # Loop_2 | Inductive Check: ((!((x = s) & (y <= x))) | (!(y < s)) | ((x = s) & ((y + 1) <= x))) is valid!

   + Found guard in B8 for loop #1

     - post_1 : ((x = s) & (0 <= x))
     - guard : (s < x)

   [Q2] Abduction query = ((s < x) | ((x = s) & (0 <= x)))
   [#] Simplified query: ((s < x) | ((x = s) & (0 <= x)))

    [*] Synthesizing --- 
    [?] Verifying --- true                            
      [+] Added test ... [ 1, 0 ]

    [*] Synthesizing ---  @2 @3
    [?] Verifying --- (s <= x)                            
      [+] Added test ... [ -1, -1 ]

    [*] Synthesizing ---  @2 @3 @4 @5
    [?] Verifying --- (s <= (x + x))                            
      [+] Added test ... [ 2, 1 ]

    [*] Synthesizing ---  @2 @3 @4 @5 @6 @7
    [?] Verifying --- ((0 <= s) & (s <= x))                            

     - Result = ((0 <= s) & (s <= x))

   # Loop_1 | Invariant @ Postcondition: ((0 <= s) & (s <= x))

   # Loop_1 | Inductive Check: ((!((0 <= s) & (s <= x))) | (!(s < x)) | ((0 <= (s + 1)) & ((s + 1) <= x))) is valid!

   # Precondition Check: ((!(x >= 0)) | ((0 <= 0) & (0 <= x))) is valid!


[###] Final invariants: [###]
Loop #1: ((0 <= s) & (s <= x))
Loop #2: ((x = s) & (y <= x))
================================================================================
checker_exec.sh: line 1: 26879 Aborted                 (core dumped) bin/pinvgen -wpath /home/saswat/Repos/PIE/logs/limit_8gb/6400/escher/all/loops.cpp -abducer /home/saswat/Repos/PIE/abducer/abduce.sh -tool=escher -csize all --extra-arg=--std=c++11 /home/saswat/Repos/PIE/abducer/../bm_ice/loops.cpp --

real	2m13.465s
user	2m9.816s
sys	0m0.676s


--- Processed loops.cpp ---
sat: 5
unsat: 5
unk: 0
escher: 7

[$] OOM Count = 0
[$] MAX Usage = 833
