 ==>
1868 tests for loop #1.

(*) Checking loop invariant:
================================================================================
[#] Starting Loop Invariant Generation ...

   + Found guard in B6 for loop #1

     - post_1 : (((true & ((sn = n) | (sn = 0))) | (!(sn = n))) & ((true & ((sn = n) | (sn = 0))) | (sn = n)))
     - guard : (i <= n)

   [Q1] Abduction query = ((i <= n) | (((true & ((sn = n) | (sn = 0))) | (!(sn = n))) & ((true & ((sn = n) | (sn = 0))) | (sn = n))))
   [#] Simplified query: ((i <= n) | (((true & ((sn = n) | (sn = 0))) | (!(sn = n))) & ((true & ((sn = n) | (sn = 0))) | (sn = n))))

    [*] Synthesizing --- 
    [?] Verifying --- true                            
      [+] Added test ... [ 1, 0, -1 ]

    [*] Synthesizing ---  @2 @3
    [?] Verifying --- (0 <= sn)                            
      [+] Added test ... [ 3, 2, 1 ]

    [*] Synthesizing ---  @2 @3 @4
    [?] Verifying --- (i = (sn + 1))                            
      [+] Added test ... [ 0, -2, -1 ]

    [*] Synthesizing ---  @2 @3 @4 @5 @6 @7 @8
    [?] Verifying --- ((i > 0) & (i = (sn + 1)))                            
      [+] Added test ... [ 2, 0, 1 ]

    [*] Synthesizing ---  @2 @3 @4 @5 @6 @7 @8 @9 @10 @11
    [?] Verifying --- ((i <= n) | ((sn = 0) | (sn = n)))                            

     - Result = ((i <= n) | ((sn = 0) | (sn = n)))

   # Loop_1 | Invariant @ Postcondition: ((i <= n) | ((sn = 0) | (sn = n)))

   # Loop_1 | Inductive Check: ((!((i <= n) | ((sn = 0) | (sn = n)))) | (!(i <= n)) | (((i + 1) <= n) | (((sn + 1) = 0) | ((sn + 1) = n)))) is not valid!

   [Q2] Abduction query = ((!((i <= n) | ((sn = 0) | (sn = n)))) | (!(i <= n)) | (((i + 1) <= n) | (((sn + 1) = 0) | ((sn + 1) = n))))
   [#] Simplified query: ((!((i <= n) | ((sn = 0) | (sn = n)))) | (!(i <= n)) | (((i + 1) <= n) | (((sn + 1) = 0) | ((sn + 1) = n))))

    [*] Synthesizing --- 
    [?] Verifying --- true                            
      [+] Added test ... [ 0, 0, 0 ]

    [*] Synthesizing ---  @2 @3
    [?] Verifying --- (i > sn)                            
      [+] Added test ... [ 2, 2, 0 ]

    [*] Synthesizing ---  @2 @3 @4
    [?] Verifying --- (i = (sn + 1))                            

     - Result = (i = (sn + 1))

   # Loop_1 | Invariant @ Inductive Condition: ((i = (sn + 1)) & ((i <= n) | ((sn = 0) | (sn = n))))

   # Loop_1 | Inductive Check: ((!((i = (sn + 1)) & ((i <= n) | ((sn = 0) | (sn = n))))) | (!(i <= n)) | (((i + 1) = ((sn + 1) + 1)) & (((i + 1) <= n) | (((sn + 1) = 0) | ((sn + 1) = n))))) is valid!

   # Precondition Check: ((1 = (0 + 1)) & ((1 <= n) | ((0 = 0) | (0 = n)))) is valid!


[###] Final invariants: [###]
Loop #1: ((i = (sn + 1)) & ((i <= n) | ((sn = 0) | (sn = n))))
================================================================================
checker_exec.sh: line 1: 28873 Aborted                 (core dumped) bin/pinvgen -wpath /home/saswat/Repos/PIE/logs/limit_8gb/6400/escher/all/sum1.cpp -abducer /home/saswat/Repos/PIE/abducer/abduce.sh -tool=escher -csize all --extra-arg=--std=c++11 /home/saswat/Repos/PIE/abducer/../bm_ice/sum1.cpp --

real	22m54.751s
user	22m50.528s
sys	0m1.616s


--- Processed sum1.cpp ---
sat: 7
unsat: 4
unk: 0
escher: 8

[$] OOM Count = 0
[$] MAX Usage = 4446
