 ==>
6400 tests for loop #1.

(*) Checking loop invariant:
================================================================================
[#] Starting Loop Invariant Generation ...

   + Found guard in B6 for loop #1

     - post_1 : (((true & (y = 0)) | (!(i = j))) & (true | (i = j)))
     - guard : (x != 0)

   [Q1] Abduction query = ((x != 0) | (((true & (y = 0)) | (!(i = j))) & (true | (i = j))))
   [#] Simplified query: ((x != 0) | (((true & (y = 0)) | (!(i = j))) & (true | (i = j))))

    [*] Synthesizing --- 
    [?] Verifying --- true                            
      [+] Added test ... [ 0, -1, 0, 0 ]

    [*] Synthesizing ---  @2 @3 @4 @5
    [?] Verifying --- (i > (1 - j))                            
      [+] Added test ... [ 0, -1, 1, 1 ]

    [*] Synthesizing ---  @2 @3 @4 @5
    [?] Verifying --- (j <= (i + y))                            
      [+] Added test ... [ 0, 1, 0, 0 ]

    [*] Synthesizing ---  @2 @3 @4 @5 @6 @7
    [?] Verifying --- ((i > 1) | (j > 1))                            
      [+] Added test ... [ 0, -1, 2, 2 ]

    [*] Synthesizing ---  @2 @3 @4 @5 @6 @7
    [?] Verifying --- (i = (j - (y - x)))                            

     - Result = (i = (j - (y - x)))

   # Loop_1 | Invariant @ Postcondition: (i = (j - (y - x)))

   # Loop_1 | Inductive Check: ((!(i = (j - (y - x)))) | (!(x != 0)) | (i = (j - ((y - 1) - (x - 1))))) is valid!

   # Precondition Check: ((((!((i >= 0) & (j >= 0))) | (i = (j - (j - i)))) | (!(i >= 0))) & (((!((i >= 0) & (j >= 0))) | (i = (j - (j - i)))) | (i >= 0))) is valid!


[###] Final invariants: [###]
Loop #1: (i = (j - (y - x)))
================================================================================
checker_exec.sh: line 1:  5562 Aborted                 (core dumped) bin/pinvgen -wpath /home/saswat/Repos/PIE/logs/limit_8gb/6400/escher/all/tacas6.cpp -abducer /home/saswat/Repos/PIE/abducer/abduce.sh -tool=escher -csize all --extra-arg=--std=c++11 /home/saswat/Repos/PIE/abducer/../bm_ice/tacas6.cpp --

real	9m34.226s
user	9m27.312s
sys	0m2.908s


--- Processed tacas6.cpp ---
sat: 4
unsat: 3
unk: 0
escher: 5

[$] OOM Count = 0
[$] MAX Usage = 3880
