 ==>
849 tests for loop #1.
379 tests for loop #2.

(*) Checking loop invariant:
================================================================================
[#] Starting Loop Invariant Generation ...

   + Found guard in B7 for loop #2

     - post_2 : (((true & true) | (!(x > 0))) & ((true & true) | (x > 0)))
     - guard : (x > 0)

   [Q1] Abduction query = ((x > 0) | (((true & true) | (!(x > 0))) & ((true & true) | (x > 0))))
   [#] Simplified query: ((x > 0) | (((true & true) | (!(x > 0))) & ((true & true) | (x > 0))))

    [*] Synthesizing --- 
    [?] Verifying --- true                            

     - Result = true

   # Loop_2 | Invariant @ Postcondition: true

   # Loop_2 | Inductive Check: ((!true) | (!(x > 0)) | ((true | (!(c != 0))) & (true | (c != 0)))) is valid!

   + Found guard in B11 for loop #1

     - post_1 : (true & (z >= 1))
     - guard : (z < k)

   [Q2] Abduction query = ((z < k) | (true & (z >= 1)))
   [#] Simplified query: ((z < k) | (true & (z >= 1)))

    [*] Synthesizing --- 
    [?] Verifying --- true                            
      [+] Added test ... [ 0, 0 ]

    [*] Synthesizing ---  @2 @3
    [?] Verifying --- (z > 0)                            

     - Result = (z > 0)

   # Loop_1 | Invariant @ Postcondition: (z > 0)

   # Loop_1 | Inductive Check: ((!(z > 0)) | (!(z < k)) | ((2 * z) > 0)) is valid!

   # Precondition Check: (1 > 0) is valid!


[###] Final invariants: [###]
Loop #1: (z > 0)
Loop #2: true
================================================================================
checker_exec.sh: line 1: 16764 Aborted                 (core dumped) bin/pinvgen -wpath /home/saswat/Repos/PIE/logs/limit_8gb/6400/escher/all/trex1.cpp -abducer /home/saswat/Repos/PIE/abducer/abduce.sh -tool=escher -csize all --extra-arg=--std=c++11 /home/saswat/Repos/PIE/abducer/../bm_ice/trex1.cpp --

real	0m19.599s
user	0m17.476s
sys	0m0.308s


--- Processed trex1.cpp ---
sat: 1
unsat: 5
unk: 0
escher: 3

[$] OOM Count = 0
[$] MAX Usage = 120
