 ==>
2072 tests for loop #1.

(*) Checking loop invariant:
================================================================================
[#] Starting Loop Invariant Generation ...

   + Found guard in B4 for loop #1

     - post_1 : (true & (x = n))
     - guard : (x < n)

   [Q1] Abduction query = ((x < n) | (true & (x = n)))
   [#] Simplified query: ((x < n) | (true & (x = n)))

    [*] Synthesizing --- 
    [?] Verifying --- true                            
      [+] Added test ... [ 0, -1 ]

    [*] Synthesizing ---  @2 @3
    [?] Verifying --- (x <= n)                            

     - Result = (x <= n)

   # Loop_1 | Invariant @ Postcondition: (x <= n)

   # Loop_1 | Inductive Check: ((!(x <= n)) | (!(x < n)) | ((x + 1) <= n)) is valid!

   # Precondition Check: ((!(n >= 0)) | (0 <= n)) is valid!


[###] Final invariants: [###]
Loop #1: (x <= n)
================================================================================
checker_exec.sh: line 1: 21233 Aborted                 (core dumped) bin/pinvgen -wpath /home/saswat/Repos/PIE/logs/limit_8gb/6400/escher/all/w1.cpp -abducer /home/saswat/Repos/PIE/abducer/abduce.sh -tool=escher -csize all --extra-arg=--std=c++11 /home/saswat/Repos/PIE/abducer/../bm_ice/w1.cpp --

real	0m17.172s
user	0m15.468s
sys	0m0.136s


--- Processed w1.cpp ---
sat: 1
unsat: 3
unk: 0
escher: 2

[$] OOM Count = 0
[$] MAX Usage = 113
