 ==>
3057 tests for loop #1.

(*) Checking loop invariant:
================================================================================
[#] Starting Loop Invariant Generation ...

   + Found guard in B4 for loop #1

     - post_1 : ((true & (!#has(r, "aa"))) & (#len(r) = i))
     - guard : (#ind(r, "aa") >= 0)

   [Q1] Abduction query = ((#ind(r, "aa") >= 0) | ((true & (!#has(r, "aa"))) & (#len(r) = i)))
   [#] Simplified query: ((#ind(r, "aa") >= 0) | ((true & (!#has(r, "aa"))) & (#len(r) = i)))

    [*] Synthesizing --- 
    [?] Verifying --- true                            
      [+] Added test ... [ "", -1 ]

    [*] Synthesizing ---  @2 @3
    [?] Verifying --- (i > 0)                            
      [+] Added test ... [ "", 1 ]

    [*] Synthesizing ---  @2 @3 @4
    [?] Verifying --- (i = (#len(r)))                            

     - Result = (i = #len(r))

   # Loop_1 | Invariant @ Postcondition: (i = #len(r))

   # Loop_1 | Inductive Check: ((!(i = #len(r))) | (!(#ind(r, "aa") >= 0)) | (i = #len(#cat(#rep(r, "aa", ")"), "a")))) is valid!

   # Precondition Check: (#len(r) = #len(r)) is valid!


[###] Final invariants: [###]
Loop #1: (i = #len(r))
================================================================================
checker_exec.sh: line 1: 22677 Aborted                 (core dumped) bin/pinvgen -wpath /home/saswat/Repos/PIE/logs/limit_8gb/6400/escher/all/cav2014b.cpp -abducer /home/saswat/Repos/PIE/abducer/abduce.sh -tool=escher -csize all --extra-arg=--std=c++11 /home/saswat/Repos/PIE/abducer/../bm_strings/cav2014b.cpp --

real	0m9.477s
user	0m7.760s
sys	0m0.172s


--- Processed cav2014b.cpp ---
sat: 2
unsat: 3
unk: 0
escher: 3

[$] OOM Count = 0
[$] MAX Usage = 106
