 ==>
4312 tests for loop #1.
6400 tests for loop #2.
6400 tests for loop #3.

(*) Checking loop invariant:
================================================================================
[#] Starting Loop Invariant Generation ...

   + Found guard in B12 for loop #1

     - post_1 : true
     - guard : (k < n)

   [Q1] Abduction query = ((k < n) | true)
   [#] Simplified query: ((k < n) | true)

    [*] Synthesizing --- 
    [?] Verifying --- true                            

     - Result = true

   # Loop_1 | Invariant @ Postcondition: true

   + Found guard in B6 for loop #3

     - post_3 : true
     - guard : (i < n)

   [Q2] Abduction query = ((i < n) | true)
   [#] Simplified query: ((i < n) | true)

    [*] Synthesizing --- 
    [?] Verifying --- true                            

     - Result = true

   # Loop_3 | Invariant @ Postcondition: true

   # Loop_3 | Inductive Check: ((!true) | (!(i < n)) | (true & (1 <= i))) is not valid!

   [Q3] Abduction query = ((!true) | (!(i < n)) | (true & (1 <= i)))
   [#] Simplified query: ((!true) | (!(i < n)) | (true & (1 <= i)))

    [*] Synthesizing --- 
    [?] Verifying --- true                            
      [+] Added test ... [ 0, 1 ]

    [*] Synthesizing ---  @2 @3
    [?] Verifying --- (n > 1)                            
      [+] Added test ... [ 0, 2 ]

    [*] Synthesizing ---  @2 @3
    [?] Verifying --- (i > 0)                            

     - Result = (i > 0)

   # Loop_3 | Invariant @ Inductive Condition: ((i > 0) & true)

   # Loop_3 | Inductive Check: ((!((i > 0) & true)) | (!(i < n)) | ((((i + 1) > 0) & true) & (1 <= i))) is valid!

   + Found guard in B10 for loop #2

     - post_2 : ((l > 0) & true)
     - guard : (i < n)

   [Q4] Abduction query = ((i < n) | ((l > 0) & true))
   [#] Simplified query: ((i < n) | ((l > 0) & true))

    [*] Synthesizing --- 
    [?] Verifying --- true                            
      [+] Added test ... [ 0, 0, 0 ]

    [*] Synthesizing ---  @2 @3
    [?] Verifying --- (n > 1)                            
      [+] Added test ... [ 2, 2, 0 ]

    [*] Synthesizing ---  @2 @3
    [?] Verifying --- (l > 0)                            

     - Result = (l > 0)

   # Loop_2 | Invariant @ Postcondition: (l > 0)

   # Loop_2 | Inductive Check: ((!(l > 0)) | (!(i < n)) | (l > 0)) is valid!

   # Loop_1 | Inductive Check: ((!true) | (!(k < n)) | (l > 0)) is not valid!

   [Q5] Abduction query = ((!true) | (!(k < n)) | (l > 0))
   [#] Simplified query: ((!true) | (!(k < n)) | (l > 0))

    [*] Synthesizing --- 
    [?] Verifying --- true                            
      [+] Added test ... [ -1, 0, 0 ]

    [*] Synthesizing ---  @2 @3
    [?] Verifying --- (l > 0)                            

     - Result = (l > 0)

   # Loop_1 | Invariant @ Inductive Condition: ((l > 0) & true)

   + Found guard in B6 for loop #3

     - post_3 : ((l > 0) & true)
     - guard : (i < n)

   [Q6] Abduction query = ((i < n) | ((l > 0) & true))
   [#] Simplified query: ((i < n) | ((l > 0) & true))

    [*] Synthesizing --- 
    [?] Verifying --- true                            
      [+] Added test ... [ 0, 0, 0 ]

    [*] Synthesizing ---  @2 @3
    [?] Verifying --- (n > 1)                            
      [+] Added test ... [ 2, 2, 0 ]

    [*] Synthesizing ---  @2 @3
    [?] Verifying --- (l > 0)                            

     - Result = (l > 0)

   # Loop_3 | Invariant @ Postcondition: (l > 0)

   # Loop_3 | Inductive Check: ((!(l > 0)) | (!(i < n)) | ((l > 0) & (1 <= i))) is not valid!

   [Q7] Abduction query = ((!(l > 0)) | (!(i < n)) | ((l > 0) & (1 <= i)))
   [#] Simplified query: ((!(l > 0)) | (!(i < n)) | ((l > 0) & (1 <= i)))

    [*] Synthesizing --- 
    [?] Verifying --- true                            
      [+] Added test ... [ 1, 0, 1 ]

    [*] Synthesizing ---  @2 @3
    [?] Verifying --- (n > 1)                            
      [+] Added test ... [ 1, 0, 2 ]

    [*] Synthesizing ---  @2 @3
    [?] Verifying --- (i > 0)                            

     - Result = (i > 0)

   # Loop_3 | Invariant @ Inductive Condition: ((i > 0) & (l > 0))

   # Loop_3 | Inductive Check: ((!((i > 0) & (l > 0))) | (!(i < n)) | ((((i + 1) > 0) & (l > 0)) & (1 <= i))) is valid!

   + Found guard in B10 for loop #2

     - post_2 : ((l > 0) & (l > 0))
     - guard : (i < n)

   [Q8] Abduction query = ((i < n) | ((l > 0) & (l > 0)))
   [#] Simplified query: ((i < n) | ((l > 0) & (l > 0)))

    [*] Synthesizing --- 
    [?] Verifying --- true                            
      [+] Added test ... [ 0, 0, 0 ]

    [*] Synthesizing ---  @2 @3
    [?] Verifying --- (n > 1)                            
      [+] Added test ... [ 2, 2, 0 ]

    [*] Synthesizing ---  @2 @3
    [?] Verifying --- (l > 0)                            

     - Result = (l > 0)

   # Loop_2 | Invariant @ Postcondition: (l > 0)

   # Loop_2 | Inductive Check: ((!(l > 0)) | (!(i < n)) | (l > 0)) is valid!

   # Loop_1 | Inductive Check: ((!((l > 0) & true)) | (!(k < n)) | (l > 0)) is valid!

   # Precondition Check: ((!(l > 0)) | ((l > 0) & true)) is valid!


[###] Final invariants: [###]
Loop #1: ((l > 0) & true)
Loop #2: (l > 0)
Loop #3: ((i > 0) & (l > 0))
================================================================================
checker_exec.sh: line 1: 21022 Aborted                 (core dumped) bin/pinvgen -wpath /home/saswat/Repos/PIE/logs/limit_8gb/6400/escher/all/03.cpp -abducer /home/saswat/Repos/PIE/abducer/abduce.sh -tool=escher -csize all --extra-arg=--std=c++11 /home/saswat/Repos/PIE/abducer/../bm_hola/03.cpp --

real	0m44.145s
user	0m39.412s
sys	0m1.164s


--- Processed 03.cpp ---
sat: 14
unsat: 14
unk: 0
escher: 19

[$] OOM Count = 0
[$] MAX Usage = 199
