 ==>
2662 tests for loop #1.

(*) Checking loop invariant:
================================================================================
[#] Starting Loop Invariant Generation ...

   + Found guard in B12 for loop #1

     - post_1 : (((true & ((x < 4) | (y > 2))) | (!(x < 4))) & ((true & ((x < 4) | (y > 2))) | (x < 4)))
     - guard : NON-DETERMINISTIC

   [Q1] Abduction query = (false | (((true & ((x < 4) | (y > 2))) | (!(x < 4))) & ((true & ((x < 4) | (y > 2))) | (x < 4))))
   [#] Simplified query: (false | (((true & ((x < 4) | (y > 2))) | (!(x < 4))) & ((true & ((x < 4) | (y > 2))) | (x < 4))))

    [*] Synthesizing --- 
    [?] Verifying --- true                            
      [+] Added test ... [ 4, 0 ]

    [*] Synthesizing ---  @2 @3
    [?] Verifying --- (x <= y)                            

     - Result = (x <= y)

   # Loop_1 | Invariant @ Postcondition: (x <= y)

   # Loop_1 | Inductive Check: ((!(x <= y)) | false | ((((x + 1) <= (y + 100)) | false) & ((x <= y) | false))) is valid!

   # Precondition Check: (0 <= 0) is valid!


[###] Final invariants: [###]
Loop #1: (x <= y)
================================================================================
checker_exec.sh: line 1: 12860 Aborted                 (core dumped) bin/pinvgen -wpath /home/saswat/Repos/PIE/logs/limit_8gb/6400/escher/all/08.cpp -abducer /home/saswat/Repos/PIE/abducer/abduce.sh -tool=escher -csize all --extra-arg=--std=c++11 /home/saswat/Repos/PIE/abducer/../bm_hola/08.cpp --

real	0m17.365s
user	0m15.640s
sys	0m0.180s


--- Processed 08.cpp ---
sat: 1
unsat: 3
unk: 0
escher: 2

[$] OOM Count = 0
[$] MAX Usage = 127
