 ==>
2 tests for loop #1.

(*) Checking loop invariant:
================================================================================
[#] Starting Loop Invariant Generation ...

   + Found guard in B7 for loop #1

     - post_1 : (true & (x = y))
     - guard : NON-DETERMINISTIC

   [Q1] Abduction query = (false | (true & (x = y)))
   [#] Simplified query: (false | (true & (x = y)))

    [*] Synthesizing --- 
    [?] Verifying --- true                            
      [+] Added test ... [ 0, -1 ]

    [*] Synthesizing ---  @2 @3
    [?] Verifying --- (x = y)                            

     - Result = (x = y)

   # Loop_1 | Invariant @ Postcondition: (x = y)

   # Loop_1 | Inductive Check: ((!(x = y)) | false | ((((((x + 1) = (y + 1)) | (!(z = 0))) & (((x + 1) = y) | (z = 0))) | (!(w = 1))) & ((((x = (y + 1)) | (!(z = 0))) & ((x = y) | (z = 0))) | (w = 1)))) is not valid!

   [Q2] Abduction query = ((!(x = y)) | false | ((((((x + 1) = (y + 1)) | (!(z = 0))) & (((x + 1) = y) | (z = 0))) | (!(w = 1))) & ((((x = (y + 1)) | (!(z = 0))) & ((x = y) | (z = 0))) | (w = 1))))
   [#] Simplified query: ((!(x = y)) | false | ((((((x + 1) = (y + 1)) | (!(z = 0))) & (((x + 1) = y) | (z = 0))) | (!(w = 1))) & ((((x = (y + 1)) | (!(z = 0))) & ((x = y) | (z = 0))) | (w = 1))))

    [*] Synthesizing --- 
    [?] Verifying --- true                            
      [+] Added test ... [ 0, 0, -1, 1 ]

    [*] Synthesizing ---  @2 @3
    [?] Verifying --- (y = z)                            
      [+] Added test ... [ -1, -1, -1, 1 ]

    [*] Synthesizing ---  @2 @3
    [?] Verifying --- (0 <= z)                            
      [+] Added test ... [ 0, 0, 1, 1 ]

    [*] Synthesizing ---  @2 @3 @4 @5
    [?] Verifying --- (1 = (w + z))                            

     - Result = (1 = (w + z))

   # Loop_1 | Invariant @ Inductive Condition: ((1 = (w + z)) & (x = y))

   # Loop_1 | Inductive Check: ((!((1 = (w + z)) & (x = y))) | false | ((((((1 = (0 + 1)) & ((x + 1) = (y + 1))) | (!(z = 0))) & (((1 = (0 + z)) & ((x + 1) = y)) | (z = 0))) | (!(w = 1))) & (((((1 = (w + 1)) & (x = (y + 1))) | (!(z = 0))) & (((1 = (w + z)) & (x = y)) | (z = 0))) | (w = 1)))) is valid!

   # Precondition Check: ((1 = (1 + 0)) & (0 = 0)) is valid!


[###] Final invariants: [###]
Loop #1: ((1 = (w + z)) & (x = y))
================================================================================
checker_exec.sh: line 1: 19645 Aborted                 (core dumped) bin/pinvgen -wpath /home/saswat/Repos/PIE/logs/limit_8gb/6400/escher/all/10.cpp -abducer /home/saswat/Repos/PIE/abducer/abduce.sh -tool=escher -csize all --extra-arg=--std=c++11 /home/saswat/Repos/PIE/abducer/../bm_hola/10.cpp --

real	0m19.975s
user	0m17.596s
sys	0m0.340s


--- Processed 10.cpp ---
sat: 5
unsat: 4
unk: 0
escher: 6

[$] OOM Count = 0
[$] MAX Usage = 119
