 ==>
5512 tests for loop #1.

(*) Checking loop invariant:
================================================================================
[#] Starting Loop Invariant Generation ...

   + Found guard in B4 for loop #1

     - post_1 : (true & (k >= 0))
     - guard : (j < n)

   [Q1] Abduction query = ((j < n) | (true & (k >= 0)))
   [#] Simplified query: ((j < n) | (true & (k >= 0)))

    [*] Synthesizing --- 
    [?] Verifying --- true                            
      [+] Added test ... [ 0, 0, -1 ]

    [*] Synthesizing ---  @2 @3
    [?] Verifying --- (n > 0)                            
      [+] Added test ... [ 1, 1, -1 ]

    [*] Synthesizing ---  @2 @3
    [?] Verifying --- (k > 0)                            

     - Result = (k > 0)

   # Loop_1 | Invariant @ Postcondition: (k > 0)

   # Loop_1 | Inductive Check: ((!(k > 0)) | (!(j < n)) | ((k - 1) > 0)) is not valid!

   [Q2] Abduction query = ((!(k > 0)) | (!(j < n)) | ((k - 1) > 0))
   [#] Simplified query: ((!(k > 0)) | (!(j < n)) | ((k - 1) > 0))

    [*] Synthesizing --- 
    [?] Verifying --- true                            
      [+] Added test ... [ 1, -1, 0 ]

    [*] Synthesizing ---  @2 @3
    [?] Verifying --- (n > 0)                            
      [+] Added test ... [ 1, 0, 1 ]

    [*] Synthesizing ---  @2 @3 @4 @5
    [?] Verifying --- (k > (1 - j))                            
      [+] Added test ... [ 1, 1, 2 ]

    [*] Synthesizing ---  @2 @3 @4 @5
    [?] Verifying --- (k > (n - j))                            

     - Result = (k > (n - j))

   # Loop_1 | Invariant @ Inductive Condition: ((k > (n - j)) & (k > 0))

   # Loop_1 | Inductive Check: ((!((k > (n - j)) & (k > 0))) | (!(j < n)) | (((k - 1) > (n - (j + 1))) & ((k - 1) > 0))) is valid!

   # Precondition Check: ((!(n > 0)) | ((!(k > n)) | ((k > (n - 0)) & (k > 0)))) is valid!


[###] Final invariants: [###]
Loop #1: ((k > (n - j)) & (k > 0))
================================================================================
checker_exec.sh: line 1:  1399 Aborted                 (core dumped) bin/pinvgen -wpath /home/saswat/Repos/PIE/logs/limit_8gb/6400/escher/all/15.cpp -abducer /home/saswat/Repos/PIE/abducer/abduce.sh -tool=escher -csize all --extra-arg=--std=c++11 /home/saswat/Repos/PIE/abducer/../bm_hola/15.cpp --

real	0m45.112s
user	0m42.516s
sys	0m0.568s


--- Processed 15.cpp ---
sat: 6
unsat: 4
unk: 0
escher: 7

[$] OOM Count = 0
[$] MAX Usage = 475
