 ==>
6400 tests for loop #1.

(*) Checking loop invariant:
================================================================================
[#] Starting Loop Invariant Generation ...

   + Found guard in B6 for loop #1

     - post_1 : (((true & (y = 0)) | (!(i = j))) & (true | (i = j)))
     - guard : (x != 0)

   [Q1] Abduction query = ((x != 0) | (((true & (y = 0)) | (!(i = j))) & (true | (i = j))))
   [#] Simplified query: ((x != 0) | (((true & (y = 0)) | (!(i = j))) & (true | (i = j))))

    [*] Synthesizing --- 
    [?] Verifying --- true                            
      [+] Added test ... [ 0, -1, 0, 0 ]

    [*] Synthesizing ---  @2 @3 @4 @5
    [?] Verifying --- (j > (1 - i))                            
      [+] Added test ... [ 0, -1, 1, 1 ]

    [*] Synthesizing ---  @2 @3 @4 @5
    [?] Verifying --- (j <= (i + y))                            
      [+] Added test ... [ 0, 1, 0, 0 ]

    [*] Synthesizing ---  @2 @3 @4 @5 @6 @7
    [?] Verifying --- (y = (j - (i - x)))                            

     - Result = (y = (j - (i - x)))

   # Loop_1 | Invariant @ Postcondition: (y = (j - (i - x)))

   # Loop_1 | Inductive Check: ((!(y = (j - (i - x)))) | (!(x != 0)) | ((y - 1) = (j - (i - (x - 1))))) is valid!

   # Precondition Check: (j = (j - (i - i))) is valid!


[###] Final invariants: [###]
Loop #1: (y = (j - (i - x)))
================================================================================
checker_exec.sh: line 1:  3979 Aborted                 (core dumped) bin/pinvgen -wpath /home/saswat/Repos/PIE/logs/limit_8gb/6400/escher/all/16.cpp -abducer /home/saswat/Repos/PIE/abducer/abduce.sh -tool=escher -csize all --extra-arg=--std=c++11 /home/saswat/Repos/PIE/abducer/../bm_hola/16.cpp --

real	5m16.450s
user	5m12.816s
sys	0m1.568s


--- Processed 16.cpp ---
sat: 3
unsat: 3
unk: 0
escher: 4

[$] OOM Count = 0
[$] MAX Usage = 3834
