 ==>
6400 tests for loop #1.

(*) Checking loop invariant:
================================================================================
[#] Starting Loop Invariant Generation ...

   + Found guard in B7 for loop #1

     - post_1 : (((true & (j = 100)) | (!(flag != 0))) & (true | (flag != 0)))
     - guard : (b < 100)

   [Q1] Abduction query = ((b < 100) | (((true & (j = 100)) | (!(flag != 0))) & (true | (flag != 0))))
   [#] Simplified query: ((b < 100) | (((true & (j = 100)) | (!(flag != 0))) & (true | (flag != 0))))

    [*] Synthesizing --- 
    [?] Verifying --- true                            
      [+] Added test ... [ 100, 0, -1 ]

    [*] Synthesizing ---  @2 @3 @4 @5
    [?] Verifying --- (! (0 = (flag + 1)))                            
      [+] Added test ... [ 100, 0, -2 ]

    [*] Synthesizing ---  @2 @3 @4 @5 @6 @7
    [?] Verifying --- ((b = j) | (0 <= flag))                            
      [+] Added test ... [ 101, 101, 1 ]

    [*] Synthesizing ---  @2 @3 @4 @5 @6 @7 @8/home/saswat/Repos/PIE/abducer/abduce.sh: line 52: 18286 Killed                  OCAMLRUNPARAM=l=1024M "./$FILE.e" > "./$FILE.exe_out"
Traceback (most recent call last):
  File "/home/saswat/Repos/PIE/logs/limit_8gb/6400/escher/all/18.cpp/mcf2xml", line 85, in <module>
    print(toXML(expr.parseString(mcf, parseAll=True).asList()))
  File "/usr/local/lib/python2.7/dist-packages/pyparsing-1.5.7-py2.7.egg/pyparsing.py", line 1006, in parseString
    raise exc
pyparsing.ParseException: Expected "#get" (at char 0), (line:1, col:1)
checker_exec.sh: line 1: 18006 Segmentation fault      (core dumped) bin/pinvgen -wpath /home/saswat/Repos/PIE/logs/limit_8gb/6400/escher/all/18.cpp -abducer /home/saswat/Repos/PIE/abducer/abduce.sh -tool=escher -csize all --extra-arg=--std=c++11 /home/saswat/Repos/PIE/abducer/../bm_hola/18.cpp --

real	12m57.755s
user	12m49.944s
sys	0m4.908s


--- Processed 18.cpp ---
sat: 3
unsat: 0
unk: 0
escher: 3

[$] OOM Count = 62568
[$] MAX Usage = 8192
