 ==>
5077 tests for loop #1.

(*) Checking loop invariant:
================================================================================
[#] Starting Loop Invariant Generation ...

   + Found guard in B11 for loop #1

     - post_1 : (((((true & (m < n)) & (0 <= m)) | (!(n > 0))) & (true | (n > 0))) & ((x + y) = k))
     - guard : (j < n)

   [Q1] Abduction query = ((j < n) | (((((true & (m < n)) & (0 <= m)) | (!(n > 0))) & (true | (n > 0))) & ((x + y) = k)))
   [#] Simplified query: ((j < n) | (((((true & (m < n)) & (0 <= m)) | (!(n > 0))) & (true | (n > 0))) & ((x + y) = k)))

    [*] Synthesizing --- 
    [?] Verifying --- true                            
      [+] Added test ... [ 0, 0, 0, 0, 0, -1 ]

    [*] Synthesizing ---  @2 @3 @4 @5
    [?] Verifying --- (x = (k - y))                            
      [+] Added test ... [ 1, 1, -1, 0, 0, 0 ]

    [*] Synthesizing ---  @2 @3 @4 @5 @6 @7/home/saswat/Repos/PIE/abducer/abduce.sh: line 52:  1867 Killed                  OCAMLRUNPARAM=l=1024M "./$FILE.e" > "./$FILE.exe_out"
Traceback (most recent call last):
  File "/home/saswat/Repos/PIE/logs/limit_8gb/6400/escher/all/20.cpp/mcf2xml", line 85, in <module>
    print(toXML(expr.parseString(mcf, parseAll=True).asList()))
  File "/usr/local/lib/python2.7/dist-packages/pyparsing-1.5.7-py2.7.egg/pyparsing.py", line 1006, in parseString
    raise exc
pyparsing.ParseException: Expected "#get" (at char 0), (line:1, col:1)
checker_exec.sh: line 1:  1576 Segmentation fault      (core dumped) bin/pinvgen -wpath /home/saswat/Repos/PIE/logs/limit_8gb/6400/escher/all/20.cpp -abducer /home/saswat/Repos/PIE/abducer/abduce.sh -tool=escher -csize all --extra-arg=--std=c++11 /home/saswat/Repos/PIE/abducer/../bm_hola/20.cpp --

real	9m49.659s
user	9m45.424s
sys	0m2.224s


--- Processed 20.cpp ---
sat: 2
unsat: 0
unk: 0
escher: 2

[$] OOM Count = 3900
[$] MAX Usage = 8192
