 ==>
768 tests for loop #1.

(*) Checking loop invariant:
================================================================================
[#] Starting Loop Invariant Generation ...

   + Found guard in B6 for loop #1

     - post_1 : ((true & (y = z)) & (x = y))
     - guard : NON-DETERMINISTIC

   [Q1] Abduction query = (false | ((true & (y = z)) & (x = y)))
   [#] Simplified query: (false | ((true & (y = z)) & (x = y)))

    [*] Synthesizing --- 
    [?] Verifying --- true                            
      [+] Added test ... [ 0, 0, 1 ]

    [*] Synthesizing ---  @2 @3
    [?] Verifying --- (x = z)                            
      [+] Added test ... [ -1, 0, 0 ]

    [*] Synthesizing ---  @2 @3
    [?] Verifying --- (x = y)                            
      [+] Added test ... [ 0, -1, 0 ]

    [*] Synthesizing ---  @2 @3 @4 @5
    [?] Verifying --- (x <= (y + z))                            
      [+] Added test ... [ 0, 1, 1 ]

    [*] Synthesizing ---  @2 @3 @4 @5 @6 @7
    [?] Verifying --- ((0 <= z) & (x = y))                            
      [+] Added test ... [ 1, 0, 1 ]

    [*] Synthesizing ---  @2 @3 @4 @5 @6 @7
    [?] Verifying --- ((z <= y) & (x = z))                            
      [+] Added test ... [ 1, 0, 0 ]

    [*] Synthesizing ---  @2 @3 @4 @5 @6 @7
    [?] Verifying --- ((x <= y) & (y <= z))                            
      [+] Added test ... [ 0, 0, -1 ]

    [*] Synthesizing ---  @2 @3 @4 @5 @6 @7
    [?] Verifying --- ((x <= z) & (y = x))                            
      [+] Added test ... [ 0, 1, 0 ]

    [*] Synthesizing ---  @2 @3 @4 @5 @6 @7
    [?] Verifying --- ((y = x) & (z = y))                            

     - Result = ((y = x) & (z = y))

   # Loop_1 | Invariant @ Postcondition: ((y = x) & (z = y))

   # Loop_1 | Inductive Check: ((!((y = x) & (z = y))) | false | (((((y + 1) = (x + 1)) & ((z + 1) = (y + 1))) | (!((k % 3) = 0))) & ((((y + 1) = x) & ((z + 1) = (y + 1))) | ((k % 3) = 0)))) is not valid!

   [Q2] Abduction query = ((!((y = x) & (z = y))) | false | (((((y + 1) = (x + 1)) & ((z + 1) = (y + 1))) | (!((k % 3) = 0))) & ((((y + 1) = x) & ((z + 1) = (y + 1))) | ((k % 3) = 0))))
   [#] Simplified query: ((!((y = x) & (z = y))) | false | (((((y + 1) = (x + 1)) & ((z + 1) = (y + 1))) | (!((k % 3) = 0))) & ((((y + 1) = x) & ((z + 1) = (y + 1))) | ((k % 3) = 0))))

    [*] Synthesizing --- 
    [?] Verifying --- true                            
      [+] Added test ... [ 0, 0, 0, 1 ]

    [*] Synthesizing ---  @2 @3 @4
    [?] Verifying --- (! (k = 1))                            
      [+] Added test ... [ 0, 0, 0, -2 ]

    [*] Synthesizing ---  @2 @3 @4 @5
    [?] Verifying --- (0 = (k % 3))                            

     - Result = (0 = (k % 3))

   # Loop_1 | Invariant @ Inductive Condition: ((0 = (k % 3)) & ((y = x) & (z = y)))

   # Loop_1 | Inductive Check: ((!((0 = (k % 3)) & ((y = x) & (z = y)))) | false | ((((0 = ((((x + 1) + (y + 1)) + (z + 1)) % 3)) & (((y + 1) = (x + 1)) & ((z + 1) = (y + 1)))) | (!((k % 3) = 0))) & (((0 = (((x + (y + 1)) + (z + 1)) % 3)) & (((y + 1) = x) & ((z + 1) = (y + 1)))) | ((k % 3) = 0)))) is valid!

   # Precondition Check: ((0 = (0 % 3)) & ((0 = 0) & (0 = 0))) is valid!


[###] Final invariants: [###]
Loop #1: ((0 = (k % 3)) & ((y = x) & (z = y)))
================================================================================
checker_exec.sh: line 1:  8382 Aborted                 (core dumped) bin/pinvgen -wpath /home/saswat/Repos/PIE/logs/limit_8gb/6400/escher/all/22.cpp -abducer /home/saswat/Repos/PIE/abducer/abduce.sh -tool=escher -csize all --extra-arg=--std=c++11 /home/saswat/Repos/PIE/abducer/../bm_hola/22.cpp --

real	1m46.873s
user	1m43.988s
sys	0m0.648s


--- Processed 22.cpp ---
sat: 11
unsat: 4
unk: 0
escher: 12

[$] OOM Count = 0
[$] MAX Usage = 267
