 ==>
3571 tests for loop #1.
6400 tests for loop #2.
6400 tests for loop #3.

(*) Checking loop invariant:
================================================================================
[#] Starting Loop Invariant Generation ...

   + Found guard in B12 for loop #1

     - post_1 : true
     - guard : (k < n)

   [Q1] Abduction query = ((k < n) | true)
   [#] Simplified query: ((k < n) | true)

    [*] Synthesizing --- 
    [?] Verifying --- true                            

     - Result = true

   # Loop_1 | Invariant @ Postcondition: true

   + Found guard in B6 for loop #3

     - post_3 : true
     - guard : (i < n)

   [Q2] Abduction query = ((i < n) | true)
   [#] Simplified query: ((i < n) | true)

    [*] Synthesizing --- 
    [?] Verifying --- true                            

     - Result = true

   # Loop_3 | Invariant @ Postcondition: true

   # Loop_3 | Inductive Check: ((!true) | (!(i < n)) | (true & (1 <= k))) is not valid!

   [Q3] Abduction query = ((!true) | (!(i < n)) | (true & (1 <= k)))
   [#] Simplified query: ((!true) | (!(i < n)) | (true & (1 <= k)))

    [*] Synthesizing --- 
    [?] Verifying --- true                            
      [+] Added test ... [ -1, 0, 0 ]

    [*] Synthesizing ---  @2 @3
    [?] Verifying --- (n > 1)                            
      [+] Added test ... [ 0, 2, 0 ]

    [*] Synthesizing ---  @2 @3
    [?] Verifying --- (k > 0)                            

     - Result = (k > 0)

   # Loop_3 | Invariant @ Inductive Condition: ((k > 0) & true)

   # Loop_3 | Inductive Check: ((!((k > 0) & true)) | (!(i < n)) | (((k > 0) & true) & (1 <= k))) is valid!

   + Found guard in B10 for loop #2

     - post_2 : ((k > 0) & true)
     - guard : (i < n)

   [Q4] Abduction query = ((i < n) | ((k > 0) & true))
   [#] Simplified query: ((i < n) | ((k > 0) & true))

    [*] Synthesizing --- 
    [?] Verifying --- true                            
      [+] Added test ... [ 0, 0, 0 ]

    [*] Synthesizing ---  @2 @3
    [?] Verifying --- (n > 1)                            
      [+] Added test ... [ 2, 2, 0 ]

    [*] Synthesizing ---  @2 @3
    [?] Verifying --- (k > 0)                            

     - Result = (k > 0)

   # Loop_2 | Invariant @ Postcondition: (k > 0)

   # Loop_2 | Inductive Check: ((!(k > 0)) | (!(i < n)) | (k > 0)) is valid!

   # Loop_1 | Inductive Check: ((!true) | (!(k < n)) | (k > 0)) is not valid!

   [Q5] Abduction query = ((!true) | (!(k < n)) | (k > 0))
   [#] Simplified query: ((!true) | (!(k < n)) | (k > 0))

    [*] Synthesizing --- 
    [?] Verifying --- true                            
      [+] Added test ... [ 0, 1 ]

    [*] Synthesizing ---  @2 @3
    [?] Verifying --- (k > 0)                            

     - Result = (k > 0)

   # Loop_1 | Invariant @ Inductive Condition: ((k > 0) & true)

   + Found guard in B6 for loop #3

     - post_3 : (((k + 1) > 0) & true)
     - guard : (i < n)

   [Q6] Abduction query = ((i < n) | (((k + 1) > 0) & true))
   [#] Simplified query: ((i < n) | (((k + 1) > 0) & true))

    [*] Synthesizing --- 
    [?] Verifying --- true                            
      [+] Added test ... [ 0, 0, -1 ]

    [*] Synthesizing ---  @2 @3
    [?] Verifying --- (n > 1)                            
      [+] Added test ... [ 2, 2, -1 ]

    [*] Synthesizing ---  @2 @3
    [?] Verifying --- (k > 0)                            

     - Result = (k > 0)

   # Loop_3 | Invariant @ Postcondition: (k > 0)

   # Loop_3 | Inductive Check: ((!(k > 0)) | (!(i < n)) | ((k > 0) & (1 <= k))) is valid!

   + Found guard in B10 for loop #2

     - post_2 : (k > 0)
     - guard : (i < n)

   [Q7] Abduction query = ((i < n) | (k > 0))
   [#] Simplified query: ((i < n) | (k > 0))

    [*] Synthesizing --- 
    [?] Verifying --- true                            
      [+] Added test ... [ 0, 0, 0 ]

    [*] Synthesizing ---  @2 @3
    [?] Verifying --- (n > 1)                            
      [+] Added test ... [ 2, 2, 0 ]

    [*] Synthesizing ---  @2 @3
    [?] Verifying --- (k > 0)                            

     - Result = (k > 0)

   # Loop_2 | Invariant @ Postcondition: (k > 0)

   # Loop_2 | Inductive Check: ((!(k > 0)) | (!(i < n)) | (k > 0)) is valid!

   # Loop_1 | Inductive Check: ((!((k > 0) & true)) | (!(k < n)) | (k > 0)) is valid!

   # Precondition Check: ((!(l > 0)) | ((1 > 0) & true)) is valid!


[###] Final invariants: [###]
Loop #1: ((k > 0) & true)
Loop #2: (k > 0)
Loop #3: (k > 0)
================================================================================
checker_exec.sh: line 1: 17598 Aborted                 (core dumped) bin/pinvgen -wpath /home/saswat/Repos/PIE/logs/limit_8gb/6400/escher/all/27.cpp -abducer /home/saswat/Repos/PIE/abducer/abduce.sh -tool=escher -csize all --extra-arg=--std=c++11 /home/saswat/Repos/PIE/abducer/../bm_hola/27.cpp --

real	0m39.699s
user	0m35.684s
sys	0m0.928s


--- Processed 27.cpp ---
sat: 11
unsat: 13
unk: 0
escher: 16

[$] OOM Count = 0
[$] MAX Usage = 194
