 ==>
1876 tests for loop #1.

(*) Checking loop invariant:
================================================================================
[#] Starting Loop Invariant Generation ...

   + Found guard in B10 for loop #1

     - post_1 : (((((true & ((0 <= m) & (m < n))) | (!(0 <= m))) & ((true & ((0 <= m) & (m < n))) | (0 <= m))) | (!(n > 0))) & (true | (n > 0)))
     - guard : (x < n)

   [Q1] Abduction query = ((x < n) | (((((true & ((0 <= m) & (m < n))) | (!(0 <= m))) & ((true & ((0 <= m) & (m < n))) | (0 <= m))) | (!(n > 0))) & (true | (n > 0))))
   [#] Simplified query: ((x < n) | (((((true & ((0 <= m) & (m < n))) | (!(0 <= m))) & ((true & ((0 <= m) & (m < n))) | (0 <= m))) | (!(n > 0))) & (true | (n > 0))))

    [*] Synthesizing --- 
    [?] Verifying --- true                            
      [+] Added test ... [ 1, 1, -1 ]

    [*] Synthesizing ---  @2 @3
    [?] Verifying --- (0 <= m)                            
      [+] Added test ... [ 1, 1, 1 ]

    [*] Synthesizing ---  @2 @3 @4 @5 @6 @7
    [?] Verifying --- ((m = 0) | (n > 1))                            
      [+] Added test ... [ 2, 2, -1 ]

    [*] Synthesizing ---  @2 @3 @4 @5 @6 @7 @8 @9 @10
    [?] Verifying --- ((0 = m) | (n > ((1 - m) + 1)))                            
      [+] Added test ... [ 4, 4, -1 ]

    [*] Synthesizing ---  @2 @3 @4 @5 @6 @7 @8 @9 @10 @11
    [?] Verifying --- ((0 <= m) & ((1 > m) | (n > m)))                            

     - Result = ((0 <= m) & ((1 > m) | (n > m)))

   # Loop_1 | Invariant @ Postcondition: ((0 <= m) & ((1 > m) | (n > m)))

   # Loop_1 | Inductive Check: ((!((0 <= m) & ((1 > m) | (n > m)))) | (!(x < n)) | ((((0 <= x) & ((1 > x) | (n > x))) | false) & (((0 <= m) & ((1 > m) | (n > m))) | false))) is not valid!

   [Q2] Abduction query = ((!((0 <= m) & ((1 > m) | (n > m)))) | (!(x < n)) | ((((0 <= x) & ((1 > x) | (n > x))) | false) & (((0 <= m) & ((1 > m) | (n > m))) | false)))
   [#] Simplified query: ((!((0 <= m) & ((1 > m) | (n > m)))) | (!(x < n)) | ((((0 <= x) & ((1 > x) | (n > x))) | false) & (((0 <= m) & ((1 > m) | (n > m))) | false)))

    [*] Synthesizing --- 
    [?] Verifying --- true                            
      [+] Added test ... [ 0, 0, -1 ]

    [*] Synthesizing ---  @2 @3
    [?] Verifying --- (m <= x)                            

     - Result = (m <= x)

   # Loop_1 | Invariant @ Inductive Condition: ((m <= x) & ((0 <= m) & ((1 > m) | (n > m))))

   # Loop_1 | Inductive Check: ((!((m <= x) & ((0 <= m) & ((1 > m) | (n > m))))) | (!(x < n)) | ((((x <= (x + 1)) & ((0 <= x) & ((1 > x) | (n > x)))) | false) & (((m <= (x + 1)) & ((0 <= m) & ((1 > m) | (n > m)))) | false))) is valid!

   # Precondition Check: ((0 <= 0) & ((0 <= 0) & ((1 > 0) | (n > 0)))) is valid!


[###] Final invariants: [###]
Loop #1: ((m <= x) & ((0 <= m) & ((1 > m) | (n > m))))
================================================================================
checker_exec.sh: line 1: 30338 Aborted                 (core dumped) bin/pinvgen -wpath /home/saswat/Repos/PIE/logs/limit_8gb/6400/escher/all/37.cpp -abducer /home/saswat/Repos/PIE/abducer/abduce.sh -tool=escher -csize all --extra-arg=--std=c++11 /home/saswat/Repos/PIE/abducer/../bm_hola/37.cpp --

real	32m43.757s
user	32m38.484s
sys	0m2.336s


--- Processed 37.cpp ---
sat: 6
unsat: 4
unk: 0
escher: 7

[$] OOM Count = 0
[$] MAX Usage = 5327
