 ==>
6400 tests for loop #1.

(*) Checking loop invariant:
================================================================================
[#] Starting Loop Invariant Generation ...

   + Found guard in B4 for loop #1

     - post_1 : (true & (((k + i) + j) > (2 * n)))
     - guard : (i <= n)

   [Q1] Abduction query = ((i <= n) | (true & (((k + i) + j) > (2 * n))))
   [#] Simplified query: ((i <= n) | (true & (((k + i) + j) > (2 * n))))

    [*] Synthesizing --- 
    [?] Verifying --- true                            
      [+] Added test ... [ 1, 0, -1, 0 ]

    [*] Synthesizing ---  @2 @3
    [?] Verifying --- (i <= j)                            
      [+] Added test ... [ 0, -1, -2, 0 ]

    [*] Synthesizing ---  @2 @3
    [?] Verifying --- (0 <= k)                            
      [+] Added test ... [ 1, 0, 0, -1 ]

    [*] Synthesizing ---  @2 @3 @4 @5
    [?] Verifying --- (n > (2 - k))                            
      [+] Added test ... [ 1, 0, 3, -4 ]

    [*] Synthesizing ---  @2 @3 @4 @5
    [?] Verifying --- (i <= (k + j))                            

     - Result = (i <= (k + j))

   # Loop_1 | Invariant @ Postcondition: (i <= (k + j))

   # Loop_1 | Inductive Check: ((!(i <= (k + j))) | (!(i <= n)) | ((i + 1) <= (k + (j + (i + 1))))) is not valid!

   [Q2] Abduction query = ((!(i <= (k + j))) | (!(i <= n)) | ((i + 1) <= (k + (j + (i + 1)))))
   [#] Simplified query: ((!(i <= (k + j))) | (!(i <= n)) | ((i + 1) <= (k + (j + (i + 1)))))

    [*] Synthesizing --- 
    [?] Verifying --- true                            
      [+] Added test ... [ -1, -1, 0, 0 ]

    [*] Synthesizing ---  @2 @3
    [?] Verifying --- (0 <= i)                            

     - Result = (0 <= i)

   # Loop_1 | Invariant @ Inductive Condition: ((0 <= i) & (i <= (k + j)))

   # Loop_1 | Inductive Check: ((!((0 <= i) & (i <= (k + j)))) | (!(i <= n)) | ((0 <= (i + 1)) & ((i + 1) <= (k + (j + (i + 1)))))) is valid!

   # Precondition Check: ((!(n >= 0)) | ((((!(1 >= 0)) | ((0 <= 0) & (0 <= (1 + 0)))) | (!(flag != 0))) & (((0 <= 0) & (0 <= (1 + 0))) | (flag != 0)))) is valid!


[###] Final invariants: [###]
Loop #1: ((0 <= i) & (i <= (k + j)))
================================================================================
checker_exec.sh: line 1:  3832 Aborted                 (core dumped) bin/pinvgen -wpath /home/saswat/Repos/PIE/logs/limit_8gb/6400/escher/all/41.cpp -abducer /home/saswat/Repos/PIE/abducer/abduce.sh -tool=escher -csize all --extra-arg=--std=c++11 /home/saswat/Repos/PIE/abducer/../bm_hola/41.cpp --

real	1m21.008s
user	1m17.944s
sys	0m1.100s


--- Processed 41.cpp ---
sat: 6
unsat: 4
unk: 0
escher: 7

[$] OOM Count = 0
[$] MAX Usage = 1130
