 ==>
6400 tests for loop #1.

(*) Checking loop invariant:
================================================================================
[#] Starting Loop Invariant Generation ...

   + Found guard in B5 for loop #1

     - post_1 : (true & (y >= t))
     - guard : NON-DETERMINISTIC

   [Q1] Abduction query = (false | (true & (y >= t)))
   [#] Simplified query: (false | (true & (y >= t)))

    [*] Synthesizing --- 
    [?] Verifying --- true                            
      [+] Added test ... [ -1, 0 ]

    [*] Synthesizing ---  @2 @3
    [?] Verifying --- (t <= y)                            

     - Result = (t <= y)

   # Loop_1 | Invariant @ Postcondition: (t <= y)

   # Loop_1 | Inductive Check: ((!(t <= y)) | false | (((t <= (y + x)) | (!(x > 0))) & ((t <= y) | (x > 0)))) is valid!

   # Precondition Check: ((!(x != y)) | (y <= y)) is valid!


[###] Final invariants: [###]
Loop #1: (t <= y)
================================================================================
checker_exec.sh: line 1:  8369 Aborted                 (core dumped) bin/pinvgen -wpath /home/saswat/Repos/PIE/logs/limit_8gb/6400/escher/all/43.cpp -abducer /home/saswat/Repos/PIE/abducer/abduce.sh -tool=escher -csize all --extra-arg=--std=c++11 /home/saswat/Repos/PIE/abducer/../bm_hola/43.cpp --

real	0m17.645s
user	0m15.928s
sys	0m0.180s


--- Processed 43.cpp ---
sat: 1
unsat: 3
unk: 0
escher: 2

[$] OOM Count = 0
[$] MAX Usage = 152
