 ==>
2 tests for loop #1.

(*) Checking loop invariant:
================================================================================
[#] Starting Loop Invariant Generation ...

   + Found guard in B7 for loop #1

     - post_1 : (true & (x <= 1))
     - guard : NON-DETERMINISTIC

   [Q1] Abduction query = (false | (true & (x <= 1)))
   [#] Simplified query: (false | (true & (x <= 1)))

    [*] Synthesizing --- 
    [?] Verifying --- true                            
      [+] Added test ... [ 2 ]

    [*] Synthesizing ---  @2 @3
    [?] Verifying --- (x <= 1)                            

     - Result = (x <= 1)

   # Loop_1 | Invariant @ Postcondition: (x <= 1)

   # Loop_1 | Inductive Check: ((!(x <= 1)) | false | ((((((x + 1) <= 1) | (!((z % 2) = 0))) & (((x + 1) <= 1) | ((z % 2) = 0))) | (!((w % 2) = 1))) & ((((x <= 1) | (!((z % 2) = 0))) & ((x <= 1) | ((z % 2) = 0))) | ((w % 2) = 1)))) is not valid!

   [Q2] Abduction query = ((!(x <= 1)) | false | ((((((x + 1) <= 1) | (!((z % 2) = 0))) & (((x + 1) <= 1) | ((z % 2) = 0))) | (!((w % 2) = 1))) & ((((x <= 1) | (!((z % 2) = 0))) & ((x <= 1) | ((z % 2) = 0))) | ((w % 2) = 1))))
   [#] Simplified query: ((!(x <= 1)) | false | ((((((x + 1) <= 1) | (!((z % 2) = 0))) & (((x + 1) <= 1) | ((z % 2) = 0))) | (!((w % 2) = 1))) & ((((x <= 1) | (!((z % 2) = 0))) & ((x <= 1) | ((z % 2) = 0))) | ((w % 2) = 1))))

    [*] Synthesizing --- 
    [?] Verifying --- true                            
      [+] Added test ... [ 1, 0, 1 ]

    [*] Synthesizing ---  @2 @3
    [?] Verifying --- (x = z)                            
      [+] Added test ... [ 1, 1, 1 ]

    [*] Synthesizing ---  @2 @3
    [?] Verifying --- (w > x)                            
      [+] Added test ... [ 1, 0, 3 ]

    [*] Synthesizing ---  @2 @3 @4
    [?] Verifying --- (w = (x + 1))                            

     - Result = (w = (x + 1))

   # Loop_1 | Invariant @ Inductive Condition: ((w = (x + 1)) & (x <= 1))

   # Loop_1 | Inductive Check: ((!((w = (x + 1)) & (x <= 1))) | false | (((((((w + 1) = ((x + 1) + 1)) & ((x + 1) <= 1)) | (!((z % 2) = 0))) & ((((w + 1) = ((x + 1) + 1)) & ((x + 1) <= 1)) | ((z % 2) = 0))) | (!((w % 2) = 1))) & (((((w = (x + 1)) & (x <= 1)) | (!((z % 2) = 0))) & (((w = (x + 1)) & (x <= 1)) | ((z % 2) = 0))) | ((w % 2) = 1)))) is valid!

   # Precondition Check: ((1 = (0 + 1)) & (0 <= 1)) is valid!


[###] Final invariants: [###]
Loop #1: ((w = (x + 1)) & (x <= 1))
================================================================================
checker_exec.sh: line 1: 18699 Aborted                 (core dumped) bin/pinvgen -wpath /home/saswat/Repos/PIE/logs/limit_8gb/6400/escher/all/46.cpp -abducer /home/saswat/Repos/PIE/abducer/abduce.sh -tool=escher -csize all --extra-arg=--std=c++11 /home/saswat/Repos/PIE/abducer/../bm_hola/46.cpp --

real	0m19.887s
user	0m17.696s
sys	0m0.316s


--- Processed 46.cpp ---
sat: 5
unsat: 4
unk: 0
escher: 6

[$] OOM Count = 0
[$] MAX Usage = 120
