 ==>
4546 tests for loop #1.

(*) Checking loop invariant:
================================================================================
[#] Starting Loop Invariant Generation ...

   + Found guard in B10 for loop #1

     - post_1 : (((((true & ((0 <= m) & (m < N))) | (!(0 <= m))) & ((true & ((0 <= m) & (m < N))) | (0 <= m))) | (!(N > 0))) & (true | (N > 0)))
     - guard : (x < N)

   [Q1] Abduction query = ((x < N) | (((((true & ((0 <= m) & (m < N))) | (!(0 <= m))) & ((true & ((0 <= m) & (m < N))) | (0 <= m))) | (!(N > 0))) & (true | (N > 0))))
   [#] Simplified query: ((x < N) | (((((true & ((0 <= m) & (m < N))) | (!(0 <= m))) & ((true & ((0 <= m) & (m < N))) | (0 <= m))) | (!(N > 0))) & (true | (N > 0))))

    [%] Inferring {true} [k = 1] (0f x 4546t) ...                                     
    [?] Verifying [k = 1] --- true                            
      [+] Added test ... [ 1, 1, -1 ]

    [%] Removing conflicts ...  @2 @3
    [%] Removing conflicts ...  @2 @3
    [%] Inferring {true} [k = 1] (2f x 4547t) ...                                     
    [?] Verifying [k = 1] --- (0 <= m)                            
      [+] Added test ... [ 1, 1, 1 ]

    [%] Removing conflicts ...  @2 @3 @4
    [%] Removing conflicts ...  @2 @3
    [%] Inferring {true} [k = 1] (4f x 4548t) ...                                     
    [%] Inferring {true} [k = 2] (4f x 4548t) ...                                     
    [?] Verifying [k = 2] --- ((! (x = 1)) | (m = 0))                            
      [+] Added test ... [ 2, 1, -1 ]

    [%] Inferring {true} [k = 1] (4f x 4549t) ...                                     
    [%] Inferring {true} [k = 2] (4f x 4549t) ...                                     
    [?] Verifying [k = 2] --- ((! (x = 1)) | (m = 0)) & (0 <= m)                            
      [+] Added test ... [ 2, 1, 1 ]

    [%] Removing conflicts ...  @2 @3
    [%] Inferring {true} [k = 1] (5f x 4550t) ...                                     
    [%] Inferring {true} [k = 2] (5f x 4550t) ...                                     
    [%] Inferring {true} [k = 3] (5f x 4550t) ...                                     
    [?] Verifying [k = 3] --- ((N > x) | (m = 0) | (x = N)) & ((! (x = 1)) | (m = 0)) & (0 <= m)                            
      [+] Added test ... [ 2, 2, 2 ]

    [%] Removing conflicts ...  @2 @3
    [%] Inferring {true} [k = 1] (6f x 4551t) ...                                     
    [%] Inferring {true} [k = 2] (6f x 4551t) ...                                     
    [?] Verifying [k = 2] --- (0 <= m) & ((m = 0) | (N > m))                            

     - Result = ((0 <= m) & ((m = 0) | (N > m)))

   # Loop_1 | Invariant @ Postcondition: ((0 <= m) & ((m = 0) | (N > m)))

   # Loop_1 | Inductive Check: ((!((0 <= m) & ((m = 0) | (N > m)))) | (!(x < N)) | ((((0 <= x) & ((x = 0) | (N > x))) | (!(input != 0))) & (((0 <= m) & ((m = 0) | (N > m))) | (input != 0)))) is not valid!

   [Q2] Abduction query = ((!((0 <= m) & ((m = 0) | (N > m)))) | (!(x < N)) | ((((0 <= x) & ((x = 0) | (N > x))) | (!(input != 0))) & (((0 <= m) & ((m = 0) | (N > m))) | (input != 0))))
   [#] Simplified query: ((!((0 <= m) & ((m = 0) | (N > m)))) | (!(x < N)) | ((((0 <= x) & ((x = 0) | (N > x))) | (!(input != 0))) & (((0 <= m) & ((m = 0) | (N > m))) | (input != 0))))

    [%] Inferring {true} [k = 1] (0f x 4546t) ...                                     
    [?] Verifying [k = 1] --- true                            
      [+] Added test ... [ 0, 0, -1, -1 ]

    [%] Removing conflicts ...  @2 @3
    [%] Removing conflicts ...  @2 @3
    [%] Inferring {true} [k = 1] (2f x 4547t) ...                                     
    [%] Inferring {true} [k = 2] (2f x 4547t) ...                                     
    [?] Verifying [k = 2] --- ((N > m) | (m = x))                            
      [+] Added test ... [ 0, 1, -1, -1 ]

    [%] Removing conflicts ...  @2 @3
    [%] Removing conflicts ...  @2 @3
    [%] Inferring {true} [k = 1] (4f x 4548t) ...                                     
    [%] Inferring {true} [k = 2] (4f x 4548t) ...                                     
    [%] Inferring {true} [k = 3] (4f x 4548t) ...                                     
    [?] Verifying [k = 3] --- ((m = x) | (N > 1) | (N = x))                            
      [+] Added test ... [ 0, 2, -1, -1 ]

    [%] Removing conflicts ...  @2 @3
    [%] Inferring {true} [k = 1] (5f x 4549t) ...                                     
    [%] Inferring {true} [k = 2] (5f x 4549t) ...                                     
    [?] Verifying [k = 2] --- ((m = x) | (x > m))                            

     - Result = ((m = x) | (x > m))

   # Loop_1 | Invariant @ Inductive Condition: (((m = x) | (x > m)) & ((0 <= m) & ((m = 0) | (N > m))))

   # Loop_1 | Inductive Check: ((!(((m = x) | (x > m)) & ((0 <= m) & ((m = 0) | (N > m))))) | (!(x < N)) | (((((x = (x + 1)) | ((x + 1) > x)) & ((0 <= x) & ((x = 0) | (N > x)))) | (!(input != 0))) & ((((m = (x + 1)) | ((x + 1) > m)) & ((0 <= m) & ((m = 0) | (N > m)))) | (input != 0)))) is valid!

   # Precondition Check: (((0 = 0) | (0 > 0)) & ((0 <= 0) & ((0 = 0) | (N > 0)))) is valid!


[###] Final invariants: [###]
Loop #1: (((m = x) | (x > m)) & ((0 <= m) & ((m = 0) | (N > m))))
================================================================================
checker_exec.sh: line 1: 15229 Aborted                 (core dumped) bin/pinvgen -wpath /home/saswat/Repos/PIE/logs/limit_8gb/6400/pie/16/cegar2.cpp -abducer /home/saswat/Repos/PIE/abducer/abduce.sh -tool=pie -csize 16 --extra-arg=--std=c++11 ../../PIE/bm_ice/cegar2.cpp --

real	0m23.413s
user	0m21.420s
sys	0m0.324s


--- Processed cegar2.cpp ---
sat: 9
unsat: 4
unk: 0
escher: 11

[$] OOM Count = 0
[$] MAX Usage = 125
