 ==>
2145 tests for loop #1.

(*) Checking loop invariant:
================================================================================
[#] Starting Loop Invariant Generation ...

   + Found guard in B4 for loop #1

     - post_1 : (true & (y = n))
     - guard : (x > 0)

   [Q1] Abduction query = ((x > 0) | (true & (y = n)))
   [#] Simplified query: ((x > 0) | (true & (y = n)))

    [%] Inferring {true} [k = 1] (0f x 2145t) ...                                     
    [?] Verifying [k = 1] --- true                            
      [+] Added test ... [ 0, -1, 0 ]

    [%] Removing conflicts ...  @2 @3
    [%] Removing conflicts ...  @2 @3
    [%] Inferring {true} [k = 1] (2f x 2146t) ...                                     
    [?] Verifying [k = 1] --- (0 <= y)                            
      [+] Added test ... [ 0, 0, 1 ]

    [%] Removing conflicts ...  @2 @3 @4 @5
    [%] Inferring {true} [k = 1] (3f x 2147t) ...                                     
    [?] Verifying [k = 1] --- (n = (y + x))                            
      [+] Added test ... [ -1, 1, 0 ]

    [%] Removing conflicts ...  @2 @3
    [%] Inferring {true} [k = 1] (4f x 2148t) ...                                     
    [?] Verifying [k = 1] --- (y <= n) & (n = (y + x))                            

     - Result = ((y <= n) & (n = (y + x)))

   # Loop_1 | Invariant @ Postcondition: ((y <= n) & (n = (y + x)))

   # Loop_1 | Inductive Check: ((!((y <= n) & (n = (y + x)))) | (!(x > 0)) | (((y + 1) <= n) & (n = ((y + 1) + (x - 1))))) is valid!

   # Precondition Check: ((!(n >= 0)) | ((0 <= n) & (n = (0 + n)))) is valid!


[###] Final invariants: [###]
Loop #1: ((y <= n) & (n = (y + x)))
================================================================================
checker_exec.sh: line 1: 27801 Aborted                 (core dumped) bin/pinvgen -wpath /home/saswat/Repos/PIE/logs/limit_8gb/6400/pie/16/countud.cpp -abducer /home/saswat/Repos/PIE/abducer/abduce.sh -tool=pie -csize 16 --extra-arg=--std=c++11 /home/saswat/Repos/PIE/abducer/../bm_ice/countud.cpp --

real	0m17.018s
user	0m15.460s
sys	0m0.168s


--- Processed countud.cpp ---
sat: 3
unsat: 3
unk: 0
escher: 4

[$] OOM Count = 0
[$] MAX Usage = 106
