 ==>
2036 tests for loop #1.

(*) Checking loop invariant:
================================================================================
[#] Starting Loop Invariant Generation ...

   + Found guard in B4 for loop #1

     - post_1 : (true & (j < (n + 1)))
     - guard : (i < n)

   [Q1] Abduction query = ((i < n) | (true & (j < (n + 1))))
   [#] Simplified query: ((i < n) | (true & (j < (n + 1))))

    [%] Inferring {true} [k = 1] (0f x 2036t) ...                                     
    [?] Verifying [k = 1] --- true                            
      [+] Added test ... [ 0, 0, 1 ]

    [%] Removing conflicts ...  @2 @3
    [%] Inferring {true} [k = 1] (1f x 2037t) ...                                     
    [?] Verifying [k = 1] --- (j = i)                            
      [+] Added test ... [ 1, 0, 1 ]

    [%] Removing conflicts ...  @2 @3
    [%] Removing conflicts ...  @2 @3
    [%] Inferring {true} [k = 1] (3f x 2038t) ...                                     
    [%] Inferring {true} [k = 2] (3f x 2038t) ...                                     
    [?] Verifying [k = 2] --- ((n > j) | (j = n))                            

     - Result = ((n > j) | (j = n))

   # Loop_1 | Invariant @ Postcondition: ((n > j) | (j = n))

   # Loop_1 | Inductive Check: ((!((n > j) | (j = n))) | (!(i < n)) | ((n > (j + 1)) | ((j + 1) = n))) is not valid!

   [Q2] Abduction query = ((!((n > j) | (j = n))) | (!(i < n)) | ((n > (j + 1)) | ((j + 1) = n)))
   [#] Simplified query: ((!((n > j) | (j = n))) | (!(i < n)) | ((n > (j + 1)) | ((j + 1) = n)))

    [%] Inferring {true} [k = 1] (0f x 2036t) ...                                     
    [?] Verifying [k = 1] --- true                            
      [+] Added test ... [ 0, 0, -1 ]

    [%] Removing conflicts ...  @2 @3
    [%] Inferring {true} [k = 1] (1f x 2037t) ...                                     
    [?] Verifying [k = 1] --- (j = i)                            

     - Result = (j = i)

   # Loop_1 | Invariant @ Inductive Condition: ((j = i) & ((n > j) | (j = n)))

   # Loop_1 | Inductive Check: ((!((j = i) & ((n > j) | (j = n)))) | (!(i < n)) | (((j + 1) = (i + 1)) & ((n > (j + 1)) | ((j + 1) = n)))) is valid!

   # Precondition Check: ((!(n >= 0)) | ((0 = 0) & ((n > 0) | (0 = n)))) is valid!


[###] Final invariants: [###]
Loop #1: ((j = i) & ((n > j) | (j = n)))
================================================================================
checker_exec.sh: line 1:  4954 Aborted                 (core dumped) bin/pinvgen -wpath /home/saswat/Repos/PIE/logs/limit_8gb/6400/pie/16/dillig07.cpp -abducer /home/saswat/Repos/PIE/abducer/abduce.sh -tool=pie -csize 16 --extra-arg=--std=c++11 ../../PIE/bm_ice/dillig07.cpp --

real	0m20.749s
user	0m18.176s
sys	0m0.268s


--- Processed dillig07.cpp ---
sat: 4
unsat: 4
unk: 0
escher: 4

[$] OOM Count = 0
[$] MAX Usage = 120
