 ==>
1 tests for loop #1.

(*) Checking loop invariant:
================================================================================
[#] Starting Loop Invariant Generation ...

   + Found guard in B4 for loop #1

     - post_1 : (true & (0 = 1))
     - guard : (y >= 0)

   [Q1] Abduction query = ((y >= 0) | (true & (0 = 1)))
   [#] Simplified query: ((y >= 0) | (true & (0 = 1)))

    [%] Inferring {true} [k = 1] (0f x 1t) ...                                     
    [?] Verifying [k = 1] --- true                            
      [+] Added test ... [ -1 ]

    [%] Removing conflicts ...  @2 @3
    [%] Inferring {true} [k = 1] (1f x 2t) ...                                     
    [?] Verifying [k = 1] --- (0 = y)                            

     - Result = (0 = y)

   # Loop_1 | Invariant @ Postcondition: (0 = y)

   # Loop_1 | Inductive Check: ((!(0 = y)) | (!(y >= 0)) | (0 = (y + x))) is not valid!

   [Q2] Abduction query = ((!(0 = y)) | (!(y >= 0)) | (0 = (y + x)))
   [#] Simplified query: ((!(0 = y)) | (!(y >= 0)) | (0 = (y + x)))

    [%] Inferring {true} [k = 1] (0f x 1t) ...                                     
    [?] Verifying [k = 1] --- true                            
      [+] Added test ... [ 0, -1 ]

    [%] Removing conflicts ...  @2 @3
    [%] Inferring {true} [k = 1] (1f x 2t) ...                                     
    [?] Verifying [k = 1] --- (y = x)                            

     - Result = (y = x)

   # Loop_1 | Invariant @ Inductive Condition: ((y = x) & (0 = y))

   # Loop_1 | Inductive Check: ((!((y = x) & (0 = y))) | (!(y >= 0)) | (((y + x) = x) & (0 = (y + x)))) is valid!

   # Precondition Check: ((0 = 0) & (0 = 0)) is valid!


[###] Final invariants: [###]
Loop #1: ((y = x) & (0 = y))
================================================================================
checker_exec.sh: line 1: 16362 Aborted                 (core dumped) bin/pinvgen -wpath /home/saswat/Repos/PIE/logs/limit_8gb/6400/pie/16/fig9.cpp -abducer /home/saswat/Repos/PIE/abducer/abduce.sh -tool=pie -csize 16 --extra-arg=--std=c++11 /home/saswat/Repos/PIE/abducer/../bm_ice/fig9.cpp --

real	0m18.581s
user	0m16.900s
sys	0m0.256s


--- Processed fig9.cpp ---
sat: 3
unsat: 4
unk: 0
escher: 2

[$] OOM Count = 0
[$] MAX Usage = 120
