 ==>
6400 tests for loop #1.

(*) Checking loop invariant:
================================================================================
[#] Starting Loop Invariant Generation ...

   + Found guard in B15 for loop #1

     - post_1 : (((true & ((((x1 <= 0) & (x1 >= (x4 + 1))) & (x2 = x3)) & ((x4 >= 0) | (x4 <= x3)))) | (!(x1 <= 0))) & ((true & ((((x1 <= 0) & (x1 >= (x4 + 1))) & (x2 = x3)) & ((x4 >= 0) | (x4 <= x3)))) | (x1 <= 0)))
     - guard : (input != 0)

   [Q1] Abduction query = ((input != 0) | (((true & ((((x1 <= 0) & (x1 >= (x4 + 1))) & (x2 = x3)) & ((x4 >= 0) | (x4 <= x3)))) | (!(x1 <= 0))) & ((true & ((((x1 <= 0) & (x1 >= (x4 + 1))) & (x2 = x3)) & ((x4 >= 0) | (x4 <= x3)))) | (x1 <= 0))))
   [#] Simplified query: ((input != 0) | (((true & ((((x1 <= 0) & (x1 >= (x4 + 1))) & (x2 = x3)) & ((x4 >= 0) | (x4 <= x3)))) | (!(x1 <= 0))) & ((true & ((((x1 <= 0) & (x1 >= (x4 + 1))) & (x2 = x3)) & ((x4 >= 0) | (x4 <= x3)))) | (x1 <= 0))))

    [%] Inferring {true} [k = 1] (0f x 6400t) ...                                     
    [?] Verifying [k = 1] --- true                            
      [+] Added test ... [ 0, 0, -1, 0, -2 ]

    [%] Removing conflicts ...  @2 @3
    [%] Inferring {true} [k = 1] (1f x 6401t) ...                                     
    [?] Verifying [k = 1] --- (x2 = x3)                            
      [+] Added test ... [ 0, 0, -1, -2, -2 ]

    [%] Removing conflicts ...  @2 @3
    [%] Inferring {true} [k = 1] (2f x 6402t) ...                                     
    [?] Verifying [k = 1] --- (x3 > x4)                            
      [+] Added test ... [ 0, 0, 0, 0, 1 ]

    [%] Inferring {true} [k = 1] (2f x 6403t) ...                                     
    [?] Verifying [k = 1] --- (x2 = x3) & (x3 > x4)                            
      [+] Added test ... [ 0, 1, 0, 1, 1 ]

    [%] Removing conflicts ...  @2 @3
    [%] Inferring {true} [k = 1] (3f x 6404t) ...                                     
    [?] Verifying [k = 1] --- (x2 = x3) & (1 > x1) & (x3 > x4)                            
      [+] Added test ... [ 0, 0, 0, 1, 1 ]

    [%] Removing conflicts ...  @2 @3
    [%] Inferring {true} [k = 1] (4f x 6405t) ...                                     
    [?] Verifying [k = 1] --- (x3 > x4) & (0 > x4)                            
      [+] Added test ... [ 0, 0, -1, 1, 0 ]

    [%] Inferring {true} [k = 1] (4f x 6406t) ...                                     
    [?] Verifying [k = 1] --- (x2 = x3) & (x3 > x4) & (0 > x4)                            
      [+] Added test ... [ 0, 1, -1, 0, 0 ]

    [%] Inferring {true} [k = 1] (4f x 6407t) ...                                     
    [?] Verifying [k = 1] --- (x2 = x3) & (1 > x1) & (x3 > x4) & (0 > x4)                            
      [+] Added test ... [ 0, -1, -1, 0, 0 ]

    [%] Removing conflicts ...  @2 @3
    [%] Inferring {true} [k = 1] (5f x 6408t) ...                                     
    [?] Verifying [k = 1] --- (x2 = x3) & (x3 > x4) & (1 > x1) & (x1 > x4)                            

     - Result = ((((x2 = x3) & (x3 > x4)) & (1 > x1)) & (x1 > x4))

   # Loop_1 | Invariant @ Postcondition: ((((x2 = x3) & (x3 > x4)) & (1 > x1)) & (x1 > x4))

   # Loop_1 | Inductive Check: ((!((((x2 = x3) & (x3 > x4)) & (1 > x1)) & (x1 > x4))) | (!(input != 0)) | ((((((x2 = x3) & (x3 > x4)) & (1 > x1)) & (x1 > x4)) | (!(x1p <= 0))) & (((((x2 = x3) & (x3 > x4)) & (1 > x1)) & (x1 > x4)) | (x1p <= 0)))) is valid!

   # Precondition Check: ((((0 = 0) & (0 > -1)) & (1 > 0)) & (0 > -1)) is valid!


[###] Final invariants: [###]
Loop #1: ((((x2 = x3) & (x3 > x4)) & (1 > x1)) & (x1 > x4))
================================================================================
checker_exec.sh: line 1: 20276 Aborted                 (core dumped) bin/pinvgen -wpath /home/saswat/Repos/PIE/logs/limit_8gb/6400/pie/16/formula25.cpp -abducer /home/saswat/Repos/PIE/abducer/abduce.sh -tool=pie -csize 16 --extra-arg=--std=c++11 /home/saswat/Repos/PIE/abducer/../bm_ice/formula25.cpp --

real	0m20.870s
user	0m19.096s
sys	0m0.196s


--- Processed formula25.cpp ---
sat: 8
unsat: 3
unk: 0
escher: 5

[$] OOM Count = 0
[$] MAX Usage = 120
