 ==>
6400 tests for loop #1.

(*) Checking loop invariant:
================================================================================
[#] Starting Loop Invariant Generation ...

   + Found guard in B17 for loop #1

     - post_1 : (((true & (((((0 <= x1) & (x1 <= (x4 + 1))) & (x2 = x3)) & ((x2 <= -1) | (x4 <= (x2 + 2)))) & (x5 = 0))) | (!(0 <= x1))) & ((true & (((((0 <= x1) & (x1 <= (x4 + 1))) & (x2 = x3)) & ((x2 <= -1) | (x4 <= (x2 + 2)))) & (x5 = 0))) | (0 <= x1)))
     - guard : (input != 0)

   [Q1] Abduction query = ((input != 0) | (((true & (((((0 <= x1) & (x1 <= (x4 + 1))) & (x2 = x3)) & ((x2 <= -1) | (x4 <= (x2 + 2)))) & (x5 = 0))) | (!(0 <= x1))) & ((true & (((((0 <= x1) & (x1 <= (x4 + 1))) & (x2 = x3)) & ((x2 <= -1) | (x4 <= (x2 + 2)))) & (x5 = 0))) | (0 <= x1))))
   [#] Simplified query: ((input != 0) | (((true & (((((0 <= x1) & (x1 <= (x4 + 1))) & (x2 = x3)) & ((x2 <= -1) | (x4 <= (x2 + 2)))) & (x5 = 0))) | (!(0 <= x1))) & ((true & (((((0 <= x1) & (x1 <= (x4 + 1))) & (x2 = x3)) & ((x2 <= -1) | (x4 <= (x2 + 2)))) & (x5 = 0))) | (0 <= x1))))

    [%] Inferring {true} [k = 1] (0f x 6400t) ...                                     
    [?] Verifying [k = 1] --- true                            
      [+] Added test ... [ 0, 0, 0, 0, 0, -1 ]

    [%] Removing conflicts ...  @2 @3
    [%] Inferring {true} [k = 1] (1f x 6401t) ...                                     
    [?] Verifying [k = 1] --- (x3 = x5)                            
      [+] Added test ... [ 0, 0, 0, 0, -1, -1 ]

    [%] Removing conflicts ...  @2 @3
    [%] Inferring {true} [k = 1] (2f x 6402t) ...                                     
    [?] Verifying [k = 1] --- (x2 = x5)                            
      [+] Added test ... [ 0, 0, 0, 1, 0, 1 ]

    [%] Inferring {true} [k = 1] (2f x 6403t) ...                                     
    [?] Verifying [k = 1] --- (x3 = x5) & (x2 = x5)                            
      [+] Added test ... [ 0, 0, 0, 1, 1, 1 ]

    [%] Removing conflicts ...  @2 @3
    [%] Inferring {true} [k = 1] (3f x 6404t) ...                                     
    [?] Verifying [k = 1] --- (x5 = x4)                            
      [+] Added test ... [ 0, 0, -1, 0, 0, -1 ]

    [%] Inferring {true} [k = 1] (3f x 6405t) ...                                     
    [?] Verifying [k = 1] --- (x2 = x5) & (x5 = x4)                            
      [+] Added test ... [ 0, 0, -1, -1, 0, -1 ]

    [%] Inferring {true} [k = 1] (3f x 6406t) ...                                     
    [?] Verifying [k = 1] --- (x3 = x5) & (x5 = x4)                            
      [+] Added test ... [ 0, 0, -1, 0, -1, -1 ]

    [%] Inferring {true} [k = 1] (3f x 6407t) ...                                     
    [?] Verifying [k = 1] --- (x3 = x5) & (x2 = x5) & (x5 = x4)                            
      [+] Added test ... [ 0, 0, -1, -1, -1, -1 ]

    [%] Removing conflicts ...  @2 @3
    [%] Inferring {true} [k = 1] (4f x 6408t) ...                                     
    [?] Verifying [k = 1] --- (x1 = x5)                            
      [+] Added test ... [ 0, 1, 0, 0, 0, 1 ]

    [%] Inferring {true} [k = 1] (4f x 6409t) ...                                     
    [?] Verifying [k = 1] --- (x5 = x4) & (x1 = x5)                            
      [+] Added test ... [ 0, 1, 1, 0, 0, 1 ]

    [%] Inferring {true} [k = 1] (4f x 6410t) ...                                     
    [?] Verifying [k = 1] --- (x2 = x5) & (x1 = x5)                            
      [+] Added test ... [ 0, 1, 0, 1, 0, 1 ]

    [%] Inferring {true} [k = 1] (4f x 6411t) ...                                     
    [?] Verifying [k = 1] --- (x3 = x5) & (x1 = x5)                            
      [+] Added test ... [ 0, 1, 0, 0, 1, 1 ]

    [%] Inferring {true} [k = 1] (4f x 6412t) ...                                     
    [?] Verifying [k = 1] --- (x2 = x5) & (x5 = x4) & (x1 = x5)                            
      [+] Added test ... [ 0, 1, 1, 1, 0, 1 ]

    [%] Inferring {true} [k = 1] (4f x 6413t) ...                                     
    [?] Verifying [k = 1] --- (x5 = x4) & (x3 = x5) & (x1 = x5)                            
      [+] Added test ... [ 0, 1, 1, 0, 1, 1 ]

    [%] Inferring {true} [k = 1] (4f x 6414t) ...                                     
    [?] Verifying [k = 1] --- (x3 = x5) & (x2 = x5) & (x1 = x5)                            
      [+] Added test ... [ 0, 1, 0, 1, 1, 1 ]

    [%] Inferring {true} [k = 1] (4f x 6415t) ...                                     
    [?] Verifying [k = 1] --- (x3 = x5) & (x2 = x5) & (x5 = x4) & (x1 = x5)                            
      [+] Added test ... [ 0, 1, 1, 1, 1, 1 ]

    [%] Removing conflicts ...  @2 @3
    [%] Inferring {true} [k = 1] (5f x 6416t) ...                                     
    [?] Verifying [k = 1] --- (x5 = 0)                            
      [+] Added test ... [ 0, 0, 3, 0, 0, 0 ]

    [%] Inferring {true} [k = 1] (5f x 6417t) ...                                     
    [?] Verifying [k = 1] --- (x5 = x4) & (x5 = 0)                            
      [+] Added test ... [ 0, 0, 0, 0, -1, 0 ]

    [%] Inferring {true} [k = 1] (5f x 6418t) ...                                     
    [?] Verifying [k = 1] --- (x3 = x5) & (x5 = x4) & (x5 = 0)                            
      [+] Added test ... [ 0, 0, 0, 1, 0, 0 ]

    [%] Inferring {true} [k = 1] (5f x 6419t) ...                                     
    [?] Verifying [k = 1] --- (x3 = x5) & (x2 = x5) & (x5 = x4) & (x5 = 0)                            
      [+] Added test ... [ 0, -1, 0, 0, 0, 0 ]

    [%] Inferring {true} [k = 1] (5f x 6420t) ...                                     
    [?] Verifying [k = 1] --- (x3 = x5) & (x2 = x5) & (x5 = x4) & (x1 = x5) & (x5 = 0)                            

     - Result = (((((x3 = x5) & (x2 = x5)) & (x5 = x4)) & (x1 = x5)) & (x5 = 0))

   # Loop_1 | Invariant @ Postcondition: (((((x3 = x5) & (x2 = x5)) & (x5 = x4)) & (x1 = x5)) & (x5 = 0))

   # Loop_1 | Inductive Check: ((!(((((x3 = x5) & (x2 = x5)) & (x5 = x4)) & (x1 = x5)) & (x5 = 0))) | (!(input != 0)) | (((((((x3 = x5) & (x2 = x5)) & (x5 = x4)) & (x1 = x5)) & (x5 = 0)) | (!(0 <= x1p))) & ((((((x3 = x5) & (x2 = x5)) & (x5 = x4)) & (x1 = x5)) & (x5 = 0)) | (0 <= x1p)))) is valid!

   # Precondition Check: (((((0 = 0) & (0 = 0)) & (0 = 0)) & (0 = 0)) & (0 = 0)) is valid!


[###] Final invariants: [###]
Loop #1: (((((x3 = x5) & (x2 = x5)) & (x5 = x4)) & (x1 = x5)) & (x5 = 0))
================================================================================
checker_exec.sh: line 1: 22158 Aborted                 (core dumped) bin/pinvgen -wpath /home/saswat/Repos/PIE/logs/limit_8gb/6400/pie/16/formula27.cpp -abducer /home/saswat/Repos/PIE/abducer/abduce.sh -tool=pie -csize 16 --extra-arg=--std=c++11 /home/saswat/Repos/PIE/abducer/../bm_ice/formula27.cpp --

real	0m25.301s
user	0m22.812s
sys	0m0.412s


--- Processed formula27.cpp ---
sat: 20
unsat: 3
unk: 0
escher: 5

[$] OOM Count = 0
[$] MAX Usage = 124
