 ==>
6400 tests for loop #1.

(*) Checking loop invariant:
================================================================================
[#] Starting Loop Invariant Generation ...

   + Found guard in B4 for loop #1

     - post_1 : (true & (x = 100))
     - guard : (x < 100)

   [Q1] Abduction query = ((x < 100) | (true & (x = 100)))
   [#] Simplified query: ((x < 100) | (true & (x = 100)))

    [%] Inferring {true} [k = 1] (0f x 6400t) ...                                     
    [?] Verifying [k = 1] --- true                            
      [+] Added test ... [ 101 ]

    [%] Removing conflicts ...  @2 @3
    [%] Removing conflicts ...  @2 @3
    [%] Inferring {true} [k = 1] (2f x 6401t) ...                                     
    [%] Inferring {true} [k = 2] (2f x 6401t) ...                                     
    [?] Verifying [k = 2] --- ((100 > x) | (x = 100))                            

     - Result = ((100 > x) | (x = 100))

   # Loop_1 | Invariant @ Postcondition: ((100 > x) | (x = 100))

   # Loop_1 | Inductive Check: ((!((100 > x) | (x = 100))) | (!(x < 100)) | ((100 > (x + 1)) | ((x + 1) = 100))) is valid!

   # Precondition Check: ((100 > 0) | (0 = 100)) is valid!


[###] Final invariants: [###]
Loop #1: ((100 > x) | (x = 100))
================================================================================
checker_exec.sh: line 1: 26007 Aborted                 (core dumped) bin/pinvgen -wpath /home/saswat/Repos/PIE/logs/limit_8gb/6400/pie/16/inc.cpp -abducer /home/saswat/Repos/PIE/abducer/abduce.sh -tool=pie -csize 16 --extra-arg=--std=c++11 /home/saswat/Repos/PIE/abducer/../bm_ice/inc.cpp --

real	0m17.630s
user	0m16.108s
sys	0m0.164s


--- Processed inc.cpp ---
sat: 1
unsat: 3
unk: 0
escher: 2

[$] OOM Count = 0
[$] MAX Usage = 105
