 ==>
1853 tests for loop #1.

(*) Checking loop invariant:
================================================================================
[#] Starting Loop Invariant Generation ...

   + Found guard in B6 for loop #1

     - post_1 : (((true & ((sn = n) | (sn = 0))) | (!(sn = n))) & ((true & ((sn = n) | (sn = 0))) | (sn = n)))
     - guard : (i <= n)

   [Q1] Abduction query = ((i <= n) | (((true & ((sn = n) | (sn = 0))) | (!(sn = n))) & ((true & ((sn = n) | (sn = 0))) | (sn = n))))
   [#] Simplified query: ((i <= n) | (((true & ((sn = n) | (sn = 0))) | (!(sn = n))) & ((true & ((sn = n) | (sn = 0))) | (sn = n))))

    [%] Inferring {true} [k = 1] (0f x 1853t) ...                                     
    [?] Verifying [k = 1] --- true                            
      [+] Added test ... [ 1, 0, -1 ]

    [%] Removing conflicts ...  @2 @3
    [%] Removing conflicts ...  @2 @3
    [%] Removing conflicts ...  @2 @3
    [%] Inferring {true} [k = 1] (3f x 1854t) ...                                     
    [%] Inferring {true} [k = 2] (3f x 1854t) ...                                     
    [%] Inferring {true} [k = 3] (3f x 1854t) ...                                     
    [?] Verifying [k = 3] --- ((n > 1) | (0 = sn) | (1 = n))                            
      [+] Added test ... [ 2, 1, -1 ]

    [%] Removing conflicts ...  @2 @3
    [%] Inferring {true} [k = 1] (4f x 1855t) ...                                     
    [%] Inferring {true} [k = 2] (4f x 1855t) ...                                     
    [%] Inferring {true} [k = 3] (4f x 1855t) ...                                     
    [?] Verifying [k = 3] --- ((n > 1) | (0 = sn) | (n = sn))                            
      [+] Added test ... [ 3, 2, -1 ]

    [%] Removing conflicts ...  @2 @3
    [%] Removing conflicts ...  @2 @3
    [%] Inferring {true} [k = 1] (6f x 1856t) ...                                     
    [%] Inferring {true} [k = 2] (6f x 1856t) ...                                     
    [%] Inferring {true} [k = 3] (6f x 1856t) ...                                     
    [%] Inferring {true} [k = 4] (6f x 1856t) ...                                     
    [?] Verifying [k = 4] --- ((0 = sn) | (n = sn) | (n > i) | (i = n))                            

     - Result = ((((0 = sn) | (n = sn)) | (n > i)) | (i = n))

   # Loop_1 | Invariant @ Postcondition: ((((0 = sn) | (n = sn)) | (n > i)) | (i = n))

   # Loop_1 | Inductive Check: ((!((((0 = sn) | (n = sn)) | (n > i)) | (i = n))) | (!(i <= n)) | ((((0 = (sn + 1)) | (n = (sn + 1))) | (n > (i + 1))) | ((i + 1) = n))) is not valid!

   [Q2] Abduction query = ((!((((0 = sn) | (n = sn)) | (n > i)) | (i = n))) | (!(i <= n)) | ((((0 = (sn + 1)) | (n = (sn + 1))) | (n > (i + 1))) | ((i + 1) = n)))
   [#] Simplified query: ((!((((0 = sn) | (n = sn)) | (n > i)) | (i = n))) | (!(i <= n)) | ((((0 = (sn + 1)) | (n = (sn + 1))) | (n > (i + 1))) | ((i + 1) = n)))

    [%] Inferring {true} [k = 1] (0f x 1853t) ...                                     
    [?] Verifying [k = 1] --- true                            
      [+] Added test ... [ 0, 0, 0 ]

    [%] Removing conflicts ...  @2 @3
    [%] Removing conflicts ...  @2 @3
    [%] Removing conflicts ...  @2 @3
    [%] Inferring {true} [k = 1] (3f x 1854t) ...                                     
    [%] Inferring {true} [k = 2] (3f x 1854t) ...                                     
    [%] Inferring {true} [k = 3] (3f x 1854t) ...                                     
    [?] Verifying [k = 3] --- ((n > 1) | (1 = i) | (1 = n))                            
      [+] Added test ... [ -2, 1, 1 ]

    [%] Removing conflicts ...  @2 @3
    [%] Inferring {true} [k = 1] (4f x 1855t) ...                                     
    [%] Inferring {true} [k = 2] (4f x 1855t) ...                                     
    [?] Verifying [k = 2] --- (!((1 = i)) | (0 = sn)) & ((1 = i) | !((0 = sn)))                            
      [+] Added test ... [ -2, 0, 0 ]

    [%] Inferring {true} [k = 1] (4f x 1856t) ...                                     
    [%] Inferring {true} [k = 2] (4f x 1856t) ...                                     
    [%] Inferring {true} [k = 3] (4f x 1856t) ...                                     
    [?] Verifying [k = 3] --- (!((1 = i)) | (0 = sn)) & ((n > 1) | (1 = i) | (1 = n))                            
      [+] Added test ... [ 0, 2, 2 ]

    [%] Inferring {true} [k = 1] (4f x 1857t) ...                                     
    [%] Inferring {true} [k = 2] (4f x 1857t) ...                                     
    [%] Inferring {true} [k = 3] (4f x 1857t) ...                                     
    [?] Verifying [k = 3] --- ((n > 1) | (1 = n) | (0 = sn)) & (!((1 = i)) | (0 = sn)) & ((1 = i) | !((0 = sn)))                            
      [+] Added test ... [ -2, 2, 2 ]

    [%] Removing conflicts ...  @2 @3
    [%] Removing conflicts ...  @2 @3
    [%] Inferring {true} [k = 1] (6f x 1858t) ...                                     
    [%] Inferring {true} [k = 2] (6f x 1858t) ...                                     
    [%] Inferring {true} [k = 3] (6f x 1858t) ...                                     
    [?] Verifying [k = 3] --- (!((1 = i)) | (0 = sn)) & ((1 = i) | (sn > 1) | (1 = sn))                            
      [+] Added test ... [ 1, 0, 0 ]

    [%] Inferring {true} [k = 1] (6f x 1859t) ...                                     
    [%] Inferring {true} [k = 2] (6f x 1859t) ...                                     
    [%] Inferring {true} [k = 3] (6f x 1859t) ...                                     
    [?] Verifying [k = 3] --- ((n > 1) | (1 = n) | !((1 = sn))) & (!((1 = i)) | (0 = sn)) & ((1 = i) | (sn > 1) | (1 = sn))                            
      [+] Added test ... [ 1, 3, 3 ]

    [%] Removing conflicts ...  @2 @3
    [%] Inferring {true} [k = 1] (7f x 1860t) ...                                     
    [%] Inferring {true} [k = 2] (7f x 1860t) ...                                     
    [%] Inferring {true} [k = 3] (7f x 1860t) ...                                     
    [?] Verifying [k = 3] --- (!((1 = i)) | (0 = sn)) & ((1 = n) | !((1 = sn)) | (n > i)) & ((1 = i) | (sn > 1) | (1 = sn))                            
      [+] Added test ... [ 2, 4, 4 ]

    [%] Removing conflicts ...  @2 @3 @4
    [%] Inferring {true} [k = 1] (8f x 1861t) ...                                     
    [?] Verifying [k = 1] --- (i = (sn + 1))                            

     - Result = (i = (sn + 1))

   # Loop_1 | Invariant @ Inductive Condition: ((i = (sn + 1)) & ((((0 = sn) | (n = sn)) | (n > i)) | (i = n)))

   # Loop_1 | Inductive Check: ((!((i = (sn + 1)) & ((((0 = sn) | (n = sn)) | (n > i)) | (i = n)))) | (!(i <= n)) | (((i + 1) = ((sn + 1) + 1)) & ((((0 = (sn + 1)) | (n = (sn + 1))) | (n > (i + 1))) | ((i + 1) = n)))) is valid!

   # Precondition Check: ((1 = (0 + 1)) & ((((0 = 0) | (n = 0)) | (n > 1)) | (1 = n))) is valid!


[###] Final invariants: [###]
Loop #1: ((i = (sn + 1)) & ((((0 = sn) | (n = sn)) | (n > i)) | (i = n)))
================================================================================
checker_exec.sh: line 1: 30104 Aborted                 (core dumped) bin/pinvgen -wpath /home/saswat/Repos/PIE/logs/limit_8gb/6400/pie/16/sum1.cpp -abducer /home/saswat/Repos/PIE/abducer/abduce.sh -tool=pie -csize 16 --extra-arg=--std=c++11 /home/saswat/Repos/PIE/abducer/../bm_ice/sum1.cpp --

real	0m21.777s
user	0m19.516s
sys	0m0.328s


--- Processed sum1.cpp ---
sat: 12
unsat: 4
unk: 0
escher: 14

[$] OOM Count = 0
[$] MAX Usage = 121
