 ==>
1875 tests for loop #1.

(*) Checking loop invariant:
================================================================================
[#] Starting Loop Invariant Generation ...

   + Found guard in B6 for loop #1

     - post_1 : (((true & ((sn = SIZE) | (sn = 0))) | (!(sn = SIZE))) & ((true & ((sn = SIZE) | (sn = 0))) | (sn = SIZE)))
     - guard : (i <= SIZE)

   [Q1] Abduction query = ((i <= SIZE) | (((true & ((sn = SIZE) | (sn = 0))) | (!(sn = SIZE))) & ((true & ((sn = SIZE) | (sn = 0))) | (sn = SIZE))))
   [#] Simplified query: ((i <= SIZE) | (((true & ((sn = SIZE) | (sn = 0))) | (!(sn = SIZE))) & ((true & ((sn = SIZE) | (sn = 0))) | (sn = SIZE))))

    [%] Inferring {true} [k = 1] (0f x 1875t) ...                                     
    [?] Verifying [k = 1] --- true                            
      [+] Added test ... [ 1, 0, -1 ]

    [%] Removing conflicts ...  @2 @3
    [%] Inferring {true} [k = 1] (1f x 1876t) ...                                     
    [?] Verifying [k = 1] --- (0 <= sn)                            
      [+] Added test ... [ 3, 2, 1 ]

    [%] Removing conflicts ...  @2 @3 @4
    [%] Removing conflicts ...  @2 @3
    [%] Removing conflicts ...  @2 @3
    [%] Inferring {true} [k = 1] (4f x 1877t) ...                                     
    [%] Inferring {true} [k = 2] (4f x 1877t) ...                                     
    [%] Inferring {true} [k = 3] (4f x 1877t) ...                                     
    [?] Verifying [k = 3] --- ((! (sn = 1)) | (SIZE > i) | (i = SIZE)) & (0 <= sn)                            
      [+] Added test ... [ 4, 3, 2 ]

    [%] Removing conflicts ...  @2 @3
    [%] Inferring {true} [k = 1] (5f x 1878t) ...                                     
    [%] Inferring {true} [k = 2] (5f x 1878t) ...                                     
    [%] Inferring {true} [k = 3] (5f x 1878t) ...                                     
    [?] Verifying [k = 3] --- ((SIZE > i) | (i = SIZE) | (SIZE <= sn))                            
      [+] Added test ... [ -1, -2, -1 ]

    [%] Inferring {true} [k = 1] (5f x 1879t) ...                                     
    [%] Inferring {true} [k = 2] (5f x 1879t) ...                                     
    [%] Inferring {true} [k = 3] (5f x 1879t) ...                                     
    [?] Verifying [k = 3] --- (0 <= sn) & ((SIZE > i) | (i = SIZE) | (SIZE <= sn))                            
      [+] Added test ... [ 1, 0, 1 ]

    [%] Inferring {true} [k = 1] (5f x 1880t) ...                                     
    [%] Inferring {true} [k = 2] (5f x 1880t) ...                                     
    [%] Inferring {true} [k = 3] (5f x 1880t) ...                                     
    [?] Verifying [k = 3] --- ((! (sn = 1)) | !((SIZE <= sn))) & (0 <= sn) & ((SIZE > i) | (i = SIZE) | (SIZE <= sn))                            
      [+] Added test ... [ 1, 0, 2 ]

    [%] Removing conflicts ...  @2 @3
    [%] Inferring {true} [k = 1] (6f x 1881t) ...                                     
    [%] Inferring {true} [k = 2] (6f x 1881t) ...                                     
    [%] Inferring {true} [k = 3] (6f x 1881t) ...                                     
    [?] Verifying [k = 3] --- ((SIZE > i) | (i = SIZE) | (SIZE <= sn)) & (i > sn)                            
      [+] Added test ... [ 0, -2, -1 ]

    [%] Inferring {true} [k = 1] (6f x 1882t) ...                                     
    [%] Inferring {true} [k = 2] (6f x 1882t) ...                                     
    [%] Inferring {true} [k = 3] (6f x 1882t) ...                                     
    [?] Verifying [k = 3] --- (0 <= sn) & ((SIZE > i) | (i = SIZE) | (SIZE <= sn)) & (i > sn)                            
      [+] Added test ... [ 2, 0, 1 ]

    [%] Inferring {true} [k = 1] (6f x 1883t) ...                                     
    [%] Inferring {true} [k = 2] (6f x 1883t) ...                                     
    [%] Inferring {true} [k = 3] (6f x 1883t) ...                                     
    [?] Verifying [k = 3] --- ((! (sn = 1)) | !((SIZE <= sn))) & (0 <= sn) & ((SIZE > i) | (i = SIZE) | (SIZE <= sn)) & (i > sn)                            
      [+] Added test ... [ 3, 0, 2 ]

    [%] Removing conflicts ...  @2 @3 @4
    [%] Inferring {true} [k = 1] (7f x 1884t) ...                                     
    [%] Inferring {true} [k = 2] (7f x 1884t) ...                                     
    [%] Inferring {true} [k = 3] (7f x 1884t) ...                                     
    [?] Verifying [k = 3] --- ((SIZE > i) | (i = SIZE) | (SIZE <= sn)) & (0 <= sn) & (! (0 = SIZE))                            
      [+] Added test ... [ 0, -1, 1 ]

    [%] Inferring {true} [k = 1] (7f x 1885t) ...                                     
    [%] Inferring {true} [k = 2] (7f x 1885t) ...                                     
    [%] Inferring {true} [k = 3] (7f x 1885t) ...                                     
    [?] Verifying [k = 3] --- (0 <= sn) & ((SIZE > i) | (i = SIZE) | (SIZE <= sn)) & (i > sn) & (! (0 = SIZE))                            
      [+] Added test ... [ 2, -1, 1 ]

    [%] Inferring {true} [k = 1] (7f x 1886t) ...                                     
    [%] Inferring {true} [k = 2] (7f x 1886t) ...                                     
    [%] Inferring {true} [k = 3] (7f x 1886t) ...                                     
    [?] Verifying [k = 3] --- ((SIZE > i) | (i = SIZE) | (SIZE <= sn)) & (0 <= sn) & ((! (sn = 1)) | (SIZE > i) | (i = SIZE)) & (! (0 = SIZE))                            
      [+] Added test ... [ 0, -1, 2 ]

    [%] Inferring {true} [k = 1] (7f x 1887t) ...                                     
    [%] Inferring {true} [k = 2] (7f x 1887t) ...                                     
    [%] Inferring {true} [k = 3] (7f x 1887t) ...                                     
    [?] Verifying [k = 3] --- ((! (sn = 1)) | !((SIZE <= sn))) & (0 <= sn) & ((SIZE > i) | (i = SIZE) | (SIZE <= sn)) & (i > sn) & (! (0 = SIZE))                            
      [+] Added test ... [ 3, -1, 2 ]

    [%] Removing conflicts ...  @2 @3 @4 @5
    [%] Removing conflicts ...  @2 @3
    [%] Inferring {true} [k = 1] (9f x 1888t) ...                                     
    [%] Inferring {true} [k = 2] (9f x 1888t) ...                                     
    [%] Inferring {true} [k = 3] (9f x 1888t) ...                                     
    [?] Verifying [k = 3] --- ((SIZE > i) | (i = SIZE) | (SIZE <= sn)) & (0 <= sn) & ((! (0 = (SIZE + 1))) | (i = 1)) & (! (0 = SIZE))                            
      [+] Added test ... [ -1, -2, 1 ]

    [%] Inferring {true} [k = 1] (9f x 1889t) ...                                     
    [%] Inferring {true} [k = 2] (9f x 1889t) ...                                     
    [%] Inferring {true} [k = 3] (9f x 1889t) ...                                     
    [?] Verifying [k = 3] --- (0 <= sn) & ((SIZE > i) | (i = SIZE) | (SIZE <= sn)) & ((! (0 = (SIZE + 1))) | (i = 1)) & (! (0 = SIZE)) & (i > sn)                            
      [+] Added test ... [ 2, -2, 1 ]

    [%] Inferring {true} [k = 1] (9f x 1890t) ...                                     
    [%] Inferring {true} [k = 2] (9f x 1890t) ...                                     
    [%] Inferring {true} [k = 3] (9f x 1890t) ...                                     
    [?] Verifying [k = 3] --- ((SIZE > i) | (i = SIZE) | (SIZE <= sn)) & ((! (0 = (SIZE + 1))) | (i = 1)) & (0 <= sn) & (i > sn) & (! (0 = SIZE)) & ((! (sn = 1)) | (SIZE > i) | (i = SIZE))                            
      [+] Added test ... [ 3, -2, 2 ]

    [%] Removing conflicts ...  @2 @3
    [%] Inferring {true} [k = 1] (10f x 1891t) ...                                     
    [%] Inferring {true} [k = 2] (10f x 1891t) ...                                     
    [%] Inferring {true} [k = 3] (10f x 1891t) ...                                     
    [?] Verifying [k = 3] --- ((SIZE > i) | (i = SIZE) | (SIZE <= sn)) & (! (0 = SIZE)) & (!((SIZE <= sn)) | (i = 1) | (sn = SIZE))                            
      [+] Added test ... [ 1, -2, -1 ]

    [%] Inferring {true} [k = 1] (10f x 1892t) ...                                     
    [%] Inferring {true} [k = 2] (10f x 1892t) ...                                     
    [%] Inferring {true} [k = 3] (10f x 1892t) ...                                     
    [?] Verifying [k = 3] --- (0 <= sn) & ((SIZE > i) | (i = SIZE) | (SIZE <= sn)) & (! (0 = SIZE)) & (!((SIZE <= sn)) | (i = 1) | (sn = SIZE))                            
      [+] Added test ... [ 1, -1, 1 ]

    [%] Inferring {true} [k = 1] (10f x 1893t) ...                                     
    [%] Inferring {true} [k = 2] (10f x 1893t) ...                                     
    [%] Inferring {true} [k = 3] (10f x 1893t) ...                                     
    [?] Verifying [k = 3] --- (0 <= sn) & (i > sn) & ((SIZE > i) | (i = SIZE) | (SIZE <= sn)) & (! (0 = SIZE)) & (!((SIZE <= sn)) | (i = 1) | (sn = SIZE))                            

     - Result = (((((0 <= sn) & (i > sn)) & (((SIZE > i) | (i = SIZE)) | (SIZE <= sn))) & (!(0 = SIZE))) & (((!(SIZE <= sn)) | (i = 1)) | (sn = SIZE)))

   # Loop_1 | Invariant @ Postcondition: (((((0 <= sn) & (i > sn)) & (((SIZE > i) | (i = SIZE)) | (SIZE <= sn))) & (!(0 = SIZE))) & (((!(SIZE <= sn)) | (i = 1)) | (sn = SIZE)))

   # Loop_1 | Inductive Check: ((!(((((0 <= sn) & (i > sn)) & (((SIZE > i) | (i = SIZE)) | (SIZE <= sn))) & (!(0 = SIZE))) & (((!(SIZE <= sn)) | (i = 1)) | (sn = SIZE)))) | (!(i <= SIZE)) | (((((0 <= (sn + 1)) & ((i + 1) > (sn + 1))) & (((SIZE > (i + 1)) | ((i + 1) = SIZE)) | (SIZE <= (sn + 1)))) & (!(0 = SIZE))) & (((!(SIZE <= (sn + 1))) | ((i + 1) = 1)) | ((sn + 1) = SIZE)))) is not valid!

   [Q2] Abduction query = ((!(((((0 <= sn) & (i > sn)) & (((SIZE > i) | (i = SIZE)) | (SIZE <= sn))) & (!(0 = SIZE))) & (((!(SIZE <= sn)) | (i = 1)) | (sn = SIZE)))) | (!(i <= SIZE)) | (((((0 <= (sn + 1)) & ((i + 1) > (sn + 1))) & (((SIZE > (i + 1)) | ((i + 1) = SIZE)) | (SIZE <= (sn + 1)))) & (!(0 = SIZE))) & (((!(SIZE <= (sn + 1))) | ((i + 1) = 1)) | ((sn + 1) = SIZE))))
   [#] Simplified query: ((!(((((0 <= sn) & (i > sn)) & (((SIZE > i) | (i = SIZE)) | (SIZE <= sn))) & (!(0 = SIZE))) & (((!(SIZE <= sn)) | (i = 1)) | (sn = SIZE)))) | (!(i <= SIZE)) | (((((0 <= (sn + 1)) & ((i + 1) > (sn + 1))) & (((SIZE > (i + 1)) | ((i + 1) = SIZE)) | (SIZE <= (sn + 1)))) & (!(0 = SIZE))) & (((!(SIZE <= (sn + 1))) | ((i + 1) = 1)) | ((sn + 1) = SIZE))))

    [%] Inferring {true} [k = 1] (0f x 1875t) ...                                     
    [?] Verifying [k = 1] --- true                            
      [+] Added test ... [ 0, 2, 2 ]

    [%] Removing conflicts ...  @2 @3 @4
    [%] Inferring {true} [k = 1] (1f x 1876t) ...                                     
    [?] Verifying [k = 1] --- (i = (sn + 1))                            

     - Result = (i = (sn + 1))

   # Loop_1 | Invariant @ Inductive Condition: ((i = (sn + 1)) & (((((0 <= sn) & (i > sn)) & (((SIZE > i) | (i = SIZE)) | (SIZE <= sn))) & (!(0 = SIZE))) & (((!(SIZE <= sn)) | (i = 1)) | (sn = SIZE))))

   # Loop_1 | Inductive Check: ((!((i = (sn + 1)) & (((((0 <= sn) & (i > sn)) & (((SIZE > i) | (i = SIZE)) | (SIZE <= sn))) & (!(0 = SIZE))) & (((!(SIZE <= sn)) | (i = 1)) | (sn = SIZE))))) | (!(i <= SIZE)) | (((i + 1) = ((sn + 1) + 1)) & (((((0 <= (sn + 1)) & ((i + 1) > (sn + 1))) & (((SIZE > (i + 1)) | ((i + 1) = SIZE)) | (SIZE <= (sn + 1)))) & (!(0 = SIZE))) & (((!(SIZE <= (sn + 1))) | ((i + 1) = 1)) | ((sn + 1) = SIZE))))) is valid!

   # Precondition Check: ((1 = (0 + 1)) & (((((0 <= 0) & (1 > 0)) & (((SIZE > 1) | (1 = SIZE)) | (SIZE <= 0))) & (!(0 = SIZE))) & (((!(SIZE <= 0)) | (1 = 1)) | (0 = SIZE))))    [+] Root state for counter-examples : {'i': '-', 'sn': '-', 'SIZE': '0'}
 is not valid!

----------------------------------< RESTART >-----------------------------------

   + Found guard in B6 for loop #1

     - post_1 : (((true & ((sn = SIZE) | (sn = 0))) | (!(sn = SIZE))) & ((true & ((sn = SIZE) | (sn = 0))) | (sn = SIZE)))
     - guard : (i <= SIZE)

   [Q3] Abduction query = ((i <= SIZE) | (((true & ((sn = SIZE) | (sn = 0))) | (!(sn = SIZE))) & ((true & ((sn = SIZE) | (sn = 0))) | (sn = SIZE))))
   [#] Simplified query: ((i <= SIZE) | (((true & ((sn = SIZE) | (sn = 0))) | (!(sn = SIZE))) & ((true & ((sn = SIZE) | (sn = 0))) | (sn = SIZE))))

    [%] Inferring {true} [k = 1] (0f x 1876t) ...                                     
    [?] Verifying [k = 1] --- true                            
      [+] Added test ... [ 1, 0, -1 ]

    [%] Removing conflicts ...  @2 @3
    [%] Inferring {true} [k = 1] (1f x 1877t) ...                                     
    [?] Verifying [k = 1] --- (0 <= sn)                            
      [+] Added test ... [ 3, 2, 1 ]

    [%] Removing conflicts ...  @2 @3 @4
    [%] Removing conflicts ...  @2 @3
    [%] Removing conflicts ...  @2 @3
    [%] Inferring {true} [k = 1] (4f x 1878t) ...                                     
    [%] Inferring {true} [k = 2] (4f x 1878t) ...                                     
    [%] Inferring {true} [k = 3] (4f x 1878t) ...                                     
    [?] Verifying [k = 3] --- ((! (sn = 1)) | (SIZE > i) | (i = SIZE)) & (0 <= sn)                            
      [+] Added test ... [ 4, 3, 2 ]

    [%] Removing conflicts ...  @2 @3
    [%] Inferring {true} [k = 1] (5f x 1879t) ...                                     
    [%] Inferring {true} [k = 2] (5f x 1879t) ...                                     
    [%] Inferring {true} [k = 3] (5f x 1879t) ...                                     
    [?] Verifying [k = 3] --- ((SIZE > i) | (i = SIZE) | (SIZE <= sn))                            
      [+] Added test ... [ -1, -2, -1 ]

    [%] Inferring {true} [k = 1] (5f x 1880t) ...                                     
    [%] Inferring {true} [k = 2] (5f x 1880t) ...                                     
    [%] Inferring {true} [k = 3] (5f x 1880t) ...                                     
    [?] Verifying [k = 3] --- (0 <= sn) & ((SIZE > i) | (i = SIZE) | (SIZE <= sn))                            
      [+] Added test ... [ 1, 0, 1 ]

    [%] Inferring {true} [k = 1] (5f x 1881t) ...                                     
    [%] Inferring {true} [k = 2] (5f x 1881t) ...                                     
    [%] Inferring {true} [k = 3] (5f x 1881t) ...                                     
    [?] Verifying [k = 3] --- ((! (sn = 1)) | !((SIZE <= sn))) & (0 <= sn) & ((SIZE > i) | (i = SIZE) | (SIZE <= sn))                            
      [+] Added test ... [ 1, 0, 2 ]

    [%] Removing conflicts ...  @2 @3
    [%] Inferring {true} [k = 1] (6f x 1882t) ...                                     
    [%] Inferring {true} [k = 2] (6f x 1882t) ...                                     
    [%] Inferring {true} [k = 3] (6f x 1882t) ...                                     
    [?] Verifying [k = 3] --- ((SIZE > i) | (i = SIZE) | (SIZE <= sn)) & (i > sn)                            
      [+] Added test ... [ 0, -2, -1 ]

    [%] Inferring {true} [k = 1] (6f x 1883t) ...                                     
    [%] Inferring {true} [k = 2] (6f x 1883t) ...                                     
    [%] Inferring {true} [k = 3] (6f x 1883t) ...                                     
    [?] Verifying [k = 3] --- (0 <= sn) & ((SIZE > i) | (i = SIZE) | (SIZE <= sn)) & (i > sn)                            
      [+] Added test ... [ 2, 0, 1 ]

    [%] Inferring {true} [k = 1] (6f x 1884t) ...                                     
    [%] Inferring {true} [k = 2] (6f x 1884t) ...                                     
    [%] Inferring {true} [k = 3] (6f x 1884t) ...                                     
    [?] Verifying [k = 3] --- ((! (sn = 1)) | !((SIZE <= sn))) & (0 <= sn) & ((SIZE > i) | (i = SIZE) | (SIZE <= sn)) & (i > sn)                            
      [+] Added test ... [ 3, 0, 2 ]

    [%] Removing conflicts ...  @2 @3 @4 @5 @6
    [%] Removing conflicts ...  @2 @3
    [%] Inferring {true} [k = 1] (8f x 1885t) ...                                     
    [%] Inferring {true} [k = 2] (8f x 1885t) ...                                     
    [%] Inferring {true} [k = 3] (8f x 1885t) ...                                     
    [?] Verifying [k = 3] --- ((! (sn = 1)) | !((SIZE <= sn))) & ((! (sn = ((SIZE + 1) + 1))) | (i = 1)) & (0 <= sn) & ((SIZE > i) | (i = SIZE) | (SIZE <= sn)) & (i > sn)                            
      [+] Added test ... [ 3, 1, 2 ]

    [%] Removing conflicts ...  @2 @3
    [%] Inferring {true} [k = 1] (9f x 1886t) ...                                     
    [%] Inferring {true} [k = 2] (9f x 1886t) ...                                     
    [%] Inferring {true} [k = 3] (9f x 1886t) ...                                     
    [?] Verifying [k = 3] --- (i > sn) & ((SIZE > i) | (i = SIZE) | (SIZE <= sn)) & (!((SIZE <= sn)) | (i = 1) | (sn = SIZE))                            
      [+] Added test ... [ 1, -2, -1 ]

    [%] Inferring {true} [k = 1] (9f x 1887t) ...                                     
    [%] Inferring {true} [k = 2] (9f x 1887t) ...                                     
    [%] Inferring {true} [k = 3] (9f x 1887t) ...                                     
    [?] Verifying [k = 3] --- (0 <= sn) & (i > sn) & ((SIZE > i) | (i = SIZE) | (SIZE <= sn)) & (!((SIZE <= sn)) | (i = 1) | (sn = SIZE))                            

     - Result = ((((0 <= sn) & (i > sn)) & (((SIZE > i) | (i = SIZE)) | (SIZE <= sn))) & (((!(SIZE <= sn)) | (i = 1)) | (sn = SIZE)))

   # Loop_1 | Invariant @ Postcondition: ((((0 <= sn) & (i > sn)) & (((SIZE > i) | (i = SIZE)) | (SIZE <= sn))) & (((!(SIZE <= sn)) | (i = 1)) | (sn = SIZE)))

   # Loop_1 | Inductive Check: ((!((((0 <= sn) & (i > sn)) & (((SIZE > i) | (i = SIZE)) | (SIZE <= sn))) & (((!(SIZE <= sn)) | (i = 1)) | (sn = SIZE)))) | (!(i <= SIZE)) | ((((0 <= (sn + 1)) & ((i + 1) > (sn + 1))) & (((SIZE > (i + 1)) | ((i + 1) = SIZE)) | (SIZE <= (sn + 1)))) & (((!(SIZE <= (sn + 1))) | ((i + 1) = 1)) | ((sn + 1) = SIZE)))) is not valid!

   [Q4] Abduction query = ((!((((0 <= sn) & (i > sn)) & (((SIZE > i) | (i = SIZE)) | (SIZE <= sn))) & (((!(SIZE <= sn)) | (i = 1)) | (sn = SIZE)))) | (!(i <= SIZE)) | ((((0 <= (sn + 1)) & ((i + 1) > (sn + 1))) & (((SIZE > (i + 1)) | ((i + 1) = SIZE)) | (SIZE <= (sn + 1)))) & (((!(SIZE <= (sn + 1))) | ((i + 1) = 1)) | ((sn + 1) = SIZE))))
   [#] Simplified query: ((!((((0 <= sn) & (i > sn)) & (((SIZE > i) | (i = SIZE)) | (SIZE <= sn))) & (((!(SIZE <= sn)) | (i = 1)) | (sn = SIZE)))) | (!(i <= SIZE)) | ((((0 <= (sn + 1)) & ((i + 1) > (sn + 1))) & (((SIZE > (i + 1)) | ((i + 1) = SIZE)) | (SIZE <= (sn + 1)))) & (((!(SIZE <= (sn + 1))) | ((i + 1) = 1)) | ((sn + 1) = SIZE))))

    [%] Inferring {true} [k = 1] (0f x 1876t) ...                                     
    [?] Verifying [k = 1] --- true                            
      [+] Added test ... [ 0, 2, 2 ]

    [%] Removing conflicts ...  @2 @3 @4
    [%] Inferring {true} [k = 1] (1f x 1877t) ...                                     
    [?] Verifying [k = 1] --- (i = (sn + 1))                            

     - Result = (i = (sn + 1))

   # Loop_1 | Invariant @ Inductive Condition: ((i = (sn + 1)) & ((((0 <= sn) & (i > sn)) & (((SIZE > i) | (i = SIZE)) | (SIZE <= sn))) & (((!(SIZE <= sn)) | (i = 1)) | (sn = SIZE))))

   # Loop_1 | Inductive Check: ((!((i = (sn + 1)) & ((((0 <= sn) & (i > sn)) & (((SIZE > i) | (i = SIZE)) | (SIZE <= sn))) & (((!(SIZE <= sn)) | (i = 1)) | (sn = SIZE))))) | (!(i <= SIZE)) | (((i + 1) = ((sn + 1) + 1)) & ((((0 <= (sn + 1)) & ((i + 1) > (sn + 1))) & (((SIZE > (i + 1)) | ((i + 1) = SIZE)) | (SIZE <= (sn + 1)))) & (((!(SIZE <= (sn + 1))) | ((i + 1) = 1)) | ((sn + 1) = SIZE))))) is valid!

   # Precondition Check: ((1 = (0 + 1)) & ((((0 <= 0) & (1 > 0)) & (((SIZE > 1) | (1 = SIZE)) | (SIZE <= 0))) & (((!(SIZE <= 0)) | (1 = 1)) | (0 = SIZE)))) is valid!


[###] Final invariants: [###]
Loop #1: ((i = (sn + 1)) & ((((0 <= sn) & (i > sn)) & (((SIZE > i) | (i = SIZE)) | (SIZE <= sn))) & (((!(SIZE <= sn)) | (i = 1)) | (sn = SIZE))))
================================================================================
checker_exec.sh: line 1:  1737 Aborted                 (core dumped) bin/pinvgen -wpath /home/saswat/Repos/PIE/logs/limit_8gb/6400/pie/16/sum4c.cpp -abducer /home/saswat/Repos/PIE/abducer/abduce.sh -tool=pie -csize 16 --extra-arg=--std=c++11 /home/saswat/Repos/PIE/abducer/../bm_ice/sum4c.cpp --

real	0m31.669s
user	0m27.984s
sys	0m0.764s


--- Processed sum4c.cpp ---
sat: 34
unsat: 7
unk: 0
escher: 21

[$] OOM Count = 0
[$] MAX Usage = 129
