 ==>
9 tests for loop #1.

(*) Checking loop invariant:
================================================================================
[#] Starting Loop Invariant Generation ...

   + Found guard in B6 for loop #1

     - post_1 : (((true & ((sn = 8) | (sn = 0))) | (!(sn = 8))) & ((true & ((sn = 8) | (sn = 0))) | (sn = 8)))
     - guard : (i <= 8)

   [Q1] Abduction query = ((i <= 8) | (((true & ((sn = 8) | (sn = 0))) | (!(sn = 8))) & ((true & ((sn = 8) | (sn = 0))) | (sn = 8))))
   [#] Simplified query: ((i <= 8) | (((true & ((sn = 8) | (sn = 0))) | (!(sn = 8))) & ((true & ((sn = 8) | (sn = 0))) | (sn = 8))))

    [%] Inferring {true} [k = 1] (0f x 9t) ...                                     
    [?] Verifying [k = 1] --- true                            
      [+] Added test ... [ 9, -1 ]

    [%] Removing conflicts ...  @2 @3
    [%] Inferring {true} [k = 1] (1f x 10t) ...                                     
    [?] Verifying [k = 1] --- (0 <= sn)                            
      [+] Added test ... [ 9, 1 ]

    [%] Removing conflicts ...  @2 @3 @4
    [%] Inferring {true} [k = 1] (2f x 11t) ...                                     
    [?] Verifying [k = 1] --- (i = (sn + 1))                            
      [+] Added test ... [ 10, 9 ]

    [%] Removing conflicts ...  @2 @3
    [%] Inferring {true} [k = 1] (3f x 12t) ...                                     
    [?] Verifying [k = 1] --- (sn <= 8) & (i = (sn + 1))                            

     - Result = ((sn <= 8) & (i = (sn + 1)))

   # Loop_1 | Invariant @ Postcondition: ((sn <= 8) & (i = (sn + 1)))

   # Loop_1 | Inductive Check: ((!((sn <= 8) & (i = (sn + 1)))) | (!(i <= 8)) | (((sn + 1) <= 8) & ((i + 1) = ((sn + 1) + 1)))) is valid!

   # Precondition Check: ((0 <= 8) & (1 = (0 + 1))) is valid!


[###] Final invariants: [###]
Loop #1: ((sn <= 8) & (i = (sn + 1)))
================================================================================
checker_exec.sh: line 1:  4468 Aborted                 (core dumped) bin/pinvgen -wpath /home/saswat/Repos/PIE/logs/limit_8gb/6400/pie/16/sum4.cpp -abducer /home/saswat/Repos/PIE/abducer/abduce.sh -tool=pie -csize 16 --extra-arg=--std=c++11 /home/saswat/Repos/PIE/abducer/../bm_ice/sum4.cpp --

real	0m16.668s
user	0m15.228s
sys	0m0.144s


--- Processed sum4.cpp ---
sat: 3
unsat: 3
unk: 0
escher: 3

[$] OOM Count = 0
[$] MAX Usage = 105
