 ==>
859 tests for loop #1.
357 tests for loop #2.

(*) Checking loop invariant:
================================================================================
[#] Starting Loop Invariant Generation ...

   + Found guard in B7 for loop #2

     - post_2 : (((true & true) | (!(x > 0))) & ((true & true) | (x > 0)))
     - guard : (x > 0)

   [Q1] Abduction query = ((x > 0) | (((true & true) | (!(x > 0))) & ((true & true) | (x > 0))))
   [#] Simplified query: ((x > 0) | (((true & true) | (!(x > 0))) & ((true & true) | (x > 0))))

    [%] Inferring {true} [k = 1] (0f x 357t) ...                                     
    [?] Verifying [k = 1] --- true                            

     - Result = true

   # Loop_2 | Invariant @ Postcondition: true

   # Loop_2 | Inductive Check: ((!true) | (!(x > 0)) | ((true | (!(c != 0))) & (true | (c != 0)))) is valid!

   + Found guard in B11 for loop #1

     - post_1 : (true & (z >= 1))
     - guard : (z < k)

   [Q2] Abduction query = ((z < k) | (true & (z >= 1)))
   [#] Simplified query: ((z < k) | (true & (z >= 1)))

    [%] Inferring {true} [k = 1] (0f x 859t) ...                                     
    [?] Verifying [k = 1] --- true                            
      [+] Added test ... [ 0, 0 ]

    [%] Removing conflicts ...  @2 @3
    [%] Removing conflicts ...  @2 @3
    [%] Inferring {true} [k = 1] (2f x 860t) ...                                     
    [%] Inferring {true} [k = 2] (2f x 860t) ...                                     
    [?] Verifying [k = 2] --- ((k > 1) | (1 = z))                            

     - Result = ((k > 1) | (1 = z))

   # Loop_1 | Invariant @ Postcondition: ((k > 1) | (1 = z))

   # Loop_1 | Inductive Check: ((!((k > 1) | (1 = z))) | (!(z < k)) | ((k > 1) | (1 = (2 * z)))) is valid!

   # Precondition Check: ((k > 1) | (1 = 1)) is valid!


[###] Final invariants: [###]
Loop #1: ((k > 1) | (1 = z))
Loop #2: true
================================================================================
checker_exec.sh: line 1:  8145 Aborted                 (core dumped) bin/pinvgen -wpath /home/saswat/Repos/PIE/logs/limit_8gb/6400/pie/16/trex1.cpp -abducer /home/saswat/Repos/PIE/abducer/abduce.sh -tool=pie -csize 16 --extra-arg=--std=c++11 /home/saswat/Repos/PIE/abducer/../bm_ice/trex1.cpp --

real	0m18.899s
user	0m17.228s
sys	0m0.256s


--- Processed trex1.cpp ---
sat: 1
unsat: 5
unk: 0
escher: 2

[$] OOM Count = 0
[$] MAX Usage = 120
