 ==>
6400 tests for loop #1.

(*) Checking loop invariant:
================================================================================
[#] Starting Loop Invariant Generation ...

   + Found guard in B14 for loop #1

     - post_1 : (((((true & (((x1 = 0) | (x2 = 0)) | (x3 = 0))) | (!(x1 = 0))) & ((true & (((x1 = 0) | (x2 = 0)) | (x3 = 0))) | (x1 = 0))) | (!(x1 > 0))) & ((((true & (((x1 = 0) | (x2 = 0)) | (x3 = 0))) | (!(x1 = 0))) & ((true & (((x1 = 0) | (x2 = 0)) | (x3 = 0))) | (x1 = 0))) | (x1 > 0)))
     - guard : (x1 > 0)

   [Q1] Abduction query = ((x1 > 0) | (((((true & (((x1 = 0) | (x2 = 0)) | (x3 = 0))) | (!(x1 = 0))) & ((true & (((x1 = 0) | (x2 = 0)) | (x3 = 0))) | (x1 = 0))) | (!(x1 > 0))) & ((((true & (((x1 = 0) | (x2 = 0)) | (x3 = 0))) | (!(x1 = 0))) & ((true & (((x1 = 0) | (x2 = 0)) | (x3 = 0))) | (x1 = 0))) | (x1 > 0))))
   [#] Simplified query: ((x1 > 0) | (((((true & (((x1 = 0) | (x2 = 0)) | (x3 = 0))) | (!(x1 = 0))) & ((true & (((x1 = 0) | (x2 = 0)) | (x3 = 0))) | (x1 = 0))) | (!(x1 > 0))) & ((((true & (((x1 = 0) | (x2 = 0)) | (x3 = 0))) | (!(x1 = 0))) & ((true & (((x1 = 0) | (x2 = 0)) | (x3 = 0))) | (x1 = 0))) | (x1 > 0))))

    [%] Inferring {true} [k = 1] (0f x 6400t) ...                                     
    [?] Verifying [k = 1] --- true                            
      [+] Added test ... [ -1, -1, -1 ]

    [%] Removing conflicts ...  @2 @3
    [%] Removing conflicts ...  @2 @3
    [%] Removing conflicts ...  @2 @3
    [%] Inferring {true} [k = 1] (3f x 6401t) ...                                     
    [%] Inferring {true} [k = 2] (3f x 6401t) ...                                     
    [%] Inferring {true} [k = 3] (3f x 6401t) ...                                     
    [?] Verifying [k = 3] --- ((x3 > 1) | (x2 > 1) | (1 = x3))                            
      [+] Added test ... [ -1, -1, 1 ]

    [%] Removing conflicts ...  @2 @3
    [%] Inferring {true} [k = 1] (4f x 6402t) ...                                     
    [%] Inferring {true} [k = 2] (4f x 6402t) ...                                     
    [%] Inferring {true} [k = 3] (4f x 6402t) ...                                     
    [?] Verifying [k = 3] --- ((x2 > 1) | !((1 = x3)) | (x3 = x2)) & ((x2 > 1) | (1 = x3) | !((x3 = x2)))                            
      [+] Added test ... [ -1, 2, 2 ]

    [%] Removing conflicts ...  @2 @3
    [%] Removing conflicts ...  @2 @3
    [%] Inferring {true} [k = 1] (6f x 6403t) ...                                     
    [?] Verifying [k = 1] --- (0 <= x1)                            

     - Result = (0 <= x1)

   # Loop_1 | Invariant @ Postcondition: (0 <= x1)

   # Loop_1 | Inductive Check: ((!(0 <= x1)) | (!(x1 > 0)) | (((0 <= (x1 - d1)) | (!(c1 = 1))) & ((0 <= x1) | (c1 = 1)))) is not valid!

   [Q2] Abduction query = ((!(0 <= x1)) | (!(x1 > 0)) | (((0 <= (x1 - d1)) | (!(c1 = 1))) & ((0 <= x1) | (c1 = 1))))
   [#] Simplified query: ((!(0 <= x1)) | (!(x1 > 0)) | (((0 <= (x1 - d1)) | (!(c1 = 1))) & ((0 <= x1) | (c1 = 1))))

    [%] Inferring {true} [k = 1] (0f x 6400t) ...                                     
    [?] Verifying [k = 1] --- true                            
      [+] Added test ... [ 1, 2, 1 ]

    [%] Removing conflicts ...  @2 @3
    [%] Inferring {true} [k = 1] (1f x 6401t) ...                                     
    [?] Verifying [k = 1] --- (d1 = 1)                            

     - Result = (d1 = 1)

   # Loop_1 | Invariant @ Inductive Condition: ((d1 = 1) & (0 <= x1))

   # Loop_1 | Inductive Check: ((!((d1 = 1) & (0 <= x1))) | (!(x1 > 0)) | ((((d1 = 1) & (0 <= (x1 - d1))) | (!(c1 = 1))) & (((d1 = 1) & (0 <= x1)) | (c1 = 1)))) is valid!

   # Precondition Check: ((((!(((x1 >= 0) & (x2 >= 0)) & (x3 >= 0))) | ((1 = 1) & (0 <= x1))) | (!(x1 >= 0))) & (((!(((x1 >= 0) & (x2 >= 0)) & (x3 >= 0))) | ((1 = 1) & (0 <= x1))) | (x1 >= 0))) is valid!


[###] Final invariants: [###]
Loop #1: ((d1 = 1) & (0 <= x1))
================================================================================
checker_exec.sh: line 1: 10055 Aborted                 (core dumped) bin/pinvgen -wpath /home/saswat/Repos/PIE/logs/limit_8gb/6400/pie/16/trex3.cpp -abducer /home/saswat/Repos/PIE/abducer/abduce.sh -tool=pie -csize 16 --extra-arg=--std=c++11 /home/saswat/Repos/PIE/abducer/../bm_ice/trex3.cpp --

real	0m23.229s
user	0m21.304s
sys	0m0.328s


--- Processed trex3.cpp ---
sat: 5
unsat: 4
unk: 0
escher: 7

[$] OOM Count = 0
[$] MAX Usage = 130
