 ==>
2046 tests for loop #1.

(*) Checking loop invariant:
================================================================================
[#] Starting Loop Invariant Generation ...

   + Found guard in B4 for loop #1

     - post_1 : (true & (x = n))
     - guard : (x < n)

   [Q1] Abduction query = ((x < n) | (true & (x = n)))
   [#] Simplified query: ((x < n) | (true & (x = n)))

    [%] Inferring {true} [k = 1] (0f x 2046t) ...                                     
    [?] Verifying [k = 1] --- true                            
      [+] Added test ... [ 0, -1 ]

    [%] Removing conflicts ...  @2 @3
    [%] Removing conflicts ...  @2 @3
    [%] Inferring {true} [k = 1] (2f x 2047t) ...                                     
    [%] Inferring {true} [k = 2] (2f x 2047t) ...                                     
    [?] Verifying [k = 2] --- ((n > x) | (x = n))                            

     - Result = ((n > x) | (x = n))

   # Loop_1 | Invariant @ Postcondition: ((n > x) | (x = n))

   # Loop_1 | Inductive Check: ((!((n > x) | (x = n))) | (!(x < n)) | ((n > (x + 1)) | ((x + 1) = n))) is valid!

   # Precondition Check: ((!(n >= 0)) | ((n > 0) | (0 = n))) is valid!


[###] Final invariants: [###]
Loop #1: ((n > x) | (x = n))
================================================================================
checker_exec.sh: line 1: 12010 Aborted                 (core dumped) bin/pinvgen -wpath /home/saswat/Repos/PIE/logs/limit_8gb/6400/pie/16/w1.cpp -abducer /home/saswat/Repos/PIE/abducer/abduce.sh -tool=pie -csize 16 --extra-arg=--std=c++11 /home/saswat/Repos/PIE/abducer/../bm_ice/w1.cpp --

real	0m16.619s
user	0m15.276s
sys	0m0.164s


--- Processed w1.cpp ---
sat: 1
unsat: 3
unk: 0
escher: 2

[$] OOM Count = 0
[$] MAX Usage = 105
